#
# There is insufficient memory for the Java Runtime Environment to continue.
# Native memory allocation (mmap) failed to map 88080384 bytes for committing reserved memory.
# Possible reasons:
#   The system is out of physical RAM or swap space
#   The process is running with CompressedOops enabled, and the Java Heap may be blocking the growth of the native heap
# Possible solutions:
#   Reduce memory load on the system
#   Increase physical memory or swap space
#   Check if swap backing store is full
#   Decrease Java heap size (-Xmx/-Xms)
#   Decrease number of Java threads
#   Decrease Java thread stack sizes (-Xss)
#   Set larger code cache with -XX:ReservedCodeCacheSize=
#   JVM is running with Unscaled Compressed Oops mode in which the Java heap is
#     placed in the first 4GB address space. The Java Heap base address is the
#     maximum limit for the native heap growth. Please use -XX:HeapBaseMinAddress
#     to set the Java Heap base and to place the Java Heap above 4GB virtual address.
# This output file may be truncated or incomplete.
#
#  Out of Memory Error (os_linux.cpp:3007), pid=4405, tid=4408
#
# JRE version: OpenJDK Runtime Environment (11.0.14+9) (build 11.0.14+9-Ubuntu-0ubuntu2.16.04)
# Java VM: OpenJDK 64-Bit Server VM (11.0.14+9-Ubuntu-0ubuntu2.16.04, mixed mode, sharing, tiered, compressed oops, parallel gc, linux-amd64)
# Core dump will be written. Default location: Core dumps may be processed with "/usr/share/apport/apport %p %s %c %d %P %E" (or dumping to /home/avril/SA-2022/HW07/aw07-August0830/pos-api/core.4405)
#

---------------  S U M M A R Y ------------

Command Line: --add-modules=ALL-SYSTEM --add-opens=java.base/java.util=ALL-UNNAMED --add-opens=java.base/java.lang=ALL-UNNAMED -Declipse.application=org.eclipse.jdt.ls.core.id1 -Dosgi.bundles.defaultStartLevel=4 -Declipse.product=org.eclipse.jdt.ls.core.product -Djava.import.generatesMetadataFilesAtProjectRoot=false -Dfile.encoding=utf8 -XX:+UseParallelGC -XX:GCTimeRatio=4 -XX:AdaptiveSizePolicyWeight=90 -Dsun.zip.disableMemoryMapping=true -Xmx1G -Xms100m -XX:+HeapDumpOnOutOfMemoryError -XX:HeapDumpPath=/home/avril/.config/Code/User/workspaceStorage/c112cb71dca0077cb82f7922d11d720a/redhat.java -Xverify:none /home/avril/.vscode/extensions/redhat.java-1.1.0/server/plugins/org.eclipse.equinox.launcher_1.6.400.v20210924-0641.jar -configuration /home/avril/.config/Code/User/globalStorage/redhat.java/1.1.0/config_linux -data /home/avril/.config/Code/User/workspaceStorage/c112cb71dca0077cb82f7922d11d720a/redhat.java/jdt_ws

Host: Intel(R) Core(TM) i5-6200U CPU @ 2.30GHz, 2 cores, 1G, Ubuntu 16.04.3 LTS
Time: Mon May 16 14:54:13 2022 CST elapsed time: 80.926801 seconds (0d 0h 1m 20s)

---------------  T H R E A D  ---------------

Current thread (0x00007f84c412b800):  VMThread "VM Thread" [stack: 0x00007f84ac53b000,0x00007f84ac63b000] [id=4408]

Stack: [0x00007f84ac53b000,0x00007f84ac63b000],  sp=0x00007f84ac638d60,  free space=1015k
Native frames: (J=compiled Java code, A=aot compiled Java code, j=interpreted, Vv=VM code, C=native code)
V  [libjvm.so+0xe2aa76]
V  [libjvm.so+0xe2b9eb]
V  [libjvm.so+0x6554c5]
V  [libjvm.so+0xb86eaa]
V  [libjvm.so+0xb7d2af]
V  [libjvm.so+0xc11d9e]
V  [libjvm.so+0xbfbf9c]
V  [libjvm.so+0xbfc1d0]
V  [libjvm.so+0xbfc89e]
V  [libjvm.so+0xc0858b]
V  [libjvm.so+0xc105d5]
V  [libjvm.so+0xbafe09]
V  [libjvm.so+0xe2ded5]
V  [libjvm.so+0xe2d408]
V  [libjvm.so+0xe33417]
V  [libjvm.so+0xe33aa8]
V  [libjvm.so+0xe33db3]
V  [libjvm.so+0xdc5ae9]
V  [libjvm.so+0xb8b8ce]

VM_Operation (0x00007f846fffdd00): ParallelGCFailedAllocation, mode: safepoint, requested by thread 0x0000562fc1c1b800


---------------  P R O C E S S  ---------------

Threads class SMR info:
_java_thread_list=0x00007f847c000f70, length=24, elements={
0x00007f84c4028000, 0x00007f84c412e800, 0x00007f84c4130800, 0x00007f84c413b000,
0x00007f84c413d000, 0x00007f84c413f000, 0x00007f84c4141000, 0x00007f84c4143000,
0x00007f84c4164000, 0x00007f84c434b000, 0x00007f84c438d000, 0x00007f84c4390000,
0x0000562fc182d800, 0x0000562fc1a3e800, 0x0000562fc1a08000, 0x00007f8484001800,
0x0000562fc1c1b800, 0x00007f84c43e6800, 0x00007f8480001000, 0x00007f84c4458800,
0x00007f8494001000, 0x00007f849c009000, 0x00007f849400f800, 0x00007f848849d800
}

Java Threads: ( => current thread )
  0x00007f84c4028000 JavaThread "main" [_thread_blocked, id=4406, stack(0x00007f84ccf98000,0x00007f84cd099000)]
  0x00007f84c412e800 JavaThread "Reference Handler" daemon [_thread_blocked, id=4409, stack(0x00007f84ac439000,0x00007f84ac53a000)]
  0x00007f84c4130800 JavaThread "Finalizer" daemon [_thread_blocked, id=4410, stack(0x00007f84ac338000,0x00007f84ac439000)]
  0x00007f84c413b000 JavaThread "Signal Dispatcher" daemon [_thread_blocked, id=4415, stack(0x00007f84ac237000,0x00007f84ac338000)]
  0x00007f84c413d000 JavaThread "Service Thread" daemon [_thread_blocked, id=4416, stack(0x00007f84ac136000,0x00007f84ac237000)]
  0x00007f84c413f000 JavaThread "C2 CompilerThread0" daemon [_thread_blocked, id=4417, stack(0x00007f84ac035000,0x00007f84ac136000)]
  0x00007f84c4141000 JavaThread "C1 CompilerThread0" daemon [_thread_blocked, id=4418, stack(0x00007f84a5a74000,0x00007f84a5b75000)]
  0x00007f84c4143000 JavaThread "Sweeper thread" daemon [_thread_blocked, id=4419, stack(0x00007f84a5973000,0x00007f84a5a74000)]
  0x00007f84c4164000 JavaThread "Common-Cleaner" daemon [_thread_blocked, id=4427, stack(0x00007f84a5872000,0x00007f84a5973000)]
  0x00007f84c434b000 JavaThread "Active Thread: Equinox Container: c01becc6-e958-4c82-8b0a-263844392702" [_thread_blocked, id=4443, stack(0x00007f84a5249000,0x00007f84a534a000)]
  0x00007f84c438d000 JavaThread "Framework Event Dispatcher: Equinox Container: c01becc6-e958-4c82-8b0a-263844392702" daemon [_thread_blocked, id=4447, stack(0x00007f84a5148000,0x00007f84a5249000)]
  0x00007f84c4390000 JavaThread "Start Level: Equinox Container: c01becc6-e958-4c82-8b0a-263844392702" daemon [_thread_blocked, id=4448, stack(0x00007f84a5047000,0x00007f84a5148000)]
  0x0000562fc182d800 JavaThread "SCR Component Actor" daemon [_thread_blocked, id=4451, stack(0x00007f84a4c34000,0x00007f84a4d35000)]
  0x0000562fc1a3e800 JavaThread "Worker-JM" [_thread_blocked, id=4456, stack(0x00007f84a4632000,0x00007f84a4733000)]
  0x0000562fc1a08000 JavaThread "Worker-0: Updating Maven Dependencies" [_thread_blocked, id=4458, stack(0x00007f84a4531000,0x00007f84a4632000)]
  0x00007f8484001800 JavaThread "Worker-1" [_thread_blocked, id=4459, stack(0x00007f84a4230000,0x00007f84a4331000)]
  0x0000562fc1c1b800 JavaThread "Java indexing" daemon [_thread_blocked, id=4464, stack(0x00007f846feff000,0x00007f8470000000)]
  0x00007f84c43e6800 JavaThread "pool-3-thread-1" [_thread_blocked, id=4468, stack(0x00007f846f9fe000,0x00007f846faff000)]
  0x00007f8480001000 JavaThread "Worker-2: Java indexing... " [_thread_blocked, id=4469, stack(0x00007f846f8fd000,0x00007f846f9fe000)]
  0x00007f84c4458800 JavaThread "pool-2-thread-1" [_thread_blocked, id=4470, stack(0x00007f846f5fc000,0x00007f846f6fd000)]
  0x00007f8494001000 JavaThread "Worker-3: Initialize Workspace" [_thread_blocked, id=4471, stack(0x00007f84a4933000,0x00007f84a4a34000)]
  0x00007f849c009000 JavaThread "Worker-4" [_thread_blocked, id=4472, stack(0x00007f846f2fb000,0x00007f846f3fc000)]
  0x00007f849400f800 JavaThread "Worker-5" [_thread_blocked, id=4474, stack(0x00007f846effa000,0x00007f846f0fb000)]
  0x00007f848849d800 JavaThread "process reaper" daemon [_thread_blocked, id=4504, stack(0x00007f84ccebd000,0x00007f84ccedf000)]

Other Threads:
=>0x00007f84c412b800 VMThread "VM Thread" [stack: 0x00007f84ac53b000,0x00007f84ac63b000] [id=4408]
  0x00007f84c41a7000 WatcherThread [stack: 0x00007f84a5772000,0x00007f84a5872000] [id=4430]
  0x00007f84c4040000 GCTaskThread "ParGC Thread#0" [stack: 0x00007f84c9220000,0x00007f84c9320000] [id=4407]
  0x00007f84a0081000 GCTaskThread "ParGC Thread#1" [stack: 0x00007f84a4d36000,0x00007f84a4e36000] [id=4450]

Threads with active compile tasks:
C2 CompilerThread0  81561 5758       4       org.eclipse.jdt.core.Signature::encodeQualifiedName (207 bytes)

VM state:at safepoint (normal execution)

VM Mutex/Monitor currently owned by a thread:  ([mutex/lock_event])
[0x00007f84c40237b0] ExpandHeap_lock - owner thread: 0x00007f84c412b800
[0x00007f84c4023f00] Threads_lock - owner thread: 0x00007f84c412b800
[0x00007f84c40246e0] Heap_lock - owner thread: 0x0000562fc1c1b800

Heap address: 0x00000000c0000000, size: 1024 MB, Compressed Oops mode: 32-bit
Narrow klass base: 0x0000000800000000, Narrow klass shift: 3
Compressed class space size: 1073741824 Address: 0x0000000840000000

Heap:
 PSYoungGen      total 50176K, used 0K [0x00000000eab00000, 0x00000000eea80000, 0x0000000100000000)
  eden space 40448K, 0% used [0x00000000eab00000,0x00000000eab00000,0x00000000ed280000)
  from space 9728K, 0% used [0x00000000ee100000,0x00000000ee100000,0x00000000eea80000)
  to   space 11264K, 0% used [0x00000000ed280000,0x00000000ed280000,0x00000000edd80000)
 ParOldGen       total 172544K, used 170389K [0x00000000c0000000, 0x00000000ca880000, 0x00000000eab00000)
  object space 172544K, 98% used [0x00000000c0000000,0x00000000ca6654b8,0x00000000ca880000)
 Metaspace       used 38153K, capacity 40529K, committed 40704K, reserved 1085440K
  class space    used 3946K, capacity 4822K, committed 4864K, reserved 1048576K

Card table byte_map: [0x00007f84c9476000,0x00007f84c9677000] _byte_map_base: 0x00007f84c8e76000

Marking Bits: (ParMarkBitMap*) 0x00007f84cc257da0
 Begin Bits: [0x00007f84a6000000, 0x00007f84a7000000)
 End Bits:   [0x00007f84a7000000, 0x00007f84a8000000)

Polling page: 0x00007f84cd0b7000

Metaspace:

Usage:
  Non-class:     34.87 MB capacity,    33.41 MB ( 96%) used,     1.38 MB (  4%) free+waste,    90.62 KB ( <1%) overhead. 
      Class:      4.71 MB capacity,     3.85 MB ( 82%) used,   830.67 KB ( 17%) free+waste,    45.06 KB ( <1%) overhead. 
       Both:     39.58 MB capacity,    37.26 MB ( 94%) used,     2.19 MB (  6%) free+waste,   135.69 KB ( <1%) overhead. 

Virtual space:
  Non-class space:       36.00 MB reserved,      35.00 MB ( 97%) committed 
      Class space:        1.00 GB reserved,       4.75 MB ( <1%) committed 
             Both:        1.04 GB reserved,      39.75 MB (  4%) committed 

Chunk freelists:
   Non-Class:  85.00 KB
       Class:  10.00 KB
        Both:  95.00 KB

MaxMetaspaceSize: unlimited
CompressedClassSpaceSize: 1.00 GB
Initial GC threshold: 20.80 MB
Current GC threshold: 65.84 MB
CDS: on

CodeHeap 'non-profiled nmethods': size=120036Kb used=2287Kb max_used=2287Kb free=117749Kb
 bounds [0x00007f84b4304000, 0x00007f84b4574000, 0x00007f84bb83d000]
CodeHeap 'profiled nmethods': size=120032Kb used=11781Kb max_used=11781Kb free=108250Kb
 bounds [0x00007f84acdcc000, 0x00007f84ad95c000, 0x00007f84b4304000]
CodeHeap 'non-nmethods': size=5692Kb used=1288Kb max_used=1365Kb free=4403Kb
 bounds [0x00007f84ac83d000, 0x00007f84acaad000, 0x00007f84acdcc000]
 total_blobs=6148 nmethods=5565 adapters=497
 compilation: enabled
              stopped_count=0, restarted_count=0
 full_count=0

Compilation events (20 events):
Event: 76.700 Thread 0x00007f84c413f000 nmethod 5754 0x00007f84b453bc10 code [0x00007f84b453be00, 0x00007f84b453cc08]
Event: 76.700 Thread 0x00007f84c413f000 5757       4       org.eclipse.jdt.internal.compiler.classfmt.MethodInfo::createMethod (713 bytes)
Event: 76.788 Thread 0x00007f84c4141000 5762 %     3       org.eclipse.jdt.internal.core.util.Util::indexOfJavaLikeExtension @ 18 (112 bytes)
Event: 76.794 Thread 0x00007f84c4141000 nmethod 5762% 0x00007f84ad948490 code [0x00007f84ad948760, 0x00007f84ad949840]
Event: 76.801 Thread 0x00007f84c4141000 5763       1       java.util.Collections$EmptySet::size (2 bytes)
Event: 76.801 Thread 0x00007f84c4141000 nmethod 5763 0x00007f84b453d490 code [0x00007f84b453d640, 0x00007f84b453d710]
Event: 76.808 Thread 0x00007f84c4141000 5764       2       org.eclipse.aether.repository.RemoteRepository::getPolicy (16 bytes)
Event: 76.808 Thread 0x00007f84c4141000 nmethod 5764 0x00007f84ad94a010 code [0x00007f84ad94a1c0, 0x00007f84ad94a2f0]
Event: 76.809 Thread 0x00007f84c4141000 5765       3       org.eclipse.jdt.internal.core.util.Util::indexOfJavaLikeExtension (112 bytes)
Event: 76.811 Thread 0x00007f84c4141000 nmethod 5765 0x00007f84ad94a390 code [0x00007f84ad94a660, 0x00007f84ad94b560]
Event: 76.812 Thread 0x00007f84c4141000 5766       2       org.eclipse.aether.util.graph.selector.AndDependencySelector::selectDependency (46 bytes)
Event: 76.814 Thread 0x00007f84c4141000 nmethod 5766 0x00007f84ad94bc10 code [0x00007f84ad94be00, 0x00007f84ad94c0b0]
Event: 76.923 Thread 0x00007f84c4141000 5768       2       org.codehaus.plexus.util.xml.Xpp3Dom::getChildrenAsList (88 bytes)
Event: 76.931 Thread 0x00007f84c4141000 nmethod 5768 0x00007f84ad94c210 code [0x00007f84ad94c440, 0x00007f84ad94c990]
Event: 76.937 Thread 0x00007f84c413f000 nmethod 5757 0x00007f84b453d790 code [0x00007f84b453d9a0, 0x00007f84b453ed08]
Event: 76.942 Thread 0x00007f84c4141000 5770       2       org.codehaus.plexus.util.StringUtils::isBlank (43 bytes)
Event: 76.943 Thread 0x00007f84c413f000 5758       4       org.eclipse.jdt.core.Signature::encodeQualifiedName (207 bytes)
Event: 76.945 Thread 0x00007f84c4141000 nmethod 5770 0x00007f84ad94cd10 code [0x00007f84ad94cf00, 0x00007f84ad94d2d0]
Event: 76.946 Thread 0x00007f84c4141000 5769       1       org.apache.maven.model.Site::getChildSiteUrlInheritAppendPath (5 bytes)
Event: 76.947 Thread 0x00007f84c4141000 nmethod 5769 0x00007f84b453f910 code [0x00007f84b453fac0, 0x00007f84b453fb90]

GC Heap History (20 events):
Event: 30.553 GC heap after
{Heap after GC invocations=52 (full 4):
 PSYoungGen      total 28672K, used 5002K [0x00000000eab00000, 0x00000000ecc80000, 0x0000000100000000)
  eden space 23552K, 0% used [0x00000000eab00000,0x00000000eab00000,0x00000000ec200000)
  from space 5120K, 97% used [0x00000000ec700000,0x00000000ecbe2aa0,0x00000000ecc00000)
  to   space 5120K, 0% used [0x00000000ec200000,0x00000000ec200000,0x00000000ec700000)
 ParOldGen       total 172544K, used 110080K [0x00000000c0000000, 0x00000000ca880000, 0x00000000eab00000)
  object space 172544K, 63% used [0x00000000c0000000,0x00000000c6b800f8,0x00000000ca880000)
 Metaspace       used 37773K, capacity 40062K, committed 40448K, reserved 1085440K
  class space    used 3919K, capacity 4780K, committed 4864K, reserved 1048576K
}
Event: 33.672 GC heap before
{Heap before GC invocations=53 (full 4):
 PSYoungGen      total 28672K, used 28554K [0x00000000eab00000, 0x00000000ecc80000, 0x0000000100000000)
  eden space 23552K, 100% used [0x00000000eab00000,0x00000000ec200000,0x00000000ec200000)
  from space 5120K, 97% used [0x00000000ec700000,0x00000000ecbe2aa0,0x00000000ecc00000)
  to   space 5120K, 0% used [0x00000000ec200000,0x00000000ec200000,0x00000000ec700000)
 ParOldGen       total 172544K, used 110080K [0x00000000c0000000, 0x00000000ca880000, 0x00000000eab00000)
  object space 172544K, 63% used [0x00000000c0000000,0x00000000c6b800f8,0x00000000ca880000)
 Metaspace       used 37783K, capacity 40065K, committed 40448K, reserved 1085440K
  class space    used 3919K, capacity 4781K, committed 4864K, reserved 1048576K
}
Event: 34.907 GC heap after
{Heap after GC invocations=53 (full 4):
 PSYoungGen      total 28672K, used 5094K [0x00000000eab00000, 0x00000000edc00000, 0x0000000100000000)
  eden space 23552K, 0% used [0x00000000eab00000,0x00000000eab00000,0x00000000ec200000)
  from space 5120K, 99% used [0x00000000ec200000,0x00000000ec6f9810,0x00000000ec700000)
  to   space 11776K, 0% used [0x00000000ed080000,0x00000000ed080000,0x00000000edc00000)
 ParOldGen       total 172544K, used 115445K [0x00000000c0000000, 0x00000000ca880000, 0x00000000eab00000)
  object space 172544K, 66% used [0x00000000c0000000,0x00000000c70bd550,0x00000000ca880000)
 Metaspace       used 37783K, capacity 40065K, committed 40448K, reserved 1085440K
  class space    used 3919K, capacity 4781K, committed 4864K, reserved 1048576K
}
Event: 71.770 GC heap before
{Heap before GC invocations=54 (full 4):
 PSYoungGen      total 28672K, used 28646K [0x00000000eab00000, 0x00000000edc00000, 0x0000000100000000)
  eden space 23552K, 100% used [0x00000000eab00000,0x00000000ec200000,0x00000000ec200000)
  from space 5120K, 99% used [0x00000000ec200000,0x00000000ec6f9810,0x00000000ec700000)
  to   space 11776K, 0% used [0x00000000ed080000,0x00000000ed080000,0x00000000edc00000)
 ParOldGen       total 172544K, used 115445K [0x00000000c0000000, 0x00000000ca880000, 0x00000000eab00000)
  object space 172544K, 66% used [0x00000000c0000000,0x00000000c70bd550,0x00000000ca880000)
 Metaspace       used 37787K, capacity 40129K, committed 40448K, reserved 1085440K
  class space    used 3919K, capacity 4781K, committed 4864K, reserved 1048576K
}
Event: 71.867 GC heap after
{Heap after GC invocations=54 (full 4):
 PSYoungGen      total 32256K, used 5441K [0x00000000eab00000, 0x00000000ed600000, 0x0000000100000000)
  eden space 26624K, 0% used [0x00000000eab00000,0x00000000eab00000,0x00000000ec500000)
  from space 5632K, 96% used [0x00000000ed080000,0x00000000ed5d04e0,0x00000000ed600000)
  to   space 7680K, 0% used [0x00000000ec700000,0x00000000ec700000,0x00000000ece80000)
 ParOldGen       total 172544K, used 120487K [0x00000000c0000000, 0x00000000ca880000, 0x00000000eab00000)
  object space 172544K, 69% used [0x00000000c0000000,0x00000000c75a9fc8,0x00000000ca880000)
 Metaspace       used 37787K, capacity 40129K, committed 40448K, reserved 1085440K
  class space    used 3919K, capacity 4781K, committed 4864K, reserved 1048576K
}
Event: 72.114 GC heap before
{Heap before GC invocations=55 (full 4):
 PSYoungGen      total 32256K, used 32065K [0x00000000eab00000, 0x00000000ed600000, 0x0000000100000000)
  eden space 26624K, 100% used [0x00000000eab00000,0x00000000ec500000,0x00000000ec500000)
  from space 5632K, 96% used [0x00000000ed080000,0x00000000ed5d04e0,0x00000000ed600000)
  to   space 7680K, 0% used [0x00000000ec700000,0x00000000ec700000,0x00000000ece80000)
 ParOldGen       total 172544K, used 120487K [0x00000000c0000000, 0x00000000ca880000, 0x00000000eab00000)
  object space 172544K, 69% used [0x00000000c0000000,0x00000000c75a9fc8,0x00000000ca880000)
 Metaspace       used 37793K, capacity 40129K, committed 40448K, reserved 1085440K
  class space    used 3919K, capacity 4781K, committed 4864K, reserved 1048576K
}
Event: 72.143 GC heap after
{Heap after GC invocations=55 (full 4):
 PSYoungGen      total 36352K, used 6497K [0x00000000eab00000, 0x00000000ed600000, 0x0000000100000000)
  eden space 28672K, 0% used [0x00000000eab00000,0x00000000eab00000,0x00000000ec700000)
  from space 7680K, 84% used [0x00000000ec700000,0x00000000ecd586b0,0x00000000ece80000)
  to   space 7168K, 0% used [0x00000000ecf00000,0x00000000ecf00000,0x00000000ed600000)
 ParOldGen       total 172544K, used 125791K [0x00000000c0000000, 0x00000000ca880000, 0x00000000eab00000)
  object space 172544K, 72% used [0x00000000c0000000,0x00000000c7ad7ea0,0x00000000ca880000)
 Metaspace       used 37793K, capacity 40129K, committed 40448K, reserved 1085440K
  class space    used 3919K, capacity 4781K, committed 4864K, reserved 1048576K
}
Event: 72.684 GC heap before
{Heap before GC invocations=56 (full 4):
 PSYoungGen      total 36352K, used 35169K [0x00000000eab00000, 0x00000000ed600000, 0x0000000100000000)
  eden space 28672K, 100% used [0x00000000eab00000,0x00000000ec700000,0x00000000ec700000)
  from space 7680K, 84% used [0x00000000ec700000,0x00000000ecd586b0,0x00000000ece80000)
  to   space 7168K, 0% used [0x00000000ecf00000,0x00000000ecf00000,0x00000000ed600000)
 ParOldGen       total 172544K, used 125791K [0x00000000c0000000, 0x00000000ca880000, 0x00000000eab00000)
  object space 172544K, 72% used [0x00000000c0000000,0x00000000c7ad7ea0,0x00000000ca880000)
 Metaspace       used 37798K, capacity 40129K, committed 40448K, reserved 1085440K
  class space    used 3919K, capacity 4781K, committed 4864K, reserved 1048576K
}
Event: 72.732 GC heap after
{Heap after GC invocations=56 (full 4):
 PSYoungGen      total 36864K, used 6778K [0x00000000eab00000, 0x00000000ed800000, 0x0000000100000000)
  eden space 29696K, 0% used [0x00000000eab00000,0x00000000eab00000,0x00000000ec800000)
  from space 7168K, 94% used [0x00000000ecf00000,0x00000000ed59e8e8,0x00000000ed600000)
  to   space 7168K, 0% used [0x00000000ec800000,0x00000000ec800000,0x00000000ecf00000)
 ParOldGen       total 172544K, used 132202K [0x00000000c0000000, 0x00000000ca880000, 0x00000000eab00000)
  object space 172544K, 76% used [0x00000000c0000000,0x00000000c811ab88,0x00000000ca880000)
 Metaspace       used 37798K, capacity 40129K, committed 40448K, reserved 1085440K
  class space    used 3919K, capacity 4781K, committed 4864K, reserved 1048576K
}
Event: 73.272 GC heap before
{Heap before GC invocations=57 (full 4):
 PSYoungGen      total 36864K, used 36474K [0x00000000eab00000, 0x00000000ed800000, 0x0000000100000000)
  eden space 29696K, 100% used [0x00000000eab00000,0x00000000ec800000,0x00000000ec800000)
  from space 7168K, 94% used [0x00000000ecf00000,0x00000000ed59e8e8,0x00000000ed600000)
  to   space 7168K, 0% used [0x00000000ec800000,0x00000000ec800000,0x00000000ecf00000)
 ParOldGen       total 172544K, used 132202K [0x00000000c0000000, 0x00000000ca880000, 0x00000000eab00000)
  object space 172544K, 76% used [0x00000000c0000000,0x00000000c811ab88,0x00000000ca880000)
 Metaspace       used 38037K, capacity 40401K, committed 40704K, reserved 1085440K
  class space    used 3942K, capacity 4822K, committed 4864K, reserved 1048576K
}
Event: 73.297 GC heap after
{Heap after GC invocations=57 (full 4):
 PSYoungGen      total 36864K, used 7161K [0x00000000eab00000, 0x00000000ee700000, 0x0000000100000000)
  eden space 29696K, 0% used [0x00000000eab00000,0x00000000eab00000,0x00000000ec800000)
  from space 7168K, 99% used [0x00000000ec800000,0x00000000ecefe7f8,0x00000000ecf00000)
  to   space 14336K, 0% used [0x00000000ed900000,0x00000000ed900000,0x00000000ee700000)
 ParOldGen       total 172544K, used 138146K [0x00000000c0000000, 0x00000000ca880000, 0x00000000eab00000)
  object space 172544K, 80% used [0x00000000c0000000,0x00000000c86e8ac8,0x00000000ca880000)
 Metaspace       used 38037K, capacity 40401K, committed 40704K, reserved 1085440K
  class space    used 3942K, capacity 4822K, committed 4864K, reserved 1048576K
}
Event: 73.831 GC heap before
{Heap before GC invocations=58 (full 4):
 PSYoungGen      total 36864K, used 36857K [0x00000000eab00000, 0x00000000ee700000, 0x0000000100000000)
  eden space 29696K, 100% used [0x00000000eab00000,0x00000000ec800000,0x00000000ec800000)
  from space 7168K, 99% used [0x00000000ec800000,0x00000000ecefe7f8,0x00000000ecf00000)
  to   space 14336K, 0% used [0x00000000ed900000,0x00000000ed900000,0x00000000ee700000)
 ParOldGen       total 172544K, used 138146K [0x00000000c0000000, 0x00000000ca880000, 0x00000000eab00000)
  object space 172544K, 80% used [0x00000000c0000000,0x00000000c86e8ac8,0x00000000ca880000)
 Metaspace       used 38111K, capacity 40465K, committed 40704K, reserved 1085440K
  class space    used 3945K, capacity 4822K, committed 4864K, reserved 1048576K
}
Event: 73.937 GC heap after
{Heap after GC invocations=58 (full 4):
 PSYoungGen      total 39424K, used 5919K [0x00000000eab00000, 0x00000000edf00000, 0x0000000100000000)
  eden space 33280K, 0% used [0x00000000eab00000,0x00000000eab00000,0x00000000ecb80000)
  from space 6144K, 96% used [0x00000000ed900000,0x00000000edec7d68,0x00000000edf00000)
  to   space 8704K, 0% used [0x00000000ece00000,0x00000000ece00000,0x00000000ed680000)
 ParOldGen       total 172544K, used 145153K [0x00000000c0000000, 0x00000000ca880000, 0x00000000eab00000)
  object space 172544K, 84% used [0x00000000c0000000,0x00000000c8dc0458,0x00000000ca880000)
 Metaspace       used 38111K, capacity 40465K, committed 40704K, reserved 1085440K
  class space    used 3945K, capacity 4822K, committed 4864K, reserved 1048576K
}
Event: 74.601 GC heap before
{Heap before GC invocations=59 (full 4):
 PSYoungGen      total 39424K, used 38695K [0x00000000eab00000, 0x00000000edf00000, 0x0000000100000000)
  eden space 33280K, 98% used [0x00000000eab00000,0x00000000ecb01ef0,0x00000000ecb80000)
  from space 6144K, 96% used [0x00000000ed900000,0x00000000edec7d68,0x00000000edf00000)
  to   space 8704K, 0% used [0x00000000ece00000,0x00000000ece00000,0x00000000ed680000)
 ParOldGen       total 172544K, used 145153K [0x00000000c0000000, 0x00000000ca880000, 0x00000000eab00000)
  object space 172544K, 84% used [0x00000000c0000000,0x00000000c8dc0458,0x00000000ca880000)
 Metaspace       used 38124K, capacity 40465K, committed 40704K, reserved 1085440K
  class space    used 3946K, capacity 4822K, committed 4864K, reserved 1048576K
}
Event: 74.740 GC heap after
{Heap after GC invocations=59 (full 4):
 PSYoungGen      total 44544K, used 8702K [0x00000000eab00000, 0x00000000eeb80000, 0x0000000100000000)
  eden space 35840K, 0% used [0x00000000eab00000,0x00000000eab00000,0x00000000ece00000)
  from space 8704K, 99% used [0x00000000ece00000,0x00000000ed67fa58,0x00000000ed680000)
  to   space 14336K, 0% used [0x00000000edd80000,0x00000000edd80000,0x00000000eeb80000)
 ParOldGen       total 172544K, used 149447K [0x00000000c0000000, 0x00000000ca880000, 0x00000000eab00000)
  object space 172544K, 86% used [0x00000000c0000000,0x00000000c91f1f80,0x00000000ca880000)
 Metaspace       used 38124K, capacity 40465K, committed 40704K, reserved 1085440K
  class space    used 3946K, capacity 4822K, committed 4864K, reserved 1048576K
}
Event: 75.381 GC heap before
{Heap before GC invocations=60 (full 4):
 PSYoungGen      total 44544K, used 44542K [0x00000000eab00000, 0x00000000eeb80000, 0x0000000100000000)
  eden space 35840K, 100% used [0x00000000eab00000,0x00000000ece00000,0x00000000ece00000)
  from space 8704K, 99% used [0x00000000ece00000,0x00000000ed67fa58,0x00000000ed680000)
  to   space 14336K, 0% used [0x00000000edd80000,0x00000000edd80000,0x00000000eeb80000)
 ParOldGen       total 172544K, used 149447K [0x00000000c0000000, 0x00000000ca880000, 0x00000000eab00000)
  object space 172544K, 86% used [0x00000000c0000000,0x00000000c91f1f80,0x00000000ca880000)
 Metaspace       used 38145K, capacity 40529K, committed 40704K, reserved 1085440K
  class space    used 3946K, capacity 4822K, committed 4864K, reserved 1048576K
}
Event: 75.699 GC heap after
{Heap after GC invocations=60 (full 4):
 PSYoungGen      total 51712K, used 10217K [0x00000000eab00000, 0x00000000ee880000, 0x0000000100000000)
  eden space 40448K, 0% used [0x00000000eab00000,0x00000000eab00000,0x00000000ed280000)
  from space 11264K, 90% used [0x00000000edd80000,0x00000000ee77a7f0,0x00000000ee880000)
  to   space 11264K, 0% used [0x00000000ed280000,0x00000000ed280000,0x00000000edd80000)
 ParOldGen       total 172544K, used 158136K [0x00000000c0000000, 0x00000000ca880000, 0x00000000eab00000)
  object space 172544K, 91% used [0x00000000c0000000,0x00000000c9a6e178,0x00000000ca880000)
 Metaspace       used 38145K, capacity 40529K, committed 40704K, reserved 1085440K
  class space    used 3946K, capacity 4822K, committed 4864K, reserved 1048576K
}
Event: 77.031 GC heap before
{Heap before GC invocations=61 (full 4):
 PSYoungGen      total 51712K, used 50665K [0x00000000eab00000, 0x00000000ee880000, 0x0000000100000000)
  eden space 40448K, 100% used [0x00000000eab00000,0x00000000ed280000,0x00000000ed280000)
  from space 11264K, 90% used [0x00000000edd80000,0x00000000ee77a7f0,0x00000000ee880000)
  to   space 11264K, 0% used [0x00000000ed280000,0x00000000ed280000,0x00000000edd80000)
 ParOldGen       total 172544K, used 158136K [0x00000000c0000000, 0x00000000ca880000, 0x00000000eab00000)
  object space 172544K, 91% used [0x00000000c0000000,0x00000000c9a6e178,0x00000000ca880000)
 Metaspace       used 38153K, capacity 40529K, committed 40704K, reserved 1085440K
  class space    used 3946K, capacity 4822K, committed 4864K, reserved 1048576K
}
Event: 77.355 GC heap after
{Heap after GC invocations=61 (full 4):
 PSYoungGen      total 51712K, used 8963K [0x00000000eab00000, 0x00000000eea80000, 0x0000000100000000)
  eden space 40448K, 0% used [0x00000000eab00000,0x00000000eab00000,0x00000000ed280000)
  from space 11264K, 79% used [0x00000000ed280000,0x00000000edb40e00,0x00000000edd80000)
  to   space 9728K, 0% used [0x00000000ee100000,0x00000000ee100000,0x00000000eea80000)
 ParOldGen       total 172544K, used 168205K [0x00000000c0000000, 0x00000000ca880000, 0x00000000eab00000)
  object space 172544K, 97% used [0x00000000c0000000,0x00000000ca443610,0x00000000ca880000)
 Metaspace       used 38153K, capacity 40529K, committed 40704K, reserved 1085440K
  class space    used 3946K, capacity 4822K, committed 4864K, reserved 1048576K
}
Event: 77.356 GC heap before
{Heap before GC invocations=62 (full 5):
 PSYoungGen      total 51712K, used 8963K [0x00000000eab00000, 0x00000000eea80000, 0x0000000100000000)
  eden space 40448K, 0% used [0x00000000eab00000,0x00000000eab00000,0x00000000ed280000)
  from space 11264K, 79% used [0x00000000ed280000,0x00000000edb40e00,0x00000000edd80000)
  to   space 9728K, 0% used [0x00000000ee100000,0x00000000ee100000,0x00000000eea80000)
 ParOldGen       total 172544K, used 168205K [0x00000000c0000000, 0x00000000ca880000, 0x00000000eab00000)
  object space 172544K, 97% used [0x00000000c0000000,0x00000000ca443610,0x00000000ca880000)
 Metaspace       used 38153K, capacity 40529K, committed 40704K, reserved 1085440K
  class space    used 3946K, capacity 4822K, committed 4864K, reserved 1048576K
}

Deoptimization events (20 events):
Event: 72.256 Thread 0x0000562fc1c1b800 DEOPT PACKING pc=0x00007f84b44d9960 sp=0x00007f846fffe000
Event: 72.256 Thread 0x0000562fc1c1b800 DEOPT UNPACKING pc=0x00007f84ac886ea5 sp=0x00007f846fffdf60 mode 2
Event: 72.256 Thread 0x0000562fc1c1b800 Uncommon trap: trap_request=0xffffff4d fr.pc=0x00007f84b44e2308 relative=0x00000000000002a8
Event: 72.291 Thread 0x0000562fc1c1b800 Uncommon trap: reason=unstable_if action=reinterpret pc=0x00007f84b44e2308 method=org.eclipse.jdt.internal.compiler.classfmt.MethodInfo.readModifierRelatedAttributes()V @ 136 c2
Event: 72.293 Thread 0x0000562fc1c1b800 DEOPT PACKING pc=0x00007f84b44e2308 sp=0x00007f846fffe080
Event: 72.293 Thread 0x0000562fc1c1b800 DEOPT UNPACKING pc=0x00007f84ac886ea5 sp=0x00007f846fffe048 mode 2
Event: 72.603 Thread 0x0000562fc1c1b800 DEOPT PACKING pc=0x00007f84ad5cea27 sp=0x00007f846fffe100
Event: 72.603 Thread 0x0000562fc1c1b800 DEOPT UNPACKING pc=0x00007f84ac88764a sp=0x00007f846fffd770 mode 0
Event: 73.062 Thread 0x00007f8494001000 DEOPT PACKING pc=0x00007f84ad71637f sp=0x00007f84a4a30490
Event: 73.062 Thread 0x00007f8494001000 DEOPT UNPACKING pc=0x00007f84ac88764a sp=0x00007f84a4a2f978 mode 0
Event: 73.230 Thread 0x0000562fc1c1b800 DEOPT PACKING pc=0x00007f84ad5cea27 sp=0x00007f846fffe100
Event: 73.230 Thread 0x0000562fc1c1b800 DEOPT UNPACKING pc=0x00007f84ac88764a sp=0x00007f846fffd770 mode 0
Event: 73.628 Thread 0x0000562fc1c1b800 DEOPT PACKING pc=0x00007f84ad5cea27 sp=0x00007f846fffe100
Event: 73.628 Thread 0x0000562fc1c1b800 DEOPT UNPACKING pc=0x00007f84ac88764a sp=0x00007f846fffd770 mode 0
Event: 74.004 Thread 0x00007f8494001000 DEOPT PACKING pc=0x00007f84ad729afb sp=0x00007f84a4a303f0
Event: 74.004 Thread 0x00007f8494001000 DEOPT UNPACKING pc=0x00007f84ac88764a sp=0x00007f84a4a2f8c8 mode 0
Event: 74.272 Thread 0x0000562fc1c1b800 DEOPT PACKING pc=0x00007f84ad5cea27 sp=0x00007f846fffe100
Event: 74.272 Thread 0x0000562fc1c1b800 DEOPT UNPACKING pc=0x00007f84ac88764a sp=0x00007f846fffd770 mode 0
Event: 75.228 Thread 0x00007f8494001000 DEOPT PACKING pc=0x00007f84ad719e42 sp=0x00007f84a4a2fa30
Event: 75.229 Thread 0x00007f8494001000 DEOPT UNPACKING pc=0x00007f84ac88764a sp=0x00007f84a4a2eff8 mode 0

Classes redefined (0 events):
No events

Internal exceptions (20 events):
Event: 18.622 Thread 0x00007f8494001000 Exception <a 'sun/nio/fs/UnixException'{0x00000000eab37d68}> (0x00000000eab37d68) thrown at [src/hotspot/share/prims/jni.cpp, line 616]
Event: 18.798 Thread 0x00007f8494001000 Exception <a 'java/lang/NoSuchMethodError'{0x00000000eb263830}: 'java.lang.Object java.lang.invoke.Invokers$Holder.linkToTargetMethod(java.lang.Object, java.lang.Object, java.lang.Object, java.lang.Object, java.lang.Object, java.lang.Object)'> (0x00000000eb263830) thrown at [src/hotspot/share/interpreter/linkResolver.cpp, line 773]
Event: 19.039 Thread 0x00007f8494001000 Exception <a 'sun/nio/fs/UnixException'{0x00000000eabb38e0}> (0x00000000eabb38e0) thrown at [src/hotspot/share/prims/jni.cpp, line 616]
Event: 19.040 Thread 0x00007f8494001000 Exception <a 'sun/nio/fs/UnixException'{0x00000000eabb5bc0}> (0x00000000eabb5bc0) thrown at [src/hotspot/share/prims/jni.cpp, line 616]
Event: 19.040 Thread 0x00007f8494001000 Exception <a 'sun/nio/fs/UnixException'{0x00000000eabb7560}> (0x00000000eabb7560) thrown at [src/hotspot/share/prims/jni.cpp, line 616]
Event: 19.043 Thread 0x00007f8494001000 Exception <a 'sun/nio/fs/UnixException'{0x00000000eabc0988}> (0x00000000eabc0988) thrown at [src/hotspot/share/prims/jni.cpp, line 616]
Event: 19.050 Thread 0x00007f8494001000 Exception <a 'sun/nio/fs/UnixException'{0x00000000eabc7fd8}> (0x00000000eabc7fd8) thrown at [src/hotspot/share/prims/jni.cpp, line 616]
Event: 19.069 Thread 0x00007f8494001000 Exception <a 'sun/nio/fs/UnixException'{0x00000000eaed8880}> (0x00000000eaed8880) thrown at [src/hotspot/share/prims/jni.cpp, line 616]
Event: 19.069 Thread 0x00007f8494001000 Exception <a 'sun/nio/fs/UnixException'{0x00000000eaedab70}> (0x00000000eaedab70) thrown at [src/hotspot/share/prims/jni.cpp, line 616]
Event: 19.070 Thread 0x00007f8494001000 Exception <a 'sun/nio/fs/UnixException'{0x00000000eaedc8c0}> (0x00000000eaedc8c0) thrown at [src/hotspot/share/prims/jni.cpp, line 616]
Event: 19.070 Thread 0x00007f8494001000 Exception <a 'sun/nio/fs/UnixException'{0x00000000eaede648}> (0x00000000eaede648) thrown at [src/hotspot/share/prims/jni.cpp, line 616]
Event: 19.071 Thread 0x00007f8494001000 Exception <a 'sun/nio/fs/UnixException'{0x00000000eaee20d0}> (0x00000000eaee20d0) thrown at [src/hotspot/share/prims/jni.cpp, line 616]
Event: 19.110 Thread 0x00007f8494001000 Exception <a 'sun/nio/fs/UnixException'{0x00000000eaff9400}> (0x00000000eaff9400) thrown at [src/hotspot/share/prims/jni.cpp, line 616]
Event: 21.947 Thread 0x00007f8494001000 Exception <a 'java/lang/NoSuchMethodError'{0x00000000eac32b48}: 'java.lang.Object java.lang.invoke.DirectMethodHandle$Holder.invokeSpecial(java.lang.Object, java.lang.Object, java.lang.Object, java.lang.Object, java.lang.Object, java.lang.Object, java.lang.Object, java.lang.Object, java.lang.Object, java.lang.Object)'> (0x00000000eac32b48) thrown at [src/hotspot/share/interpreter/linkResolver.cpp, line 773]
Event: 21.956 Thread 0x00007f8494001000 Exception <a 'java/lang/NoSuchMethodError'{0x00000000eac3e7b0}: 'java.lang.Object java.lang.invoke.DirectMethodHandle$Holder.invokeSpecial(java.lang.Object, java.lang.Object, java.lang.Object, java.lang.Object, java.lang.Object, java.lang.Object, java.lang.Object, java.lang.Object, java.lang.Object)'> (0x00000000eac3e7b0) thrown at [src/hotspot/share/interpreter/linkResolver.cpp, line 773]
Event: 21.956 Thread 0x00007f8494001000 Exception <a 'java/lang/NoSuchMethodError'{0x00000000eac42700}: 'java.lang.Object java.lang.invoke.Invokers$Holder.linkToTargetMethod(java.lang.Object, java.lang.Object, java.lang.Object, java.lang.Object, java.lang.Object, java.lang.Object, java.lang.Object, java.lang.Object)'> (0x00000000eac42700) thrown at [src/hotspot/share/interpreter/linkResolver.cpp, line 773]
Event: 23.834 Thread 0x00007f8494001000 Implicit null exception at 0x00007f84b43b3c28 to 0x00007f84b43b4264
Event: 30.084 Thread 0x00007f8494001000 Exception <a 'java/io/FileNotFoundException'{0x00000000eab02ae8}> (0x00000000eab02ae8) thrown at [src/hotspot/share/prims/jni.cpp, line 616]
Event: 71.687 Thread 0x00007f8494001000 Exception <a 'java/io/FileNotFoundException'{0x00000000eba1b028}> (0x00000000eba1b028) thrown at [src/hotspot/share/prims/jni.cpp, line 616]
Event: 72.948 Thread 0x00007f8494001000 Exception <a 'java/io/FileNotFoundException'{0x00000000eb24e208}> (0x00000000eb24e208) thrown at [src/hotspot/share/prims/jni.cpp, line 616]

Events (20 events):
Event: 73.053 loading class org/eclipse/m2e/core/internal/embedder/MavenImpl done
Event: 73.079 loading class org/eclipse/m2e/core/embedder/IMavenExecutionContext
Event: 73.079 loading class org/eclipse/m2e/core/embedder/IMavenExecutionContext done
Event: 73.079 loading class org/apache/maven/plugin/MojoExecution
Event: 73.079 loading class org/apache/maven/plugin/MojoExecution done
Event: 73.079 loading class org/eclipse/m2e/core/embedder/IMavenExecutionContext
Event: 73.079 loading class org/eclipse/m2e/core/embedder/IMavenExecutionContext done
Event: 73.079 loading class org/eclipse/m2e/core/internal/embedder/MavenImpl
Event: 73.079 loading class org/eclipse/m2e/core/internal/embedder/MavenImpl done
Event: 73.272 Executing VM operation: ParallelGCFailedAllocation
Event: 73.297 Executing VM operation: ParallelGCFailedAllocation done
Event: 73.819 Executing VM operation: ParallelGCFailedAllocation
Event: 73.937 Executing VM operation: ParallelGCFailedAllocation done
Event: 74.217 loading class sun/nio/cs/ISO_8859_1$Decoder
Event: 74.516 Executing VM operation: ParallelGCFailedAllocation
Event: 74.596 loading class sun/nio/cs/ISO_8859_1$Decoder done
Event: 74.742 Executing VM operation: ParallelGCFailedAllocation done
Event: 75.272 Executing VM operation: ParallelGCFailedAllocation
Event: 75.703 Executing VM operation: ParallelGCFailedAllocation done
Event: 76.965 Executing VM operation: ParallelGCFailedAllocation


Dynamic libraries:
c0000000-ca880000 rw-p 00000000 00:00 0 
cfc80000-eab00000 ---p 00000000 00:00 0 
eab00000-eea80000 rw-p 00000000 00:00 0 
eea80000-100000000 ---p 00000000 00:00 0 
800000000-800002000 rwxp 00001000 08:01 2995                             /usr/lib/jvm/java-11-openjdk-amd64/lib/server/classes.jsa
800002000-8003cb000 rw-p 00003000 08:01 2995                             /usr/lib/jvm/java-11-openjdk-amd64/lib/server/classes.jsa
8003cb000-800a99000 r--p 003cc000 08:01 2995                             /usr/lib/jvm/java-11-openjdk-amd64/lib/server/classes.jsa
800a99000-800a9a000 rw-p 00a9a000 08:01 2995                             /usr/lib/jvm/java-11-openjdk-amd64/lib/server/classes.jsa
800a9a000-8010ac000 r--p 00a9b000 08:01 2995                             /usr/lib/jvm/java-11-openjdk-amd64/lib/server/classes.jsa
840000000-8404c0000 rw-p 00000000 00:00 0 
8404c0000-880000000 ---p 00000000 00:00 0 
562fc13b3000-562fc13b4000 r-xp 00000000 08:01 2808                       /usr/lib/jvm/java-11-openjdk-amd64/bin/java
562fc15b4000-562fc15b5000 r--p 00001000 08:01 2808                       /usr/lib/jvm/java-11-openjdk-amd64/bin/java
562fc15b5000-562fc15b6000 rw-p 00002000 08:01 2808                       /usr/lib/jvm/java-11-openjdk-amd64/bin/java
562fc17ea000-562fc1f48000 rw-p 00000000 00:00 0                          [heap]
7f8465d3c000-7f8465e3c000 rw-p 00000000 00:00 0 
7f8465e3c000-7f8465f3c000 ---p 00000000 00:00 0 
7f8465f3c000-7f846613c000 rw-p 00000000 00:00 0 
7f846613c000-7f846633c000 rw-p 00000000 00:00 0 
7f846633c000-7f846653c000 rw-p 00000000 00:00 0 
7f846653c000-7f846673c000 rw-p 00000000 00:00 0 
7f846673c000-7f846eeff000 r--s 00000000 08:01 2757                       /usr/lib/jvm/java-11-openjdk-amd64/lib/modules
7f846effa000-7f846effe000 ---p 00000000 00:00 0 
7f846effe000-7f846f2fb000 rw-p 00000000 00:00 0 
7f846f2fb000-7f846f2ff000 ---p 00000000 00:00 0 
7f846f2ff000-7f846f5fc000 rw-p 00000000 00:00 0 
7f846f5fc000-7f846f600000 ---p 00000000 00:00 0 
7f846f600000-7f846f8fd000 rw-p 00000000 00:00 0 
7f846f8fd000-7f846f901000 ---p 00000000 00:00 0 
7f846f901000-7f846f9fe000 rw-p 00000000 00:00 0 
7f846f9fe000-7f846fa02000 ---p 00000000 00:00 0 
7f846fa02000-7f846fcff000 rw-p 00000000 00:00 0 
7f846fcff000-7f846feff000 rw-p 00000000 00:00 0 
7f846feff000-7f846ff03000 ---p 00000000 00:00 0 
7f846ff03000-7f8470000000 rw-p 00000000 00:00 0 
7f8470000000-7f8470021000 rw-p 00000000 00:00 0 
7f8470021000-7f8474000000 ---p 00000000 00:00 0 
7f8474000000-7f8474023000 rw-p 00000000 00:00 0 
7f8474023000-7f8478000000 ---p 00000000 00:00 0 
7f8478000000-7f8478021000 rw-p 00000000 00:00 0 
7f8478021000-7f847c000000 ---p 00000000 00:00 0 
7f847c000000-7f847c021000 rw-p 00000000 00:00 0 
7f847c021000-7f8480000000 ---p 00000000 00:00 0 
7f8480000000-7f848031b000 rw-p 00000000 00:00 0 
7f848031b000-7f8484000000 ---p 00000000 00:00 0 
7f8484000000-7f848403f000 rw-p 00000000 00:00 0 
7f848403f000-7f8488000000 ---p 00000000 00:00 0 
7f8488000000-7f848b0b7000 rw-p 00000000 00:00 0 
7f848b0b7000-7f848c000000 ---p 00000000 00:00 0 
7f848c000000-7f848cab7000 rw-p 00000000 00:00 0 
7f848cab7000-7f8490000000 ---p 00000000 00:00 0 
7f8490000000-7f84900eb000 rw-p 00000000 00:00 0 
7f84900eb000-7f8494000000 ---p 00000000 00:00 0 
7f8494000000-7f8494036000 rw-p 00000000 00:00 0 
7f8494036000-7f8498000000 ---p 00000000 00:00 0 
7f8498000000-7f8498021000 rw-p 00000000 00:00 0 
7f8498021000-7f849c000000 ---p 00000000 00:00 0 
7f849c000000-7f849c177000 rw-p 00000000 00:00 0 
7f849c177000-7f84a0000000 ---p 00000000 00:00 0 
7f84a0000000-7f84a00eb000 rw-p 00000000 00:00 0 
7f84a00eb000-7f84a4000000 ---p 00000000 00:00 0 
7f84a4030000-7f84a4230000 rw-p 00000000 00:00 0 
7f84a4230000-7f84a4234000 ---p 00000000 00:00 0 
7f84a4234000-7f84a4531000 rw-p 00000000 00:00 0 
7f84a4531000-7f84a4535000 ---p 00000000 00:00 0 
7f84a4535000-7f84a4632000 rw-p 00000000 00:00 0 
7f84a4632000-7f84a4636000 ---p 00000000 00:00 0 
7f84a4636000-7f84a4933000 rw-p 00000000 00:00 0 
7f84a4933000-7f84a4937000 ---p 00000000 00:00 0 
7f84a4937000-7f84a4c34000 rw-p 00000000 00:00 0 
7f84a4c34000-7f84a4c38000 ---p 00000000 00:00 0 
7f84a4c38000-7f84a4d35000 rw-p 00000000 00:00 0 
7f84a4d35000-7f84a4d36000 ---p 00000000 00:00 0 
7f84a4d36000-7f84a4e36000 rw-p 00000000 00:00 0 
7f84a4e36000-7f84a4e46000 r-xp 00000000 08:01 47189                      /home/avril/.config/Code/User/globalStorage/redhat.java/1.1.0/config_linux/org.eclipse.equinox.launcher/org.eclipse.equinox.launcher.gtk.linux.x86_64_1.2.400.v20211116-1129/eclipse_11600.so
7f84a4e46000-7f84a5045000 ---p 00010000 08:01 47189                      /home/avril/.config/Code/User/globalStorage/redhat.java/1.1.0/config_linux/org.eclipse.equinox.launcher/org.eclipse.equinox.launcher.gtk.linux.x86_64_1.2.400.v20211116-1129/eclipse_11600.so
7f84a5045000-7f84a5046000 r--p 0000f000 08:01 47189                      /home/avril/.config/Code/User/globalStorage/redhat.java/1.1.0/config_linux/org.eclipse.equinox.launcher/org.eclipse.equinox.launcher.gtk.linux.x86_64_1.2.400.v20211116-1129/eclipse_11600.so
7f84a5046000-7f84a5047000 rw-p 00010000 08:01 47189                      /home/avril/.config/Code/User/globalStorage/redhat.java/1.1.0/config_linux/org.eclipse.equinox.launcher/org.eclipse.equinox.launcher.gtk.linux.x86_64_1.2.400.v20211116-1129/eclipse_11600.so
7f84a5047000-7f84a504b000 ---p 00000000 00:00 0 
7f84a504b000-7f84a5148000 rw-p 00000000 00:00 0 
7f84a5148000-7f84a514c000 ---p 00000000 00:00 0 
7f84a514c000-7f84a5249000 rw-p 00000000 00:00 0 
7f84a5249000-7f84a524d000 ---p 00000000 00:00 0 
7f84a524d000-7f84a534a000 rw-p 00000000 00:00 0 
7f84a534a000-7f84a535e000 r-xp 00000000 08:01 2776                       /usr/lib/jvm/java-11-openjdk-amd64/lib/libnet.so
7f84a535e000-7f84a555e000 ---p 00014000 08:01 2776                       /usr/lib/jvm/java-11-openjdk-amd64/lib/libnet.so
7f84a555e000-7f84a555f000 r--p 00014000 08:01 2776                       /usr/lib/jvm/java-11-openjdk-amd64/lib/libnet.so
7f84a555f000-7f84a5560000 rw-p 00015000 08:01 2776                       /usr/lib/jvm/java-11-openjdk-amd64/lib/libnet.so
7f84a5560000-7f84a5570000 r-xp 00000000 08:01 2763                       /usr/lib/jvm/java-11-openjdk-amd64/lib/libnio.so
7f84a5570000-7f84a576f000 ---p 00010000 08:01 2763                       /usr/lib/jvm/java-11-openjdk-amd64/lib/libnio.so
7f84a576f000-7f84a5770000 r--p 0000f000 08:01 2763                       /usr/lib/jvm/java-11-openjdk-amd64/lib/libnio.so
7f84a5770000-7f84a5771000 rw-p 00010000 08:01 2763                       /usr/lib/jvm/java-11-openjdk-amd64/lib/libnio.so
7f84a5771000-7f84a5772000 ---p 00000000 00:00 0 
7f84a5772000-7f84a5872000 rw-p 00000000 00:00 0 
7f84a5872000-7f84a5876000 ---p 00000000 00:00 0 
7f84a5876000-7f84a5973000 rw-p 00000000 00:00 0 
7f84a5973000-7f84a5977000 ---p 00000000 00:00 0 
7f84a5977000-7f84a5a74000 rw-p 00000000 00:00 0 
7f84a5a74000-7f84a5a78000 ---p 00000000 00:00 0 
7f84a5a78000-7f84a5b75000 rw-p 00000000 00:00 0 
7f84a5b75000-7f84a6000000 r--p 00000000 08:01 919232                     /usr/lib/locale/locale-archive
7f84a6000000-7f84a8000000 rw-p 00000000 00:00 0 
7f84a8000000-7f84a8021000 rw-p 00000000 00:00 0 
7f84a8021000-7f84ac000000 ---p 00000000 00:00 0 
7f84ac035000-7f84ac039000 ---p 00000000 00:00 0 
7f84ac039000-7f84ac136000 rw-p 00000000 00:00 0 
7f84ac136000-7f84ac13a000 ---p 00000000 00:00 0 
7f84ac13a000-7f84ac237000 rw-p 00000000 00:00 0 
7f84ac237000-7f84ac23b000 ---p 00000000 00:00 0 
7f84ac23b000-7f84ac338000 rw-p 00000000 00:00 0 
7f84ac338000-7f84ac33c000 ---p 00000000 00:00 0 
7f84ac33c000-7f84ac439000 rw-p 00000000 00:00 0 
7f84ac439000-7f84ac43d000 ---p 00000000 00:00 0 
7f84ac43d000-7f84ac53a000 rw-p 00000000 00:00 0 
7f84ac53a000-7f84ac53b000 ---p 00000000 00:00 0 
7f84ac53b000-7f84ac83d000 rw-p 00000000 00:00 0 
7f84ac83d000-7f84acaad000 rwxp 00000000 00:00 0 
7f84acaad000-7f84acdcc000 ---p 00000000 00:00 0 
7f84acdcc000-7f84ad95c000 rwxp 00000000 00:00 0 
7f84ad95c000-7f84b4304000 ---p 00000000 00:00 0 
7f84b4304000-7f84b4574000 rwxp 00000000 00:00 0 
7f84b4574000-7f84bb83d000 ---p 00000000 00:00 0 
7f84bb83d000-7f84c4000000 r--s 00000000 08:01 2757                       /usr/lib/jvm/java-11-openjdk-amd64/lib/modules
7f84c4000000-7f84c445f000 rw-p 00000000 00:00 0 
7f84c445f000-7f84c8000000 ---p 00000000 00:00 0 
7f84c8097000-7f84c921f000 rw-p 00000000 00:00 0 
7f84c921f000-7f84c9220000 ---p 00000000 00:00 0 
7f84c9220000-7f84c9375000 rw-p 00000000 00:00 0 
7f84c9375000-7f84c9476000 ---p 00000000 00:00 0 
7f84c9476000-7f84c94cb000 rw-p 00000000 00:00 0 
7f84c94cb000-7f84c95cb000 ---p 00000000 00:00 0 
7f84c95cb000-7f84c95ec000 rw-p 00000000 00:00 0 
7f84c95ec000-7f84c9676000 ---p 00000000 00:00 0 
7f84c9676000-7f84c967c000 rw-p 00000000 00:00 0 
7f84c967c000-7f84c9762000 ---p 00000000 00:00 0 
7f84c9762000-7f84c977a000 rw-p 00000000 00:00 0 
7f84c977a000-7f84c984d000 ---p 00000000 00:00 0 
7f84c984d000-7f84c9854000 r-xp 00000000 08:01 2785                       /usr/lib/jvm/java-11-openjdk-amd64/lib/libzip.so
7f84c9854000-7f84c9a54000 ---p 00007000 08:01 2785                       /usr/lib/jvm/java-11-openjdk-amd64/lib/libzip.so
7f84c9a54000-7f84c9a55000 r--p 00007000 08:01 2785                       /usr/lib/jvm/java-11-openjdk-amd64/lib/libzip.so
7f84c9a55000-7f84c9a56000 rw-p 00008000 08:01 2785                       /usr/lib/jvm/java-11-openjdk-amd64/lib/libzip.so
7f84c9a56000-7f84c9a61000 r-xp 00000000 08:01 683070                     /lib/x86_64-linux-gnu/libnss_files-2.23.so
7f84c9a61000-7f84c9c60000 ---p 0000b000 08:01 683070                     /lib/x86_64-linux-gnu/libnss_files-2.23.so
7f84c9c60000-7f84c9c61000 r--p 0000a000 08:01 683070                     /lib/x86_64-linux-gnu/libnss_files-2.23.so
7f84c9c61000-7f84c9c62000 rw-p 0000b000 08:01 683070                     /lib/x86_64-linux-gnu/libnss_files-2.23.so
7f84c9c62000-7f84c9c68000 rw-p 00000000 00:00 0 
7f84c9c68000-7f84c9c73000 r-xp 00000000 08:01 683077                     /lib/x86_64-linux-gnu/libnss_nis-2.23.so
7f84c9c73000-7f84c9e72000 ---p 0000b000 08:01 683077                     /lib/x86_64-linux-gnu/libnss_nis-2.23.so
7f84c9e72000-7f84c9e73000 r--p 0000a000 08:01 683077                     /lib/x86_64-linux-gnu/libnss_nis-2.23.so
7f84c9e73000-7f84c9e74000 rw-p 0000b000 08:01 683077                     /lib/x86_64-linux-gnu/libnss_nis-2.23.so
7f84c9e74000-7f84c9e8a000 r-xp 00000000 08:01 683078                     /lib/x86_64-linux-gnu/libnsl-2.23.so
7f84c9e8a000-7f84ca089000 ---p 00016000 08:01 683078                     /lib/x86_64-linux-gnu/libnsl-2.23.so
7f84ca089000-7f84ca08a000 r--p 00015000 08:01 683078                     /lib/x86_64-linux-gnu/libnsl-2.23.so
7f84ca08a000-7f84ca08b000 rw-p 00016000 08:01 683078                     /lib/x86_64-linux-gnu/libnsl-2.23.so
7f84ca08b000-7f84ca08d000 rw-p 00000000 00:00 0 
7f84ca08d000-7f84ca095000 r-xp 00000000 08:01 683080                     /lib/x86_64-linux-gnu/libnss_compat-2.23.so
7f84ca095000-7f84ca294000 ---p 00008000 08:01 683080                     /lib/x86_64-linux-gnu/libnss_compat-2.23.so
7f84ca294000-7f84ca295000 r--p 00007000 08:01 683080                     /lib/x86_64-linux-gnu/libnss_compat-2.23.so
7f84ca295000-7f84ca296000 rw-p 00008000 08:01 683080                     /lib/x86_64-linux-gnu/libnss_compat-2.23.so
7f84ca296000-7f84ca2b1000 r-xp 00000000 08:01 2760                       /usr/lib/jvm/java-11-openjdk-amd64/lib/libjimage.so
7f84ca2b1000-7f84ca4b1000 ---p 0001b000 08:01 2760                       /usr/lib/jvm/java-11-openjdk-amd64/lib/libjimage.so
7f84ca4b1000-7f84ca4b3000 r--p 0001b000 08:01 2760                       /usr/lib/jvm/java-11-openjdk-amd64/lib/libjimage.so
7f84ca4b3000-7f84ca4b4000 rw-p 0001d000 08:01 2760                       /usr/lib/jvm/java-11-openjdk-amd64/lib/libjimage.so
7f84ca4b4000-7f84ca4dc000 r-xp 00000000 08:01 2783                       /usr/lib/jvm/java-11-openjdk-amd64/lib/libjava.so
7f84ca4dc000-7f84ca6dc000 ---p 00028000 08:01 2783                       /usr/lib/jvm/java-11-openjdk-amd64/lib/libjava.so
7f84ca6dc000-7f84ca6dd000 r--p 00028000 08:01 2783                       /usr/lib/jvm/java-11-openjdk-amd64/lib/libjava.so
7f84ca6dd000-7f84ca6de000 rw-p 00029000 08:01 2783                       /usr/lib/jvm/java-11-openjdk-amd64/lib/libjava.so
7f84ca6de000-7f84ca6df000 rw-p 00000000 00:00 0 
7f84ca6df000-7f84ca6ec000 r-xp 00000000 08:01 2782                       /usr/lib/jvm/java-11-openjdk-amd64/lib/libverify.so
7f84ca6ec000-7f84ca8eb000 ---p 0000d000 08:01 2782                       /usr/lib/jvm/java-11-openjdk-amd64/lib/libverify.so
7f84ca8eb000-7f84ca8ed000 r--p 0000c000 08:01 2782                       /usr/lib/jvm/java-11-openjdk-amd64/lib/libverify.so
7f84ca8ed000-7f84ca8ee000 rw-p 0000e000 08:01 2782                       /usr/lib/jvm/java-11-openjdk-amd64/lib/libverify.so
7f84ca8ee000-7f84ca8f5000 r-xp 00000000 08:01 683069                     /lib/x86_64-linux-gnu/librt-2.23.so
7f84ca8f5000-7f84caaf4000 ---p 00007000 08:01 683069                     /lib/x86_64-linux-gnu/librt-2.23.so
7f84caaf4000-7f84caaf5000 r--p 00006000 08:01 683069                     /lib/x86_64-linux-gnu/librt-2.23.so
7f84caaf5000-7f84caaf6000 rw-p 00007000 08:01 683069                     /lib/x86_64-linux-gnu/librt-2.23.so
7f84caaf6000-7f84cabfe000 r-xp 00000000 08:01 683074                     /lib/x86_64-linux-gnu/libm-2.23.so
7f84cabfe000-7f84cadfd000 ---p 00108000 08:01 683074                     /lib/x86_64-linux-gnu/libm-2.23.so
7f84cadfd000-7f84cadfe000 r--p 00107000 08:01 683074                     /lib/x86_64-linux-gnu/libm-2.23.so
7f84cadfe000-7f84cadff000 rw-p 00108000 08:01 683074                     /lib/x86_64-linux-gnu/libm-2.23.so
7f84cadff000-7f84cbf29000 r-xp 00000000 08:01 2800                       /usr/lib/jvm/java-11-openjdk-amd64/lib/server/libjvm.so
7f84cbf29000-7f84cc129000 ---p 0112a000 08:01 2800                       /usr/lib/jvm/java-11-openjdk-amd64/lib/server/libjvm.so
7f84cc129000-7f84cc1ee000 r--p 0112a000 08:01 2800                       /usr/lib/jvm/java-11-openjdk-amd64/lib/server/libjvm.so
7f84cc1ee000-7f84cc229000 rw-p 011ef000 08:01 2800                       /usr/lib/jvm/java-11-openjdk-amd64/lib/server/libjvm.so
7f84cc229000-7f84cc280000 rw-p 00000000 00:00 0 
7f84cc280000-7f84cc298000 r-xp 00000000 08:01 683061                     /lib/x86_64-linux-gnu/libpthread-2.23.so
7f84cc298000-7f84cc497000 ---p 00018000 08:01 683061                     /lib/x86_64-linux-gnu/libpthread-2.23.so
7f84cc497000-7f84cc498000 r--p 00017000 08:01 683061                     /lib/x86_64-linux-gnu/libpthread-2.23.so
7f84cc498000-7f84cc499000 rw-p 00018000 08:01 683061                     /lib/x86_64-linux-gnu/libpthread-2.23.so
7f84cc499000-7f84cc49d000 rw-p 00000000 00:00 0 
7f84cc49d000-7f84cc4a0000 r-xp 00000000 08:01 683066                     /lib/x86_64-linux-gnu/libdl-2.23.so
7f84cc4a0000-7f84cc69f000 ---p 00003000 08:01 683066                     /lib/x86_64-linux-gnu/libdl-2.23.so
7f84cc69f000-7f84cc6a0000 r--p 00002000 08:01 683066                     /lib/x86_64-linux-gnu/libdl-2.23.so
7f84cc6a0000-7f84cc6a1000 rw-p 00003000 08:01 683066                     /lib/x86_64-linux-gnu/libdl-2.23.so
7f84cc6a1000-7f84cc6ba000 r-xp 00000000 08:01 670155                     /lib/x86_64-linux-gnu/libz.so.1.2.8
7f84cc6ba000-7f84cc8b9000 ---p 00019000 08:01 670155                     /lib/x86_64-linux-gnu/libz.so.1.2.8
7f84cc8b9000-7f84cc8ba000 r--p 00018000 08:01 670155                     /lib/x86_64-linux-gnu/libz.so.1.2.8
7f84cc8ba000-7f84cc8bb000 rw-p 00019000 08:01 670155                     /lib/x86_64-linux-gnu/libz.so.1.2.8
7f84cc8bb000-7f84cca7b000 r-xp 00000000 08:01 683079                     /lib/x86_64-linux-gnu/libc-2.23.so
7f84cca7b000-7f84ccc7b000 ---p 001c0000 08:01 683079                     /lib/x86_64-linux-gnu/libc-2.23.so
7f84ccc7b000-7f84ccc7f000 r--p 001c0000 08:01 683079                     /lib/x86_64-linux-gnu/libc-2.23.so
7f84ccc7f000-7f84ccc81000 rw-p 001c4000 08:01 683079                     /lib/x86_64-linux-gnu/libc-2.23.so
7f84ccc81000-7f84ccc85000 rw-p 00000000 00:00 0 
7f84ccc85000-7f84ccc94000 r-xp 00000000 08:01 2796                       /usr/lib/jvm/java-11-openjdk-amd64/lib/jli/libjli.so
7f84ccc94000-7f84cce93000 ---p 0000f000 08:01 2796                       /usr/lib/jvm/java-11-openjdk-amd64/lib/jli/libjli.so
7f84cce93000-7f84cce94000 r--p 0000e000 08:01 2796                       /usr/lib/jvm/java-11-openjdk-amd64/lib/jli/libjli.so
7f84cce94000-7f84cce95000 rw-p 0000f000 08:01 2796                       /usr/lib/jvm/java-11-openjdk-amd64/lib/jli/libjli.so
7f84cce95000-7f84ccebb000 r-xp 00000000 08:01 683071                     /lib/x86_64-linux-gnu/ld-2.23.so
7f84ccebd000-7f84ccec1000 ---p 00000000 00:00 0 
7f84ccec1000-7f84ccedf000 rw-p 00000000 00:00 0 
7f84ccedf000-7f84ccee3000 ---p 00000000 00:00 0 
7f84ccee3000-7f84ccf01000 rw-p 00000000 00:00 0 
7f84ccf01000-7f84ccf08000 r--s 00000000 08:01 6314                       /usr/lib/x86_64-linux-gnu/gconv/gconv-modules.cache
7f84ccf08000-7f84ccf29000 r--p 00000000 08:01 149037                     /usr/share/locale-langpack/zh_CN/LC_MESSAGES/libc.mo
7f84ccf29000-7f84ccf98000 rw-p 00000000 00:00 0 
7f84ccf98000-7f84ccf9c000 ---p 00000000 00:00 0 
7f84ccf9c000-7f84cd09d000 rw-p 00000000 00:00 0 
7f84cd0a1000-7f84cd0a6000 rw-p 00000000 00:00 0 
7f84cd0a6000-7f84cd0ad000 ---p 00000000 00:00 0 
7f84cd0ad000-7f84cd0af000 r--s 00007000 08:01 212998                     /usr/share/java/java-atk-wrapper.jar
7f84cd0af000-7f84cd0b7000 rw-s 00000000 08:01 136979                     /tmp/hsperfdata_avril/4405
7f84cd0b7000-7f84cd0b8000 ---p 00000000 00:00 0 
7f84cd0b8000-7f84cd0b9000 r--p 00000000 00:00 0 
7f84cd0b9000-7f84cd0ba000 rw-p 00000000 00:00 0 
7f84cd0ba000-7f84cd0bb000 r--p 00025000 08:01 683071                     /lib/x86_64-linux-gnu/ld-2.23.so
7f84cd0bb000-7f84cd0bc000 rw-p 00026000 08:01 683071                     /lib/x86_64-linux-gnu/ld-2.23.so
7f84cd0bc000-7f84cd0bd000 rw-p 00000000 00:00 0 
7ffc314a7000-7ffc314c9000 rw-p 00000000 00:00 0                          [stack]
7ffc31550000-7ffc31553000 r--p 00000000 00:00 0                          [vvar]
7ffc31553000-7ffc31555000 r-xp 00000000 00:00 0                          [vdso]
ffffffffff600000-ffffffffff601000 r-xp 00000000 00:00 0                  [vsyscall]


VM Arguments:
jvm_args: --add-modules=ALL-SYSTEM --add-opens=java.base/java.util=ALL-UNNAMED --add-opens=java.base/java.lang=ALL-UNNAMED -Declipse.application=org.eclipse.jdt.ls.core.id1 -Dosgi.bundles.defaultStartLevel=4 -Declipse.product=org.eclipse.jdt.ls.core.product -Djava.import.generatesMetadataFilesAtProjectRoot=false -Dfile.encoding=utf8 -XX:+UseParallelGC -XX:GCTimeRatio=4 -XX:AdaptiveSizePolicyWeight=90 -Dsun.zip.disableMemoryMapping=true -Xmx1G -Xms100m -XX:+HeapDumpOnOutOfMemoryError -XX:HeapDumpPath=/home/avril/.config/Code/User/workspaceStorage/c112cb71dca0077cb82f7922d11d720a/redhat.java -Xverify:none 
java_command: /home/avril/.vscode/extensions/redhat.java-1.1.0/server/plugins/org.eclipse.equinox.launcher_1.6.400.v20210924-0641.jar -configuration /home/avril/.config/Code/User/globalStorage/redhat.java/1.1.0/config_linux -data /home/avril/.config/Code/User/workspaceStorage/c112cb71dca0077cb82f7922d11d720a/redhat.java/jdt_ws
java_class_path (initial): /home/avril/.vscode/extensions/redhat.java-1.1.0/server/plugins/org.eclipse.equinox.launcher_1.6.400.v20210924-0641.jar
Launcher Type: SUN_STANDARD

[Global flags]
    uintx AdaptiveSizePolicyWeight                 = 90                                        {product} {command line}
     bool BytecodeVerificationLocal                = false                                     {product} {command line}
     bool BytecodeVerificationRemote               = false                                     {product} {command line}
     intx CICompilerCount                          = 2                                         {product} {ergonomic}
    uintx GCTimeRatio                              = 4                                         {product} {command line}
     bool HeapDumpOnOutOfMemoryError               = true                                   {manageable} {command line}
    ccstr HeapDumpPath                             = /home/avril/.config/Code/User/workspaceStorage/c112cb71dca0077cb82f7922d11d720a/redhat.java         {manageable} {command line}
   size_t InitialHeapSize                          = 104857600                                 {product} {command line}
   size_t MaxHeapSize                              = 1073741824                                {product} {command line}
   size_t MaxNewSize                               = 357564416                                 {product} {ergonomic}
   size_t MinHeapDeltaBytes                        = 524288                                    {product} {ergonomic}
   size_t NewSize                                  = 34603008                                  {product} {ergonomic}
    uintx NonNMethodCodeHeapSize                   = 5825164                                {pd product} {ergonomic}
    uintx NonProfiledCodeHeapSize                  = 122916538                              {pd product} {ergonomic}
   size_t OldSize                                  = 70254592                                  {product} {ergonomic}
    uintx ProfiledCodeHeapSize                     = 122916538                              {pd product} {ergonomic}
    uintx ReservedCodeCacheSize                    = 251658240                              {pd product} {ergonomic}
     bool SegmentedCodeCache                       = true                                      {product} {ergonomic}
     bool UseCompressedClassPointers               = true                                 {lp64_product} {ergonomic}
     bool UseCompressedOops                        = true                                 {lp64_product} {ergonomic}
     bool UseParallelGC                            = true                                      {product} {command line}

Logging:
Log output configuration:
 #0: stdout all=warning uptime,level,tags
 #1: stderr all=off uptime,level,tags

Environment Variables:
JAVA_HOME=/usr/lib/jvm/java-11-openjdk-amd64/
CLASSPATH=.:/usr/lib/jvm/java-11-openjdk-amd64//lib
PATH=/home/avril/bin:/home/avril/.local/bin:/usr/lib/jvm/java-11-openjdk-amd64//bin:/home/avril/bin:/home/avril/.local/bin:/usr/lib/jvm/java-11-openjdk-amd64//bin:/usr/local/sbin:/usr/local/bin:/usr/sbin:/usr/bin:/sbin:/bin:/usr/games:/usr/local/games:/snap/bin
SHELL=
DISPLAY=:0
LANG=zh_CN.UTF-8

Signal Handlers:
SIGSEGV: [libjvm.so+0xe2ba40], sa_mask[0]=11111111011111111101111111111110, sa_flags=SA_RESTART|SA_SIGINFO
SIGBUS: [libjvm.so+0xe2ba40], sa_mask[0]=11111111011111111101111111111110, sa_flags=SA_RESTART|SA_SIGINFO
SIGFPE: [libjvm.so+0xe2ba40], sa_mask[0]=11111111011111111101111111111110, sa_flags=SA_RESTART|SA_SIGINFO
SIGPIPE: [libjvm.so+0xb81e20], sa_mask[0]=11111111011111111101111111111110, sa_flags=SA_RESTART|SA_SIGINFO
SIGXFSZ: [libjvm.so+0xb81e20], sa_mask[0]=11111111011111111101111111111110, sa_flags=SA_RESTART|SA_SIGINFO
SIGILL: [libjvm.so+0xe2ba40], sa_mask[0]=11111111011111111101111111111110, sa_flags=SA_RESTART|SA_SIGINFO
SIGUSR2: [libjvm.so+0xb81cb0], sa_mask[0]=00000000000000000000000000000000, sa_flags=SA_RESTART|SA_SIGINFO
SIGHUP: [libjvm.so+0xb82170], sa_mask[0]=11111111011111111101111111111110, sa_flags=SA_RESTART|SA_SIGINFO
SIGINT: [libjvm.so+0xb82170], sa_mask[0]=11111111011111111101111111111110, sa_flags=SA_RESTART|SA_SIGINFO
SIGTERM: [libjvm.so+0xb82170], sa_mask[0]=11111111011111111101111111111110, sa_flags=SA_RESTART|SA_SIGINFO
SIGQUIT: [libjvm.so+0xb82170], sa_mask[0]=11111111011111111101111111111110, sa_flags=SA_RESTART|SA_SIGINFO


---------------  S Y S T E M  ---------------

OS:DISTRIB_ID=Ubuntu
DISTRIB_RELEASE=16.04
DISTRIB_CODENAME=xenial
DISTRIB_DESCRIPTION="Ubuntu 16.04.3 LTS"
uname:Linux 4.15.0-142-generic #146~16.04.1-Ubuntu SMP Tue Apr 13 09:27:15 UTC 2021 x86_64
OS uptime: 0 days 0:26 hours
libc:glibc 2.23 NPTL 2.23 
rlimit (soft/hard): STACK 8192k/infinity , CORE 0k/infinity , NPROC 7640/7640 , NOFILE 1048576/1048576 , AS infinity/infinity , CPU infinity/infinity , DATA infinity/infinity , FSIZE infinity/infinity , MEMLOCK 64k/64k
load average:12.89 4.19 1.79

/proc/meminfo:
MemTotal:        2017540 kB
MemFree:           53048 kB
MemAvailable:       5224 kB
Buffers:             160 kB
Cached:            22532 kB
SwapCached:         1944 kB
Active:          1171372 kB
Inactive:         410752 kB
Active(anon):    1168528 kB
Inactive(anon):   402544 kB
Active(file):       2844 kB
Inactive(file):     8208 kB
Unevictable:          48 kB
Mlocked:              48 kB
SwapTotal:       1046524 kB
SwapFree:              0 kB
Dirty:                68 kB
Writeback:           108 kB
AnonPages:       1558652 kB
Mapped:             7856 kB
Shmem:             11508 kB
Slab:             137404 kB
SReclaimable:      43556 kB
SUnreclaim:        93848 kB
KernelStack:       14192 kB
PageTables:        46184 kB
NFS_Unstable:          0 kB
Bounce:                0 kB
WritebackTmp:          0 kB
CommitLimit:     2055292 kB
Committed_AS:    7773484 kB
VmallocTotal:   34359738367 kB
VmallocUsed:           0 kB
VmallocChunk:          0 kB
HardwareCorrupted:     0 kB
AnonHugePages:         0 kB
ShmemHugePages:        0 kB
ShmemPmdMapped:        0 kB
CmaTotal:              0 kB
CmaFree:               0 kB
HugePages_Total:       0
HugePages_Free:        0
HugePages_Rsvd:        0
HugePages_Surp:        0
Hugepagesize:       2048 kB
DirectMap4k:      161664 kB
DirectMap2M:     1935360 kB
DirectMap1G:           0 kB

/sys/kernel/mm/transparent_hugepage/enabled:
always [madvise] never
/sys/kernel/mm/transparent_hugepage/defrag (defrag/compaction efforts parameter):
always defer defer+madvise [madvise] never

Process Memory:
Virtual Size: 3725024K (peak: 12165676K)
Resident Set Size: 368528K (peak: 368528K) (anon: 368528K, file: 0K, shmem: 0K)
Swapped out: 0K
C-Heap outstanding allocations: 19636K

/proc/sys/kernel/threads-max (system-wide limit on the number of threads):
15281
/proc/sys/vm/max_map_count (maximum number of memory map areas a process may have):
65530
/proc/sys/kernel/pid_max (system-wide limit on number of process identifiers):
131072

container (cgroup) information:
container_type: cgroupv1
cpu_cpuset_cpus: 0-1
cpu_memory_nodes: 0
active_processor_count: 2
cpu_quota: -1
cpu_period: 100000
cpu_shares: -1
memory_limit_in_bytes: -1
memory_and_swap_limit_in_bytes: -2
memory_soft_limit_in_bytes: -1
memory_usage_in_bytes: 1658433536
memory_max_usage_in_bytes: 1678376960

VMWare virtualization detected
Steal ticks since vm start: 0
Steal ticks percentage since vm start:  0.000

CPU:total 2 (initial active 2) (1 cores per cpu, 1 threads per core) family 6 model 78 stepping 3 microcode 0xba, cmov, cx8, fxsr, mmx, sse, sse2, sse3, ssse3, sse4.1, sse4.2, popcnt, avx, avx2, aes, clmul, erms, 3dnowpref, lzcnt, tsc, tscinvbit, bmi1, bmi2, adx, fma
CPU Model and flags from /proc/cpuinfo:
model name	: Intel(R) Core(TM) i5-6200U CPU @ 2.30GHz
flags		: fpu vme de pse tsc msr pae mce cx8 apic sep mtrr pge mca cmov pat pse36 clflush mmx fxsr sse sse2 ss syscall nx pdpe1gb rdtscp lm constant_tsc arch_perfmon nopl xtopology tsc_reliable nonstop_tsc cpuid pni pclmulqdq ssse3 fma cx16 pcid sse4_1 sse4_2 x2apic movbe popcnt tsc_deadline_timer aes xsave avx f16c rdrand hypervisor lahf_lm abm 3dnowprefetch cpuid_fault invpcid_single pti fsgsbase tsc_adjust bmi1 avx2 smep bmi2 invpcid rdseed adx smap xsaveopt arat
Online cpus:
0-1
Offline cpus:
2-127
BIOS frequency limitation:
<Not Available>
Frequency switch latency (ns):
<Not Available>
Available cpu frequencies:
<Not Available>
Current governor:
<Not Available>
Core performance/turbo boost:
<Not Available>

Memory: 4k page, physical 2017540k(58212k free), swap 1046524k(0k free)

vm_info: OpenJDK 64-Bit Server VM (11.0.14+9-Ubuntu-0ubuntu2.16.04) for linux-amd64 JRE (11.0.14+9-Ubuntu-0ubuntu2.16.04), built on Jan 25 2022 16:29:35 by "unknown" with gcc 8.4.0

END.
