#
# There is insufficient memory for the Java Runtime Environment to continue.
# Native memory allocation (mmap) failed to map 77070336 bytes for committing reserved memory.
# Possible reasons:
#   The system is out of physical RAM or swap space
#   The process is running with CompressedOops enabled, and the Java Heap may be blocking the growth of the native heap
# Possible solutions:
#   Reduce memory load on the system
#   Increase physical memory or swap space
#   Check if swap backing store is full
#   Decrease Java heap size (-Xmx/-Xms)
#   Decrease number of Java threads
#   Decrease Java thread stack sizes (-Xss)
#   Set larger code cache with -XX:ReservedCodeCacheSize=
#   JVM is running with Unscaled Compressed Oops mode in which the Java heap is
#     placed in the first 4GB address space. The Java Heap base address is the
#     maximum limit for the native heap growth. Please use -XX:HeapBaseMinAddress
#     to set the Java Heap base and to place the Java Heap above 4GB virtual address.
# This output file may be truncated or incomplete.
#
#  Out of Memory Error (os_linux.cpp:3007), pid=4522, tid=4526
#
# JRE version: OpenJDK Runtime Environment (11.0.14+9) (build 11.0.14+9-Ubuntu-0ubuntu2.16.04)
# Java VM: OpenJDK 64-Bit Server VM (11.0.14+9-Ubuntu-0ubuntu2.16.04, mixed mode, sharing, tiered, compressed oops, parallel gc, linux-amd64)
# Core dump will be written. Default location: Core dumps may be processed with "/usr/share/apport/apport %p %s %c %d %P %E" (or dumping to /home/avril/SA-2022/HW07/aw07-August0830/pos-api/core.4522)
#

---------------  S U M M A R Y ------------

Command Line: --add-modules=ALL-SYSTEM --add-opens=java.base/java.util=ALL-UNNAMED --add-opens=java.base/java.lang=ALL-UNNAMED -Declipse.application=org.eclipse.jdt.ls.core.id1 -Dosgi.bundles.defaultStartLevel=4 -Declipse.product=org.eclipse.jdt.ls.core.product -Djava.import.generatesMetadataFilesAtProjectRoot=false -Dfile.encoding=utf8 -XX:+UseParallelGC -XX:GCTimeRatio=4 -XX:AdaptiveSizePolicyWeight=90 -Dsun.zip.disableMemoryMapping=true -Xmx1G -Xms100m -XX:+HeapDumpOnOutOfMemoryError -XX:HeapDumpPath=/home/avril/.config/Code/User/workspaceStorage/c112cb71dca0077cb82f7922d11d720a/redhat.java -Xverify:none /home/avril/.vscode/extensions/redhat.java-1.1.0/server/plugins/org.eclipse.equinox.launcher_1.6.400.v20210924-0641.jar -configuration /home/avril/.config/Code/User/globalStorage/redhat.java/1.1.0/config_linux -data /home/avril/.config/Code/User/workspaceStorage/c112cb71dca0077cb82f7922d11d720a/redhat.java/jdt_ws

Host: Intel(R) Core(TM) i5-6200U CPU @ 2.30GHz, 2 cores, 1G, Ubuntu 16.04.3 LTS
Time: Mon May 16 14:55:20 2022 CST elapsed time: 60.711160 seconds (0d 0h 1m 0s)

---------------  T H R E A D  ---------------

Current thread (0x00007f117812b800):  VMThread "VM Thread" [stack: 0x00007f11590fa000,0x00007f11591fa000] [id=4526]

Stack: [0x00007f11590fa000,0x00007f11591fa000],  sp=0x00007f11591f7d60,  free space=1015k
Native frames: (J=compiled Java code, A=aot compiled Java code, j=interpreted, Vv=VM code, C=native code)
V  [libjvm.so+0xe2aa76]
V  [libjvm.so+0xe2b9eb]
V  [libjvm.so+0x6554c5]
V  [libjvm.so+0xb86eaa]
V  [libjvm.so+0xb7d2af]
V  [libjvm.so+0xc11d9e]
V  [libjvm.so+0xbfbf9c]
V  [libjvm.so+0xbfc1d0]
V  [libjvm.so+0xbfc89e]
V  [libjvm.so+0xc0858b]
V  [libjvm.so+0xc105d5]
V  [libjvm.so+0xbafe09]
V  [libjvm.so+0xe2ded5]
V  [libjvm.so+0xe2d408]
V  [libjvm.so+0xe33417]
V  [libjvm.so+0xe33aa8]
V  [libjvm.so+0xe33db3]
V  [libjvm.so+0xdc5ae9]
V  [libjvm.so+0xb8b8ce]

VM_Operation (0x00007f1132bce900): ParallelGCFailedAllocation, mode: safepoint, requested by thread 0x00005642529d3800


---------------  P R O C E S S  ---------------

Threads class SMR info:
_java_thread_list=0x00007f11503a9740, length=25, elements={
0x00007f1178028000, 0x00007f117812e800, 0x00007f1178130800, 0x00007f117813b000,
0x00007f117813d000, 0x00007f117813f000, 0x00007f1178141000, 0x00007f1178143000,
0x00007f1178174000, 0x00007f1178275800, 0x00007f11783bb800, 0x00007f11783eb800,
0x00007f1178400800, 0x00005642525c1800, 0x0000564252782800, 0x000056425285e000,
0x00007f1138001800, 0x00005642529d3800, 0x00007f117814a800, 0x00007f1178463800,
0x00007f1134001000, 0x00007f1144001000, 0x00007f1150009800, 0x00007f1144015000,
0x00007f11501ea000
}

Java Threads: ( => current thread )
  0x00007f1178028000 JavaThread "main" [_thread_blocked, id=4524, stack(0x00007f117fbe4000,0x00007f117fce5000)]
  0x00007f117812e800 JavaThread "Reference Handler" daemon [_thread_blocked, id=4527, stack(0x00007f1158ff8000,0x00007f11590f9000)]
  0x00007f1178130800 JavaThread "Finalizer" daemon [_thread_blocked, id=4528, stack(0x00007f1158ef7000,0x00007f1158ff8000)]
  0x00007f117813b000 JavaThread "Signal Dispatcher" daemon [_thread_blocked, id=4529, stack(0x00007f115896b000,0x00007f1158a6c000)]
  0x00007f117813d000 JavaThread "Service Thread" daemon [_thread_blocked, id=4530, stack(0x00007f115886a000,0x00007f115896b000)]
  0x00007f117813f000 JavaThread "C2 CompilerThread0" daemon [_thread_blocked, id=4531, stack(0x00007f1158769000,0x00007f115886a000)]
  0x00007f1178141000 JavaThread "C1 CompilerThread0" daemon [_thread_blocked, id=4532, stack(0x00007f1158668000,0x00007f1158769000)]
  0x00007f1178143000 JavaThread "Sweeper thread" daemon [_thread_blocked, id=4533, stack(0x00007f1158567000,0x00007f1158668000)]
  0x00007f1178174000 JavaThread "Common-Cleaner" daemon [_thread_blocked, id=4534, stack(0x00007f1158466000,0x00007f1158567000)]
  0x00007f1178275800 JavaThread "process reaper" daemon [_thread_blocked, id=4545, stack(0x00007f117fb2b000,0x00007f117fb4d000)]
  0x00007f11783bb800 JavaThread "Active Thread: Equinox Container: 6c31956e-4034-4e4d-8d92-40e68c5b86c5" [_thread_blocked, id=4546, stack(0x00007f1158053000,0x00007f1158154000)]
  0x00007f11783eb800 JavaThread "Framework Event Dispatcher: Equinox Container: 6c31956e-4034-4e4d-8d92-40e68c5b86c5" daemon [_thread_blocked, id=4547, stack(0x00007f1133ce9000,0x00007f1133dea000)]
  0x00007f1178400800 JavaThread "Start Level: Equinox Container: 6c31956e-4034-4e4d-8d92-40e68c5b86c5" daemon [_thread_blocked, id=4548, stack(0x00007f1133be8000,0x00007f1133ce9000)]
  0x00005642525c1800 JavaThread "SCR Component Actor" daemon [_thread_blocked, id=4550, stack(0x00007f11337d5000,0x00007f11338d6000)]
  0x0000564252782800 JavaThread "Worker-JM" [_thread_blocked, id=4552, stack(0x00007f11331d3000,0x00007f11332d4000)]
  0x000056425285e000 JavaThread "Worker-0: Updating Maven Dependencies" [_thread_blocked, id=4553, stack(0x00007f11330d2000,0x00007f11331d3000)]
  0x00007f1138001800 JavaThread "Worker-1" [_thread_blocked, id=4554, stack(0x00007f1132dd1000,0x00007f1132ed2000)]
  0x00005642529d3800 JavaThread "Java indexing" daemon [_thread_blocked, id=4555, stack(0x00007f1132ad0000,0x00007f1132bd1000)]
  0x00007f117814a800 JavaThread "pool-3-thread-1" [_thread_blocked, id=4556, stack(0x00007f11325cf000,0x00007f11326d0000)]
  0x00007f1178463800 JavaThread "pool-2-thread-1" [_thread_blocked, id=4557, stack(0x00007f11322ce000,0x00007f11323cf000)]
  0x00007f1134001000 JavaThread "Worker-2" [_thread_blocked, id=4559, stack(0x00007f11321cd000,0x00007f11322ce000)]
  0x00007f1144001000 JavaThread "Worker-3: Initialize Workspace" [_thread_blocked, id=4562, stack(0x00007f1131b48000,0x00007f1131c49000)]
  0x00007f1150009800 JavaThread "Worker-4" [_thread_blocked, id=4564, stack(0x00007f1131ecc000,0x00007f1131fcd000)]
  0x00007f1144015000 JavaThread "Worker-5: Java indexing... " [_thread_blocked, id=4565, stack(0x00007f11336d4000,0x00007f11337d5000)]
  0x00007f11501ea000 JavaThread "Bundle File Closer" daemon [_thread_blocked, id=4568, stack(0x00007f1131047000,0x00007f1131148000)]

Other Threads:
=>0x00007f117812b800 VMThread "VM Thread" [stack: 0x00007f11590fa000,0x00007f11591fa000] [id=4526]
  0x00007f11781c6800 WatcherThread [stack: 0x00007f1158366000,0x00007f1158466000] [id=4536]
  0x00007f1178040000 GCTaskThread "ParGC Thread#0" [stack: 0x00007f11605e7000,0x00007f11606e7000] [id=4525]
  0x00007f1154001000 GCTaskThread "ParGC Thread#1" [stack: 0x00007f11338d7000,0x00007f11339d7000] [id=4549]

Threads with active compile tasks:
C2 CompilerThread0  60721 6300   !   4       org.codehaus.plexus.util.xml.pull.MXParser::parseComment (486 bytes)
C1 CompilerThread0  60723 6306       3       org.eclipse.jdt.internal.core.search.matching.TypeDeclarationPattern::createIndexKey (300 bytes)

VM state:at safepoint (normal execution)

VM Mutex/Monitor currently owned by a thread:  ([mutex/lock_event])
[0x00007f11780237b0] ExpandHeap_lock - owner thread: 0x00007f117812b800
[0x00007f1178023f00] Threads_lock - owner thread: 0x00007f117812b800
[0x00007f11780246e0] Heap_lock - owner thread: 0x00005642529d3800

Heap address: 0x00000000c0000000, size: 1024 MB, Compressed Oops mode: 32-bit
Narrow klass base: 0x0000000800000000, Narrow klass shift: 3
Compressed class space size: 1073741824 Address: 0x0000000840000000

Heap:
 PSYoungGen      total 10240K, used 0K [0x00000000eab00000, 0x00000000eb800000, 0x0000000100000000)
  eden space 7680K, 0% used [0x00000000eab00000,0x00000000eab00000,0x00000000eb280000)
  from space 2560K, 0% used [0x00000000eb580000,0x00000000eb580000,0x00000000eb800000)
  to   space 2048K, 0% used [0x00000000eb280000,0x00000000eb280000,0x00000000eb480000)
 ParOldGen       total 202240K, used 196872K [0x00000000c0000000, 0x00000000cc580000, 0x00000000eab00000)
  object space 202240K, 97% used [0x00000000c0000000,0x00000000cc0422b8,0x00000000cc580000)
 Metaspace       used 40387K, capacity 43060K, committed 43224K, reserved 1087488K
  class space    used 4154K, capacity 5098K, committed 5120K, reserved 1048576K

Card table byte_map: [0x00007f117c0c2000,0x00007f117c2c3000] _byte_map_base: 0x00007f117bac2000

Marking Bits: (ParMarkBitMap*) 0x00007f117eea3da0
 Begin Bits: [0x00007f115a000000, 0x00007f115b000000)
 End Bits:   [0x00007f115b000000, 0x00007f115c000000)

Polling page: 0x00007f117fd03000

Metaspace:

Usage:
  Non-class:     37.07 MB capacity,    35.38 MB ( 95%) used,     1.60 MB (  4%) free+waste,    94.69 KB ( <1%) overhead. 
      Class:      4.98 MB capacity,     4.06 MB ( 81%) used,   896.48 KB ( 18%) free+waste,    47.38 KB ( <1%) overhead. 
       Both:     42.05 MB capacity,    39.44 MB ( 94%) used,     2.47 MB (  6%) free+waste,   142.06 KB ( <1%) overhead. 

Virtual space:
  Non-class space:       38.00 MB reserved,      37.21 MB ( 98%) committed 
      Class space:        1.00 GB reserved,       5.00 MB ( <1%) committed 
             Both:        1.04 GB reserved,      42.21 MB (  4%) committed 

Chunk freelists:
   Non-Class:  114.00 KB
       Class:  0 bytes
        Both:  114.00 KB

MaxMetaspaceSize: unlimited
CompressedClassSpaceSize: 1.00 GB
Initial GC threshold: 20.80 MB
Current GC threshold: 70.35 MB
CDS: on

CodeHeap 'non-profiled nmethods': size=120036Kb used=2359Kb max_used=2359Kb free=117676Kb
 bounds [0x00007f1168304000, 0x00007f1168574000, 0x00007f116f83d000]
CodeHeap 'profiled nmethods': size=120032Kb used=12765Kb max_used=12765Kb free=107267Kb
 bounds [0x00007f1160dcc000, 0x00007f1161a4c000, 0x00007f1168304000]
CodeHeap 'non-nmethods': size=5692Kb used=1293Kb max_used=1349Kb free=4398Kb
 bounds [0x00007f116083d000, 0x00007f1160aad000, 0x00007f1160dcc000]
 total_blobs=6729 nmethods=6142 adapters=500
 compilation: enabled
              stopped_count=0, restarted_count=0
 full_count=0

Compilation events (20 events):
Event: 48.671 Thread 0x00007f1178141000 nmethod 6293 0x00007f1161a40a10 code [0x00007f1161a40be0, 0x00007f1161a40e80]
Event: 48.678 Thread 0x00007f117813f000 nmethod 6286 0x00007f116854df10 code [0x00007f116854e100, 0x00007f116854f248]
Event: 48.681 Thread 0x00007f117813f000 5968       4       org.eclipse.jdt.internal.compiler.util.JrtFileSystem$2::visitFile (72 bytes)
Event: 48.682 Thread 0x00007f1178141000 6295       2       org.eclipse.jdt.internal.core.search.matching.ModulePattern::createIndexKey (2 bytes)
Event: 48.703 Thread 0x00007f1178141000 nmethod 6295 0x00007f1161a41090 code [0x00007f1161a41240, 0x00007f1161a41310]
Event: 49.077 Thread 0x00007f1178141000 6296 %     3       org.eclipse.jdt.internal.core.search.matching.TypeDeclarationPattern::createIndexKey @ 185 (300 bytes)
Event: 50.769 Thread 0x00007f117813f000 nmethod 5968 0x00007f116854fb10 code [0x00007f116854fd80, 0x00007f11685509f0]
Event: 50.802 Thread 0x00007f1178141000 nmethod 6296% 0x00007f1161a41390 code [0x00007f1161a415e0, 0x00007f1161a42160]
Event: 50.839 Thread 0x00007f1178141000 6297       3       org.eclipse.jdt.internal.compiler.util.Util::scanClassTypeSignature (109 bytes)
Event: 50.840 Thread 0x00007f117813f000 6032       4       java.lang.AbstractStringBuilder::checkRange (60 bytes)
Event: 51.868 Thread 0x00007f1178141000 nmethod 6297 0x00007f1161a42610 code [0x00007f1161a42820, 0x00007f1161a42cb0]
Event: 51.878 Thread 0x00007f1178141000 6298       1       org.apache.maven.model.Extension::getGroupId (5 bytes)
Event: 51.890 Thread 0x00007f117813f000 nmethod 6032 0x00007f1168551610 code [0x00007f11685517a0, 0x00007f1168551838]
Event: 51.890 Thread 0x00007f117813f000 6300   !   4       org.codehaus.plexus.util.xml.pull.MXParser::parseComment (486 bytes)
Event: 53.648 Thread 0x00007f1178141000 nmethod 6298 0x00007f1168551910 code [0x00007f1168551ac0, 0x00007f1168551b90]
Event: 53.695 Thread 0x00007f1178141000 6299       1       org.apache.maven.model.Extension::getArtifactId (5 bytes)
Event: 53.807 Thread 0x00007f1178141000 nmethod 6299 0x00007f1168551c10 code [0x00007f1168551dc0, 0x00007f1168551e90]
Event: 54.568 Thread 0x00007f1178141000 6303       2       org.eclipse.aether.graph.Exclusion::hashCode (57 bytes)
Event: 55.609 Thread 0x00007f1178141000 nmethod 6303 0x00007f1161a42e90 code [0x00007f1161a43080, 0x00007f1161a43270]
Event: 56.041 Thread 0x00007f1178141000 6306       3       org.eclipse.jdt.internal.core.search.matching.TypeDeclarationPattern::createIndexKey (300 bytes)

GC Heap History (20 events):
Event: 43.406 GC heap after
{Heap after GC invocations=98 (full 5):
 PSYoungGen      total 13312K, used 3562K [0x00000000eab00000, 0x00000000ec000000, 0x0000000100000000)
  eden space 9728K, 0% used [0x00000000eab00000,0x00000000eab00000,0x00000000eb480000)
  from space 3584K, 99% used [0x00000000eb980000,0x00000000ebcfa860,0x00000000ebd00000)
  to   space 5120K, 0% used [0x00000000eb480000,0x00000000eb480000,0x00000000eb980000)
 ParOldGen       total 202240K, used 180212K [0x00000000c0000000, 0x00000000cc580000, 0x00000000eab00000)
  object space 202240K, 89% used [0x00000000c0000000,0x00000000caffd2d0,0x00000000cc580000)
 Metaspace       used 40379K, capacity 43060K, committed 43224K, reserved 1087488K
  class space    used 4154K, capacity 5098K, committed 5120K, reserved 1048576K
}
Event: 43.997 GC heap before
{Heap before GC invocations=99 (full 5):
 PSYoungGen      total 13312K, used 13290K [0x00000000eab00000, 0x00000000ec000000, 0x0000000100000000)
  eden space 9728K, 100% used [0x00000000eab00000,0x00000000eb480000,0x00000000eb480000)
  from space 3584K, 99% used [0x00000000eb980000,0x00000000ebcfa860,0x00000000ebd00000)
  to   space 5120K, 0% used [0x00000000eb480000,0x00000000eb480000,0x00000000eb980000)
 ParOldGen       total 202240K, used 180212K [0x00000000c0000000, 0x00000000cc580000, 0x00000000eab00000)
  object space 202240K, 89% used [0x00000000c0000000,0x00000000caffd2d0,0x00000000cc580000)
 Metaspace       used 40380K, capacity 43060K, committed 43224K, reserved 1087488K
  class space    used 4154K, capacity 5098K, committed 5120K, reserved 1048576K
}
Event: 44.164 GC heap after
{Heap after GC invocations=99 (full 5):
 PSYoungGen      total 11776K, used 1941K [0x00000000eab00000, 0x00000000ebb80000, 0x0000000100000000)
  eden space 9728K, 0% used [0x00000000eab00000,0x00000000eab00000,0x00000000eb480000)
  from space 2048K, 94% used [0x00000000eb480000,0x00000000eb665468,0x00000000eb680000)
  to   space 3072K, 0% used [0x00000000eb880000,0x00000000eb880000,0x00000000ebb80000)
 ParOldGen       total 202240K, used 183769K [0x00000000c0000000, 0x00000000cc580000, 0x00000000eab00000)
  object space 202240K, 90% used [0x00000000c0000000,0x00000000cb3767e0,0x00000000cc580000)
 Metaspace       used 40380K, capacity 43060K, committed 43224K, reserved 1087488K
  class space    used 4154K, capacity 5098K, committed 5120K, reserved 1048576K
}
Event: 46.391 GC heap before
{Heap before GC invocations=100 (full 5):
 PSYoungGen      total 11776K, used 11669K [0x00000000eab00000, 0x00000000ebb80000, 0x0000000100000000)
  eden space 9728K, 100% used [0x00000000eab00000,0x00000000eb480000,0x00000000eb480000)
  from space 2048K, 94% used [0x00000000eb480000,0x00000000eb665468,0x00000000eb680000)
  to   space 3072K, 0% used [0x00000000eb880000,0x00000000eb880000,0x00000000ebb80000)
 ParOldGen       total 202240K, used 183769K [0x00000000c0000000, 0x00000000cc580000, 0x00000000eab00000)
  object space 202240K, 90% used [0x00000000c0000000,0x00000000cb3767e0,0x00000000cc580000)
 Metaspace       used 40384K, capacity 43060K, committed 43224K, reserved 1087488K
  class space    used 4154K, capacity 5098K, committed 5120K, reserved 1048576K
}
Event: 47.332 GC heap after
{Heap after GC invocations=100 (full 5):
 PSYoungGen      total 11776K, used 3065K [0x00000000eab00000, 0x00000000ebf80000, 0x0000000100000000)
  eden space 8704K, 0% used [0x00000000eab00000,0x00000000eab00000,0x00000000eb380000)
  from space 3072K, 99% used [0x00000000eb880000,0x00000000ebb7e7d8,0x00000000ebb80000)
  to   space 5120K, 0% used [0x00000000eb380000,0x00000000eb380000,0x00000000eb880000)
 ParOldGen       total 202240K, used 185045K [0x00000000c0000000, 0x00000000cc580000, 0x00000000eab00000)
  object space 202240K, 91% used [0x00000000c0000000,0x00000000cb4b5788,0x00000000cc580000)
 Metaspace       used 40384K, capacity 43060K, committed 43224K, reserved 1087488K
  class space    used 4154K, capacity 5098K, committed 5120K, reserved 1048576K
}
Event: 48.076 GC heap before
{Heap before GC invocations=101 (full 5):
 PSYoungGen      total 11776K, used 11769K [0x00000000eab00000, 0x00000000ebf80000, 0x0000000100000000)
  eden space 8704K, 100% used [0x00000000eab00000,0x00000000eb380000,0x00000000eb380000)
  from space 3072K, 99% used [0x00000000eb880000,0x00000000ebb7e7d8,0x00000000ebb80000)
  to   space 5120K, 0% used [0x00000000eb380000,0x00000000eb380000,0x00000000eb880000)
 ParOldGen       total 202240K, used 185045K [0x00000000c0000000, 0x00000000cc580000, 0x00000000eab00000)
  object space 202240K, 91% used [0x00000000c0000000,0x00000000cb4b5788,0x00000000cc580000)
 Metaspace       used 40384K, capacity 43060K, committed 43224K, reserved 1087488K
  class space    used 4154K, capacity 5098K, committed 5120K, reserved 1048576K
}
Event: 48.194 GC heap after
{Heap after GC invocations=101 (full 5):
 PSYoungGen      total 10752K, used 2021K [0x00000000eab00000, 0x00000000eba80000, 0x0000000100000000)
  eden space 8704K, 0% used [0x00000000eab00000,0x00000000eab00000,0x00000000eb380000)
  from space 2048K, 98% used [0x00000000eb380000,0x00000000eb579668,0x00000000eb580000)
  to   space 3072K, 0% used [0x00000000eb780000,0x00000000eb780000,0x00000000eba80000)
 ParOldGen       total 202240K, used 188138K [0x00000000c0000000, 0x00000000cc580000, 0x00000000eab00000)
  object space 202240K, 93% used [0x00000000c0000000,0x00000000cb7bab10,0x00000000cc580000)
 Metaspace       used 40384K, capacity 43060K, committed 43224K, reserved 1087488K
  class space    used 4154K, capacity 5098K, committed 5120K, reserved 1048576K
}
Event: 48.647 GC heap before
{Heap before GC invocations=102 (full 5):
 PSYoungGen      total 10752K, used 10725K [0x00000000eab00000, 0x00000000eba80000, 0x0000000100000000)
  eden space 8704K, 100% used [0x00000000eab00000,0x00000000eb380000,0x00000000eb380000)
  from space 2048K, 98% used [0x00000000eb380000,0x00000000eb579668,0x00000000eb580000)
  to   space 3072K, 0% used [0x00000000eb780000,0x00000000eb780000,0x00000000eba80000)
 ParOldGen       total 202240K, used 188138K [0x00000000c0000000, 0x00000000cc580000, 0x00000000eab00000)
  object space 202240K, 93% used [0x00000000c0000000,0x00000000cb7bab10,0x00000000cc580000)
 Metaspace       used 40386K, capacity 43060K, committed 43224K, reserved 1087488K
  class space    used 4154K, capacity 5098K, committed 5120K, reserved 1048576K
}
Event: 48.662 GC heap after
{Heap after GC invocations=102 (full 5):
 PSYoungGen      total 11264K, used 3050K [0x00000000eab00000, 0x00000000ebd80000, 0x0000000100000000)
  eden space 8192K, 0% used [0x00000000eab00000,0x00000000eab00000,0x00000000eb300000)
  from space 3072K, 99% used [0x00000000eb780000,0x00000000eba7aad0,0x00000000eba80000)
  to   space 4608K, 0% used [0x00000000eb300000,0x00000000eb300000,0x00000000eb780000)
 ParOldGen       total 202240K, used 188986K [0x00000000c0000000, 0x00000000cc580000, 0x00000000eab00000)
  object space 202240K, 93% used [0x00000000c0000000,0x00000000cb88eb80,0x00000000cc580000)
 Metaspace       used 40386K, capacity 43060K, committed 43224K, reserved 1087488K
  class space    used 4154K, capacity 5098K, committed 5120K, reserved 1048576K
}
Event: 48.809 GC heap before
{Heap before GC invocations=103 (full 5):
 PSYoungGen      total 11264K, used 11242K [0x00000000eab00000, 0x00000000ebd80000, 0x0000000100000000)
  eden space 8192K, 100% used [0x00000000eab00000,0x00000000eb300000,0x00000000eb300000)
  from space 3072K, 99% used [0x00000000eb780000,0x00000000eba7aad0,0x00000000eba80000)
  to   space 4608K, 0% used [0x00000000eb300000,0x00000000eb300000,0x00000000eb780000)
 ParOldGen       total 202240K, used 188986K [0x00000000c0000000, 0x00000000cc580000, 0x00000000eab00000)
  object space 202240K, 93% used [0x00000000c0000000,0x00000000cb88eb80,0x00000000cc580000)
 Metaspace       used 40386K, capacity 43060K, committed 43224K, reserved 1087488K
  class space    used 4154K, capacity 5098K, committed 5120K, reserved 1048576K
}
Event: 48.845 GC heap after
{Heap after GC invocations=103 (full 5):
 PSYoungGen      total 10240K, used 1947K [0x00000000eab00000, 0x00000000eba00000, 0x0000000100000000)
  eden space 8192K, 0% used [0x00000000eab00000,0x00000000eab00000,0x00000000eb300000)
  from space 2048K, 95% used [0x00000000eb300000,0x00000000eb4e6df8,0x00000000eb500000)
  to   space 3072K, 0% used [0x00000000eb700000,0x00000000eb700000,0x00000000eba00000)
 ParOldGen       total 202240K, used 192048K [0x00000000c0000000, 0x00000000cc580000, 0x00000000eab00000)
  object space 202240K, 94% used [0x00000000c0000000,0x00000000cbb8c1f0,0x00000000cc580000)
 Metaspace       used 40386K, capacity 43060K, committed 43224K, reserved 1087488K
  class space    used 4154K, capacity 5098K, committed 5120K, reserved 1048576K
}
Event: 50.405 GC heap before
{Heap before GC invocations=104 (full 5):
 PSYoungGen      total 10240K, used 10139K [0x00000000eab00000, 0x00000000eba00000, 0x0000000100000000)
  eden space 8192K, 100% used [0x00000000eab00000,0x00000000eb300000,0x00000000eb300000)
  from space 2048K, 95% used [0x00000000eb300000,0x00000000eb4e6df8,0x00000000eb500000)
  to   space 3072K, 0% used [0x00000000eb700000,0x00000000eb700000,0x00000000eba00000)
 ParOldGen       total 202240K, used 192048K [0x00000000c0000000, 0x00000000cc580000, 0x00000000eab00000)
  object space 202240K, 94% used [0x00000000c0000000,0x00000000cbb8c1f0,0x00000000cc580000)
 Metaspace       used 40386K, capacity 43060K, committed 43224K, reserved 1087488K
  class space    used 4154K, capacity 5098K, committed 5120K, reserved 1048576K
}
Event: 50.500 GC heap after
{Heap after GC invocations=104 (full 5):
 PSYoungGen      total 10752K, used 3060K [0x00000000eab00000, 0x00000000ebd00000, 0x0000000100000000)
  eden space 7680K, 0% used [0x00000000eab00000,0x00000000eab00000,0x00000000eb280000)
  from space 3072K, 99% used [0x00000000eb700000,0x00000000eb9fd2b8,0x00000000eba00000)
  to   space 4608K, 0% used [0x00000000eb280000,0x00000000eb280000,0x00000000eb700000)
 ParOldGen       total 202240K, used 192836K [0x00000000c0000000, 0x00000000cc580000, 0x00000000eab00000)
  object space 202240K, 95% used [0x00000000c0000000,0x00000000cbc512f0,0x00000000cc580000)
 Metaspace       used 40386K, capacity 43060K, committed 43224K, reserved 1087488K
  class space    used 4154K, capacity 5098K, committed 5120K, reserved 1048576K
}
Event: 51.562 GC heap before
{Heap before GC invocations=105 (full 5):
 PSYoungGen      total 10752K, used 10739K [0x00000000eab00000, 0x00000000ebd00000, 0x0000000100000000)
  eden space 7680K, 99% used [0x00000000eab00000,0x00000000eb27fbc8,0x00000000eb280000)
  from space 3072K, 99% used [0x00000000eb700000,0x00000000eb9fd2b8,0x00000000eba00000)
  to   space 4608K, 0% used [0x00000000eb280000,0x00000000eb280000,0x00000000eb700000)
 ParOldGen       total 202240K, used 192836K [0x00000000c0000000, 0x00000000cc580000, 0x00000000eab00000)
  object space 202240K, 95% used [0x00000000c0000000,0x00000000cbc512f0,0x00000000cc580000)
 Metaspace       used 40386K, capacity 43060K, committed 43224K, reserved 1087488K
  class space    used 4154K, capacity 5098K, committed 5120K, reserved 1048576K
}
Event: 51.802 GC heap after
{Heap after GC invocations=105 (full 5):
 PSYoungGen      total 9728K, used 1906K [0x00000000eab00000, 0x00000000eb980000, 0x0000000100000000)
  eden space 7680K, 0% used [0x00000000eab00000,0x00000000eab00000,0x00000000eb280000)
  from space 2048K, 93% used [0x00000000eb280000,0x00000000eb45ca28,0x00000000eb480000)
  to   space 3072K, 0% used [0x00000000eb680000,0x00000000eb680000,0x00000000eb980000)
 ParOldGen       total 202240K, used 195940K [0x00000000c0000000, 0x00000000cc580000, 0x00000000eab00000)
  object space 202240K, 96% used [0x00000000c0000000,0x00000000cbf593d8,0x00000000cc580000)
 Metaspace       used 40386K, capacity 43060K, committed 43224K, reserved 1087488K
  class space    used 4154K, capacity 5098K, committed 5120K, reserved 1048576K
}
Event: 54.247 GC heap before
{Heap before GC invocations=106 (full 5):
 PSYoungGen      total 9728K, used 9586K [0x00000000eab00000, 0x00000000eb980000, 0x0000000100000000)
  eden space 7680K, 100% used [0x00000000eab00000,0x00000000eb280000,0x00000000eb280000)
  from space 2048K, 93% used [0x00000000eb280000,0x00000000eb45ca28,0x00000000eb480000)
  to   space 3072K, 0% used [0x00000000eb680000,0x00000000eb680000,0x00000000eb980000)
 ParOldGen       total 202240K, used 195940K [0x00000000c0000000, 0x00000000cc580000, 0x00000000eab00000)
  object space 202240K, 96% used [0x00000000c0000000,0x00000000cbf593d8,0x00000000cc580000)
 Metaspace       used 40387K, capacity 43060K, committed 43224K, reserved 1087488K
  class space    used 4154K, capacity 5098K, committed 5120K, reserved 1048576K
}
Event: 54.302 GC heap after
{Heap after GC invocations=106 (full 5):
 PSYoungGen      total 10752K, used 3069K [0x00000000eab00000, 0x00000000ebb00000, 0x0000000100000000)
  eden space 7680K, 0% used [0x00000000eab00000,0x00000000eab00000,0x00000000eb280000)
  from space 3072K, 99% used [0x00000000eb680000,0x00000000eb97f450,0x00000000eb980000)
  to   space 4096K, 0% used [0x00000000eb280000,0x00000000eb280000,0x00000000eb680000)
 ParOldGen       total 202240K, used 196300K [0x00000000c0000000, 0x00000000cc580000, 0x00000000eab00000)
  object space 202240K, 97% used [0x00000000c0000000,0x00000000cbfb3128,0x00000000cc580000)
 Metaspace       used 40387K, capacity 43060K, committed 43224K, reserved 1087488K
  class space    used 4154K, capacity 5098K, committed 5120K, reserved 1048576K
}
Event: 56.803 GC heap before
{Heap before GC invocations=107 (full 5):
 PSYoungGen      total 10752K, used 10749K [0x00000000eab00000, 0x00000000ebb00000, 0x0000000100000000)
  eden space 7680K, 100% used [0x00000000eab00000,0x00000000eb280000,0x00000000eb280000)
  from space 3072K, 99% used [0x00000000eb680000,0x00000000eb97f450,0x00000000eb980000)
  to   space 4096K, 0% used [0x00000000eb280000,0x00000000eb280000,0x00000000eb680000)
 ParOldGen       total 202240K, used 196300K [0x00000000c0000000, 0x00000000cc580000, 0x00000000eab00000)
  object space 202240K, 97% used [0x00000000c0000000,0x00000000cbfb3128,0x00000000cc580000)
 Metaspace       used 40387K, capacity 43060K, committed 43224K, reserved 1087488K
  class space    used 4154K, capacity 5098K, committed 5120K, reserved 1048576K
}
Event: 57.008 GC heap after
{Heap after GC invocations=107 (full 5):
 PSYoungGen      total 9728K, used 2021K [0x00000000eab00000, 0x00000000eb800000, 0x0000000100000000)
  eden space 7680K, 0% used [0x00000000eab00000,0x00000000eab00000,0x00000000eb280000)
  from space 2048K, 98% used [0x00000000eb280000,0x00000000eb4797c8,0x00000000eb480000)
  to   space 2560K, 0% used [0x00000000eb580000,0x00000000eb580000,0x00000000eb800000)
 ParOldGen       total 202240K, used 199430K [0x00000000c0000000, 0x00000000cc580000, 0x00000000eab00000)
  object space 202240K, 98% used [0x00000000c0000000,0x00000000cc2c1af0,0x00000000cc580000)
 Metaspace       used 40387K, capacity 43060K, committed 43224K, reserved 1087488K
  class space    used 4154K, capacity 5098K, committed 5120K, reserved 1048576K
}
Event: 57.022 GC heap before
{Heap before GC invocations=108 (full 6):
 PSYoungGen      total 9728K, used 2021K [0x00000000eab00000, 0x00000000eb800000, 0x0000000100000000)
  eden space 7680K, 0% used [0x00000000eab00000,0x00000000eab00000,0x00000000eb280000)
  from space 2048K, 98% used [0x00000000eb280000,0x00000000eb4797c8,0x00000000eb480000)
  to   space 2560K, 0% used [0x00000000eb580000,0x00000000eb580000,0x00000000eb800000)
 ParOldGen       total 202240K, used 199430K [0x00000000c0000000, 0x00000000cc580000, 0x00000000eab00000)
  object space 202240K, 98% used [0x00000000c0000000,0x00000000cc2c1af0,0x00000000cc580000)
 Metaspace       used 40387K, capacity 43060K, committed 43224K, reserved 1087488K
  class space    used 4154K, capacity 5098K, committed 5120K, reserved 1048576K
}

Deoptimization events (20 events):
Event: 33.014 Thread 0x00007f1144001000 Uncommon trap: trap_request=0xffffffbe fr.pc=0x00007f1168549850 relative=0x0000000000000810
Event: 33.083 Thread 0x00007f1144001000 Uncommon trap: reason=profile_predicate action=maybe_recompile pc=0x00007f1168549850 method=java.util.regex.Pattern$CharPropertyGreedy.match(Ljava/util/regex/Matcher;ILjava/lang/CharSequence;)Z @ 12 c2
Event: 33.090 Thread 0x00007f1144001000 DEOPT PACKING pc=0x00007f1168549850 sp=0x00007f1131c44d80
Event: 33.102 Thread 0x00007f1144001000 DEOPT UNPACKING pc=0x00007f1160886ea5 sp=0x00007f1131c44d30 mode 2
Event: 33.173 Thread 0x00007f1144001000 Uncommon trap: trap_request=0xffffffbe fr.pc=0x00007f1168549850 relative=0x0000000000000810
Event: 33.175 Thread 0x00007f1144001000 Uncommon trap: reason=profile_predicate action=maybe_recompile pc=0x00007f1168549850 method=java.util.regex.Pattern$CharPropertyGreedy.match(Ljava/util/regex/Matcher;ILjava/lang/CharSequence;)Z @ 12 c2
Event: 33.176 Thread 0x00007f1144001000 DEOPT PACKING pc=0x00007f1168549850 sp=0x00007f1131c455e0
Event: 33.176 Thread 0x00007f1144001000 DEOPT UNPACKING pc=0x00007f1160886ea5 sp=0x00007f1131c45590 mode 2
Event: 33.176 Thread 0x00007f1144001000 Uncommon trap: trap_request=0xffffffbe fr.pc=0x00007f1168549850 relative=0x0000000000000810
Event: 33.176 Thread 0x00007f1144001000 Uncommon trap: reason=profile_predicate action=maybe_recompile pc=0x00007f1168549850 method=java.util.regex.Pattern$CharPropertyGreedy.match(Ljava/util/regex/Matcher;ILjava/lang/CharSequence;)Z @ 12 c2
Event: 33.176 Thread 0x00007f1144001000 DEOPT PACKING pc=0x00007f1168549850 sp=0x00007f1131c45200
Event: 33.176 Thread 0x00007f1144001000 DEOPT UNPACKING pc=0x00007f1160886ea5 sp=0x00007f1131c451b0 mode 2
Event: 33.176 Thread 0x00007f1144001000 Uncommon trap: trap_request=0xffffffbe fr.pc=0x00007f1168549850 relative=0x0000000000000810
Event: 33.176 Thread 0x00007f1144001000 Uncommon trap: reason=profile_predicate action=maybe_recompile pc=0x00007f1168549850 method=java.util.regex.Pattern$CharPropertyGreedy.match(Ljava/util/regex/Matcher;ILjava/lang/CharSequence;)Z @ 12 c2
Event: 33.176 Thread 0x00007f1144001000 DEOPT PACKING pc=0x00007f1168549850 sp=0x00007f1131c45200
Event: 33.176 Thread 0x00007f1144001000 DEOPT UNPACKING pc=0x00007f1160886ea5 sp=0x00007f1131c451b0 mode 2
Event: 43.986 Thread 0x00007f1144001000 DEOPT PACKING pc=0x00007f1161692483 sp=0x00007f1131c44370
Event: 43.990 Thread 0x00007f1144001000 DEOPT UNPACKING pc=0x00007f116088764a sp=0x00007f1131c43888 mode 0
Event: 49.669 Thread 0x00007f1144001000 DEOPT PACKING pc=0x00007f11616dd796 sp=0x00007f1131c44940
Event: 49.673 Thread 0x00007f1144001000 DEOPT UNPACKING pc=0x00007f116088764a sp=0x00007f1131c43eb0 mode 0

Classes redefined (0 events):
No events

Internal exceptions (20 events):
Event: 13.459 Thread 0x00005642529d3800 Implicit null exception at 0x00007f1168457460 to 0x00007f1168457670
Event: 13.687 Thread 0x00007f1144001000 Exception <a 'java/lang/NoSuchMethodError'{0x00000000ebc9b490}: 'java.lang.Object java.lang.invoke.Invokers$Holder.linkToTargetMethod(java.lang.Object, java.lang.Object, java.lang.Object, java.lang.Object, java.lang.Object, java.lang.Object)'> (0x00000000ebc9b490) thrown at [src/hotspot/share/interpreter/linkResolver.cpp, line 773]
Event: 13.710 Thread 0x00007f1144001000 Exception <a 'sun/nio/fs/UnixException'{0x00000000ebd54b58}> (0x00000000ebd54b58) thrown at [src/hotspot/share/prims/jni.cpp, line 616]
Event: 13.710 Thread 0x00007f1144001000 Exception <a 'sun/nio/fs/UnixException'{0x00000000ebd55940}> (0x00000000ebd55940) thrown at [src/hotspot/share/prims/jni.cpp, line 616]
Event: 13.713 Thread 0x00007f1144001000 Exception <a 'sun/nio/fs/UnixException'{0x00000000ebd599a0}> (0x00000000ebd599a0) thrown at [src/hotspot/share/prims/jni.cpp, line 616]
Event: 13.713 Thread 0x00007f1144001000 Exception <a 'sun/nio/fs/UnixException'{0x00000000ebd5b340}> (0x00000000ebd5b340) thrown at [src/hotspot/share/prims/jni.cpp, line 616]
Event: 13.721 Thread 0x00007f1144001000 Exception <a 'sun/nio/fs/UnixException'{0x00000000ebd64768}> (0x00000000ebd64768) thrown at [src/hotspot/share/prims/jni.cpp, line 616]
Event: 13.722 Thread 0x00007f1144001000 Exception <a 'sun/nio/fs/UnixException'{0x00000000ebd6bdb8}> (0x00000000ebd6bdb8) thrown at [src/hotspot/share/prims/jni.cpp, line 616]
Event: 13.723 Thread 0x00005642529d3800 Implicit null exception at 0x00007f116844eadf to 0x00007f116844ebdc
Event: 13.794 Thread 0x00007f1144001000 Exception <a 'sun/nio/fs/UnixException'{0x00000000eab0c9a0}> (0x00000000eab0c9a0) thrown at [src/hotspot/share/prims/jni.cpp, line 616]
Event: 13.794 Thread 0x00007f1144001000 Exception <a 'sun/nio/fs/UnixException'{0x00000000eab0ec90}> (0x00000000eab0ec90) thrown at [src/hotspot/share/prims/jni.cpp, line 616]
Event: 13.794 Thread 0x00007f1144001000 Exception <a 'sun/nio/fs/UnixException'{0x00000000eab109e0}> (0x00000000eab109e0) thrown at [src/hotspot/share/prims/jni.cpp, line 616]
Event: 13.794 Thread 0x00007f1144001000 Exception <a 'sun/nio/fs/UnixException'{0x00000000eab12770}> (0x00000000eab12770) thrown at [src/hotspot/share/prims/jni.cpp, line 616]
Event: 13.795 Thread 0x00007f1144001000 Exception <a 'sun/nio/fs/UnixException'{0x00000000eab161f8}> (0x00000000eab161f8) thrown at [src/hotspot/share/prims/jni.cpp, line 616]
Event: 13.827 Thread 0x00007f1144001000 Exception <a 'sun/nio/fs/UnixException'{0x00000000eab3a400}> (0x00000000eab3a400) thrown at [src/hotspot/share/prims/jni.cpp, line 616]
Event: 16.394 Thread 0x00007f1144001000 Exception <a 'java/lang/NoSuchMethodError'{0x00000000eb596730}: 'java.lang.Object java.lang.invoke.DirectMethodHandle$Holder.invokeSpecial(java.lang.Object, java.lang.Object, java.lang.Object, java.lang.Object, java.lang.Object, java.lang.Object, java.lang.Object, java.lang.Object, java.lang.Object, java.lang.Object)'> (0x00000000eb596730) thrown at [src/hotspot/share/interpreter/linkResolver.cpp, line 773]
Event: 16.400 Thread 0x00007f1144001000 Exception <a 'java/lang/NoSuchMethodError'{0x00000000eb682b60}: 'java.lang.Object java.lang.invoke.DirectMethodHandle$Holder.invokeSpecial(java.lang.Object, java.lang.Object, java.lang.Object, java.lang.Object, java.lang.Object, java.lang.Object, java.lang.Object, java.lang.Object, java.lang.Object)'> (0x00000000eb682b60) thrown at [src/hotspot/share/interpreter/linkResolver.cpp, line 773]
Event: 16.400 Thread 0x00007f1144001000 Exception <a 'java/lang/NoSuchMethodError'{0x00000000eb686ab0}: 'java.lang.Object java.lang.invoke.Invokers$Holder.linkToTargetMethod(java.lang.Object, java.lang.Object, java.lang.Object, java.lang.Object, java.lang.Object, java.lang.Object, java.lang.Object, java.lang.Object)'> (0x00000000eb686ab0) thrown at [src/hotspot/share/interpreter/linkResolver.cpp, line 773]
Event: 17.488 Thread 0x00007f1144001000 Implicit null exception at 0x00007f11683a1c23 to 0x00007f11683a2218
Event: 19.447 Thread 0x00007f1144001000 Exception <a 'java/io/FileNotFoundException'{0x00000000eb2a7df0}> (0x00000000eb2a7df0) thrown at [src/hotspot/share/prims/jni.cpp, line 616]

Events (20 events):
Event: 42.348 Executing VM operation: ParallelGCFailedAllocation done
Event: 43.347 Executing VM operation: ParallelGCFailedAllocation
Event: 43.406 Executing VM operation: ParallelGCFailedAllocation done
Event: 43.992 Executing VM operation: ParallelGCFailedAllocation
Event: 44.176 Executing VM operation: ParallelGCFailedAllocation done
Event: 46.239 Executing VM operation: ParallelGCFailedAllocation
Event: 47.382 Executing VM operation: ParallelGCFailedAllocation done
Event: 47.625 Executing VM operation: ParallelGCFailedAllocation
Event: 48.216 Executing VM operation: ParallelGCFailedAllocation done
Event: 48.644 Executing VM operation: ParallelGCFailedAllocation
Event: 48.664 Executing VM operation: ParallelGCFailedAllocation done
Event: 48.805 Executing VM operation: ParallelGCFailedAllocation
Event: 48.920 Executing VM operation: ParallelGCFailedAllocation done
Event: 49.670 Executing VM operation: ParallelGCFailedAllocation
Event: 50.531 Executing VM operation: ParallelGCFailedAllocation done
Event: 51.267 Executing VM operation: ParallelGCFailedAllocation
Event: 51.882 Executing VM operation: ParallelGCFailedAllocation done
Event: 54.230 Executing VM operation: ParallelGCFailedAllocation
Event: 54.355 Executing VM operation: ParallelGCFailedAllocation done
Event: 56.796 Executing VM operation: ParallelGCFailedAllocation


Dynamic libraries:
c0000000-cc580000 rw-p 00000000 00:00 0 
d0f00000-eab00000 ---p 00000000 00:00 0 
eab00000-eb800000 rw-p 00000000 00:00 0 
eb800000-100000000 ---p 00000000 00:00 0 
800000000-800002000 rwxp 00001000 08:01 2995                             /usr/lib/jvm/java-11-openjdk-amd64/lib/server/classes.jsa
800002000-8003cb000 rw-p 00003000 08:01 2995                             /usr/lib/jvm/java-11-openjdk-amd64/lib/server/classes.jsa
8003cb000-800a99000 r--p 003cc000 08:01 2995                             /usr/lib/jvm/java-11-openjdk-amd64/lib/server/classes.jsa
800a99000-800a9a000 rw-p 00a9a000 08:01 2995                             /usr/lib/jvm/java-11-openjdk-amd64/lib/server/classes.jsa
800a9a000-8010ac000 r--p 00a9b000 08:01 2995                             /usr/lib/jvm/java-11-openjdk-amd64/lib/server/classes.jsa
840000000-840500000 rw-p 00000000 00:00 0 
840500000-880000000 ---p 00000000 00:00 0 
5642507b3000-5642507b4000 r-xp 00000000 08:01 2808                       /usr/lib/jvm/java-11-openjdk-amd64/bin/java
5642509b4000-5642509b5000 r--p 00001000 08:01 2808                       /usr/lib/jvm/java-11-openjdk-amd64/bin/java
5642509b5000-5642509b6000 rw-p 00002000 08:01 2808                       /usr/lib/jvm/java-11-openjdk-amd64/bin/java
56425257e000-564252d23000 rw-p 00000000 00:00 0                          [heap]
7f111783d000-7f1120000000 r--s 00000000 08:01 2757                       /usr/lib/jvm/java-11-openjdk-amd64/lib/modules
7f1120000000-7f1120021000 rw-p 00000000 00:00 0 
7f1120021000-7f1124000000 ---p 00000000 00:00 0 
7f1124000000-7f112402c000 rw-p 00000000 00:00 0 
7f112402c000-7f1128000000 ---p 00000000 00:00 0 
7f1128000000-7f1128021000 rw-p 00000000 00:00 0 
7f1128021000-7f112c000000 ---p 00000000 00:00 0 
7f112c000000-7f112c021000 rw-p 00000000 00:00 0 
7f112c021000-7f1130000000 ---p 00000000 00:00 0 
7f1130e47000-7f1130f87000 rw-p 00000000 00:00 0 
7f1130f87000-7f1131047000 ---p 00000000 00:00 0 
7f1131047000-7f113104b000 ---p 00000000 00:00 0 
7f113104b000-7f1131348000 rw-p 00000000 00:00 0 
7f1131348000-7f1131548000 rw-p 00000000 00:00 0 
7f1131548000-7f113173e000 rw-p 00000000 00:00 0 
7f113173e000-7f1131748000 ---p 00000000 00:00 0 
7f1131748000-7f1131948000 rw-p 00000000 00:00 0 
7f1131948000-7f1131b48000 rw-p 00000000 00:00 0 
7f1131b48000-7f1131b4c000 ---p 00000000 00:00 0 
7f1131b4c000-7f1131c49000 rw-p 00000000 00:00 0 
7f1131ccc000-7f1131ecc000 rw-p 00000000 00:00 0 
7f1131ecc000-7f1131ed0000 ---p 00000000 00:00 0 
7f1131ed0000-7f11321cd000 rw-p 00000000 00:00 0 
7f11321cd000-7f11321d1000 ---p 00000000 00:00 0 
7f11321d1000-7f11322ce000 rw-p 00000000 00:00 0 
7f11322ce000-7f11322d2000 ---p 00000000 00:00 0 
7f11322d2000-7f11325cf000 rw-p 00000000 00:00 0 
7f11325cf000-7f11325d3000 ---p 00000000 00:00 0 
7f11325d3000-7f11328d0000 rw-p 00000000 00:00 0 
7f11328d0000-7f1132ad0000 rw-p 00000000 00:00 0 
7f1132ad0000-7f1132ad4000 ---p 00000000 00:00 0 
7f1132ad4000-7f1132dd1000 rw-p 00000000 00:00 0 
7f1132dd1000-7f1132dd5000 ---p 00000000 00:00 0 
7f1132dd5000-7f11330d2000 rw-p 00000000 00:00 0 
7f11330d2000-7f11330d6000 ---p 00000000 00:00 0 
7f11330d6000-7f11331d3000 rw-p 00000000 00:00 0 
7f11331d3000-7f11331d7000 ---p 00000000 00:00 0 
7f11331d7000-7f11334d4000 rw-p 00000000 00:00 0 
7f11334d4000-7f11336d4000 rw-p 00000000 00:00 0 
7f11336d4000-7f11336d8000 ---p 00000000 00:00 0 
7f11336d8000-7f11337d5000 rw-p 00000000 00:00 0 
7f11337d5000-7f11337d9000 ---p 00000000 00:00 0 
7f11337d9000-7f11338d6000 rw-p 00000000 00:00 0 
7f11338d6000-7f11338d7000 ---p 00000000 00:00 0 
7f11338d7000-7f11339d7000 rw-p 00000000 00:00 0 
7f11339d7000-7f11339e7000 r-xp 00000000 08:01 47189                      /home/avril/.config/Code/User/globalStorage/redhat.java/1.1.0/config_linux/org.eclipse.equinox.launcher/org.eclipse.equinox.launcher.gtk.linux.x86_64_1.2.400.v20211116-1129/eclipse_11600.so
7f11339e7000-7f1133be6000 ---p 00010000 08:01 47189                      /home/avril/.config/Code/User/globalStorage/redhat.java/1.1.0/config_linux/org.eclipse.equinox.launcher/org.eclipse.equinox.launcher.gtk.linux.x86_64_1.2.400.v20211116-1129/eclipse_11600.so
7f1133be6000-7f1133be7000 r--p 0000f000 08:01 47189                      /home/avril/.config/Code/User/globalStorage/redhat.java/1.1.0/config_linux/org.eclipse.equinox.launcher/org.eclipse.equinox.launcher.gtk.linux.x86_64_1.2.400.v20211116-1129/eclipse_11600.so
7f1133be7000-7f1133be8000 rw-p 00010000 08:01 47189                      /home/avril/.config/Code/User/globalStorage/redhat.java/1.1.0/config_linux/org.eclipse.equinox.launcher/org.eclipse.equinox.launcher.gtk.linux.x86_64_1.2.400.v20211116-1129/eclipse_11600.so
7f1133be8000-7f1133bec000 ---p 00000000 00:00 0 
7f1133bec000-7f1133ce9000 rw-p 00000000 00:00 0 
7f1133ce9000-7f1133ced000 ---p 00000000 00:00 0 
7f1133ced000-7f1133dea000 rw-p 00000000 00:00 0 
7f1133dea000-7f1133dfe000 r-xp 00000000 08:01 2776                       /usr/lib/jvm/java-11-openjdk-amd64/lib/libnet.so
7f1133dfe000-7f1133ffe000 ---p 00014000 08:01 2776                       /usr/lib/jvm/java-11-openjdk-amd64/lib/libnet.so
7f1133ffe000-7f1133fff000 r--p 00014000 08:01 2776                       /usr/lib/jvm/java-11-openjdk-amd64/lib/libnet.so
7f1133fff000-7f1134000000 rw-p 00015000 08:01 2776                       /usr/lib/jvm/java-11-openjdk-amd64/lib/libnet.so
7f1134000000-7f1134038000 rw-p 00000000 00:00 0 
7f1134038000-7f1138000000 ---p 00000000 00:00 0 
7f1138000000-7f113830b000 rw-p 00000000 00:00 0 
7f113830b000-7f113c000000 ---p 00000000 00:00 0 
7f113c000000-7f113e3b4000 rw-p 00000000 00:00 0 
7f113e3b4000-7f1140000000 ---p 00000000 00:00 0 
7f1140000000-7f1140a44000 rw-p 00000000 00:00 0 
7f1140a44000-7f1144000000 ---p 00000000 00:00 0 
7f1144000000-7f1144039000 rw-p 00000000 00:00 0 
7f1144039000-7f1148000000 ---p 00000000 00:00 0 
7f1148000000-7f114811f000 rw-p 00000000 00:00 0 
7f114811f000-7f114c000000 ---p 00000000 00:00 0 
7f114c000000-7f114c021000 rw-p 00000000 00:00 0 
7f114c021000-7f1150000000 ---p 00000000 00:00 0 
7f1150000000-7f1150599000 rw-p 00000000 00:00 0 
7f1150599000-7f1154000000 ---p 00000000 00:00 0 
7f1154000000-7f1154128000 rw-p 00000000 00:00 0 
7f1154128000-7f1158000000 ---p 00000000 00:00 0 
7f1158053000-7f1158057000 ---p 00000000 00:00 0 
7f1158057000-7f1158154000 rw-p 00000000 00:00 0 
7f1158154000-7f1158164000 r-xp 00000000 08:01 2763                       /usr/lib/jvm/java-11-openjdk-amd64/lib/libnio.so
7f1158164000-7f1158363000 ---p 00010000 08:01 2763                       /usr/lib/jvm/java-11-openjdk-amd64/lib/libnio.so
7f1158363000-7f1158364000 r--p 0000f000 08:01 2763                       /usr/lib/jvm/java-11-openjdk-amd64/lib/libnio.so
7f1158364000-7f1158365000 rw-p 00010000 08:01 2763                       /usr/lib/jvm/java-11-openjdk-amd64/lib/libnio.so
7f1158365000-7f1158366000 ---p 00000000 00:00 0 
7f1158366000-7f1158466000 rw-p 00000000 00:00 0 
7f1158466000-7f115846a000 ---p 00000000 00:00 0 
7f115846a000-7f1158567000 rw-p 00000000 00:00 0 
7f1158567000-7f115856b000 ---p 00000000 00:00 0 
7f115856b000-7f1158668000 rw-p 00000000 00:00 0 
7f1158668000-7f115866c000 ---p 00000000 00:00 0 
7f115866c000-7f1158769000 rw-p 00000000 00:00 0 
7f1158769000-7f115876d000 ---p 00000000 00:00 0 
7f115876d000-7f115886a000 rw-p 00000000 00:00 0 
7f115886a000-7f115886e000 ---p 00000000 00:00 0 
7f115886e000-7f115896b000 rw-p 00000000 00:00 0 
7f115896b000-7f115896f000 ---p 00000000 00:00 0 
7f115896f000-7f1158a6c000 rw-p 00000000 00:00 0 
7f1158a6c000-7f1158ef7000 r--p 00000000 08:01 919232                     /usr/lib/locale/locale-archive
7f1158ef7000-7f1158efb000 ---p 00000000 00:00 0 
7f1158efb000-7f1158ff8000 rw-p 00000000 00:00 0 
7f1158ff8000-7f1158ffc000 ---p 00000000 00:00 0 
7f1158ffc000-7f11590f9000 rw-p 00000000 00:00 0 
7f11590f9000-7f11590fa000 ---p 00000000 00:00 0 
7f11590fa000-7f115c000000 rw-p 00000000 00:00 0 
7f115c000000-7f115c021000 rw-p 00000000 00:00 0 
7f115c021000-7f1160000000 ---p 00000000 00:00 0 
7f11600e3000-7f11605e6000 rw-p 00000000 00:00 0 
7f11605e6000-7f11605e7000 ---p 00000000 00:00 0 
7f11605e7000-7f116074a000 rw-p 00000000 00:00 0 
7f116074a000-7f116083d000 ---p 00000000 00:00 0 
7f116083d000-7f1160aad000 rwxp 00000000 00:00 0 
7f1160aad000-7f1160dcc000 ---p 00000000 00:00 0 
7f1160dcc000-7f1161a4c000 rwxp 00000000 00:00 0 
7f1161a4c000-7f1168304000 ---p 00000000 00:00 0 
7f1168304000-7f1168574000 rwxp 00000000 00:00 0 
7f1168574000-7f116f83d000 ---p 00000000 00:00 0 
7f116f83d000-7f1178000000 r--s 00000000 08:01 2757                       /usr/lib/jvm/java-11-openjdk-amd64/lib/modules
7f1178000000-7f117846a000 rw-p 00000000 00:00 0 
7f117846a000-7f117c000000 ---p 00000000 00:00 0 
7f117c041000-7f117c125000 rw-p 00000000 00:00 0 
7f117c125000-7f117c217000 ---p 00000000 00:00 0 
7f117c217000-7f117c21e000 rw-p 00000000 00:00 0 
7f117c21e000-7f117c2c2000 ---p 00000000 00:00 0 
7f117c2c2000-7f117c2c8000 rw-p 00000000 00:00 0 
7f117c2c8000-7f117c3ae000 ---p 00000000 00:00 0 
7f117c3ae000-7f117c3c7000 rw-p 00000000 00:00 0 
7f117c3c7000-7f117c499000 ---p 00000000 00:00 0 
7f117c499000-7f117c4a0000 r-xp 00000000 08:01 2785                       /usr/lib/jvm/java-11-openjdk-amd64/lib/libzip.so
7f117c4a0000-7f117c6a0000 ---p 00007000 08:01 2785                       /usr/lib/jvm/java-11-openjdk-amd64/lib/libzip.so
7f117c6a0000-7f117c6a1000 r--p 00007000 08:01 2785                       /usr/lib/jvm/java-11-openjdk-amd64/lib/libzip.so
7f117c6a1000-7f117c6a2000 rw-p 00008000 08:01 2785                       /usr/lib/jvm/java-11-openjdk-amd64/lib/libzip.so
7f117c6a2000-7f117c6ad000 r-xp 00000000 08:01 683070                     /lib/x86_64-linux-gnu/libnss_files-2.23.so
7f117c6ad000-7f117c8ac000 ---p 0000b000 08:01 683070                     /lib/x86_64-linux-gnu/libnss_files-2.23.so
7f117c8ac000-7f117c8ad000 r--p 0000a000 08:01 683070                     /lib/x86_64-linux-gnu/libnss_files-2.23.so
7f117c8ad000-7f117c8ae000 rw-p 0000b000 08:01 683070                     /lib/x86_64-linux-gnu/libnss_files-2.23.so
7f117c8ae000-7f117c8b4000 rw-p 00000000 00:00 0 
7f117c8b4000-7f117c8bf000 r-xp 00000000 08:01 683077                     /lib/x86_64-linux-gnu/libnss_nis-2.23.so
7f117c8bf000-7f117cabe000 ---p 0000b000 08:01 683077                     /lib/x86_64-linux-gnu/libnss_nis-2.23.so
7f117cabe000-7f117cabf000 r--p 0000a000 08:01 683077                     /lib/x86_64-linux-gnu/libnss_nis-2.23.so
7f117cabf000-7f117cac0000 rw-p 0000b000 08:01 683077                     /lib/x86_64-linux-gnu/libnss_nis-2.23.so
7f117cac0000-7f117cad6000 r-xp 00000000 08:01 683078                     /lib/x86_64-linux-gnu/libnsl-2.23.so
7f117cad6000-7f117ccd5000 ---p 00016000 08:01 683078                     /lib/x86_64-linux-gnu/libnsl-2.23.so
7f117ccd5000-7f117ccd6000 r--p 00015000 08:01 683078                     /lib/x86_64-linux-gnu/libnsl-2.23.so
7f117ccd6000-7f117ccd7000 rw-p 00016000 08:01 683078                     /lib/x86_64-linux-gnu/libnsl-2.23.so
7f117ccd7000-7f117ccd9000 rw-p 00000000 00:00 0 
7f117ccd9000-7f117cce1000 r-xp 00000000 08:01 683080                     /lib/x86_64-linux-gnu/libnss_compat-2.23.so
7f117cce1000-7f117cee0000 ---p 00008000 08:01 683080                     /lib/x86_64-linux-gnu/libnss_compat-2.23.so
7f117cee0000-7f117cee1000 r--p 00007000 08:01 683080                     /lib/x86_64-linux-gnu/libnss_compat-2.23.so
7f117cee1000-7f117cee2000 rw-p 00008000 08:01 683080                     /lib/x86_64-linux-gnu/libnss_compat-2.23.so
7f117cee2000-7f117cefd000 r-xp 00000000 08:01 2760                       /usr/lib/jvm/java-11-openjdk-amd64/lib/libjimage.so
7f117cefd000-7f117d0fd000 ---p 0001b000 08:01 2760                       /usr/lib/jvm/java-11-openjdk-amd64/lib/libjimage.so
7f117d0fd000-7f117d0ff000 r--p 0001b000 08:01 2760                       /usr/lib/jvm/java-11-openjdk-amd64/lib/libjimage.so
7f117d0ff000-7f117d100000 rw-p 0001d000 08:01 2760                       /usr/lib/jvm/java-11-openjdk-amd64/lib/libjimage.so
7f117d100000-7f117d128000 r-xp 00000000 08:01 2783                       /usr/lib/jvm/java-11-openjdk-amd64/lib/libjava.so
7f117d128000-7f117d328000 ---p 00028000 08:01 2783                       /usr/lib/jvm/java-11-openjdk-amd64/lib/libjava.so
7f117d328000-7f117d329000 r--p 00028000 08:01 2783                       /usr/lib/jvm/java-11-openjdk-amd64/lib/libjava.so
7f117d329000-7f117d32a000 rw-p 00029000 08:01 2783                       /usr/lib/jvm/java-11-openjdk-amd64/lib/libjava.so
7f117d32a000-7f117d32b000 rw-p 00000000 00:00 0 
7f117d32b000-7f117d338000 r-xp 00000000 08:01 2782                       /usr/lib/jvm/java-11-openjdk-amd64/lib/libverify.so
7f117d338000-7f117d537000 ---p 0000d000 08:01 2782                       /usr/lib/jvm/java-11-openjdk-amd64/lib/libverify.so
7f117d537000-7f117d539000 r--p 0000c000 08:01 2782                       /usr/lib/jvm/java-11-openjdk-amd64/lib/libverify.so
7f117d539000-7f117d53a000 rw-p 0000e000 08:01 2782                       /usr/lib/jvm/java-11-openjdk-amd64/lib/libverify.so
7f117d53a000-7f117d541000 r-xp 00000000 08:01 683069                     /lib/x86_64-linux-gnu/librt-2.23.so
7f117d541000-7f117d740000 ---p 00007000 08:01 683069                     /lib/x86_64-linux-gnu/librt-2.23.so
7f117d740000-7f117d741000 r--p 00006000 08:01 683069                     /lib/x86_64-linux-gnu/librt-2.23.so
7f117d741000-7f117d742000 rw-p 00007000 08:01 683069                     /lib/x86_64-linux-gnu/librt-2.23.so
7f117d742000-7f117d84a000 r-xp 00000000 08:01 683074                     /lib/x86_64-linux-gnu/libm-2.23.so
7f117d84a000-7f117da49000 ---p 00108000 08:01 683074                     /lib/x86_64-linux-gnu/libm-2.23.so
7f117da49000-7f117da4a000 r--p 00107000 08:01 683074                     /lib/x86_64-linux-gnu/libm-2.23.so
7f117da4a000-7f117da4b000 rw-p 00108000 08:01 683074                     /lib/x86_64-linux-gnu/libm-2.23.so
7f117da4b000-7f117eb75000 r-xp 00000000 08:01 2800                       /usr/lib/jvm/java-11-openjdk-amd64/lib/server/libjvm.so
7f117eb75000-7f117ed75000 ---p 0112a000 08:01 2800                       /usr/lib/jvm/java-11-openjdk-amd64/lib/server/libjvm.so
7f117ed75000-7f117ee3a000 r--p 0112a000 08:01 2800                       /usr/lib/jvm/java-11-openjdk-amd64/lib/server/libjvm.so
7f117ee3a000-7f117ee75000 rw-p 011ef000 08:01 2800                       /usr/lib/jvm/java-11-openjdk-amd64/lib/server/libjvm.so
7f117ee75000-7f117eecc000 rw-p 00000000 00:00 0 
7f117eecc000-7f117eee4000 r-xp 00000000 08:01 683061                     /lib/x86_64-linux-gnu/libpthread-2.23.so
7f117eee4000-7f117f0e3000 ---p 00018000 08:01 683061                     /lib/x86_64-linux-gnu/libpthread-2.23.so
7f117f0e3000-7f117f0e4000 r--p 00017000 08:01 683061                     /lib/x86_64-linux-gnu/libpthread-2.23.so
7f117f0e4000-7f117f0e5000 rw-p 00018000 08:01 683061                     /lib/x86_64-linux-gnu/libpthread-2.23.so
7f117f0e5000-7f117f0e9000 rw-p 00000000 00:00 0 
7f117f0e9000-7f117f0ec000 r-xp 00000000 08:01 683066                     /lib/x86_64-linux-gnu/libdl-2.23.so
7f117f0ec000-7f117f2eb000 ---p 00003000 08:01 683066                     /lib/x86_64-linux-gnu/libdl-2.23.so
7f117f2eb000-7f117f2ec000 r--p 00002000 08:01 683066                     /lib/x86_64-linux-gnu/libdl-2.23.so
7f117f2ec000-7f117f2ed000 rw-p 00003000 08:01 683066                     /lib/x86_64-linux-gnu/libdl-2.23.so
7f117f2ed000-7f117f306000 r-xp 00000000 08:01 670155                     /lib/x86_64-linux-gnu/libz.so.1.2.8
7f117f306000-7f117f505000 ---p 00019000 08:01 670155                     /lib/x86_64-linux-gnu/libz.so.1.2.8
7f117f505000-7f117f506000 r--p 00018000 08:01 670155                     /lib/x86_64-linux-gnu/libz.so.1.2.8
7f117f506000-7f117f507000 rw-p 00019000 08:01 670155                     /lib/x86_64-linux-gnu/libz.so.1.2.8
7f117f507000-7f117f6c7000 r-xp 00000000 08:01 683079                     /lib/x86_64-linux-gnu/libc-2.23.so
7f117f6c7000-7f117f8c7000 ---p 001c0000 08:01 683079                     /lib/x86_64-linux-gnu/libc-2.23.so
7f117f8c7000-7f117f8cb000 r--p 001c0000 08:01 683079                     /lib/x86_64-linux-gnu/libc-2.23.so
7f117f8cb000-7f117f8cd000 rw-p 001c4000 08:01 683079                     /lib/x86_64-linux-gnu/libc-2.23.so
7f117f8cd000-7f117f8d1000 rw-p 00000000 00:00 0 
7f117f8d1000-7f117f8e0000 r-xp 00000000 08:01 2796                       /usr/lib/jvm/java-11-openjdk-amd64/lib/jli/libjli.so
7f117f8e0000-7f117fadf000 ---p 0000f000 08:01 2796                       /usr/lib/jvm/java-11-openjdk-amd64/lib/jli/libjli.so
7f117fadf000-7f117fae0000 r--p 0000e000 08:01 2796                       /usr/lib/jvm/java-11-openjdk-amd64/lib/jli/libjli.so
7f117fae0000-7f117fae1000 rw-p 0000f000 08:01 2796                       /usr/lib/jvm/java-11-openjdk-amd64/lib/jli/libjli.so
7f117fae1000-7f117fb07000 r-xp 00000000 08:01 683071                     /lib/x86_64-linux-gnu/ld-2.23.so
7f117fb2b000-7f117fb2f000 ---p 00000000 00:00 0 
7f117fb2f000-7f117fb4d000 rw-p 00000000 00:00 0 
7f117fb4d000-7f117fb54000 r--s 00000000 08:01 6314                       /usr/lib/x86_64-linux-gnu/gconv/gconv-modules.cache
7f117fb54000-7f117fb75000 r--p 00000000 08:01 149037                     /usr/share/locale-langpack/zh_CN/LC_MESSAGES/libc.mo
7f117fb75000-7f117fbe4000 rw-p 00000000 00:00 0 
7f117fbe4000-7f117fbe8000 ---p 00000000 00:00 0 
7f117fbe8000-7f117fce9000 rw-p 00000000 00:00 0 
7f117fced000-7f117fcf2000 rw-p 00000000 00:00 0 
7f117fcf2000-7f117fcf9000 ---p 00000000 00:00 0 
7f117fcf9000-7f117fcfb000 r--s 00007000 08:01 212998                     /usr/share/java/java-atk-wrapper.jar
7f117fcfb000-7f117fd03000 rw-s 00000000 08:01 136793                     /tmp/hsperfdata_avril/4522
7f117fd03000-7f117fd04000 ---p 00000000 00:00 0 
7f117fd04000-7f117fd05000 r--p 00000000 00:00 0 
7f117fd05000-7f117fd06000 rw-p 00000000 00:00 0 
7f117fd06000-7f117fd07000 r--p 00025000 08:01 683071                     /lib/x86_64-linux-gnu/ld-2.23.so
7f117fd07000-7f117fd08000 rw-p 00026000 08:01 683071                     /lib/x86_64-linux-gnu/ld-2.23.so
7f117fd08000-7f117fd09000 rw-p 00000000 00:00 0 
7ffe401a8000-7ffe401ca000 rw-p 00000000 00:00 0                          [stack]
7ffe401d1000-7ffe401d4000 r--p 00000000 00:00 0                          [vvar]
7ffe401d4000-7ffe401d6000 r-xp 00000000 00:00 0                          [vdso]
ffffffffff600000-ffffffffff601000 r-xp 00000000 00:00 0                  [vsyscall]


VM Arguments:
jvm_args: --add-modules=ALL-SYSTEM --add-opens=java.base/java.util=ALL-UNNAMED --add-opens=java.base/java.lang=ALL-UNNAMED -Declipse.application=org.eclipse.jdt.ls.core.id1 -Dosgi.bundles.defaultStartLevel=4 -Declipse.product=org.eclipse.jdt.ls.core.product -Djava.import.generatesMetadataFilesAtProjectRoot=false -Dfile.encoding=utf8 -XX:+UseParallelGC -XX:GCTimeRatio=4 -XX:AdaptiveSizePolicyWeight=90 -Dsun.zip.disableMemoryMapping=true -Xmx1G -Xms100m -XX:+HeapDumpOnOutOfMemoryError -XX:HeapDumpPath=/home/avril/.config/Code/User/workspaceStorage/c112cb71dca0077cb82f7922d11d720a/redhat.java -Xverify:none 
java_command: /home/avril/.vscode/extensions/redhat.java-1.1.0/server/plugins/org.eclipse.equinox.launcher_1.6.400.v20210924-0641.jar -configuration /home/avril/.config/Code/User/globalStorage/redhat.java/1.1.0/config_linux -data /home/avril/.config/Code/User/workspaceStorage/c112cb71dca0077cb82f7922d11d720a/redhat.java/jdt_ws
java_class_path (initial): /home/avril/.vscode/extensions/redhat.java-1.1.0/server/plugins/org.eclipse.equinox.launcher_1.6.400.v20210924-0641.jar
Launcher Type: SUN_STANDARD

[Global flags]
    uintx AdaptiveSizePolicyWeight                 = 90                                        {product} {command line}
     bool BytecodeVerificationLocal                = false                                     {product} {command line}
     bool BytecodeVerificationRemote               = false                                     {product} {command line}
     intx CICompilerCount                          = 2                                         {product} {ergonomic}
    uintx GCTimeRatio                              = 4                                         {product} {command line}
     bool HeapDumpOnOutOfMemoryError               = true                                   {manageable} {command line}
    ccstr HeapDumpPath                             = /home/avril/.config/Code/User/workspaceStorage/c112cb71dca0077cb82f7922d11d720a/redhat.java         {manageable} {command line}
   size_t InitialHeapSize                          = 104857600                                 {product} {command line}
   size_t MaxHeapSize                              = 1073741824                                {product} {command line}
   size_t MaxNewSize                               = 357564416                                 {product} {ergonomic}
   size_t MinHeapDeltaBytes                        = 524288                                    {product} {ergonomic}
   size_t NewSize                                  = 34603008                                  {product} {ergonomic}
    uintx NonNMethodCodeHeapSize                   = 5825164                                {pd product} {ergonomic}
    uintx NonProfiledCodeHeapSize                  = 122916538                              {pd product} {ergonomic}
   size_t OldSize                                  = 70254592                                  {product} {ergonomic}
    uintx ProfiledCodeHeapSize                     = 122916538                              {pd product} {ergonomic}
    uintx ReservedCodeCacheSize                    = 251658240                              {pd product} {ergonomic}
     bool SegmentedCodeCache                       = true                                      {product} {ergonomic}
     bool UseCompressedClassPointers               = true                                 {lp64_product} {ergonomic}
     bool UseCompressedOops                        = true                                 {lp64_product} {ergonomic}
     bool UseParallelGC                            = true                                      {product} {command line}

Logging:
Log output configuration:
 #0: stdout all=warning uptime,level,tags
 #1: stderr all=off uptime,level,tags

Environment Variables:
JAVA_HOME=/usr/lib/jvm/java-11-openjdk-amd64/
CLASSPATH=.:/usr/lib/jvm/java-11-openjdk-amd64//lib
PATH=/home/avril/bin:/home/avril/.local/bin:/usr/lib/jvm/java-11-openjdk-amd64//bin:/home/avril/bin:/home/avril/.local/bin:/usr/lib/jvm/java-11-openjdk-amd64//bin:/usr/local/sbin:/usr/local/bin:/usr/sbin:/usr/bin:/sbin:/bin:/usr/games:/usr/local/games:/snap/bin
SHELL=
DISPLAY=:0
LANG=zh_CN.UTF-8

Signal Handlers:
SIGSEGV: [libjvm.so+0xe2ba40], sa_mask[0]=11111111011111111101111111111110, sa_flags=SA_RESTART|SA_SIGINFO
SIGBUS: [libjvm.so+0xe2ba40], sa_mask[0]=11111111011111111101111111111110, sa_flags=SA_RESTART|SA_SIGINFO
SIGFPE: [libjvm.so+0xe2ba40], sa_mask[0]=11111111011111111101111111111110, sa_flags=SA_RESTART|SA_SIGINFO
SIGPIPE: [libjvm.so+0xb81e20], sa_mask[0]=11111111011111111101111111111110, sa_flags=SA_RESTART|SA_SIGINFO
SIGXFSZ: [libjvm.so+0xb81e20], sa_mask[0]=11111111011111111101111111111110, sa_flags=SA_RESTART|SA_SIGINFO
SIGILL: [libjvm.so+0xe2ba40], sa_mask[0]=11111111011111111101111111111110, sa_flags=SA_RESTART|SA_SIGINFO
SIGUSR2: [libjvm.so+0xb81cb0], sa_mask[0]=00000000000000000000000000000000, sa_flags=SA_RESTART|SA_SIGINFO
SIGHUP: [libjvm.so+0xb82170], sa_mask[0]=11111111011111111101111111111110, sa_flags=SA_RESTART|SA_SIGINFO
SIGINT: [libjvm.so+0xb82170], sa_mask[0]=11111111011111111101111111111110, sa_flags=SA_RESTART|SA_SIGINFO
SIGTERM: [libjvm.so+0xb82170], sa_mask[0]=11111111011111111101111111111110, sa_flags=SA_RESTART|SA_SIGINFO
SIGQUIT: [libjvm.so+0xb82170], sa_mask[0]=11111111011111111101111111111110, sa_flags=SA_RESTART|SA_SIGINFO


---------------  S Y S T E M  ---------------

OS:DISTRIB_ID=Ubuntu
DISTRIB_RELEASE=16.04
DISTRIB_CODENAME=xenial
DISTRIB_DESCRIPTION="Ubuntu 16.04.3 LTS"
uname:Linux 4.15.0-142-generic #146~16.04.1-Ubuntu SMP Tue Apr 13 09:27:15 UTC 2021 x86_64
OS uptime: 0 days 0:27 hours
libc:glibc 2.23 NPTL 2.23 
rlimit (soft/hard): STACK 8192k/infinity , CORE 0k/infinity , NPROC 7640/7640 , NOFILE 1048576/1048576 , AS infinity/infinity , CPU infinity/infinity , DATA infinity/infinity , FSIZE infinity/infinity , MEMLOCK 64k/64k
load average:10.38 5.07 2.25

/proc/meminfo:
MemTotal:        2017540 kB
MemFree:           57788 kB
MemAvailable:      11884 kB
Buffers:             424 kB
Cached:            29048 kB
SwapCached:         1816 kB
Active:          1128892 kB
Inactive:         395916 kB
Active(anon):    1122764 kB
Inactive(anon):   387128 kB
Active(file):       6128 kB
Inactive(file):     8788 kB
Unevictable:          48 kB
Mlocked:              48 kB
SwapTotal:       1046524 kB
SwapFree:              0 kB
Dirty:                32 kB
Writeback:            92 kB
AnonPages:       1494724 kB
Mapped:            11324 kB
Shmem:             14324 kB
Slab:             137184 kB
SReclaimable:      43532 kB
SUnreclaim:        93652 kB
KernelStack:       14160 kB
PageTables:        46252 kB
NFS_Unstable:          0 kB
Bounce:                0 kB
WritebackTmp:          0 kB
CommitLimit:     2055292 kB
Committed_AS:    7768700 kB
VmallocTotal:   34359738367 kB
VmallocUsed:           0 kB
VmallocChunk:          0 kB
HardwareCorrupted:     0 kB
AnonHugePages:         0 kB
ShmemHugePages:        0 kB
ShmemPmdMapped:        0 kB
CmaTotal:              0 kB
CmaFree:               0 kB
HugePages_Total:       0
HugePages_Free:        0
HugePages_Rsvd:        0
HugePages_Surp:        0
Hugepagesize:       2048 kB
DirectMap4k:      161664 kB
DirectMap2M:     1935360 kB
DirectMap1G:           0 kB

/sys/kernel/mm/transparent_hugepage/enabled:
always [madvise] never
/sys/kernel/mm/transparent_hugepage/defrag (defrag/compaction efforts parameter):
always defer defer+madvise [madvise] never

Process Memory:
Virtual Size: 3739000K (peak: 12165676K)
Resident Set Size: 330396K (peak: 330396K) (anon: 330396K, file: 0K, shmem: 0K)
Swapped out: 0K
C-Heap outstanding allocations: 22484K

/proc/sys/kernel/threads-max (system-wide limit on the number of threads):
15281
/proc/sys/vm/max_map_count (maximum number of memory map areas a process may have):
65530
/proc/sys/kernel/pid_max (system-wide limit on number of process identifiers):
131072

container (cgroup) information:
container_type: cgroupv1
cpu_cpuset_cpus: 0-1
cpu_memory_nodes: 0
active_processor_count: 2
cpu_quota: -1
cpu_period: 100000
cpu_shares: -1
memory_limit_in_bytes: -1
memory_and_swap_limit_in_bytes: -2
memory_soft_limit_in_bytes: -1
memory_usage_in_bytes: 1599221760
memory_max_usage_in_bytes: 1678376960

VMWare virtualization detected
Steal ticks since vm start: 0
Steal ticks percentage since vm start:  0.000

CPU:total 2 (initial active 2) (1 cores per cpu, 1 threads per core) family 6 model 78 stepping 3 microcode 0xba, cmov, cx8, fxsr, mmx, sse, sse2, sse3, ssse3, sse4.1, sse4.2, popcnt, avx, avx2, aes, clmul, erms, 3dnowpref, lzcnt, tsc, tscinvbit, bmi1, bmi2, adx, fma
CPU Model and flags from /proc/cpuinfo:
model name	: Intel(R) Core(TM) i5-6200U CPU @ 2.30GHz
flags		: fpu vme de pse tsc msr pae mce cx8 apic sep mtrr pge mca cmov pat pse36 clflush mmx fxsr sse sse2 ss syscall nx pdpe1gb rdtscp lm constant_tsc arch_perfmon nopl xtopology tsc_reliable nonstop_tsc cpuid pni pclmulqdq ssse3 fma cx16 pcid sse4_1 sse4_2 x2apic movbe popcnt tsc_deadline_timer aes xsave avx f16c rdrand hypervisor lahf_lm abm 3dnowprefetch cpuid_fault invpcid_single pti fsgsbase tsc_adjust bmi1 avx2 smep bmi2 invpcid rdseed adx smap xsaveopt arat
Online cpus:
0-1
Offline cpus:
2-127
BIOS frequency limitation:
<Not Available>
Frequency switch latency (ns):
<Not Available>
Available cpu frequencies:
<Not Available>
Current governor:
<Not Available>
Core performance/turbo boost:
<Not Available>

Memory: 4k page, physical 2017540k(53804k free), swap 1046524k(0k free)

vm_info: OpenJDK 64-Bit Server VM (11.0.14+9-Ubuntu-0ubuntu2.16.04) for linux-amd64 JRE (11.0.14+9-Ubuntu-0ubuntu2.16.04), built on Jan 25 2022 16:29:35 by "unknown" with gcc 8.4.0

END.
