#
# There is insufficient memory for the Java Runtime Environment to continue.
# Native memory allocation (mmap) failed to map 84410368 bytes for committing reserved memory.
# Possible reasons:
#   The system is out of physical RAM or swap space
#   The process is running with CompressedOops enabled, and the Java Heap may be blocking the growth of the native heap
# Possible solutions:
#   Reduce memory load on the system
#   Increase physical memory or swap space
#   Check if swap backing store is full
#   Decrease Java heap size (-Xmx/-Xms)
#   Decrease number of Java threads
#   Decrease Java thread stack sizes (-Xss)
#   Set larger code cache with -XX:ReservedCodeCacheSize=
#   JVM is running with Unscaled Compressed Oops mode in which the Java heap is
#     placed in the first 4GB address space. The Java Heap base address is the
#     maximum limit for the native heap growth. Please use -XX:HeapBaseMinAddress
#     to set the Java Heap base and to place the Java Heap above 4GB virtual address.
# This output file may be truncated or incomplete.
#
#  Out of Memory Error (os_linux.cpp:3007), pid=6521, tid=6530
#
# JRE version: OpenJDK Runtime Environment (11.0.14+9) (build 11.0.14+9-Ubuntu-0ubuntu2.16.04)
# Java VM: OpenJDK 64-Bit Server VM (11.0.14+9-Ubuntu-0ubuntu2.16.04, mixed mode, sharing, tiered, compressed oops, parallel gc, linux-amd64)
# Core dump will be written. Default location: Core dumps may be processed with "/usr/share/apport/apport %p %s %c %d %P %E" (or dumping to /home/avril/SA-2022/HW07/aw07-August0830/pos-order/core.6521)
#

---------------  S U M M A R Y ------------

Command Line: --add-modules=ALL-SYSTEM --add-opens=java.base/java.util=ALL-UNNAMED --add-opens=java.base/java.lang=ALL-UNNAMED -Declipse.application=org.eclipse.jdt.ls.core.id1 -Dosgi.bundles.defaultStartLevel=4 -Declipse.product=org.eclipse.jdt.ls.core.product -Djava.import.generatesMetadataFilesAtProjectRoot=false -Dfile.encoding=utf8 -XX:+UseParallelGC -XX:GCTimeRatio=4 -XX:AdaptiveSizePolicyWeight=90 -Dsun.zip.disableMemoryMapping=true -Xmx1G -Xms100m -XX:+HeapDumpOnOutOfMemoryError -XX:HeapDumpPath=/home/avril/.config/Code/User/workspaceStorage/619656ee03035ebf821f5dc3027b01c7/redhat.java -Xverify:none /home/avril/.vscode/extensions/redhat.java-1.1.0/server/plugins/org.eclipse.equinox.launcher_1.6.400.v20210924-0641.jar -configuration /home/avril/.config/Code/User/globalStorage/redhat.java/1.1.0/config_linux -data /home/avril/.config/Code/User/workspaceStorage/619656ee03035ebf821f5dc3027b01c7/redhat.java/jdt_ws

Host: Intel(R) Core(TM) i5-6200U CPU @ 2.30GHz, 2 cores, 1G, Ubuntu 16.04.3 LTS
Time: Mon May 16 11:50:58 2022 CST elapsed time: 56.623254 seconds (0d 0h 0m 56s)

---------------  T H R E A D  ---------------

Current thread (0x00007febf412b800):  VMThread "VM Thread" [stack: 0x00007febd7576000,0x00007febd7676000] [id=6530]

Stack: [0x00007febd7576000,0x00007febd7676000],  sp=0x00007febd7673d60,  free space=1015k
Native frames: (J=compiled Java code, A=aot compiled Java code, j=interpreted, Vv=VM code, C=native code)
V  [libjvm.so+0xe2aa76]
V  [libjvm.so+0xe2b9eb]
V  [libjvm.so+0x6554c5]
V  [libjvm.so+0xb86eaa]
V  [libjvm.so+0xb7d2af]
V  [libjvm.so+0xc11d9e]
V  [libjvm.so+0xbfbf9c]
V  [libjvm.so+0xbfc1d0]
V  [libjvm.so+0xbfc89e]
V  [libjvm.so+0xc0858b]
V  [libjvm.so+0xc105d5]
V  [libjvm.so+0xbafe09]
V  [libjvm.so+0xe2ded5]
V  [libjvm.so+0xe2d408]
V  [libjvm.so+0xe33417]
V  [libjvm.so+0xe33aa8]
V  [libjvm.so+0xe33db3]
V  [libjvm.so+0xdc5ae9]
V  [libjvm.so+0xb8b8ce]

VM_Operation (0x00007febd509d820): ParallelGCFailedAllocation, mode: safepoint, requested by thread 0x000055e28f22e000


---------------  P R O C E S S  ---------------

Threads class SMR info:
_java_thread_list=0x00007febc84e23b0, length=30, elements={
0x00007febf4028000, 0x00007febf412e800, 0x00007febf4130800, 0x00007febf413b000,
0x00007febf413d000, 0x00007febf413f000, 0x00007febf4141000, 0x00007febf4143000,
0x00007febf4163800, 0x00007febf425e000, 0x00007febf4373000, 0x00007febf4305000,
0x00007febf4308000, 0x000055e28edfb000, 0x000055e28effc800, 0x000055e28f077000,
0x00007febb4001800, 0x000055e28f22e000, 0x00007febb400e800, 0x00007febf42f3000,
0x00007febf4451000, 0x00007febb83c9000, 0x00007febcc009800, 0x00007febcc00f800,
0x00007febc8255800, 0x00007febc84d9800, 0x00007febc84db000, 0x00007febc84dd000,
0x00007febc84df000, 0x00007febc84e0800
}

Java Threads: ( => current thread )
  0x00007febf4028000 JavaThread "main" [_thread_blocked, id=6528, stack(0x00007febfdfaf000,0x00007febfe0b0000)]
  0x00007febf412e800 JavaThread "Reference Handler" daemon [_thread_blocked, id=6531, stack(0x00007febd7474000,0x00007febd7575000)]
  0x00007febf4130800 JavaThread "Finalizer" daemon [_thread_blocked, id=6532, stack(0x00007febd7373000,0x00007febd7474000)]
  0x00007febf413b000 JavaThread "Signal Dispatcher" daemon [_thread_blocked, id=6533, stack(0x00007febd6de7000,0x00007febd6ee8000)]
  0x00007febf413d000 JavaThread "Service Thread" daemon [_thread_blocked, id=6534, stack(0x00007febd6ce6000,0x00007febd6de7000)]
  0x00007febf413f000 JavaThread "C2 CompilerThread0" daemon [_thread_blocked, id=6535, stack(0x00007febd6be5000,0x00007febd6ce6000)]
  0x00007febf4141000 JavaThread "C1 CompilerThread0" daemon [_thread_blocked, id=6536, stack(0x00007febd6ae4000,0x00007febd6be5000)]
  0x00007febf4143000 JavaThread "Sweeper thread" daemon [_thread_blocked, id=6537, stack(0x00007febd69e3000,0x00007febd6ae4000)]
  0x00007febf4163800 JavaThread "Common-Cleaner" daemon [_thread_blocked, id=6538, stack(0x00007febd68e2000,0x00007febd69e3000)]
  0x00007febf425e000 JavaThread "process reaper" daemon [_thread_blocked, id=6542, stack(0x00007febfdef6000,0x00007febfdf18000)]
  0x00007febf4373000 JavaThread "Active Thread: Equinox Container: 892300fd-75c7-44d5-bd46-fc73502decf7" [_thread_blocked, id=6543, stack(0x00007febd62b9000,0x00007febd63ba000)]
  0x00007febf4305000 JavaThread "Framework Event Dispatcher: Equinox Container: 892300fd-75c7-44d5-bd46-fc73502decf7" daemon [_thread_blocked, id=6544, stack(0x00007febd61b8000,0x00007febd62b9000)]
  0x00007febf4308000 JavaThread "Start Level: Equinox Container: 892300fd-75c7-44d5-bd46-fc73502decf7" daemon [_thread_blocked, id=6545, stack(0x00007febd60b7000,0x00007febd61b8000)]
  0x000055e28edfb000 JavaThread "SCR Component Actor" daemon [_thread_blocked, id=6547, stack(0x00007febd5ca4000,0x00007febd5da5000)]
  0x000055e28effc800 JavaThread "Worker-JM" [_thread_blocked, id=6549, stack(0x00007febd56a2000,0x00007febd57a3000)]
  0x000055e28f077000 JavaThread "Worker-0" [_thread_blocked, id=6550, stack(0x00007febd53a1000,0x00007febd54a2000)]
  0x00007febb4001800 JavaThread "Worker-1: Updating Maven Dependencies" [_thread_blocked, id=6551, stack(0x00007febd52a0000,0x00007febd53a1000)]
  0x000055e28f22e000 JavaThread "Java indexing" daemon [_thread_blocked, id=6552, stack(0x00007febd4f9f000,0x00007febd50a0000)]
  0x00007febb400e800 JavaThread "Worker-2" [_thread_blocked, id=6554, stack(0x00007febd59a3000,0x00007febd5aa4000)]
  0x00007febf42f3000 JavaThread "pool-3-thread-1" [_thread_blocked, id=6555, stack(0x00007febd489e000,0x00007febd499f000)]
  0x00007febf4451000 JavaThread "pool-2-thread-1" [_thread_blocked, id=6556, stack(0x00007febd459d000,0x00007febd469e000)]
  0x00007febb83c9000 JavaThread "Worker-3: Java indexing... " [_thread_blocked, id=6557, stack(0x00007febd4007000,0x00007febd4108000)]
  0x00007febcc009800 JavaThread "Worker-4: Initialize Workspace" [_thread_blocked, id=6558, stack(0x00007febd41e6000,0x00007febd42e7000)]
  0x00007febcc00f800 JavaThread "Worker-5" [_thread_blocked, id=6559, stack(0x00007feb9733c000,0x00007feb9743d000)]
  0x00007febc8255800 JavaThread "Bundle File Closer" daemon [_thread_blocked, id=6560, stack(0x00007feb9723b000,0x00007feb9733c000)]
  0x00007febc84d9800 JavaThread "AetherRepositoryConnector-repo.maven.apache.org-0-0" daemon [_thread_blocked, id=6561, stack(0x00007feb964e1000,0x00007feb965e2000)]
  0x00007febc84db000 JavaThread "AetherRepositoryConnector-repo.maven.apache.org-0-1" daemon [_thread_blocked, id=6562, stack(0x00007feb963e0000,0x00007feb964e1000)]
  0x00007febc84dd000 JavaThread "AetherRepositoryConnector-repo.maven.apache.org-0-2" daemon [_thread_blocked, id=6563, stack(0x00007feb962df000,0x00007feb963e0000)]
  0x00007febc84df000 JavaThread "AetherRepositoryConnector-repo.maven.apache.org-0-3" daemon [_thread_blocked, id=6564, stack(0x00007feb961de000,0x00007feb962df000)]
  0x00007febc84e0800 JavaThread "AetherRepositoryConnector-repo.maven.apache.org-0-4" daemon [_thread_blocked, id=6565, stack(0x00007feb960dd000,0x00007feb961de000)]

Other Threads:
=>0x00007febf412b800 VMThread "VM Thread" [stack: 0x00007febd7576000,0x00007febd7676000] [id=6530]
  0x00007febf41af000 WatcherThread [stack: 0x00007febd67e2000,0x00007febd68e2000] [id=6539]
  0x00007febf4040000 GCTaskThread "ParGC Thread#0" [stack: 0x00007febfa237000,0x00007febfa337000] [id=6529]
  0x00007febd0001000 GCTaskThread "ParGC Thread#1" [stack: 0x00007febd5da6000,0x00007febd5ea6000] [id=6546]

Threads with active compile tasks:
C2 CompilerThread0  56634 6708   !   4       org.eclipse.jdt.internal.core.search.indexing.BinaryIndexer::indexDocument (1144 bytes)

VM state:at safepoint (normal execution)

VM Mutex/Monitor currently owned by a thread:  ([mutex/lock_event])
[0x00007febf40237c0] ExpandHeap_lock - owner thread: 0x00007febf412b800
[0x00007febf4023f10] Threads_lock - owner thread: 0x00007febf412b800
[0x00007febf40246f0] Heap_lock - owner thread: 0x000055e28f22e000

Heap address: 0x00000000c0000000, size: 1024 MB, Compressed Oops mode: 32-bit
Narrow klass base: 0x0000000800000000, Narrow klass shift: 3
Compressed class space size: 1073741824 Address: 0x0000000840000000

Heap:
 PSYoungGen      total 19456K, used 708K [0x00000000eab00000, 0x00000000ec880000, 0x0000000100000000)
  eden space 13312K, 0% used [0x00000000eab00000,0x00000000eab00000,0x00000000eb800000)
  from space 6144K, 11% used [0x00000000eb800000,0x00000000eb8b1050,0x00000000ebe00000)
  to   space 7680K, 0% used [0x00000000ec100000,0x00000000ec100000,0x00000000ec880000)
 ParOldGen       total 212992K, used 212756K [0x00000000c0000000, 0x00000000cd000000, 0x00000000eab00000)
  object space 212992K, 99% used [0x00000000c0000000,0x00000000ccfc5230,0x00000000cd000000)
 Metaspace       used 43567K, capacity 46193K, committed 46512K, reserved 1091584K
  class space    used 4434K, capacity 5344K, committed 5376K, reserved 1048576K

Card table byte_map: [0x00007febfa48d000,0x00007febfa68e000] _byte_map_base: 0x00007febf9e8d000

Marking Bits: (ParMarkBitMap*) 0x00007febfd26eda0
 Begin Bits: [0x00007febf8236000, 0x00007febf9236000)
 End Bits:   [0x00007febf9236000, 0x00007febfa236000)

Polling page: 0x00007febfe0ce000

Metaspace:

Usage:
  Non-class:     39.89 MB capacity,    38.22 MB ( 96%) used,     1.58 MB (  4%) free+waste,   100.38 KB ( <1%) overhead. 
      Class:      5.22 MB capacity,     4.33 MB ( 83%) used,   859.88 KB ( 16%) free+waste,    49.19 KB ( <1%) overhead. 
       Both:     45.11 MB capacity,    42.55 MB ( 94%) used,     2.42 MB (  5%) free+waste,   149.56 KB ( <1%) overhead. 

Virtual space:
  Non-class space:       42.00 MB reserved,      40.17 MB ( 96%) committed 
      Class space:        1.00 GB reserved,       5.25 MB ( <1%) committed 
             Both:        1.04 GB reserved,      45.42 MB (  4%) committed 

Chunk freelists:
   Non-Class:  139.00 KB
       Class:  0 bytes
        Both:  139.00 KB

MaxMetaspaceSize: unlimited
CompressedClassSpaceSize: 1.00 GB
Initial GC threshold: 20.80 MB
Current GC threshold: 71.12 MB
CDS: on

CodeHeap 'non-profiled nmethods': size=120036Kb used=2184Kb max_used=2184Kb free=117851Kb
 bounds [0x00007febe4304000, 0x00007febe4574000, 0x00007febeb83d000]
CodeHeap 'profiled nmethods': size=120032Kb used=13873Kb max_used=13873Kb free=106158Kb
 bounds [0x00007febdcdcc000, 0x00007febddb5c000, 0x00007febe4304000]
CodeHeap 'non-nmethods': size=5692Kb used=1299Kb max_used=1335Kb free=4393Kb
 bounds [0x00007febdc83d000, 0x00007febdcaad000, 0x00007febdcdcc000]
 total_blobs=7122 nmethods=6522 adapters=515
 compilation: enabled
              stopped_count=0, restarted_count=0
 full_count=0

Compilation events (20 events):
Event: 46.651 Thread 0x00007febf413f000 nmethod 6466 0x00007febe4522510 code [0x00007febe4522700, 0x00007febe4523498]
Event: 46.661 Thread 0x00007febf413f000 6684       4       org.eclipse.jdt.internal.compiler.util.HashtableOfObject::putUnsafely (78 bytes)
Event: 46.759 Thread 0x00007febf4141000 6706       3       java.nio.file.Files::read (130 bytes)
Event: 46.786 Thread 0x00007febf4141000 nmethod 6706 0x00007febddb50990 code [0x00007febddb50c00, 0x00007febddb519c0]
Event: 46.787 Thread 0x00007febf413f000 nmethod 6684 0x00007febe4523b90 code [0x00007febe4523d40, 0x00007febe45240b8]
Event: 46.792 Thread 0x00007febf413f000 6705       4       org.eclipse.jdt.internal.core.search.indexing.BinaryIndexer::replace (39 bytes)
Event: 47.279 Thread 0x00007febf413f000 nmethod 6705 0x00007febe4524390 code [0x00007febe4524520, 0x00007febe45246f8]
Event: 47.387 Thread 0x00007febf413f000 6193 % !   4       java.util.concurrent.ConcurrentHashMap::transfer @ 96 (828 bytes)
Event: 47.724 Thread 0x00007febf4141000 6707       3       org.eclipse.jdt.internal.core.search.matching.TypeDeclarationPattern::createIndexKey (300 bytes)
Event: 47.975 Thread 0x00007febf4141000 nmethod 6707 0x00007febddb51d90 code [0x00007febddb51fc0, 0x00007febddb529e0]
Event: 48.032 Thread 0x00007febf4141000 6710       2       java.util.zip.Inflater$InflaterZStreamRef::<init> (30 bytes)
Event: 48.078 Thread 0x00007febf4141000 nmethod 6710 0x00007febddb52e10 code [0x00007febddb52fe0, 0x00007febddb532f0]
Event: 48.101 Thread 0x00007febf4141000 6711       2       jdk.internal.jrtfs.JrtFileSystem::newByteChannel (44 bytes)
Event: 48.271 Thread 0x00007febf4141000 nmethod 6711 0x00007febddb53490 code [0x00007febddb53680, 0x00007febddb53c20]
Event: 48.598 Thread 0x00007febf4141000 6715   !   2       java.text.MessageFormat::makeFormat (654 bytes)
Event: 48.803 Thread 0x00007febf413f000 nmethod 6193% 0x00007febe4524c10 code [0x00007febe4524de0, 0x00007febe4525af8]
Event: 48.865 Thread 0x00007febf413f000 6708   !   4       org.eclipse.jdt.internal.core.search.indexing.BinaryIndexer::indexDocument (1144 bytes)
Event: 50.802 Thread 0x00007febf4141000 nmethod 6715 0x00007febddb53e90 code [0x00007febddb543c0, 0x00007febddb563e0]
Event: 51.549 Thread 0x00007febf4141000 6716       3       org.eclipse.jdt.internal.compiler.util.Util::isClassFileName (82 bytes)
Event: 52.617 Thread 0x00007febf4141000 nmethod 6716 0x00007febddb57710 code [0x00007febddb57960, 0x00007febddb582f0]

GC Heap History (20 events):
Event: 43.474 GC heap after
{Heap after GC invocations=74 (full 5):
 PSYoungGen      total 25088K, used 9208K [0x00000000eab00000, 0x00000000ed180000, 0x0000000100000000)
  eden space 15872K, 0% used [0x00000000eab00000,0x00000000eab00000,0x00000000eba80000)
  from space 9216K, 99% used [0x00000000ec500000,0x00000000ecdfe120,0x00000000ece00000)
  to   space 10752K, 0% used [0x00000000eba80000,0x00000000eba80000,0x00000000ec500000)
 ParOldGen       total 212992K, used 177143K [0x00000000c0000000, 0x00000000cd000000, 0x00000000eab00000)
  object space 212992K, 83% used [0x00000000c0000000,0x00000000cacfde38,0x00000000cd000000)
 Metaspace       used 42740K, capacity 45358K, committed 45744K, reserved 1089536K
  class space    used 4354K, capacity 5279K, committed 5376K, reserved 1048576K
}
Event: 43.719 GC heap before
{Heap before GC invocations=75 (full 5):
 PSYoungGen      total 25088K, used 25080K [0x00000000eab00000, 0x00000000ed180000, 0x0000000100000000)
  eden space 15872K, 100% used [0x00000000eab00000,0x00000000eba80000,0x00000000eba80000)
  from space 9216K, 99% used [0x00000000ec500000,0x00000000ecdfe120,0x00000000ece00000)
  to   space 10752K, 0% used [0x00000000eba80000,0x00000000eba80000,0x00000000ec500000)
 ParOldGen       total 212992K, used 177143K [0x00000000c0000000, 0x00000000cd000000, 0x00000000eab00000)
  object space 212992K, 83% used [0x00000000c0000000,0x00000000cacfde38,0x00000000cd000000)
 Metaspace       used 42753K, capacity 45422K, committed 45744K, reserved 1089536K
  class space    used 4355K, capacity 5279K, committed 5376K, reserved 1048576K
}
Event: 43.849 GC heap after
{Heap after GC invocations=75 (full 5):
 PSYoungGen      total 23040K, used 6732K [0x00000000eab00000, 0x00000000ecc80000, 0x0000000100000000)
  eden space 15872K, 0% used [0x00000000eab00000,0x00000000eab00000,0x00000000eba80000)
  from space 7168K, 93% used [0x00000000eba80000,0x00000000ec1132a0,0x00000000ec180000)
  to   space 8192K, 0% used [0x00000000ec480000,0x00000000ec480000,0x00000000ecc80000)
 ParOldGen       total 212992K, used 183197K [0x00000000c0000000, 0x00000000cd000000, 0x00000000eab00000)
  object space 212992K, 86% used [0x00000000c0000000,0x00000000cb2e74c8,0x00000000cd000000)
 Metaspace       used 42753K, capacity 45422K, committed 45744K, reserved 1089536K
  class space    used 4355K, capacity 5279K, committed 5376K, reserved 1048576K
}
Event: 44.320 GC heap before
{Heap before GC invocations=76 (full 5):
 PSYoungGen      total 23040K, used 22604K [0x00000000eab00000, 0x00000000ecc80000, 0x0000000100000000)
  eden space 15872K, 100% used [0x00000000eab00000,0x00000000eba80000,0x00000000eba80000)
  from space 7168K, 93% used [0x00000000eba80000,0x00000000ec1132a0,0x00000000ec180000)
  to   space 8192K, 0% used [0x00000000ec480000,0x00000000ec480000,0x00000000ecc80000)
 ParOldGen       total 212992K, used 183197K [0x00000000c0000000, 0x00000000cd000000, 0x00000000eab00000)
  object space 212992K, 86% used [0x00000000c0000000,0x00000000cb2e74c8,0x00000000cd000000)
 Metaspace       used 42876K, capacity 45486K, committed 45744K, reserved 1089536K
  class space    used 4365K, capacity 5279K, committed 5376K, reserved 1048576K
}
Event: 44.416 GC heap after
{Heap after GC invocations=76 (full 5):
 PSYoungGen      total 23552K, used 8184K [0x00000000eab00000, 0x00000000ed180000, 0x0000000100000000)
  eden space 15360K, 0% used [0x00000000eab00000,0x00000000eab00000,0x00000000eba00000)
  from space 8192K, 99% used [0x00000000ec480000,0x00000000ecc7e398,0x00000000ecc80000)
  to   space 10752K, 0% used [0x00000000eba00000,0x00000000eba00000,0x00000000ec480000)
 ParOldGen       total 212992K, used 184965K [0x00000000c0000000, 0x00000000cd000000, 0x00000000eab00000)
  object space 212992K, 86% used [0x00000000c0000000,0x00000000cb4a1690,0x00000000cd000000)
 Metaspace       used 42876K, capacity 45486K, committed 45744K, reserved 1089536K
  class space    used 4365K, capacity 5279K, committed 5376K, reserved 1048576K
}
Event: 44.971 GC heap before
{Heap before GC invocations=77 (full 5):
 PSYoungGen      total 23552K, used 23544K [0x00000000eab00000, 0x00000000ed180000, 0x0000000100000000)
  eden space 15360K, 100% used [0x00000000eab00000,0x00000000eba00000,0x00000000eba00000)
  from space 8192K, 99% used [0x00000000ec480000,0x00000000ecc7e398,0x00000000ecc80000)
  to   space 10752K, 0% used [0x00000000eba00000,0x00000000eba00000,0x00000000ec480000)
 ParOldGen       total 212992K, used 184965K [0x00000000c0000000, 0x00000000cd000000, 0x00000000eab00000)
  object space 212992K, 86% used [0x00000000c0000000,0x00000000cb4a1690,0x00000000cd000000)
 Metaspace       used 42935K, capacity 45582K, committed 45744K, reserved 1089536K
  class space    used 4373K, capacity 5311K, committed 5376K, reserved 1048576K
}
Event: 45.151 GC heap after
{Heap after GC invocations=77 (full 5):
 PSYoungGen      total 22016K, used 6152K [0x00000000eab00000, 0x00000000eca80000, 0x0000000100000000)
  eden space 15360K, 0% used [0x00000000eab00000,0x00000000eab00000,0x00000000eba00000)
  from space 6656K, 92% used [0x00000000eba00000,0x00000000ec002148,0x00000000ec080000)
  to   space 7680K, 0% used [0x00000000ec300000,0x00000000ec300000,0x00000000eca80000)
 ParOldGen       total 212992K, used 190471K [0x00000000c0000000, 0x00000000cd000000, 0x00000000eab00000)
  object space 212992K, 89% used [0x00000000c0000000,0x00000000cba01de8,0x00000000cd000000)
 Metaspace       used 42935K, capacity 45582K, committed 45744K, reserved 1089536K
  class space    used 4373K, capacity 5311K, committed 5376K, reserved 1048576K
}
Event: 45.387 GC heap before
{Heap before GC invocations=78 (full 5):
 PSYoungGen      total 22016K, used 21512K [0x00000000eab00000, 0x00000000eca80000, 0x0000000100000000)
  eden space 15360K, 100% used [0x00000000eab00000,0x00000000eba00000,0x00000000eba00000)
  from space 6656K, 92% used [0x00000000eba00000,0x00000000ec002148,0x00000000ec080000)
  to   space 7680K, 0% used [0x00000000ec300000,0x00000000ec300000,0x00000000eca80000)
 ParOldGen       total 212992K, used 190471K [0x00000000c0000000, 0x00000000cd000000, 0x00000000eab00000)
  object space 212992K, 89% used [0x00000000c0000000,0x00000000cba01de8,0x00000000cd000000)
 Metaspace       used 42935K, capacity 45582K, committed 45744K, reserved 1089536K
  class space    used 4373K, capacity 5311K, committed 5376K, reserved 1048576K
}
Event: 45.443 GC heap after
{Heap after GC invocations=78 (full 5):
 PSYoungGen      total 24576K, used 7012K [0x00000000eab00000, 0x00000000eca80000, 0x0000000100000000)
  eden space 16896K, 0% used [0x00000000eab00000,0x00000000eab00000,0x00000000ebb80000)
  from space 7680K, 91% used [0x00000000ec300000,0x00000000ec9d9150,0x00000000eca80000)
  to   space 7680K, 0% used [0x00000000ebb80000,0x00000000ebb80000,0x00000000ec300000)
 ParOldGen       total 212992K, used 193204K [0x00000000c0000000, 0x00000000cd000000, 0x00000000eab00000)
  object space 212992K, 90% used [0x00000000c0000000,0x00000000cbcad1e0,0x00000000cd000000)
 Metaspace       used 42935K, capacity 45582K, committed 45744K, reserved 1089536K
  class space    used 4373K, capacity 5311K, committed 5376K, reserved 1048576K
}
Event: 46.225 GC heap before
{Heap before GC invocations=79 (full 5):
 PSYoungGen      total 24576K, used 23908K [0x00000000eab00000, 0x00000000eca80000, 0x0000000100000000)
  eden space 16896K, 100% used [0x00000000eab00000,0x00000000ebb80000,0x00000000ebb80000)
  from space 7680K, 91% used [0x00000000ec300000,0x00000000ec9d9150,0x00000000eca80000)
  to   space 7680K, 0% used [0x00000000ebb80000,0x00000000ebb80000,0x00000000ec300000)
 ParOldGen       total 212992K, used 193204K [0x00000000c0000000, 0x00000000cd000000, 0x00000000eab00000)
  object space 212992K, 90% used [0x00000000c0000000,0x00000000cbcad1e0,0x00000000cd000000)
 Metaspace       used 42940K, capacity 45582K, committed 45744K, reserved 1089536K
  class space    used 4374K, capacity 5311K, committed 5376K, reserved 1048576K
}
Event: 46.252 GC heap after
{Heap after GC invocations=79 (full 5):
 PSYoungGen      total 24576K, used 7462K [0x00000000eab00000, 0x00000000ecc80000, 0x0000000100000000)
  eden space 16896K, 0% used [0x00000000eab00000,0x00000000eab00000,0x00000000ebb80000)
  from space 7680K, 97% used [0x00000000ebb80000,0x00000000ec2c9a58,0x00000000ec300000)
  to   space 7680K, 0% used [0x00000000ec500000,0x00000000ec500000,0x00000000ecc80000)
 ParOldGen       total 212992K, used 196662K [0x00000000c0000000, 0x00000000cd000000, 0x00000000eab00000)
  object space 212992K, 92% used [0x00000000c0000000,0x00000000cc00da70,0x00000000cd000000)
 Metaspace       used 42940K, capacity 45582K, committed 45744K, reserved 1089536K
  class space    used 4374K, capacity 5311K, committed 5376K, reserved 1048576K
}
Event: 46.925 GC heap before
{Heap before GC invocations=80 (full 5):
 PSYoungGen      total 24576K, used 24358K [0x00000000eab00000, 0x00000000ecc80000, 0x0000000100000000)
  eden space 16896K, 100% used [0x00000000eab00000,0x00000000ebb80000,0x00000000ebb80000)
  from space 7680K, 97% used [0x00000000ebb80000,0x00000000ec2c9a58,0x00000000ec300000)
  to   space 7680K, 0% used [0x00000000ec500000,0x00000000ec500000,0x00000000ecc80000)
 ParOldGen       total 212992K, used 196662K [0x00000000c0000000, 0x00000000cd000000, 0x00000000eab00000)
  object space 212992K, 92% used [0x00000000c0000000,0x00000000cc00da70,0x00000000cd000000)
 Metaspace       used 43152K, capacity 45777K, committed 46000K, reserved 1089536K
  class space    used 4395K, capacity 5312K, committed 5376K, reserved 1048576K
}
Event: 47.102 GC heap after
{Heap after GC invocations=80 (full 5):
 PSYoungGen      total 22016K, used 7673K [0x00000000eab00000, 0x00000000ed580000, 0x0000000100000000)
  eden space 14336K, 0% used [0x00000000eab00000,0x00000000eab00000,0x00000000eb900000)
  from space 7680K, 99% used [0x00000000ec500000,0x00000000ecc7e758,0x00000000ecc80000)
  to   space 12288K, 0% used [0x00000000eb900000,0x00000000eb900000,0x00000000ec500000)
 ParOldGen       total 212992K, used 200375K [0x00000000c0000000, 0x00000000cd000000, 0x00000000eab00000)
  object space 212992K, 94% used [0x00000000c0000000,0x00000000cc3adcd0,0x00000000cd000000)
 Metaspace       used 43152K, capacity 45777K, committed 46000K, reserved 1089536K
  class space    used 4395K, capacity 5312K, committed 5376K, reserved 1048576K
}
Event: 48.379 GC heap before
{Heap before GC invocations=81 (full 5):
 PSYoungGen      total 22016K, used 22009K [0x00000000eab00000, 0x00000000ed580000, 0x0000000100000000)
  eden space 14336K, 99% used [0x00000000eab00000,0x00000000eb8fffe0,0x00000000eb900000)
  from space 7680K, 99% used [0x00000000ec500000,0x00000000ecc7e758,0x00000000ecc80000)
  to   space 12288K, 0% used [0x00000000eb900000,0x00000000eb900000,0x00000000ec500000)
 ParOldGen       total 212992K, used 200375K [0x00000000c0000000, 0x00000000cd000000, 0x00000000eab00000)
  object space 212992K, 94% used [0x00000000c0000000,0x00000000cc3adcd0,0x00000000cd000000)
 Metaspace       used 43491K, capacity 46129K, committed 46256K, reserved 1089536K
  class space    used 4429K, capacity 5344K, committed 5376K, reserved 1048576K
}
Event: 48.585 GC heap after
{Heap after GC invocations=81 (full 5):
 PSYoungGen      total 20992K, used 6215K [0x00000000eab00000, 0x00000000eca80000, 0x0000000100000000)
  eden space 14336K, 0% used [0x00000000eab00000,0x00000000eab00000,0x00000000eb900000)
  from space 6656K, 93% used [0x00000000eb900000,0x00000000ebf11de0,0x00000000ebf80000)
  to   space 8192K, 0% used [0x00000000ec280000,0x00000000ec280000,0x00000000eca80000)
 ParOldGen       total 212992K, used 205347K [0x00000000c0000000, 0x00000000cd000000, 0x00000000eab00000)
  object space 212992K, 96% used [0x00000000c0000000,0x00000000cc888f78,0x00000000cd000000)
 Metaspace       used 43491K, capacity 46129K, committed 46256K, reserved 1089536K
  class space    used 4429K, capacity 5344K, committed 5376K, reserved 1048576K
}
Event: 51.127 GC heap before
{Heap before GC invocations=82 (full 5):
 PSYoungGen      total 20992K, used 20551K [0x00000000eab00000, 0x00000000eca80000, 0x0000000100000000)
  eden space 14336K, 100% used [0x00000000eab00000,0x00000000eb900000,0x00000000eb900000)
  from space 6656K, 93% used [0x00000000eb900000,0x00000000ebf11de0,0x00000000ebf80000)
  to   space 8192K, 0% used [0x00000000ec280000,0x00000000ec280000,0x00000000eca80000)
 ParOldGen       total 212992K, used 205347K [0x00000000c0000000, 0x00000000cd000000, 0x00000000eab00000)
  object space 212992K, 96% used [0x00000000c0000000,0x00000000cc888f78,0x00000000cd000000)
 Metaspace       used 43537K, capacity 46193K, committed 46512K, reserved 1091584K
  class space    used 4431K, capacity 5344K, committed 5376K, reserved 1048576K
}
Event: 51.410 GC heap after
{Heap after GC invocations=82 (full 5):
 PSYoungGen      total 21504K, used 8176K [0x00000000eab00000, 0x00000000ecf80000, 0x0000000100000000)
  eden space 13312K, 0% used [0x00000000eab00000,0x00000000eab00000,0x00000000eb800000)
  from space 8192K, 99% used [0x00000000ec280000,0x00000000eca7c248,0x00000000eca80000)
  to   space 10752K, 0% used [0x00000000eb800000,0x00000000eb800000,0x00000000ec280000)
 ParOldGen       total 212992K, used 206800K [0x00000000c0000000, 0x00000000cd000000, 0x00000000eab00000)
  object space 212992K, 97% used [0x00000000c0000000,0x00000000cc9f4278,0x00000000cd000000)
 Metaspace       used 43537K, capacity 46193K, committed 46512K, reserved 1091584K
  class space    used 4431K, capacity 5344K, committed 5376K, reserved 1048576K
}
Event: 52.837 GC heap before
{Heap before GC invocations=83 (full 5):
 PSYoungGen      total 21504K, used 21488K [0x00000000eab00000, 0x00000000ecf80000, 0x0000000100000000)
  eden space 13312K, 100% used [0x00000000eab00000,0x00000000eb800000,0x00000000eb800000)
  from space 8192K, 99% used [0x00000000ec280000,0x00000000eca7c248,0x00000000eca80000)
  to   space 10752K, 0% used [0x00000000eb800000,0x00000000eb800000,0x00000000ec280000)
 ParOldGen       total 212992K, used 206800K [0x00000000c0000000, 0x00000000cd000000, 0x00000000eab00000)
  object space 212992K, 97% used [0x00000000c0000000,0x00000000cc9f4278,0x00000000cd000000)
 Metaspace       used 43567K, capacity 46193K, committed 46512K, reserved 1091584K
  class space    used 4434K, capacity 5344K, committed 5376K, reserved 1048576K
}
Event: 53.322 GC heap after
{Heap after GC invocations=83 (full 5):
 PSYoungGen      total 19456K, used 5920K [0x00000000eab00000, 0x00000000ec880000, 0x0000000100000000)
  eden space 13312K, 0% used [0x00000000eab00000,0x00000000eab00000,0x00000000eb800000)
  from space 6144K, 96% used [0x00000000eb800000,0x00000000ebdc8288,0x00000000ebe00000)
  to   space 7680K, 0% used [0x00000000ec100000,0x00000000ec100000,0x00000000ec880000)
 ParOldGen       total 212992K, used 212214K [0x00000000c0000000, 0x00000000cd000000, 0x00000000eab00000)
  object space 212992K, 99% used [0x00000000c0000000,0x00000000ccf3d838,0x00000000cd000000)
 Metaspace       used 43567K, capacity 46193K, committed 46512K, reserved 1091584K
  class space    used 4434K, capacity 5344K, committed 5376K, reserved 1048576K
}
Event: 53.325 GC heap before
{Heap before GC invocations=84 (full 6):
 PSYoungGen      total 19456K, used 5920K [0x00000000eab00000, 0x00000000ec880000, 0x0000000100000000)
  eden space 13312K, 0% used [0x00000000eab00000,0x00000000eab00000,0x00000000eb800000)
  from space 6144K, 96% used [0x00000000eb800000,0x00000000ebdc8288,0x00000000ebe00000)
  to   space 7680K, 0% used [0x00000000ec100000,0x00000000ec100000,0x00000000ec880000)
 ParOldGen       total 212992K, used 212214K [0x00000000c0000000, 0x00000000cd000000, 0x00000000eab00000)
  object space 212992K, 99% used [0x00000000c0000000,0x00000000ccf3d838,0x00000000cd000000)
 Metaspace       used 43567K, capacity 46193K, committed 46512K, reserved 1091584K
  class space    used 4434K, capacity 5344K, committed 5376K, reserved 1048576K
}

Deoptimization events (20 events):
Event: 42.426 Thread 0x00007febcc009800 Uncommon trap: trap_request=0xffffff4d fr.pc=0x00007febe43174e4 relative=0x0000000000000044
Event: 42.426 Thread 0x00007febcc009800 Uncommon trap: reason=unstable_if action=reinterpret pc=0x00007febe43174e4 method=java.lang.CharacterData.of(I)Ljava/lang/CharacterData; @ 4 c2
Event: 42.426 Thread 0x00007febcc009800 DEOPT PACKING pc=0x00007febe43174e4 sp=0x00007febd42e19f0
Event: 42.426 Thread 0x00007febcc009800 DEOPT UNPACKING pc=0x00007febdc886ea5 sp=0x00007febd42e19a8 mode 2
Event: 43.286 Thread 0x000055e28f22e000 DEOPT PACKING pc=0x00007febdd7e94b4 sp=0x00007febd509dee0
Event: 43.286 Thread 0x000055e28f22e000 DEOPT UNPACKING pc=0x00007febdc88764a sp=0x00007febd509d340 mode 0
Event: 43.295 Thread 0x000055e28f22e000 DEOPT PACKING pc=0x00007febdd4bf27b sp=0x00007febd509e030
Event: 43.295 Thread 0x000055e28f22e000 DEOPT UNPACKING pc=0x00007febdc88764a sp=0x00007febd509d4c0 mode 0
Event: 43.628 Thread 0x000055e28f22e000 DEOPT PACKING pc=0x00007febdd4bf27b sp=0x00007febd509e030
Event: 43.629 Thread 0x000055e28f22e000 DEOPT UNPACKING pc=0x00007febdc88764a sp=0x00007febd509d4c0 mode 0
Event: 44.703 Thread 0x000055e28f22e000 DEOPT PACKING pc=0x00007febdd4bf27b sp=0x00007febd509e030
Event: 44.716 Thread 0x000055e28f22e000 DEOPT UNPACKING pc=0x00007febdc88764a sp=0x00007febd509d4c0 mode 0
Event: 45.237 Thread 0x000055e28f22e000 DEOPT PACKING pc=0x00007febdd4bf27b sp=0x00007febd509e030
Event: 45.239 Thread 0x000055e28f22e000 DEOPT UNPACKING pc=0x00007febdc88764a sp=0x00007febd509d4c0 mode 0
Event: 48.656 Thread 0x000055e28f22e000 Uncommon trap: trap_request=0xffffff4d fr.pc=0x00007febe44227b8 relative=0x0000000000000178
Event: 48.693 Thread 0x000055e28f22e000 Uncommon trap: reason=unstable_if action=reinterpret pc=0x00007febe44227b8 method=org.eclipse.jdt.internal.compiler.util.Util.isClassFileName(Ljava/lang/String;)Z @ 20 c2
Event: 48.703 Thread 0x000055e28f22e000 DEOPT PACKING pc=0x00007febe44227b8 sp=0x00007febd509e3f0
Event: 48.756 Thread 0x000055e28f22e000 DEOPT UNPACKING pc=0x00007febdc886ea5 sp=0x00007febd509e388 mode 2
Event: 51.524 Thread 0x000055e28f22e000 DEOPT PACKING pc=0x00007febdd4bf27b sp=0x00007febd509e030
Event: 51.650 Thread 0x000055e28f22e000 DEOPT UNPACKING pc=0x00007febdc88764a sp=0x00007febd509d4c0 mode 0

Classes redefined (0 events):
No events

Internal exceptions (20 events):
Event: 20.730 Thread 0x00007febcc009800 Exception <a 'sun/nio/fs/UnixException'{0x00000000eb1c6b50}> (0x00000000eb1c6b50) thrown at [src/hotspot/share/prims/jni.cpp, line 616]
Event: 20.731 Thread 0x00007febcc009800 Exception <a 'sun/nio/fs/UnixException'{0x00000000eb1c8760}> (0x00000000eb1c8760) thrown at [src/hotspot/share/prims/jni.cpp, line 616]
Event: 20.748 Thread 0x00007febcc009800 Exception <a 'sun/nio/fs/UnixException'{0x00000000eb1dcd38}> (0x00000000eb1dcd38) thrown at [src/hotspot/share/prims/jni.cpp, line 616]
Event: 20.749 Thread 0x00007febcc009800 Exception <a 'sun/nio/fs/UnixException'{0x00000000eb1e2e40}> (0x00000000eb1e2e40) thrown at [src/hotspot/share/prims/jni.cpp, line 616]
Event: 20.957 Thread 0x00007febcc009800 Exception <a 'sun/nio/fs/UnixException'{0x00000000eb5380c0}> (0x00000000eb5380c0) thrown at [src/hotspot/share/prims/jni.cpp, line 616]
Event: 20.960 Thread 0x00007febcc009800 Exception <a 'sun/nio/fs/UnixException'{0x00000000eb53a420}> (0x00000000eb53a420) thrown at [src/hotspot/share/prims/jni.cpp, line 616]
Event: 20.964 Thread 0x00007febcc009800 Exception <a 'sun/nio/fs/UnixException'{0x00000000eb53c1e0}> (0x00000000eb53c1e0) thrown at [src/hotspot/share/prims/jni.cpp, line 616]
Event: 20.968 Thread 0x00007febcc009800 Exception <a 'sun/nio/fs/UnixException'{0x00000000eb53dfe8}> (0x00000000eb53dfe8) thrown at [src/hotspot/share/prims/jni.cpp, line 616]
Event: 20.970 Thread 0x00007febcc009800 Exception <a 'sun/nio/fs/UnixException'{0x00000000eb541ce0}> (0x00000000eb541ce0) thrown at [src/hotspot/share/prims/jni.cpp, line 616]
Event: 21.016 Thread 0x00007febcc009800 Exception <a 'sun/nio/fs/UnixException'{0x00000000eb7d8568}> (0x00000000eb7d8568) thrown at [src/hotspot/share/prims/jni.cpp, line 616]
Event: 21.284 Thread 0x000055e28f22e000 Implicit null exception at 0x00007febe4442d5f to 0x00007febe4442e5c
Event: 24.399 Thread 0x00007febcc009800 Exception <a 'java/lang/NoSuchMethodError'{0x00000000eb046008}: 'java.lang.Object java.lang.invoke.DirectMethodHandle$Holder.invokeSpecial(java.lang.Object, java.lang.Object, java.lang.Object, java.lang.Object, java.lang.Object, java.lang.Object, java.lang.Object, java.lang.Object, java.lang.Object, java.lang.Object)'> (0x00000000eb046008) thrown at [src/hotspot/share/interpreter/linkResolver.cpp, line 773]
Event: 24.404 Thread 0x00007febcc009800 Exception <a 'java/lang/NoSuchMethodError'{0x00000000eb051c70}: 'java.lang.Object java.lang.invoke.DirectMethodHandle$Holder.invokeSpecial(java.lang.Object, java.lang.Object, java.lang.Object, java.lang.Object, java.lang.Object, java.lang.Object, java.lang.Object, java.lang.Object, java.lang.Object)'> (0x00000000eb051c70) thrown at [src/hotspot/share/interpreter/linkResolver.cpp, line 773]
Event: 24.405 Thread 0x00007febcc009800 Exception <a 'java/lang/NoSuchMethodError'{0x00000000eb055bc0}: 'java.lang.Object java.lang.invoke.Invokers$Holder.linkToTargetMethod(java.lang.Object, java.lang.Object, java.lang.Object, java.lang.Object, java.lang.Object, java.lang.Object, java.lang.Object, java.lang.Object)'> (0x00000000eb055bc0) thrown at [src/hotspot/share/interpreter/linkResolver.cpp, line 773]
Event: 29.044 Thread 0x00007febcc009800 Exception <a 'java/io/FileNotFoundException'{0x00000000eaf7de98}> (0x00000000eaf7de98) thrown at [src/hotspot/share/prims/jni.cpp, line 616]
Event: 41.189 Thread 0x00007febcc009800 Implicit null exception at 0x00007febe4312baf to 0x00007febe4312c2d
Event: 42.772 Thread 0x00007febcc009800 Exception <a 'java/lang/NoSuchMethodError'{0x00000000eaf1e908}: 'java.lang.Object java.lang.invoke.DirectMethodHandle$Holder.invokeStaticInit(java.lang.Object, java.lang.Object, java.lang.Object)'> (0x00000000eaf1e908) thrown at [src/hotspot/share/interpreter/linkResolver.cpp, line 773]
Event: 42.801 Thread 0x00007febcc009800 Exception <a 'java/lang/NoSuchMethodError'{0x00000000eb019fd0}: 'java.lang.Object java.lang.invoke.DirectMethodHandle$Holder.invokeStatic(java.lang.Object, java.lang.Object, int, java.lang.Object)'> (0x00000000eb019fd0) thrown at [src/hotspot/share/interpreter/linkResolver.cpp, line 773]
Event: 42.822 Thread 0x00007febcc009800 Exception <a 'java/lang/NoSuchMethodError'{0x00000000eb020470}: 'java.lang.Object java.lang.invoke.Invokers$Holder.linkToTargetMethod(java.lang.Object, int, java.lang.Object)'> (0x00000000eb020470) thrown at [src/hotspot/share/interpreter/linkResolver.cpp, line 773]
Event: 42.823 Thread 0x00007febcc009800 Exception <a 'java/lang/NoSuchMethodError'{0x00000000eb1f8758}: 'void java.lang.invoke.DirectMethodHandle$Holder.invokeSpecial(java.lang.Object, java.lang.Object)'> (0x00000000eb1f8758) thrown at [src/hotspot/share/interpreter/linkResolver.cpp, line 773]

Events (20 events):
Event: 49.377 loading class sun/security/ssl/ServerHello$T13ServerHelloProducer done
Event: 49.808 loading class sun/security/ssl/ServerHello$T13HelloRetryRequestProducer
Event: 49.836 loading class sun/security/ssl/ServerHello$T13HelloRetryRequestProducer done
Event: 50.774 loading class sun/security/ssl/ServerHello$T13HelloRetryRequestReproducer
Event: 50.794 Executing VM operation: ParallelGCFailedAllocation
Event: 50.981 loading class sun/security/ssl/ServerHello$T13HelloRetryRequestReproducer done
Event: 51.439 Executing VM operation: ParallelGCFailedAllocation done
Event: 51.453 loading class sun/security/ssl/ServerHello$T12ServerHelloConsumer
Event: 51.713 loading class sun/security/ssl/ServerHello$T12ServerHelloConsumer done
Event: 51.737 loading class sun/security/ssl/ServerHello$T13ServerHelloConsumer
Event: 51.762 loading class sun/security/ssl/ServerHello$T13ServerHelloConsumer done
Event: 51.762 loading class sun/security/ssl/ServerHello$T13HelloRetryRequestConsumer
Event: 51.874 loading class sun/security/ssl/ServerHello$T13HelloRetryRequestConsumer done
Event: 51.924 loading class sun/security/ssl/HelloVerifyRequest
Event: 51.940 loading class sun/security/ssl/HelloVerifyRequest done
Event: 51.973 loading class sun/security/ssl/HelloVerifyRequest$HelloVerifyRequestConsumer
Event: 52.047 loading class sun/security/ssl/HelloVerifyRequest$HelloVerifyRequestConsumer done
Event: 52.472 loading class sun/security/ssl/HelloVerifyRequest$HelloVerifyRequestProducer
Event: 52.621 loading class sun/security/ssl/HelloVerifyRequest$HelloVerifyRequestProducer done
Event: 52.655 Executing VM operation: ParallelGCFailedAllocation


Dynamic libraries:
c0000000-cd000000 rw-p 00000000 00:00 0 
d2080000-eab00000 ---p 00000000 00:00 0 
eab00000-ec880000 rw-p 00000000 00:00 0 
ec880000-100000000 ---p 00000000 00:00 0 
800000000-800002000 rwxp 00001000 08:01 2995                             /usr/lib/jvm/java-11-openjdk-amd64/lib/server/classes.jsa
800002000-8003cb000 rw-p 00003000 08:01 2995                             /usr/lib/jvm/java-11-openjdk-amd64/lib/server/classes.jsa
8003cb000-800a99000 r--p 003cc000 08:01 2995                             /usr/lib/jvm/java-11-openjdk-amd64/lib/server/classes.jsa
800a99000-800a9a000 rw-p 00a9a000 08:01 2995                             /usr/lib/jvm/java-11-openjdk-amd64/lib/server/classes.jsa
800a9a000-8010ac000 r--p 00a9b000 08:01 2995                             /usr/lib/jvm/java-11-openjdk-amd64/lib/server/classes.jsa
840000000-840540000 rw-p 00000000 00:00 0 
840540000-880000000 ---p 00000000 00:00 0 
55e28d317000-55e28d318000 r-xp 00000000 08:01 2808                       /usr/lib/jvm/java-11-openjdk-amd64/bin/java
55e28d518000-55e28d519000 r--p 00001000 08:01 2808                       /usr/lib/jvm/java-11-openjdk-amd64/bin/java
55e28d519000-55e28d51a000 rw-p 00002000 08:01 2808                       /usr/lib/jvm/java-11-openjdk-amd64/bin/java
55e28edb8000-55e28f5de000 rw-p 00000000 00:00 0                          [heap]
7feb956b5000-7feb956f5000 rw-p 00000000 00:00 0 
7feb956f5000-7feb958b5000 ---p 00000000 00:00 0 
7feb958b5000-7feb958b7000 r-xp 00000000 08:01 2771                       /usr/lib/jvm/java-11-openjdk-amd64/lib/libextnet.so
7feb958b7000-7feb95ab6000 ---p 00002000 08:01 2771                       /usr/lib/jvm/java-11-openjdk-amd64/lib/libextnet.so
7feb95ab6000-7feb95ab7000 r--p 00001000 08:01 2771                       /usr/lib/jvm/java-11-openjdk-amd64/lib/libextnet.so
7feb95ab7000-7feb95ab8000 rw-p 00002000 08:01 2771                       /usr/lib/jvm/java-11-openjdk-amd64/lib/libextnet.so
7feb95ab8000-7feb95acf000 r-xp 00000000 08:01 683075                     /lib/x86_64-linux-gnu/libresolv-2.23.so
7feb95acf000-7feb95ccf000 ---p 00017000 08:01 683075                     /lib/x86_64-linux-gnu/libresolv-2.23.so
7feb95ccf000-7feb95cd0000 r--p 00017000 08:01 683075                     /lib/x86_64-linux-gnu/libresolv-2.23.so
7feb95cd0000-7feb95cd1000 rw-p 00018000 08:01 683075                     /lib/x86_64-linux-gnu/libresolv-2.23.so
7feb95cd1000-7feb95cd3000 rw-p 00000000 00:00 0 
7feb95cd3000-7feb95cd8000 r-xp 00000000 08:01 683062                     /lib/x86_64-linux-gnu/libnss_dns-2.23.so
7feb95cd8000-7feb95ed8000 ---p 00005000 08:01 683062                     /lib/x86_64-linux-gnu/libnss_dns-2.23.so
7feb95ed8000-7feb95ed9000 r--p 00005000 08:01 683062                     /lib/x86_64-linux-gnu/libnss_dns-2.23.so
7feb95ed9000-7feb95eda000 rw-p 00006000 08:01 683062                     /lib/x86_64-linux-gnu/libnss_dns-2.23.so
7feb95eda000-7feb95edc000 r-xp 00000000 08:01 661216                     /lib/x86_64-linux-gnu/libnss_mdns4_minimal.so.2
7feb95edc000-7feb960db000 ---p 00002000 08:01 661216                     /lib/x86_64-linux-gnu/libnss_mdns4_minimal.so.2
7feb960db000-7feb960dc000 r--p 00001000 08:01 661216                     /lib/x86_64-linux-gnu/libnss_mdns4_minimal.so.2
7feb960dc000-7feb960dd000 rw-p 00002000 08:01 661216                     /lib/x86_64-linux-gnu/libnss_mdns4_minimal.so.2
7feb960dd000-7feb960e1000 ---p 00000000 00:00 0 
7feb960e1000-7feb961de000 rw-p 00000000 00:00 0 
7feb961de000-7feb961e2000 ---p 00000000 00:00 0 
7feb961e2000-7feb962df000 rw-p 00000000 00:00 0 
7feb962df000-7feb962e3000 ---p 00000000 00:00 0 
7feb962e3000-7feb963e0000 rw-p 00000000 00:00 0 
7feb963e0000-7feb963e4000 ---p 00000000 00:00 0 
7feb963e4000-7feb964e1000 rw-p 00000000 00:00 0 
7feb964e1000-7feb964e5000 ---p 00000000 00:00 0 
7feb964e5000-7feb967e2000 rw-p 00000000 00:00 0 
7feb967e2000-7feb96822000 r-xp 00000000 08:01 2787                       /usr/lib/jvm/java-11-openjdk-amd64/lib/libsunec.so
7feb96822000-7feb96a22000 ---p 00040000 08:01 2787                       /usr/lib/jvm/java-11-openjdk-amd64/lib/libsunec.so
7feb96a22000-7feb96a27000 r--p 00040000 08:01 2787                       /usr/lib/jvm/java-11-openjdk-amd64/lib/libsunec.so
7feb96a27000-7feb96a29000 rw-p 00045000 08:01 2787                       /usr/lib/jvm/java-11-openjdk-amd64/lib/libsunec.so
7feb96a29000-7feb96c29000 rw-p 00000000 00:00 0 
7feb96c29000-7feb96e29000 rw-p 00000000 00:00 0 
7feb96e29000-7feb97029000 rw-p 00000000 00:00 0 
7feb97029000-7feb97229000 rw-p 00000000 00:00 0 
7feb9723b000-7feb9723f000 ---p 00000000 00:00 0 
7feb9723f000-7feb9733c000 rw-p 00000000 00:00 0 
7feb9733c000-7feb97340000 ---p 00000000 00:00 0 
7feb97340000-7feb9763d000 rw-p 00000000 00:00 0 
7feb9763d000-7feb9fe00000 r--s 00000000 08:01 2757                       /usr/lib/jvm/java-11-openjdk-amd64/lib/modules
7feb9fe00000-7feba0000000 rw-p 00000000 00:00 0 
7feba0000000-7feba0021000 rw-p 00000000 00:00 0 
7feba0021000-7feba4000000 ---p 00000000 00:00 0 
7feba4000000-7feba4047000 rw-p 00000000 00:00 0 
7feba4047000-7feba8000000 ---p 00000000 00:00 0 
7feba8000000-7feba8021000 rw-p 00000000 00:00 0 
7feba8021000-7febac000000 ---p 00000000 00:00 0 
7febac000000-7febac038000 rw-p 00000000 00:00 0 
7febac038000-7febb0000000 ---p 00000000 00:00 0 
7febb0000000-7febb03f6000 rw-p 00000000 00:00 0 
7febb03f6000-7febb4000000 ---p 00000000 00:00 0 
7febb4000000-7febb4043000 rw-p 00000000 00:00 0 
7febb4043000-7febb8000000 ---p 00000000 00:00 0 
7febb8000000-7febb9c2d000 rw-p 00000000 00:00 0 
7febb9c2d000-7febbc000000 ---p 00000000 00:00 0 
7febbc000000-7febbcc9e000 rw-p 00000000 00:00 0 
7febbcc9e000-7febc0000000 ---p 00000000 00:00 0 
7febc0000000-7febc00ca000 rw-p 00000000 00:00 0 
7febc00ca000-7febc4000000 ---p 00000000 00:00 0 
7febc4000000-7febc4021000 rw-p 00000000 00:00 0 
7febc4021000-7febc8000000 ---p 00000000 00:00 0 
7febc8000000-7febc84e5000 rw-p 00000000 00:00 0 
7febc84e5000-7febcc000000 ---p 00000000 00:00 0 
7febcc000000-7febcc021000 rw-p 00000000 00:00 0 
7febcc021000-7febd0000000 ---p 00000000 00:00 0 
7febd0000000-7febd0078000 rw-p 00000000 00:00 0 
7febd0078000-7febd4000000 ---p 00000000 00:00 0 
7febd4007000-7febd400b000 ---p 00000000 00:00 0 
7febd400b000-7febd4108000 rw-p 00000000 00:00 0 
7febd41e6000-7febd41ea000 ---p 00000000 00:00 0 
7febd41ea000-7febd44e7000 rw-p 00000000 00:00 0 
7febd459d000-7febd45a1000 ---p 00000000 00:00 0 
7febd45a1000-7febd489e000 rw-p 00000000 00:00 0 
7febd489e000-7febd48a2000 ---p 00000000 00:00 0 
7febd48a2000-7febd4b9f000 rw-p 00000000 00:00 0 
7febd4b9f000-7febd4d8b000 rw-p 00000000 00:00 0 
7febd4d8b000-7febd4d9f000 ---p 00000000 00:00 0 
7febd4d9f000-7febd4f9f000 rw-p 00000000 00:00 0 
7febd4f9f000-7febd4fa3000 ---p 00000000 00:00 0 
7febd4fa3000-7febd52a0000 rw-p 00000000 00:00 0 
7febd52a0000-7febd52a4000 ---p 00000000 00:00 0 
7febd52a4000-7febd53a1000 rw-p 00000000 00:00 0 
7febd53a1000-7febd53a5000 ---p 00000000 00:00 0 
7febd53a5000-7febd56a2000 rw-p 00000000 00:00 0 
7febd56a2000-7febd56a6000 ---p 00000000 00:00 0 
7febd56a6000-7febd59a3000 rw-p 00000000 00:00 0 
7febd59a3000-7febd59a7000 ---p 00000000 00:00 0 
7febd59a7000-7febd5ca4000 rw-p 00000000 00:00 0 
7febd5ca4000-7febd5ca8000 ---p 00000000 00:00 0 
7febd5ca8000-7febd5da5000 rw-p 00000000 00:00 0 
7febd5da5000-7febd5da6000 ---p 00000000 00:00 0 
7febd5da6000-7febd5ea6000 rw-p 00000000 00:00 0 
7febd5ea6000-7febd5eb6000 r-xp 00000000 08:01 47189                      /home/avril/.config/Code/User/globalStorage/redhat.java/1.1.0/config_linux/org.eclipse.equinox.launcher/org.eclipse.equinox.launcher.gtk.linux.x86_64_1.2.400.v20211116-1129/eclipse_11600.so
7febd5eb6000-7febd60b5000 ---p 00010000 08:01 47189                      /home/avril/.config/Code/User/globalStorage/redhat.java/1.1.0/config_linux/org.eclipse.equinox.launcher/org.eclipse.equinox.launcher.gtk.linux.x86_64_1.2.400.v20211116-1129/eclipse_11600.so
7febd60b5000-7febd60b6000 r--p 0000f000 08:01 47189                      /home/avril/.config/Code/User/globalStorage/redhat.java/1.1.0/config_linux/org.eclipse.equinox.launcher/org.eclipse.equinox.launcher.gtk.linux.x86_64_1.2.400.v20211116-1129/eclipse_11600.so
7febd60b6000-7febd60b7000 rw-p 00010000 08:01 47189                      /home/avril/.config/Code/User/globalStorage/redhat.java/1.1.0/config_linux/org.eclipse.equinox.launcher/org.eclipse.equinox.launcher.gtk.linux.x86_64_1.2.400.v20211116-1129/eclipse_11600.so
7febd60b7000-7febd60bb000 ---p 00000000 00:00 0 
7febd60bb000-7febd61b8000 rw-p 00000000 00:00 0 
7febd61b8000-7febd61bc000 ---p 00000000 00:00 0 
7febd61bc000-7febd62b9000 rw-p 00000000 00:00 0 
7febd62b9000-7febd62bd000 ---p 00000000 00:00 0 
7febd62bd000-7febd63ba000 rw-p 00000000 00:00 0 
7febd63ba000-7febd63ce000 r-xp 00000000 08:01 2776                       /usr/lib/jvm/java-11-openjdk-amd64/lib/libnet.so
7febd63ce000-7febd65ce000 ---p 00014000 08:01 2776                       /usr/lib/jvm/java-11-openjdk-amd64/lib/libnet.so
7febd65ce000-7febd65cf000 r--p 00014000 08:01 2776                       /usr/lib/jvm/java-11-openjdk-amd64/lib/libnet.so
7febd65cf000-7febd65d0000 rw-p 00015000 08:01 2776                       /usr/lib/jvm/java-11-openjdk-amd64/lib/libnet.so
7febd65d0000-7febd65e0000 r-xp 00000000 08:01 2763                       /usr/lib/jvm/java-11-openjdk-amd64/lib/libnio.so
7febd65e0000-7febd67df000 ---p 00010000 08:01 2763                       /usr/lib/jvm/java-11-openjdk-amd64/lib/libnio.so
7febd67df000-7febd67e0000 r--p 0000f000 08:01 2763                       /usr/lib/jvm/java-11-openjdk-amd64/lib/libnio.so
7febd67e0000-7febd67e1000 rw-p 00010000 08:01 2763                       /usr/lib/jvm/java-11-openjdk-amd64/lib/libnio.so
7febd67e1000-7febd67e2000 ---p 00000000 00:00 0 
7febd67e2000-7febd68e2000 rw-p 00000000 00:00 0 
7febd68e2000-7febd68e6000 ---p 00000000 00:00 0 
7febd68e6000-7febd69e3000 rw-p 00000000 00:00 0 
7febd69e3000-7febd69e7000 ---p 00000000 00:00 0 
7febd69e7000-7febd6ae4000 rw-p 00000000 00:00 0 
7febd6ae4000-7febd6ae8000 ---p 00000000 00:00 0 
7febd6ae8000-7febd6be5000 rw-p 00000000 00:00 0 
7febd6be5000-7febd6be9000 ---p 00000000 00:00 0 
7febd6be9000-7febd6ce6000 rw-p 00000000 00:00 0 
7febd6ce6000-7febd6cea000 ---p 00000000 00:00 0 
7febd6cea000-7febd6de7000 rw-p 00000000 00:00 0 
7febd6de7000-7febd6deb000 ---p 00000000 00:00 0 
7febd6deb000-7febd6ee8000 rw-p 00000000 00:00 0 
7febd6ee8000-7febd7373000 r--p 00000000 08:01 919232                     /usr/lib/locale/locale-archive
7febd7373000-7febd7377000 ---p 00000000 00:00 0 
7febd7377000-7febd7474000 rw-p 00000000 00:00 0 
7febd7474000-7febd7478000 ---p 00000000 00:00 0 
7febd7478000-7febd7575000 rw-p 00000000 00:00 0 
7febd7575000-7febd7576000 ---p 00000000 00:00 0 
7febd7576000-7febd8000000 rw-p 00000000 00:00 0 
7febd8000000-7febd8021000 rw-p 00000000 00:00 0 
7febd8021000-7febdc000000 ---p 00000000 00:00 0 
7febdc03d000-7febdc83d000 rw-p 00000000 00:00 0 
7febdc83d000-7febdcaad000 rwxp 00000000 00:00 0 
7febdcaad000-7febdcdcc000 ---p 00000000 00:00 0 
7febdcdcc000-7febddb5c000 rwxp 00000000 00:00 0 
7febddb5c000-7febe4304000 ---p 00000000 00:00 0 
7febe4304000-7febe4574000 rwxp 00000000 00:00 0 
7febe4574000-7febeb83d000 ---p 00000000 00:00 0 
7febeb83d000-7febf4000000 r--s 00000000 08:01 2757                       /usr/lib/jvm/java-11-openjdk-amd64/lib/modules
7febf4000000-7febf4469000 rw-p 00000000 00:00 0 
7febf4469000-7febf8000000 ---p 00000000 00:00 0 
7febf8036000-7febfa236000 rw-p 00000000 00:00 0 
7febfa236000-7febfa237000 ---p 00000000 00:00 0 
7febfa237000-7febfa39f000 rw-p 00000000 00:00 0 
7febfa39f000-7febfa48d000 ---p 00000000 00:00 0 
7febfa48d000-7febfa4f5000 rw-p 00000000 00:00 0 
7febfa4f5000-7febfa5e2000 ---p 00000000 00:00 0 
7febfa5e2000-7febfa5f2000 rw-p 00000000 00:00 0 
7febfa5f2000-7febfa68d000 ---p 00000000 00:00 0 
7febfa68d000-7febfa693000 rw-p 00000000 00:00 0 
7febfa693000-7febfa779000 ---p 00000000 00:00 0 
7febfa779000-7febfa795000 rw-p 00000000 00:00 0 
7febfa795000-7febfa864000 ---p 00000000 00:00 0 
7febfa864000-7febfa86b000 r-xp 00000000 08:01 2785                       /usr/lib/jvm/java-11-openjdk-amd64/lib/libzip.so
7febfa86b000-7febfaa6b000 ---p 00007000 08:01 2785                       /usr/lib/jvm/java-11-openjdk-amd64/lib/libzip.so
7febfaa6b000-7febfaa6c000 r--p 00007000 08:01 2785                       /usr/lib/jvm/java-11-openjdk-amd64/lib/libzip.so
7febfaa6c000-7febfaa6d000 rw-p 00008000 08:01 2785                       /usr/lib/jvm/java-11-openjdk-amd64/lib/libzip.so
7febfaa6d000-7febfaa78000 r-xp 00000000 08:01 683070                     /lib/x86_64-linux-gnu/libnss_files-2.23.so
7febfaa78000-7febfac77000 ---p 0000b000 08:01 683070                     /lib/x86_64-linux-gnu/libnss_files-2.23.so
7febfac77000-7febfac78000 r--p 0000a000 08:01 683070                     /lib/x86_64-linux-gnu/libnss_files-2.23.so
7febfac78000-7febfac79000 rw-p 0000b000 08:01 683070                     /lib/x86_64-linux-gnu/libnss_files-2.23.so
7febfac79000-7febfac7f000 rw-p 00000000 00:00 0 
7febfac7f000-7febfac8a000 r-xp 00000000 08:01 683077                     /lib/x86_64-linux-gnu/libnss_nis-2.23.so
7febfac8a000-7febfae89000 ---p 0000b000 08:01 683077                     /lib/x86_64-linux-gnu/libnss_nis-2.23.so
7febfae89000-7febfae8a000 r--p 0000a000 08:01 683077                     /lib/x86_64-linux-gnu/libnss_nis-2.23.so
7febfae8a000-7febfae8b000 rw-p 0000b000 08:01 683077                     /lib/x86_64-linux-gnu/libnss_nis-2.23.so
7febfae8b000-7febfaea1000 r-xp 00000000 08:01 683078                     /lib/x86_64-linux-gnu/libnsl-2.23.so
7febfaea1000-7febfb0a0000 ---p 00016000 08:01 683078                     /lib/x86_64-linux-gnu/libnsl-2.23.so
7febfb0a0000-7febfb0a1000 r--p 00015000 08:01 683078                     /lib/x86_64-linux-gnu/libnsl-2.23.so
7febfb0a1000-7febfb0a2000 rw-p 00016000 08:01 683078                     /lib/x86_64-linux-gnu/libnsl-2.23.so
7febfb0a2000-7febfb0a4000 rw-p 00000000 00:00 0 
7febfb0a4000-7febfb0ac000 r-xp 00000000 08:01 683080                     /lib/x86_64-linux-gnu/libnss_compat-2.23.so
7febfb0ac000-7febfb2ab000 ---p 00008000 08:01 683080                     /lib/x86_64-linux-gnu/libnss_compat-2.23.so
7febfb2ab000-7febfb2ac000 r--p 00007000 08:01 683080                     /lib/x86_64-linux-gnu/libnss_compat-2.23.so
7febfb2ac000-7febfb2ad000 rw-p 00008000 08:01 683080                     /lib/x86_64-linux-gnu/libnss_compat-2.23.so
7febfb2ad000-7febfb2c8000 r-xp 00000000 08:01 2760                       /usr/lib/jvm/java-11-openjdk-amd64/lib/libjimage.so
7febfb2c8000-7febfb4c8000 ---p 0001b000 08:01 2760                       /usr/lib/jvm/java-11-openjdk-amd64/lib/libjimage.so
7febfb4c8000-7febfb4ca000 r--p 0001b000 08:01 2760                       /usr/lib/jvm/java-11-openjdk-amd64/lib/libjimage.so
7febfb4ca000-7febfb4cb000 rw-p 0001d000 08:01 2760                       /usr/lib/jvm/java-11-openjdk-amd64/lib/libjimage.so
7febfb4cb000-7febfb4f3000 r-xp 00000000 08:01 2783                       /usr/lib/jvm/java-11-openjdk-amd64/lib/libjava.so
7febfb4f3000-7febfb6f3000 ---p 00028000 08:01 2783                       /usr/lib/jvm/java-11-openjdk-amd64/lib/libjava.so
7febfb6f3000-7febfb6f4000 r--p 00028000 08:01 2783                       /usr/lib/jvm/java-11-openjdk-amd64/lib/libjava.so
7febfb6f4000-7febfb6f5000 rw-p 00029000 08:01 2783                       /usr/lib/jvm/java-11-openjdk-amd64/lib/libjava.so
7febfb6f5000-7febfb6f6000 rw-p 00000000 00:00 0 
7febfb6f6000-7febfb703000 r-xp 00000000 08:01 2782                       /usr/lib/jvm/java-11-openjdk-amd64/lib/libverify.so
7febfb703000-7febfb902000 ---p 0000d000 08:01 2782                       /usr/lib/jvm/java-11-openjdk-amd64/lib/libverify.so
7febfb902000-7febfb904000 r--p 0000c000 08:01 2782                       /usr/lib/jvm/java-11-openjdk-amd64/lib/libverify.so
7febfb904000-7febfb905000 rw-p 0000e000 08:01 2782                       /usr/lib/jvm/java-11-openjdk-amd64/lib/libverify.so
7febfb905000-7febfb90c000 r-xp 00000000 08:01 683069                     /lib/x86_64-linux-gnu/librt-2.23.so
7febfb90c000-7febfbb0b000 ---p 00007000 08:01 683069                     /lib/x86_64-linux-gnu/librt-2.23.so
7febfbb0b000-7febfbb0c000 r--p 00006000 08:01 683069                     /lib/x86_64-linux-gnu/librt-2.23.so
7febfbb0c000-7febfbb0d000 rw-p 00007000 08:01 683069                     /lib/x86_64-linux-gnu/librt-2.23.so
7febfbb0d000-7febfbc15000 r-xp 00000000 08:01 683074                     /lib/x86_64-linux-gnu/libm-2.23.so
7febfbc15000-7febfbe14000 ---p 00108000 08:01 683074                     /lib/x86_64-linux-gnu/libm-2.23.so
7febfbe14000-7febfbe15000 r--p 00107000 08:01 683074                     /lib/x86_64-linux-gnu/libm-2.23.so
7febfbe15000-7febfbe16000 rw-p 00108000 08:01 683074                     /lib/x86_64-linux-gnu/libm-2.23.so
7febfbe16000-7febfcf40000 r-xp 00000000 08:01 2800                       /usr/lib/jvm/java-11-openjdk-amd64/lib/server/libjvm.so
7febfcf40000-7febfd140000 ---p 0112a000 08:01 2800                       /usr/lib/jvm/java-11-openjdk-amd64/lib/server/libjvm.so
7febfd140000-7febfd205000 r--p 0112a000 08:01 2800                       /usr/lib/jvm/java-11-openjdk-amd64/lib/server/libjvm.so
7febfd205000-7febfd240000 rw-p 011ef000 08:01 2800                       /usr/lib/jvm/java-11-openjdk-amd64/lib/server/libjvm.so
7febfd240000-7febfd297000 rw-p 00000000 00:00 0 
7febfd297000-7febfd2af000 r-xp 00000000 08:01 683061                     /lib/x86_64-linux-gnu/libpthread-2.23.so
7febfd2af000-7febfd4ae000 ---p 00018000 08:01 683061                     /lib/x86_64-linux-gnu/libpthread-2.23.so
7febfd4ae000-7febfd4af000 r--p 00017000 08:01 683061                     /lib/x86_64-linux-gnu/libpthread-2.23.so
7febfd4af000-7febfd4b0000 rw-p 00018000 08:01 683061                     /lib/x86_64-linux-gnu/libpthread-2.23.so
7febfd4b0000-7febfd4b4000 rw-p 00000000 00:00 0 
7febfd4b4000-7febfd4b7000 r-xp 00000000 08:01 683066                     /lib/x86_64-linux-gnu/libdl-2.23.so
7febfd4b7000-7febfd6b6000 ---p 00003000 08:01 683066                     /lib/x86_64-linux-gnu/libdl-2.23.so
7febfd6b6000-7febfd6b7000 r--p 00002000 08:01 683066                     /lib/x86_64-linux-gnu/libdl-2.23.so
7febfd6b7000-7febfd6b8000 rw-p 00003000 08:01 683066                     /lib/x86_64-linux-gnu/libdl-2.23.so
7febfd6b8000-7febfd6d1000 r-xp 00000000 08:01 670155                     /lib/x86_64-linux-gnu/libz.so.1.2.8
7febfd6d1000-7febfd8d0000 ---p 00019000 08:01 670155                     /lib/x86_64-linux-gnu/libz.so.1.2.8
7febfd8d0000-7febfd8d1000 r--p 00018000 08:01 670155                     /lib/x86_64-linux-gnu/libz.so.1.2.8
7febfd8d1000-7febfd8d2000 rw-p 00019000 08:01 670155                     /lib/x86_64-linux-gnu/libz.so.1.2.8
7febfd8d2000-7febfda92000 r-xp 00000000 08:01 683079                     /lib/x86_64-linux-gnu/libc-2.23.so
7febfda92000-7febfdc92000 ---p 001c0000 08:01 683079                     /lib/x86_64-linux-gnu/libc-2.23.so
7febfdc92000-7febfdc96000 r--p 001c0000 08:01 683079                     /lib/x86_64-linux-gnu/libc-2.23.so
7febfdc96000-7febfdc98000 rw-p 001c4000 08:01 683079                     /lib/x86_64-linux-gnu/libc-2.23.so
7febfdc98000-7febfdc9c000 rw-p 00000000 00:00 0 
7febfdc9c000-7febfdcab000 r-xp 00000000 08:01 2796                       /usr/lib/jvm/java-11-openjdk-amd64/lib/jli/libjli.so
7febfdcab000-7febfdeaa000 ---p 0000f000 08:01 2796                       /usr/lib/jvm/java-11-openjdk-amd64/lib/jli/libjli.so
7febfdeaa000-7febfdeab000 r--p 0000e000 08:01 2796                       /usr/lib/jvm/java-11-openjdk-amd64/lib/jli/libjli.so
7febfdeab000-7febfdeac000 rw-p 0000f000 08:01 2796                       /usr/lib/jvm/java-11-openjdk-amd64/lib/jli/libjli.so
7febfdeac000-7febfded2000 r-xp 00000000 08:01 683071                     /lib/x86_64-linux-gnu/ld-2.23.so
7febfdef6000-7febfdefa000 ---p 00000000 00:00 0 
7febfdefa000-7febfdf18000 rw-p 00000000 00:00 0 
7febfdf18000-7febfdf1f000 r--s 00000000 08:01 6314                       /usr/lib/x86_64-linux-gnu/gconv/gconv-modules.cache
7febfdf1f000-7febfdf40000 r--p 00000000 08:01 149037                     /usr/share/locale-langpack/zh_CN/LC_MESSAGES/libc.mo
7febfdf40000-7febfdfaf000 rw-p 00000000 00:00 0 
7febfdfaf000-7febfdfb3000 ---p 00000000 00:00 0 
7febfdfb3000-7febfe0b4000 rw-p 00000000 00:00 0 
7febfe0b8000-7febfe0bd000 rw-p 00000000 00:00 0 
7febfe0bd000-7febfe0c4000 ---p 00000000 00:00 0 
7febfe0c4000-7febfe0c6000 r--s 00007000 08:01 212998                     /usr/share/java/java-atk-wrapper.jar
7febfe0c6000-7febfe0ce000 rw-s 00000000 08:01 136630                     /tmp/hsperfdata_avril/6521
7febfe0ce000-7febfe0cf000 ---p 00000000 00:00 0 
7febfe0cf000-7febfe0d0000 r--p 00000000 00:00 0 
7febfe0d0000-7febfe0d1000 rw-p 00000000 00:00 0 
7febfe0d1000-7febfe0d2000 r--p 00025000 08:01 683071                     /lib/x86_64-linux-gnu/ld-2.23.so
7febfe0d2000-7febfe0d3000 rw-p 00026000 08:01 683071                     /lib/x86_64-linux-gnu/ld-2.23.so
7febfe0d3000-7febfe0d4000 rw-p 00000000 00:00 0 
7fff1c1d1000-7fff1c1f3000 rw-p 00000000 00:00 0                          [stack]
7fff1c1f6000-7fff1c1f9000 r--p 00000000 00:00 0                          [vvar]
7fff1c1f9000-7fff1c1fb000 r-xp 00000000 00:00 0                          [vdso]
ffffffffff600000-ffffffffff601000 r-xp 00000000 00:00 0                  [vsyscall]


VM Arguments:
jvm_args: --add-modules=ALL-SYSTEM --add-opens=java.base/java.util=ALL-UNNAMED --add-opens=java.base/java.lang=ALL-UNNAMED -Declipse.application=org.eclipse.jdt.ls.core.id1 -Dosgi.bundles.defaultStartLevel=4 -Declipse.product=org.eclipse.jdt.ls.core.product -Djava.import.generatesMetadataFilesAtProjectRoot=false -Dfile.encoding=utf8 -XX:+UseParallelGC -XX:GCTimeRatio=4 -XX:AdaptiveSizePolicyWeight=90 -Dsun.zip.disableMemoryMapping=true -Xmx1G -Xms100m -XX:+HeapDumpOnOutOfMemoryError -XX:HeapDumpPath=/home/avril/.config/Code/User/workspaceStorage/619656ee03035ebf821f5dc3027b01c7/redhat.java -Xverify:none 
java_command: /home/avril/.vscode/extensions/redhat.java-1.1.0/server/plugins/org.eclipse.equinox.launcher_1.6.400.v20210924-0641.jar -configuration /home/avril/.config/Code/User/globalStorage/redhat.java/1.1.0/config_linux -data /home/avril/.config/Code/User/workspaceStorage/619656ee03035ebf821f5dc3027b01c7/redhat.java/jdt_ws
java_class_path (initial): /home/avril/.vscode/extensions/redhat.java-1.1.0/server/plugins/org.eclipse.equinox.launcher_1.6.400.v20210924-0641.jar
Launcher Type: SUN_STANDARD

[Global flags]
    uintx AdaptiveSizePolicyWeight                 = 90                                        {product} {command line}
     bool BytecodeVerificationLocal                = false                                     {product} {command line}
     bool BytecodeVerificationRemote               = false                                     {product} {command line}
     intx CICompilerCount                          = 2                                         {product} {ergonomic}
    uintx GCTimeRatio                              = 4                                         {product} {command line}
     bool HeapDumpOnOutOfMemoryError               = true                                   {manageable} {command line}
    ccstr HeapDumpPath                             = /home/avril/.config/Code/User/workspaceStorage/619656ee03035ebf821f5dc3027b01c7/redhat.java         {manageable} {command line}
   size_t InitialHeapSize                          = 104857600                                 {product} {command line}
   size_t MaxHeapSize                              = 1073741824                                {product} {command line}
   size_t MaxNewSize                               = 357564416                                 {product} {ergonomic}
   size_t MinHeapDeltaBytes                        = 524288                                    {product} {ergonomic}
   size_t NewSize                                  = 34603008                                  {product} {ergonomic}
    uintx NonNMethodCodeHeapSize                   = 5825164                                {pd product} {ergonomic}
    uintx NonProfiledCodeHeapSize                  = 122916538                              {pd product} {ergonomic}
   size_t OldSize                                  = 70254592                                  {product} {ergonomic}
    uintx ProfiledCodeHeapSize                     = 122916538                              {pd product} {ergonomic}
    uintx ReservedCodeCacheSize                    = 251658240                              {pd product} {ergonomic}
     bool SegmentedCodeCache                       = true                                      {product} {ergonomic}
     bool UseCompressedClassPointers               = true                                 {lp64_product} {ergonomic}
     bool UseCompressedOops                        = true                                 {lp64_product} {ergonomic}
     bool UseParallelGC                            = true                                      {product} {command line}

Logging:
Log output configuration:
 #0: stdout all=warning uptime,level,tags
 #1: stderr all=off uptime,level,tags

Environment Variables:
JAVA_HOME=/usr/lib/jvm/java-11-openjdk-amd64/
CLASSPATH=.:/usr/lib/jvm/java-11-openjdk-amd64//lib
PATH=/home/avril/bin:/home/avril/.local/bin:/usr/lib/jvm/java-11-openjdk-amd64//bin:/home/avril/bin:/home/avril/.local/bin:/usr/lib/jvm/java-11-openjdk-amd64//bin:/usr/local/sbin:/usr/local/bin:/usr/sbin:/usr/bin:/sbin:/bin:/usr/games:/usr/local/games:/snap/bin
SHELL=
DISPLAY=:0
LANG=zh_CN.UTF-8

Signal Handlers:
SIGSEGV: [libjvm.so+0xe2ba40], sa_mask[0]=11111111011111111101111111111110, sa_flags=SA_RESTART|SA_SIGINFO
SIGBUS: [libjvm.so+0xe2ba40], sa_mask[0]=11111111011111111101111111111110, sa_flags=SA_RESTART|SA_SIGINFO
SIGFPE: [libjvm.so+0xe2ba40], sa_mask[0]=11111111011111111101111111111110, sa_flags=SA_RESTART|SA_SIGINFO
SIGPIPE: [libjvm.so+0xb81e20], sa_mask[0]=11111111011111111101111111111110, sa_flags=SA_RESTART|SA_SIGINFO
SIGXFSZ: [libjvm.so+0xb81e20], sa_mask[0]=11111111011111111101111111111110, sa_flags=SA_RESTART|SA_SIGINFO
SIGILL: [libjvm.so+0xe2ba40], sa_mask[0]=11111111011111111101111111111110, sa_flags=SA_RESTART|SA_SIGINFO
SIGUSR2: [libjvm.so+0xb81cb0], sa_mask[0]=00000000000000000000000000000000, sa_flags=SA_RESTART|SA_SIGINFO
SIGHUP: [libjvm.so+0xb82170], sa_mask[0]=11111111011111111101111111111110, sa_flags=SA_RESTART|SA_SIGINFO
SIGINT: [libjvm.so+0xb82170], sa_mask[0]=11111111011111111101111111111110, sa_flags=SA_RESTART|SA_SIGINFO
SIGTERM: [libjvm.so+0xb82170], sa_mask[0]=11111111011111111101111111111110, sa_flags=SA_RESTART|SA_SIGINFO
SIGQUIT: [libjvm.so+0xb82170], sa_mask[0]=11111111011111111101111111111110, sa_flags=SA_RESTART|SA_SIGINFO


---------------  S Y S T E M  ---------------

OS:DISTRIB_ID=Ubuntu
DISTRIB_RELEASE=16.04
DISTRIB_CODENAME=xenial
DISTRIB_DESCRIPTION="Ubuntu 16.04.3 LTS"
uname:Linux 4.15.0-142-generic #146~16.04.1-Ubuntu SMP Tue Apr 13 09:27:15 UTC 2021 x86_64
OS uptime: 0 days 1:25 hours
libc:glibc 2.23 NPTL 2.23 
rlimit (soft/hard): STACK 8192k/infinity , CORE 0k/infinity , NPROC 7640/7640 , NOFILE 1048576/1048576 , AS infinity/infinity , CPU infinity/infinity , DATA infinity/infinity , FSIZE infinity/infinity , MEMLOCK 64k/64k
load average:11.78 15.06 18.21

/proc/meminfo:
MemTotal:        2017540 kB
MemFree:           58120 kB
MemAvailable:       9064 kB
Buffers:             820 kB
Cached:            27836 kB
SwapCached:         1252 kB
Active:          1145992 kB
Inactive:         396504 kB
Active(anon):    1141908 kB
Inactive(anon):   391172 kB
Active(file):       4084 kB
Inactive(file):     5332 kB
Unevictable:          48 kB
Mlocked:              48 kB
SwapTotal:       1046524 kB
SwapFree:              0 kB
Dirty:                60 kB
Writeback:             8 kB
AnonPages:       1513076 kB
Mapped:            14104 kB
Shmem:             19072 kB
Slab:             136032 kB
SReclaimable:      42732 kB
SUnreclaim:        93300 kB
KernelStack:       13696 kB
PageTables:        42936 kB
NFS_Unstable:          0 kB
Bounce:                0 kB
WritebackTmp:          0 kB
CommitLimit:     2055292 kB
Committed_AS:    6982152 kB
VmallocTotal:   34359738367 kB
VmallocUsed:           0 kB
VmallocChunk:          0 kB
HardwareCorrupted:     0 kB
AnonHugePages:         0 kB
ShmemHugePages:        0 kB
ShmemPmdMapped:        0 kB
CmaTotal:              0 kB
CmaFree:               0 kB
HugePages_Total:       0
HugePages_Free:        0
HugePages_Rsvd:        0
HugePages_Surp:        0
Hugepagesize:       2048 kB
DirectMap4k:      161664 kB
DirectMap2M:     1935360 kB
DirectMap1G:           0 kB

/sys/kernel/mm/transparent_hugepage/enabled:
always [madvise] never
/sys/kernel/mm/transparent_hugepage/defrag (defrag/compaction efforts parameter):
always defer defer+madvise [madvise] never

Process Memory:
Virtual Size: 3752268K (peak: 12165676K)
Resident Set Size: 377152K (peak: 377152K) (anon: 377152K, file: 0K, shmem: 0K)
Swapped out: 0K
C-Heap outstanding allocations: 26394K

/proc/sys/kernel/threads-max (system-wide limit on the number of threads):
15281
/proc/sys/vm/max_map_count (maximum number of memory map areas a process may have):
65530
/proc/sys/kernel/pid_max (system-wide limit on number of process identifiers):
131072

container (cgroup) information:
container_type: cgroupv1
cpu_cpuset_cpus: 0-1
cpu_memory_nodes: 0
active_processor_count: 2
cpu_quota: -1
cpu_period: 100000
cpu_shares: -1
memory_limit_in_bytes: -1
memory_and_swap_limit_in_bytes: -2
memory_soft_limit_in_bytes: -1
memory_usage_in_bytes: 1623785472
memory_max_usage_in_bytes: 1683709952

VMWare virtualization detected
Steal ticks since vm start: 0
Steal ticks percentage since vm start:  0.000

CPU:total 2 (initial active 2) (1 cores per cpu, 1 threads per core) family 6 model 78 stepping 3 microcode 0xba, cmov, cx8, fxsr, mmx, sse, sse2, sse3, ssse3, sse4.1, sse4.2, popcnt, avx, avx2, aes, clmul, erms, 3dnowpref, lzcnt, tsc, tscinvbit, bmi1, bmi2, adx, fma
CPU Model and flags from /proc/cpuinfo:
model name	: Intel(R) Core(TM) i5-6200U CPU @ 2.30GHz
flags		: fpu vme de pse tsc msr pae mce cx8 apic sep mtrr pge mca cmov pat pse36 clflush mmx fxsr sse sse2 ss syscall nx pdpe1gb rdtscp lm constant_tsc arch_perfmon nopl xtopology tsc_reliable nonstop_tsc cpuid pni pclmulqdq ssse3 fma cx16 pcid sse4_1 sse4_2 x2apic movbe popcnt tsc_deadline_timer aes xsave avx f16c rdrand hypervisor lahf_lm abm 3dnowprefetch cpuid_fault invpcid_single pti fsgsbase tsc_adjust bmi1 avx2 smep bmi2 invpcid rdseed adx smap xsaveopt arat
Online cpus:
0-1
Offline cpus:
2-127
BIOS frequency limitation:
<Not Available>
Frequency switch latency (ns):
<Not Available>
Available cpu frequencies:
<Not Available>
Current governor:
<Not Available>
Core performance/turbo boost:
<Not Available>

Memory: 4k page, physical 2017540k(58624k free), swap 1046524k(0k free)

vm_info: OpenJDK 64-Bit Server VM (11.0.14+9-Ubuntu-0ubuntu2.16.04) for linux-amd64 JRE (11.0.14+9-Ubuntu-0ubuntu2.16.04), built on Jan 25 2022 16:29:35 by "unknown" with gcc 8.4.0

END.
