#
# There is insufficient memory for the Java Runtime Environment to continue.
# Native memory allocation (mmap) failed to map 31457280 bytes for committing reserved memory.
# Possible reasons:
#   The system is out of physical RAM or swap space
#   The process is running with CompressedOops enabled, and the Java Heap may be blocking the growth of the native heap
# Possible solutions:
#   Reduce memory load on the system
#   Increase physical memory or swap space
#   Check if swap backing store is full
#   Decrease Java heap size (-Xmx/-Xms)
#   Decrease number of Java threads
#   Decrease Java thread stack sizes (-Xss)
#   Set larger code cache with -XX:ReservedCodeCacheSize=
#   JVM is running with Unscaled Compressed Oops mode in which the Java heap is
#     placed in the first 4GB address space. The Java Heap base address is the
#     maximum limit for the native heap growth. Please use -XX:HeapBaseMinAddress
#     to set the Java Heap base and to place the Java Heap above 4GB virtual address.
# This output file may be truncated or incomplete.
#
#  Out of Memory Error (os_linux.cpp:3007), pid=6466, tid=6469
#
# JRE version: OpenJDK Runtime Environment (11.0.14+9) (build 11.0.14+9-Ubuntu-0ubuntu2.16.04)
# Java VM: OpenJDK 64-Bit Server VM (11.0.14+9-Ubuntu-0ubuntu2.16.04, mixed mode, sharing, tiered, compressed oops, parallel gc, linux-amd64)
# Core dump will be written. Default location: Core dumps may be processed with "/usr/share/apport/apport %p %s %c %d %P %E" (or dumping to /home/avril/SA-2022/HW07/aw07-August0830/pos-order/core.6466)
#

---------------  S U M M A R Y ------------

Command Line: --add-modules=ALL-SYSTEM --add-opens=java.base/java.util=ALL-UNNAMED --add-opens=java.base/java.lang=ALL-UNNAMED -Declipse.application=org.eclipse.jdt.ls.core.id1 -Dosgi.bundles.defaultStartLevel=4 -Declipse.product=org.eclipse.jdt.ls.core.product -Djava.import.generatesMetadataFilesAtProjectRoot=false -Dfile.encoding=utf8 -XX:+UseParallelGC -XX:GCTimeRatio=4 -XX:AdaptiveSizePolicyWeight=90 -Dsun.zip.disableMemoryMapping=true -Xmx1G -Xms100m -XX:+HeapDumpOnOutOfMemoryError -XX:HeapDumpPath=/home/avril/.config/Code/User/workspaceStorage/619656ee03035ebf821f5dc3027b01c7/redhat.java -Xverify:none /home/avril/.vscode/extensions/redhat.java-1.1.0/server/plugins/org.eclipse.equinox.launcher_1.6.400.v20210924-0641.jar -configuration /home/avril/.config/Code/User/globalStorage/redhat.java/1.1.0/config_linux -data /home/avril/.config/Code/User/workspaceStorage/619656ee03035ebf821f5dc3027b01c7/redhat.java/jdt_ws

Host: Intel(R) Core(TM) i5-6200U CPU @ 2.30GHz, 2 cores, 1G, Ubuntu 16.04.3 LTS
Time: Mon May 16 11:49:55 2022 CST elapsed time: 148.246389 seconds (0d 0h 2m 28s)

---------------  T H R E A D  ---------------

Current thread (0x00007fe10412b800):  VMThread "VM Thread" [stack: 0x00007fe0e54fe000,0x00007fe0e55fe000] [id=6469]

Stack: [0x00007fe0e54fe000,0x00007fe0e55fe000],  sp=0x00007fe0e55fbf40,  free space=1015k
Native frames: (J=compiled Java code, A=aot compiled Java code, j=interpreted, Vv=VM code, C=native code)
V  [libjvm.so+0xe2aa76]
V  [libjvm.so+0xe2b9eb]
V  [libjvm.so+0x6554c5]
V  [libjvm.so+0xb86eaa]
V  [libjvm.so+0xb7d2af]
V  [libjvm.so+0xc11d9e]
V  [libjvm.so+0xc13da9]
V  [libjvm.so+0xc1356f]
V  [libjvm.so+0xc1007a]
V  [libjvm.so+0xc10451]
V  [libjvm.so+0xbafe09]
V  [libjvm.so+0xe2ded5]
V  [libjvm.so+0xe2d408]
V  [libjvm.so+0xe33417]
V  [libjvm.so+0xe33aa8]
V  [libjvm.so+0xe33db3]
V  [libjvm.so+0xdc5ae9]
V  [libjvm.so+0xb8b8ce]

VM_Operation (0x00007fe0ae4e33b0): ParallelGCFailedAllocation, mode: safepoint, requested by thread 0x00007fe10445f000


---------------  P R O C E S S  ---------------

Threads class SMR info:
_java_thread_list=0x00007fe0dc011750, length=24, elements={
0x00007fe104028000, 0x00007fe10412e800, 0x00007fe104130800, 0x00007fe10413b000,
0x00007fe10413d000, 0x00007fe10413f000, 0x00007fe104141000, 0x00007fe104143000,
0x00007fe104164000, 0x00007fe10434b000, 0x00007fe104379800, 0x00007fe104390800,
0x000055740b093000, 0x000055740b2b0000, 0x000055740b359800, 0x00007fe0c4001800,
0x00007fe0c0001000, 0x000055740b4df800, 0x00007fe1043d5800, 0x00007fe10445f000,
0x00007fe0dc001800, 0x00007fe0cd3ec000, 0x00007fe0d8274000, 0x00007fe0d4001800
}
_to_delete_list=0x00007fe0bc000dd0, length=25, elements={
0x00007fe104028000, 0x00007fe10412e800, 0x00007fe104130800, 0x00007fe10413b000,
0x00007fe10413d000, 0x00007fe10413f000, 0x00007fe104141000, 0x00007fe104143000,
0x00007fe104164000, 0x00007fe10434b000, 0x00007fe104379800, 0x00007fe104390800,
0x000055740b093000, 0x000055740b2b0000, 0x000055740b359800, 0x00007fe0c4001800,
0x00007fe0c0001000, 0x000055740b4df800, 0x00007fe1043d5800, 0x00007fe10445f000,
0x00007fe0c4012800, 0x00007fe0dc001800, 0x00007fe0cd3ec000, 0x00007fe0d8274000,
0x00007fe0d4001800
}

Java Threads: ( => current thread )
  0x00007fe104028000 JavaThread "main" [_thread_blocked, id=6467, stack(0x00007fe10bf20000,0x00007fe10c021000)]
  0x00007fe10412e800 JavaThread "Reference Handler" daemon [_thread_blocked, id=6470, stack(0x00007fe0e53fc000,0x00007fe0e54fd000)]
  0x00007fe104130800 JavaThread "Finalizer" daemon [_thread_blocked, id=6471, stack(0x00007fe0e52fb000,0x00007fe0e53fc000)]
  0x00007fe10413b000 JavaThread "Signal Dispatcher" daemon [_thread_blocked, id=6472, stack(0x00007fe0e4d6f000,0x00007fe0e4e70000)]
  0x00007fe10413d000 JavaThread "Service Thread" daemon [_thread_blocked, id=6473, stack(0x00007fe0e4c6e000,0x00007fe0e4d6f000)]
  0x00007fe10413f000 JavaThread "C2 CompilerThread0" daemon [_thread_blocked, id=6474, stack(0x00007fe0e4b6d000,0x00007fe0e4c6e000)]
  0x00007fe104141000 JavaThread "C1 CompilerThread0" daemon [_thread_blocked, id=6475, stack(0x00007fe0e4a6c000,0x00007fe0e4b6d000)]
  0x00007fe104143000 JavaThread "Sweeper thread" daemon [_thread_blocked, id=6476, stack(0x00007fe0e496b000,0x00007fe0e4a6c000)]
  0x00007fe104164000 JavaThread "Common-Cleaner" daemon [_thread_blocked, id=6477, stack(0x00007fe0e486a000,0x00007fe0e496b000)]
  0x00007fe10434b000 JavaThread "Active Thread: Equinox Container: 79c4c823-54c1-4e01-b427-844e3b2c14eb" [_thread_blocked, id=6481, stack(0x00007fe0e4241000,0x00007fe0e4342000)]
  0x00007fe104379800 JavaThread "Framework Event Dispatcher: Equinox Container: 79c4c823-54c1-4e01-b427-844e3b2c14eb" daemon [_thread_blocked, id=6487, stack(0x00007fe0e4140000,0x00007fe0e4241000)]
  0x00007fe104390800 JavaThread "Start Level: Equinox Container: 79c4c823-54c1-4e01-b427-844e3b2c14eb" daemon [_thread_blocked, id=6488, stack(0x00007fe0e403f000,0x00007fe0e4140000)]
  0x000055740b093000 JavaThread "SCR Component Actor" daemon [_thread_blocked, id=6490, stack(0x00007fe0afbed000,0x00007fe0afcee000)]
  0x000055740b2b0000 JavaThread "Worker-JM" [_thread_blocked, id=6492, stack(0x00007fe0af5eb000,0x00007fe0af6ec000)]
  0x000055740b359800 JavaThread "Worker-0" [_thread_blocked, id=6493, stack(0x00007fe0af2ea000,0x00007fe0af3eb000)]
  0x00007fe0c4001800 JavaThread "Worker-1: Updating Maven Dependencies" [_thread_blocked, id=6494, stack(0x00007fe0af1e9000,0x00007fe0af2ea000)]
  0x00007fe0c0001000 JavaThread "Worker-2" [_thread_blocked, id=6495, stack(0x00007fe0af0e8000,0x00007fe0af1e9000)]
  0x000055740b4df800 JavaThread "Java indexing" daemon [_thread_blocked, id=6496, stack(0x00007fe0aede7000,0x00007fe0aeee8000)]
  0x00007fe1043d5800 JavaThread "pool-3-thread-1" [_thread_blocked, id=6497, stack(0x00007fe0ae6e6000,0x00007fe0ae7e7000)]
  0x00007fe10445f000 JavaThread "pool-2-thread-1" [_thread_blocked, id=6498, stack(0x00007fe0ae3e5000,0x00007fe0ae4e6000)]
  0x00007fe0dc001800 JavaThread "Worker-4: Initialize Workspace" [_thread_blocked, id=6500, stack(0x00007fe0ae0e4000,0x00007fe0ae1e5000)]
  0x00007fe0cd3ec000 JavaThread "Worker-5: Java indexing... " [_thread_blocked, id=6501, stack(0x00007fe0a5620000,0x00007fe0a5721000)]
  0x00007fe0d8274000 JavaThread "Bundle File Closer" daemon [_thread_blocked, id=6504, stack(0x00007fe0a4c28000,0x00007fe0a4d29000)]
  0x00007fe0d4001800 JavaThread "process reaper" daemon [_thread_blocked, id=6506, stack(0x00007fe10be45000,0x00007fe10be67000)]

Other Threads:
=>0x00007fe10412b800 VMThread "VM Thread" [stack: 0x00007fe0e54fe000,0x00007fe0e55fe000] [id=6469]
  0x00007fe1041a7000 WatcherThread [stack: 0x00007fe0e476a000,0x00007fe0e486a000] [id=6478]
  0x00007fe104040000 GCTaskThread "ParGC Thread#0" [stack: 0x00007fe1081a8000,0x00007fe1082a8000] [id=6468]
  0x00007fe0e0001000 GCTaskThread "ParGC Thread#1" [stack: 0x00007fe0afcef000,0x00007fe0afdef000] [id=6489]

Threads with active compile tasks:
C2 CompilerThread0 151640 6569       4       org.eclipse.jdt.internal.compiler.classfmt.MethodInfo::createMethod (713 bytes)
C1 CompilerThread0 151672 6572       3       org.eclipse.jdt.internal.compiler.util.Util::isClassFileName (82 bytes)

VM state:at safepoint (normal execution)

VM Mutex/Monitor currently owned by a thread:  ([mutex/lock_event])
[0x00007fe104023f10] Threads_lock - owner thread: 0x00007fe10412b800
[0x00007fe1040246f0] Heap_lock - owner thread: 0x00007fe10445f000

Heap address: 0x00000000c0000000, size: 1024 MB, Compressed Oops mode: 32-bit
Narrow klass base: 0x0000000800000000, Narrow klass shift: 3
Compressed class space size: 1073741824 Address: 0x0000000840000000

Heap:
 PSYoungGen      total 93184K, used 26080K [0x00000000eab00000, 0x00000000f2480000, 0x0000000100000000)
  eden space 67072K, 0% used [0x00000000eab00000,0x00000000eab00000,0x00000000eec80000)
  from space 26112K, 99% used [0x00000000ef180000,0x00000000f0af8068,0x00000000f0b00000)
  to   space 21504K, 0% used [0x00000000f0f80000,0x00000000f0f80000,0x00000000f2480000)
 ParOldGen       total 195584K, used 190005K [0x00000000c0000000, 0x00000000cbf00000, 0x00000000eab00000)
  object space 195584K, 97% used [0x00000000c0000000,0x00000000cb98d410,0x00000000cbf00000)
 Metaspace       used 40860K, capacity 43718K, committed 43952K, reserved 1087488K
  class space    used 4167K, capacity 5099K, committed 5120K, reserved 1048576K

Card table byte_map: [0x00007fe1083fe000,0x00007fe1085ff000] _byte_map_base: 0x00007fe107dfe000

Marking Bits: (ParMarkBitMap*) 0x00007fe10b1dfda0
 Begin Bits: [0x00007fe0e6000000, 0x00007fe0e7000000)
 End Bits:   [0x00007fe0e7000000, 0x00007fe0e8000000)

Polling page: 0x00007fe10c03f000

Metaspace:

Usage:
  Non-class:     37.71 MB capacity,    35.83 MB ( 95%) used,     1.79 MB (  5%) free+waste,    96.00 KB ( <1%) overhead. 
      Class:      4.98 MB capacity,     4.07 MB ( 82%) used,   884.20 KB ( 17%) free+waste,    47.44 KB ( <1%) overhead. 
       Both:     42.69 MB capacity,    39.90 MB ( 93%) used,     2.65 MB (  6%) free+waste,   143.44 KB ( <1%) overhead. 

Virtual space:
  Non-class space:       38.00 MB reserved,      37.92 MB (>99%) committed 
      Class space:        1.00 GB reserved,       5.00 MB ( <1%) committed 
             Both:        1.04 GB reserved,      42.92 MB (  4%) committed 

Chunk freelists:
   Non-Class:  53.00 KB
       Class:  21.00 KB
        Both:  74.00 KB

MaxMetaspaceSize: unlimited
CompressedClassSpaceSize: 1.00 GB
Initial GC threshold: 20.80 MB
Current GC threshold: 68.00 MB
CDS: on

CodeHeap 'non-profiled nmethods': size=120036Kb used=2224Kb max_used=2224Kb free=117811Kb
 bounds [0x00007fe0f4304000, 0x00007fe0f4574000, 0x00007fe0fb83d000]
CodeHeap 'profiled nmethods': size=120032Kb used=13715Kb max_used=13715Kb free=106316Kb
 bounds [0x00007fe0ecdcc000, 0x00007fe0edb3c000, 0x00007fe0f4304000]
CodeHeap 'non-nmethods': size=5692Kb used=1288Kb max_used=1346Kb free=4403Kb
 bounds [0x00007fe0ec83d000, 0x00007fe0ecaad000, 0x00007fe0ecdcc000]
 total_blobs=6982 nmethods=6397 adapters=500
 compilation: enabled
              stopped_count=0, restarted_count=0
 full_count=0

Compilation events (20 events):
Event: 38.378 Thread 0x00007fe104141000 nmethod 6552 0x00007fe0edb2cd90 code [0x00007fe0edb2cf80, 0x00007fe0edb2d260]
Event: 38.379 Thread 0x00007fe104141000 6553       2       org.eclipse.jdt.internal.core.search.matching.ConstructorPattern::createDefaultDeclarationIndexKey (13 bytes)
Event: 38.380 Thread 0x00007fe104141000 nmethod 6553 0x00007fe0edb2d510 code [0x00007fe0edb2d6c0, 0x00007fe0edb2d7e0]
Event: 38.533 Thread 0x00007fe10413f000 nmethod 6252 0x00007fe0f452d590 code [0x00007fe0f452d720, 0x00007fe0f452d918]
Event: 38.700 Thread 0x00007fe10413f000 6555       4       org.eclipse.jdt.core.Signature::encodeQualifiedName (207 bytes)
Event: 39.419 Thread 0x00007fe10413f000 nmethod 6555 0x00007fe0f452de90 code [0x00007fe0f452e080, 0x00007fe0f452f1a8]
Event: 39.456 Thread 0x00007fe10413f000 6554       4       org.eclipse.jdt.core.Signature::checkArrayDimension (92 bytes)
Event: 39.862 Thread 0x00007fe104141000 6559       2       org.eclipse.aether.AbstractForwardingRepositorySystemSession::getCache (10 bytes)
Event: 42.556 Thread 0x00007fe104141000 nmethod 6559 0x00007fe0edb2d890 code [0x00007fe0edb2da60, 0x00007fe0edb2dbb0]
Event: 43.440 Thread 0x00007fe104141000 6562       2       org.eclipse.jdt.internal.core.search.indexing.AbstractIndexer::addModuleExportedPackages (33 bytes)
Event: 48.368 Thread 0x00007fe10413f000 nmethod 6554 0x00007fe0f452fa10 code [0x00007fe0f452fba0, 0x00007fe0f452fdd8]
Event: 49.915 Thread 0x00007fe10413f000 6494       4       java.nio.ByteBuffer::hasArray (20 bytes)
Event: 68.236 Thread 0x00007fe104141000 nmethod 6562 0x00007fe0edb2dc90 code [0x00007fe0edb2de60, 0x00007fe0edb2e100]
Event: 68.644 Thread 0x00007fe104141000 6566       3       org.eclipse.jdt.internal.core.util.Util::indexOfJavaLikeExtension (112 bytes)
Event: 70.044 Thread 0x00007fe10413f000 nmethod 6494 0x00007fe0f452ff10 code [0x00007fe0f45300a0, 0x00007fe0f4530138]
Event: 70.678 Thread 0x00007fe10413f000 6569       4       org.eclipse.jdt.internal.compiler.classfmt.MethodInfo::createMethod (713 bytes)
Event: 97.023 Thread 0x00007fe104141000 nmethod 6566 0x00007fe0edb2e310 code [0x00007fe0edb2e5e0, 0x00007fe0edb2f4e0]
Event: 97.610 Thread 0x00007fe104141000 6570       3       java.nio.file.Files::read (130 bytes)
Event: 119.538 Thread 0x00007fe104141000 nmethod 6570 0x00007fe0edb2fb90 code [0x00007fe0edb2fe00, 0x00007fe0edb30bc0]
Event: 120.092 Thread 0x00007fe104141000 6572       3       org.eclipse.jdt.internal.compiler.util.Util::isClassFileName (82 bytes)

GC Heap History (20 events):
Event: 25.681 GC heap after
{Heap after GC invocations=41 (full 4):
 PSYoungGen      total 44544K, used 0K [0x00000000eab00000, 0x00000000ee200000, 0x0000000100000000)
  eden space 35840K, 0% used [0x00000000eab00000,0x00000000eab00000,0x00000000ece00000)
  from space 8704K, 0% used [0x00000000ece00000,0x00000000ece00000,0x00000000ed680000)
  to   space 8704K, 0% used [0x00000000ed980000,0x00000000ed980000,0x00000000ee200000)
 ParOldGen       total 195584K, used 111610K [0x00000000c0000000, 0x00000000cbf00000, 0x00000000eab00000)
  object space 195584K, 57% used [0x00000000c0000000,0x00000000c6cfe9b0,0x00000000cbf00000)
 Metaspace       used 39020K, capacity 41527K, committed 41776K, reserved 1085440K
  class space    used 3986K, capacity 4901K, committed 4992K, reserved 1048576K
}
Event: 26.155 GC heap before
{Heap before GC invocations=42 (full 4):
 PSYoungGen      total 44544K, used 35840K [0x00000000eab00000, 0x00000000ee200000, 0x0000000100000000)
  eden space 35840K, 100% used [0x00000000eab00000,0x00000000ece00000,0x00000000ece00000)
  from space 8704K, 0% used [0x00000000ece00000,0x00000000ece00000,0x00000000ed680000)
  to   space 8704K, 0% used [0x00000000ed980000,0x00000000ed980000,0x00000000ee200000)
 ParOldGen       total 195584K, used 111610K [0x00000000c0000000, 0x00000000cbf00000, 0x00000000eab00000)
  object space 195584K, 57% used [0x00000000c0000000,0x00000000c6cfe9b0,0x00000000cbf00000)
 Metaspace       used 39133K, capacity 41789K, committed 42032K, reserved 1087488K
  class space    used 3998K, capacity 4943K, committed 4992K, reserved 1048576K
}
Event: 26.161 GC heap after
{Heap after GC invocations=42 (full 4):
 PSYoungGen      total 46080K, used 6368K [0x00000000eab00000, 0x00000000ee000000, 0x0000000100000000)
  eden space 39424K, 0% used [0x00000000eab00000,0x00000000eab00000,0x00000000ed180000)
  from space 6656K, 95% used [0x00000000ed980000,0x00000000edfb80e0,0x00000000ee000000)
  to   space 7168K, 0% used [0x00000000ed200000,0x00000000ed200000,0x00000000ed900000)
 ParOldGen       total 195584K, used 111618K [0x00000000c0000000, 0x00000000cbf00000, 0x00000000eab00000)
  object space 195584K, 57% used [0x00000000c0000000,0x00000000c6d009b0,0x00000000cbf00000)
 Metaspace       used 39133K, capacity 41789K, committed 42032K, reserved 1087488K
  class space    used 3998K, capacity 4943K, committed 4992K, reserved 1048576K
}
Event: 26.846 GC heap before
{Heap before GC invocations=43 (full 4):
 PSYoungGen      total 46080K, used 45792K [0x00000000eab00000, 0x00000000ee000000, 0x0000000100000000)
  eden space 39424K, 100% used [0x00000000eab00000,0x00000000ed180000,0x00000000ed180000)
  from space 6656K, 95% used [0x00000000ed980000,0x00000000edfb80e0,0x00000000ee000000)
  to   space 7168K, 0% used [0x00000000ed200000,0x00000000ed200000,0x00000000ed900000)
 ParOldGen       total 195584K, used 111618K [0x00000000c0000000, 0x00000000cbf00000, 0x00000000eab00000)
  object space 195584K, 57% used [0x00000000c0000000,0x00000000c6d009b0,0x00000000cbf00000)
 Metaspace       used 40069K, capacity 42677K, committed 42928K, reserved 1087488K
  class space    used 4111K, capacity 5051K, committed 5120K, reserved 1048576K
}
Event: 26.889 GC heap after
{Heap after GC invocations=43 (full 4):
 PSYoungGen      total 47104K, used 7142K [0x00000000eab00000, 0x00000000ef580000, 0x0000000100000000)
  eden space 39936K, 0% used [0x00000000eab00000,0x00000000eab00000,0x00000000ed200000)
  from space 7168K, 99% used [0x00000000ed200000,0x00000000ed8f9928,0x00000000ed900000)
  to   space 16384K, 0% used [0x00000000ee580000,0x00000000ee580000,0x00000000ef580000)
 ParOldGen       total 195584K, used 119295K [0x00000000c0000000, 0x00000000cbf00000, 0x00000000eab00000)
  object space 195584K, 60% used [0x00000000c0000000,0x00000000c747ff28,0x00000000cbf00000)
 Metaspace       used 40069K, capacity 42677K, committed 42928K, reserved 1087488K
  class space    used 4111K, capacity 5051K, committed 5120K, reserved 1048576K
}
Event: 27.652 GC heap before
{Heap before GC invocations=44 (full 4):
 PSYoungGen      total 47104K, used 47078K [0x00000000eab00000, 0x00000000ef580000, 0x0000000100000000)
  eden space 39936K, 100% used [0x00000000eab00000,0x00000000ed200000,0x00000000ed200000)
  from space 7168K, 99% used [0x00000000ed200000,0x00000000ed8f9928,0x00000000ed900000)
  to   space 16384K, 0% used [0x00000000ee580000,0x00000000ee580000,0x00000000ef580000)
 ParOldGen       total 195584K, used 119295K [0x00000000c0000000, 0x00000000cbf00000, 0x00000000eab00000)
  object space 195584K, 60% used [0x00000000c0000000,0x00000000c747ff28,0x00000000cbf00000)
 Metaspace       used 40427K, capacity 43128K, committed 43440K, reserved 1087488K
  class space    used 4141K, capacity 5096K, committed 5120K, reserved 1048576K
}
Event: 27.773 GC heap after
{Heap after GC invocations=44 (full 4):
 PSYoungGen      total 57856K, used 13004K [0x00000000eab00000, 0x00000000ef280000, 0x0000000100000000)
  eden space 44544K, 0% used [0x00000000eab00000,0x00000000eab00000,0x00000000ed680000)
  from space 13312K, 97% used [0x00000000ee580000,0x00000000ef2331b8,0x00000000ef280000)
  to   space 13824K, 0% used [0x00000000ed780000,0x00000000ed780000,0x00000000ee500000)
 ParOldGen       total 195584K, used 122238K [0x00000000c0000000, 0x00000000cbf00000, 0x00000000eab00000)
  object space 195584K, 62% used [0x00000000c0000000,0x00000000c775f970,0x00000000cbf00000)
 Metaspace       used 40427K, capacity 43128K, committed 43440K, reserved 1087488K
  class space    used 4141K, capacity 5096K, committed 5120K, reserved 1048576K
}
Event: 28.622 GC heap before
{Heap before GC invocations=45 (full 4):
 PSYoungGen      total 57856K, used 57548K [0x00000000eab00000, 0x00000000ef280000, 0x0000000100000000)
  eden space 44544K, 100% used [0x00000000eab00000,0x00000000ed680000,0x00000000ed680000)
  from space 13312K, 97% used [0x00000000ee580000,0x00000000ef2331b8,0x00000000ef280000)
  to   space 13824K, 0% used [0x00000000ed780000,0x00000000ed780000,0x00000000ee500000)
 ParOldGen       total 195584K, used 122238K [0x00000000c0000000, 0x00000000cbf00000, 0x00000000eab00000)
  object space 195584K, 62% used [0x00000000c0000000,0x00000000c775f970,0x00000000cbf00000)
 Metaspace       used 40495K, capacity 43201K, committed 43440K, reserved 1087488K
  class space    used 4143K, capacity 5099K, committed 5120K, reserved 1048576K
}
Event: 28.753 GC heap after
{Heap after GC invocations=45 (full 4):
 PSYoungGen      total 59392K, used 13818K [0x00000000eab00000, 0x00000000f0800000, 0x0000000100000000)
  eden space 45568K, 0% used [0x00000000eab00000,0x00000000eab00000,0x00000000ed780000)
  from space 13824K, 99% used [0x00000000ed780000,0x00000000ee4fe8c0,0x00000000ee500000)
  to   space 23040K, 0% used [0x00000000ef180000,0x00000000ef180000,0x00000000f0800000)
 ParOldGen       total 195584K, used 129652K [0x00000000c0000000, 0x00000000cbf00000, 0x00000000eab00000)
  object space 195584K, 66% used [0x00000000c0000000,0x00000000c7e9d100,0x00000000cbf00000)
 Metaspace       used 40495K, capacity 43201K, committed 43440K, reserved 1087488K
  class space    used 4143K, capacity 5099K, committed 5120K, reserved 1048576K
}
Event: 29.604 GC heap before
{Heap before GC invocations=46 (full 4):
 PSYoungGen      total 59392K, used 59386K [0x00000000eab00000, 0x00000000f0800000, 0x0000000100000000)
  eden space 45568K, 100% used [0x00000000eab00000,0x00000000ed780000,0x00000000ed780000)
  from space 13824K, 99% used [0x00000000ed780000,0x00000000ee4fe8c0,0x00000000ee500000)
  to   space 23040K, 0% used [0x00000000ef180000,0x00000000ef180000,0x00000000f0800000)
 ParOldGen       total 195584K, used 129652K [0x00000000c0000000, 0x00000000cbf00000, 0x00000000eab00000)
  object space 195584K, 66% used [0x00000000c0000000,0x00000000c7e9d100,0x00000000cbf00000)
 Metaspace       used 40536K, capacity 43265K, committed 43440K, reserved 1087488K
  class space    used 4143K, capacity 5099K, committed 5120K, reserved 1048576K
}
Event: 29.775 GC heap after
{Heap after GC invocations=46 (full 4):
 PSYoungGen      total 64512K, used 13358K [0x00000000eab00000, 0x00000000eff00000, 0x0000000100000000)
  eden space 50688K, 0% used [0x00000000eab00000,0x00000000eab00000,0x00000000edc80000)
  from space 13824K, 96% used [0x00000000ef180000,0x00000000efe8bbf0,0x00000000eff00000)
  to   space 16384K, 0% used [0x00000000edf00000,0x00000000edf00000,0x00000000eef00000)
 ParOldGen       total 195584K, used 138753K [0x00000000c0000000, 0x00000000cbf00000, 0x00000000eab00000)
  object space 195584K, 70% used [0x00000000c0000000,0x00000000c8780468,0x00000000cbf00000)
 Metaspace       used 40536K, capacity 43265K, committed 43440K, reserved 1087488K
  class space    used 4143K, capacity 5099K, committed 5120K, reserved 1048576K
}
Event: 30.560 GC heap before
{Heap before GC invocations=47 (full 4):
 PSYoungGen      total 64512K, used 64046K [0x00000000eab00000, 0x00000000eff00000, 0x0000000100000000)
  eden space 50688K, 100% used [0x00000000eab00000,0x00000000edc80000,0x00000000edc80000)
  from space 13824K, 96% used [0x00000000ef180000,0x00000000efe8bbf0,0x00000000eff00000)
  to   space 16384K, 0% used [0x00000000edf00000,0x00000000edf00000,0x00000000eef00000)
 ParOldGen       total 195584K, used 138753K [0x00000000c0000000, 0x00000000cbf00000, 0x00000000eab00000)
  object space 195584K, 70% used [0x00000000c0000000,0x00000000c8780468,0x00000000cbf00000)
 Metaspace       used 40702K, capacity 43524K, committed 43696K, reserved 1087488K
  class space    used 4156K, capacity 5099K, committed 5120K, reserved 1048576K
}
Event: 30.656 GC heap after
{Heap after GC invocations=47 (full 4):
 PSYoungGen      total 69632K, used 16374K [0x00000000eab00000, 0x00000000f1300000, 0x0000000100000000)
  eden space 53248K, 0% used [0x00000000eab00000,0x00000000eab00000,0x00000000edf00000)
  from space 16384K, 99% used [0x00000000edf00000,0x00000000eeefd818,0x00000000eef00000)
  to   space 25088K, 0% used [0x00000000efa80000,0x00000000efa80000,0x00000000f1300000)
 ParOldGen       total 195584K, used 145344K [0x00000000c0000000, 0x00000000cbf00000, 0x00000000eab00000)
  object space 195584K, 74% used [0x00000000c0000000,0x00000000c8df00e0,0x00000000cbf00000)
 Metaspace       used 40702K, capacity 43524K, committed 43696K, reserved 1087488K
  class space    used 4156K, capacity 5099K, committed 5120K, reserved 1048576K
}
Event: 31.651 GC heap before
{Heap before GC invocations=48 (full 4):
 PSYoungGen      total 69632K, used 69622K [0x00000000eab00000, 0x00000000f1300000, 0x0000000100000000)
  eden space 53248K, 100% used [0x00000000eab00000,0x00000000edf00000,0x00000000edf00000)
  from space 16384K, 99% used [0x00000000edf00000,0x00000000eeefd818,0x00000000eef00000)
  to   space 25088K, 0% used [0x00000000efa80000,0x00000000efa80000,0x00000000f1300000)
 ParOldGen       total 195584K, used 145344K [0x00000000c0000000, 0x00000000cbf00000, 0x00000000eab00000)
  object space 195584K, 74% used [0x00000000c0000000,0x00000000c8df00e0,0x00000000cbf00000)
 Metaspace       used 40743K, capacity 43525K, committed 43696K, reserved 1087488K
  class space    used 4156K, capacity 5099K, committed 5120K, reserved 1048576K
}
Event: 32.021 GC heap after
{Heap after GC invocations=48 (full 4):
 PSYoungGen      total 81920K, used 21152K [0x00000000eab00000, 0x00000000f1080000, 0x0000000100000000)
  eden space 59392K, 0% used [0x00000000eab00000,0x00000000eab00000,0x00000000ee500000)
  from space 22528K, 93% used [0x00000000efa80000,0x00000000f0f28100,0x00000000f1080000)
  to   space 22016K, 0% used [0x00000000ee500000,0x00000000ee500000,0x00000000efa80000)
 ParOldGen       total 195584K, used 154249K [0x00000000c0000000, 0x00000000cbf00000, 0x00000000eab00000)
  object space 195584K, 78% used [0x00000000c0000000,0x00000000c96a24c0,0x00000000cbf00000)
 Metaspace       used 40743K, capacity 43525K, committed 43696K, reserved 1087488K
  class space    used 4156K, capacity 5099K, committed 5120K, reserved 1048576K
}
Event: 34.389 GC heap before
{Heap before GC invocations=49 (full 4):
 PSYoungGen      total 81920K, used 80544K [0x00000000eab00000, 0x00000000f1080000, 0x0000000100000000)
  eden space 59392K, 100% used [0x00000000eab00000,0x00000000ee500000,0x00000000ee500000)
  from space 22528K, 93% used [0x00000000efa80000,0x00000000f0f28100,0x00000000f1080000)
  to   space 22016K, 0% used [0x00000000ee500000,0x00000000ee500000,0x00000000efa80000)
 ParOldGen       total 195584K, used 154249K [0x00000000c0000000, 0x00000000cbf00000, 0x00000000eab00000)
  object space 195584K, 78% used [0x00000000c0000000,0x00000000c96a24c0,0x00000000cbf00000)
 Metaspace       used 40818K, capacity 43590K, committed 43696K, reserved 1087488K
  class space    used 4162K, capacity 5099K, committed 5120K, reserved 1048576K
}
Event: 34.937 GC heap after
{Heap after GC invocations=49 (full 4):
 PSYoungGen      total 81408K, used 22010K [0x00000000eab00000, 0x00000000f3280000, 0x0000000100000000)
  eden space 59392K, 0% used [0x00000000eab00000,0x00000000eab00000,0x00000000ee500000)
  from space 22016K, 99% used [0x00000000ee500000,0x00000000efa7e818,0x00000000efa80000)
  to   space 35840K, 0% used [0x00000000f0f80000,0x00000000f0f80000,0x00000000f3280000)
 ParOldGen       total 195584K, used 165835K [0x00000000c0000000, 0x00000000cbf00000, 0x00000000eab00000)
  object space 195584K, 84% used [0x00000000c0000000,0x00000000ca1f2ec8,0x00000000cbf00000)
 Metaspace       used 40818K, capacity 43590K, committed 43696K, reserved 1087488K
  class space    used 4162K, capacity 5099K, committed 5120K, reserved 1048576K
}
Event: 40.638 GC heap before
{Heap before GC invocations=50 (full 4):
 PSYoungGen      total 81408K, used 81402K [0x00000000eab00000, 0x00000000f3280000, 0x0000000100000000)
  eden space 59392K, 100% used [0x00000000eab00000,0x00000000ee500000,0x00000000ee500000)
  from space 22016K, 99% used [0x00000000ee500000,0x00000000efa7e818,0x00000000efa80000)
  to   space 35840K, 0% used [0x00000000f0f80000,0x00000000f0f80000,0x00000000f3280000)
 ParOldGen       total 195584K, used 165835K [0x00000000c0000000, 0x00000000cbf00000, 0x00000000eab00000)
  object space 195584K, 84% used [0x00000000c0000000,0x00000000ca1f2ec8,0x00000000cbf00000)
 Metaspace       used 40819K, capacity 43590K, committed 43696K, reserved 1087488K
  class space    used 4162K, capacity 5099K, committed 5120K, reserved 1048576K
}
Event: 42.340 GC heap after
{Heap after GC invocations=50 (full 4):
 PSYoungGen      total 88576K, used 21163K [0x00000000eab00000, 0x00000000f2480000, 0x0000000100000000)
  eden space 67072K, 0% used [0x00000000eab00000,0x00000000eab00000,0x00000000eec80000)
  from space 21504K, 98% used [0x00000000f0f80000,0x00000000f242ac90,0x00000000f2480000)
  to   space 26112K, 0% used [0x00000000ef180000,0x00000000ef180000,0x00000000f0b00000)
 ParOldGen       total 195584K, used 179683K [0x00000000c0000000, 0x00000000cbf00000, 0x00000000eab00000)
  object space 195584K, 91% used [0x00000000c0000000,0x00000000caf78e38,0x00000000cbf00000)
 Metaspace       used 40819K, capacity 43590K, committed 43696K, reserved 1087488K
  class space    used 4162K, capacity 5099K, committed 5120K, reserved 1048576K
}
Event: 123.614 GC heap before
{Heap before GC invocations=51 (full 4):
 PSYoungGen      total 88576K, used 88235K [0x00000000eab00000, 0x00000000f2480000, 0x0000000100000000)
  eden space 67072K, 100% used [0x00000000eab00000,0x00000000eec80000,0x00000000eec80000)
  from space 21504K, 98% used [0x00000000f0f80000,0x00000000f242ac90,0x00000000f2480000)
  to   space 26112K, 0% used [0x00000000ef180000,0x00000000ef180000,0x00000000f0b00000)
 ParOldGen       total 195584K, used 179683K [0x00000000c0000000, 0x00000000cbf00000, 0x00000000eab00000)
  object space 195584K, 91% used [0x00000000c0000000,0x00000000caf78e38,0x00000000cbf00000)
 Metaspace       used 40860K, capacity 43718K, committed 43952K, reserved 1087488K
  class space    used 4167K, capacity 5099K, committed 5120K, reserved 1048576K
}

Deoptimization events (20 events):
Event: 33.939 Thread 0x00007fe0dc001800 Uncommon trap: trap_request=0xffffff4d fr.pc=0x00007fe0f43e1b8c relative=0x00000000000001cc
Event: 33.939 Thread 0x00007fe0dc001800 Uncommon trap: reason=unstable_if action=reinterpret pc=0x00007fe0f43e1b8c method=java.util.HashMap.getNode(ILjava/lang/Object;)Ljava/util/HashMap$Node; @ 53 c2
Event: 33.939 Thread 0x00007fe0dc001800 DEOPT PACKING pc=0x00007fe0f43e1b8c sp=0x00007fe0ae1e2330
Event: 33.939 Thread 0x00007fe0dc001800 DEOPT UNPACKING pc=0x00007fe0ec886ea5 sp=0x00007fe0ae1e22d8 mode 2
Event: 36.108 Thread 0x00007fe0dc001800 DEOPT PACKING pc=0x00007fe0ed064cb0 sp=0x00007fe0ae1e1f30
Event: 36.112 Thread 0x00007fe0dc001800 DEOPT UNPACKING pc=0x00007fe0ec88764a sp=0x00007fe0ae1e1468 mode 0
Event: 37.337 Thread 0x00007fe0dc001800 DEOPT PACKING pc=0x00007fe0ed258409 sp=0x00007fe0ae1e1ea0
Event: 37.369 Thread 0x00007fe0dc001800 DEOPT UNPACKING pc=0x00007fe0ec88764a sp=0x00007fe0ae1e1388 mode 0
Event: 40.029 Thread 0x00007fe0dc001800 DEOPT PACKING pc=0x00007fe0ed25866e sp=0x00007fe0ae1e1ea0
Event: 40.033 Thread 0x00007fe0dc001800 DEOPT UNPACKING pc=0x00007fe0ec88764a sp=0x00007fe0ae1e1398 mode 0
Event: 42.566 Thread 0x00007fe0dc001800 DEOPT PACKING pc=0x00007fe0ed064cb0 sp=0x00007fe0ae1e1f30
Event: 43.488 Thread 0x00007fe0dc001800 DEOPT UNPACKING pc=0x00007fe0ec88764a sp=0x00007fe0ae1e1468 mode 0
Event: 62.976 Thread 0x00007fe104256000 Uncommon trap: trap_request=0xffffffde fr.pc=0x00007fe0f438684c relative=0x0000000000000c0c
Event: 63.327 Thread 0x00007fe104256000 Uncommon trap: reason=class_check action=maybe_recompile pc=0x00007fe0f438684c method=java.util.concurrent.ConcurrentHashMap.putVal(Ljava/lang/Object;Ljava/lang/Object;Z)Ljava/lang/Object; @ 242 c2
Event: 64.605 Thread 0x00007fe104256000 DEOPT PACKING pc=0x00007fe0f438684c sp=0x00007fe10be86ce0
Event: 65.039 Thread 0x00007fe104256000 DEOPT UNPACKING pc=0x00007fe0ec886ea5 sp=0x00007fe10be86c60 mode 2
Event: 103.194 Thread 0x000055740b4df800 Uncommon trap: trap_request=0xffffff4d fr.pc=0x00007fe0f4432338 relative=0x0000000000000178
Event: 103.328 Thread 0x000055740b4df800 Uncommon trap: reason=unstable_if action=reinterpret pc=0x00007fe0f4432338 method=org.eclipse.jdt.internal.compiler.util.Util.isClassFileName(Ljava/lang/String;)Z @ 20 c2
Event: 103.462 Thread 0x000055740b4df800 DEOPT PACKING pc=0x00007fe0f4432338 sp=0x00007fe0aeee63f0
Event: 103.665 Thread 0x000055740b4df800 DEOPT UNPACKING pc=0x00007fe0ec886ea5 sp=0x00007fe0aeee6388 mode 2

Classes redefined (0 events):
No events

Internal exceptions (20 events):
Event: 14.624 Thread 0x00007fe0c4012800 Exception <a 'java/io/FileNotFoundException'{0x00000000eb23c000}> (0x00000000eb23c000) thrown at [src/hotspot/share/prims/jni.cpp, line 616]
Event: 15.743 Thread 0x00007fe0dc001800 Exception <a 'java/lang/NoSuchMethodError'{0x00000000eb989930}: 'java.lang.Object java.lang.invoke.Invokers$Holder.linkToTargetMethod(java.lang.Object, java.lang.Object, java.lang.Object, java.lang.Object, java.lang.Object, java.lang.Object)'> (0x00000000eb989930) thrown at [src/hotspot/share/interpreter/linkResolver.cpp, line 773]
Event: 15.782 Thread 0x00007fe0dc001800 Exception <a 'sun/nio/fs/UnixException'{0x00000000ebaba438}> (0x00000000ebaba438) thrown at [src/hotspot/share/prims/jni.cpp, line 616]
Event: 15.786 Thread 0x00007fe0dc001800 Exception <a 'sun/nio/fs/UnixException'{0x00000000ebabb690}> (0x00000000ebabb690) thrown at [src/hotspot/share/prims/jni.cpp, line 616]
Event: 15.797 Thread 0x00007fe0dc001800 Exception <a 'sun/nio/fs/UnixException'{0x00000000ebabf8b0}> (0x00000000ebabf8b0) thrown at [src/hotspot/share/prims/jni.cpp, line 616]
Event: 15.807 Thread 0x00007fe0dc001800 Exception <a 'sun/nio/fs/UnixException'{0x00000000ebac14c0}> (0x00000000ebac14c0) thrown at [src/hotspot/share/prims/jni.cpp, line 616]
Event: 15.827 Thread 0x00007fe0dc001800 Exception <a 'sun/nio/fs/UnixException'{0x00000000ebad5a98}> (0x00000000ebad5a98) thrown at [src/hotspot/share/prims/jni.cpp, line 616]
Event: 15.835 Thread 0x00007fe0dc001800 Exception <a 'sun/nio/fs/UnixException'{0x00000000ebbfcc78}> (0x00000000ebbfcc78) thrown at [src/hotspot/share/prims/jni.cpp, line 616]
Event: 15.985 Thread 0x00007fe0dc001800 Exception <a 'sun/nio/fs/UnixException'{0x00000000ebefc3f8}> (0x00000000ebefc3f8) thrown at [src/hotspot/share/prims/jni.cpp, line 616]
Event: 15.988 Thread 0x00007fe0dc001800 Exception <a 'sun/nio/fs/UnixException'{0x00000000ebefe758}> (0x00000000ebefe758) thrown at [src/hotspot/share/prims/jni.cpp, line 616]
Event: 15.993 Thread 0x00007fe0dc001800 Exception <a 'sun/nio/fs/UnixException'{0x00000000ebf00518}> (0x00000000ebf00518) thrown at [src/hotspot/share/prims/jni.cpp, line 616]
Event: 16.004 Thread 0x00007fe0dc001800 Exception <a 'sun/nio/fs/UnixException'{0x00000000ebf02320}> (0x00000000ebf02320) thrown at [src/hotspot/share/prims/jni.cpp, line 616]
Event: 16.013 Thread 0x00007fe0dc001800 Exception <a 'sun/nio/fs/UnixException'{0x00000000ebf06018}> (0x00000000ebf06018) thrown at [src/hotspot/share/prims/jni.cpp, line 616]
Event: 16.063 Thread 0x00007fe0dc001800 Exception <a 'sun/nio/fs/UnixException'{0x00000000eab55638}> (0x00000000eab55638) thrown at [src/hotspot/share/prims/jni.cpp, line 616]
Event: 16.545 Thread 0x000055740b4df800 Implicit null exception at 0x00007fe0f4448cdf to 0x00007fe0f4448ddc
Event: 19.113 Thread 0x00007fe0dc001800 Exception <a 'java/lang/NoSuchMethodError'{0x00000000eb4e9ab0}: 'java.lang.Object java.lang.invoke.DirectMethodHandle$Holder.invokeSpecial(java.lang.Object, java.lang.Object, java.lang.Object, java.lang.Object, java.lang.Object, java.lang.Object, java.lang.Object, java.lang.Object, java.lang.Object, java.lang.Object)'> (0x00000000eb4e9ab0) thrown at [src/hotspot/share/interpreter/linkResolver.cpp, line 773]
Event: 19.121 Thread 0x00007fe0dc001800 Exception <a 'java/lang/NoSuchMethodError'{0x00000000eb66a8e0}: 'java.lang.Object java.lang.invoke.DirectMethodHandle$Holder.invokeSpecial(java.lang.Object, java.lang.Object, java.lang.Object, java.lang.Object, java.lang.Object, java.lang.Object, java.lang.Object, java.lang.Object, java.lang.Object)'> (0x00000000eb66a8e0) thrown at [src/hotspot/share/interpreter/linkResolver.cpp, line 773]
Event: 19.121 Thread 0x00007fe0dc001800 Exception <a 'java/lang/NoSuchMethodError'{0x00000000eb66e830}: 'java.lang.Object java.lang.invoke.Invokers$Holder.linkToTargetMethod(java.lang.Object, java.lang.Object, java.lang.Object, java.lang.Object, java.lang.Object, java.lang.Object, java.lang.Object, java.lang.Object)'> (0x00000000eb66e830) thrown at [src/hotspot/share/interpreter/linkResolver.cpp, line 773]
Event: 20.470 Thread 0x00007fe0dc001800 Implicit null exception at 0x00007fe0f43b48a3 to 0x00007fe0f43b4e98
Event: 22.495 Thread 0x00007fe0dc001800 Exception <a 'java/io/FileNotFoundException'{0x00000000eadde398}> (0x00000000eadde398) thrown at [src/hotspot/share/prims/jni.cpp, line 616]

Events (20 events):
Event: 82.891 Executing VM operation: RevokeBias
Event: 83.358 loading class sun/security/jca/ProviderConfig$ProviderLoader
Event: 84.684 loading class sun/security/jca/ProviderConfig$ProviderLoader done
Event: 85.187 Executing VM operation: RevokeBias done
Event: 85.328 Executing VM operation: RevokeBias
Event: 85.572 Executing VM operation: RevokeBias done
Event: 85.702 Executing VM operation: RevokeBias
Event: 86.470 Executing VM operation: RevokeBias done
Event: 86.543 Executing VM operation: BulkRevokeBias
Event: 87.719 Executing VM operation: BulkRevokeBias done
Event: 95.465 Thread 0x00007fe0c4012800 Thread exited: 0x00007fe0c4012800
Event: 114.561 Executing VM operation: RevokeBias
Event: 114.887 Executing coalesced safepoint VM operation: Deoptimize
Event: 116.486 Executing coalesced safepoint VM operation: Deoptimize done
Event: 116.570 Executing VM operation: RevokeBias done
Event: 116.577 Executing VM operation: RevokeBias
Event: 116.940 Executing VM operation: RevokeBias done
Event: 117.007 Executing VM operation: RevokeBias
Event: 117.936 Executing VM operation: RevokeBias done
Event: 123.417 Executing VM operation: ParallelGCFailedAllocation


Dynamic libraries:
c0000000-cbf00000 rw-p 00000000 00:00 0 
cbf00000-eab00000 ---p 00000000 00:00 0 
eab00000-f2480000 rw-p 00000000 00:00 0 
f4280000-100000000 ---p 00000000 00:00 0 
800000000-800002000 rwxp 00001000 08:01 2995                             /usr/lib/jvm/java-11-openjdk-amd64/lib/server/classes.jsa
800002000-8003cb000 rw-p 00003000 08:01 2995                             /usr/lib/jvm/java-11-openjdk-amd64/lib/server/classes.jsa
8003cb000-800a99000 r--p 003cc000 08:01 2995                             /usr/lib/jvm/java-11-openjdk-amd64/lib/server/classes.jsa
800a99000-800a9a000 rw-p 00a9a000 08:01 2995                             /usr/lib/jvm/java-11-openjdk-amd64/lib/server/classes.jsa
800a9a000-8010ac000 r--p 00a9b000 08:01 2995                             /usr/lib/jvm/java-11-openjdk-amd64/lib/server/classes.jsa
840000000-840500000 rw-p 00000000 00:00 0 
840500000-880000000 ---p 00000000 00:00 0 
55740a203000-55740a204000 r-xp 00000000 08:01 2808                       /usr/lib/jvm/java-11-openjdk-amd64/bin/java
55740a404000-55740a405000 r--p 00001000 08:01 2808                       /usr/lib/jvm/java-11-openjdk-amd64/bin/java
55740a405000-55740a406000 rw-p 00002000 08:01 2808                       /usr/lib/jvm/java-11-openjdk-amd64/bin/java
55740b050000-55740b87b000 rw-p 00000000 00:00 0                          [heap]
7fe0a4a28000-7fe0a4c28000 rw-p 00000000 00:00 0 
7fe0a4c28000-7fe0a4c2c000 ---p 00000000 00:00 0 
7fe0a4c2c000-7fe0a4f29000 rw-p 00000000 00:00 0 
7fe0a4f31000-7fe0a5131000 rw-p 00000000 00:00 0 
7fe0a5131000-7fe0a5331000 rw-p 00000000 00:00 0 
7fe0a5331000-7fe0a5531000 rw-p 00000000 00:00 0 
7fe0a5620000-7fe0a5624000 ---p 00000000 00:00 0 
7fe0a5624000-7fe0a5721000 rw-p 00000000 00:00 0 
7fe0a5721000-7fe0adee4000 r--s 00000000 08:01 2757                       /usr/lib/jvm/java-11-openjdk-amd64/lib/modules
7fe0adee4000-7fe0ae0e4000 rw-p 00000000 00:00 0 
7fe0ae0e4000-7fe0ae0e8000 ---p 00000000 00:00 0 
7fe0ae0e8000-7fe0ae3e5000 rw-p 00000000 00:00 0 
7fe0ae3e5000-7fe0ae3e9000 ---p 00000000 00:00 0 
7fe0ae3e9000-7fe0ae6e6000 rw-p 00000000 00:00 0 
7fe0ae6e6000-7fe0ae6ea000 ---p 00000000 00:00 0 
7fe0ae6ea000-7fe0ae9e7000 rw-p 00000000 00:00 0 
7fe0ae9e7000-7fe0aebd3000 rw-p 00000000 00:00 0 
7fe0aebd3000-7fe0aebe7000 ---p 00000000 00:00 0 
7fe0aebe7000-7fe0aede7000 rw-p 00000000 00:00 0 
7fe0aede7000-7fe0aedeb000 ---p 00000000 00:00 0 
7fe0aedeb000-7fe0af0e8000 rw-p 00000000 00:00 0 
7fe0af0e8000-7fe0af0ec000 ---p 00000000 00:00 0 
7fe0af0ec000-7fe0af1e9000 rw-p 00000000 00:00 0 
7fe0af1e9000-7fe0af1ed000 ---p 00000000 00:00 0 
7fe0af1ed000-7fe0af2ea000 rw-p 00000000 00:00 0 
7fe0af2ea000-7fe0af2ee000 ---p 00000000 00:00 0 
7fe0af2ee000-7fe0af5eb000 rw-p 00000000 00:00 0 
7fe0af5eb000-7fe0af5ef000 ---p 00000000 00:00 0 
7fe0af5ef000-7fe0af8ec000 rw-p 00000000 00:00 0 
7fe0af8ec000-7fe0af8f0000 ---p 00000000 00:00 0 
7fe0af8f0000-7fe0afbed000 rw-p 00000000 00:00 0 
7fe0afbed000-7fe0afbf1000 ---p 00000000 00:00 0 
7fe0afbf1000-7fe0afcee000 rw-p 00000000 00:00 0 
7fe0afcee000-7fe0afcef000 ---p 00000000 00:00 0 
7fe0afcef000-7fe0afdef000 rw-p 00000000 00:00 0 
7fe0afdef000-7fe0afdff000 r-xp 00000000 08:01 47189                      /home/avril/.config/Code/User/globalStorage/redhat.java/1.1.0/config_linux/org.eclipse.equinox.launcher/org.eclipse.equinox.launcher.gtk.linux.x86_64_1.2.400.v20211116-1129/eclipse_11600.so
7fe0afdff000-7fe0afffe000 ---p 00010000 08:01 47189                      /home/avril/.config/Code/User/globalStorage/redhat.java/1.1.0/config_linux/org.eclipse.equinox.launcher/org.eclipse.equinox.launcher.gtk.linux.x86_64_1.2.400.v20211116-1129/eclipse_11600.so
7fe0afffe000-7fe0affff000 r--p 0000f000 08:01 47189                      /home/avril/.config/Code/User/globalStorage/redhat.java/1.1.0/config_linux/org.eclipse.equinox.launcher/org.eclipse.equinox.launcher.gtk.linux.x86_64_1.2.400.v20211116-1129/eclipse_11600.so
7fe0affff000-7fe0b0000000 rw-p 00010000 08:01 47189                      /home/avril/.config/Code/User/globalStorage/redhat.java/1.1.0/config_linux/org.eclipse.equinox.launcher/org.eclipse.equinox.launcher.gtk.linux.x86_64_1.2.400.v20211116-1129/eclipse_11600.so
7fe0b0000000-7fe0b0021000 rw-p 00000000 00:00 0 
7fe0b0021000-7fe0b4000000 ---p 00000000 00:00 0 
7fe0b4000000-7fe0b402b000 rw-p 00000000 00:00 0 
7fe0b402b000-7fe0b8000000 ---p 00000000 00:00 0 
7fe0b8000000-7fe0b8021000 rw-p 00000000 00:00 0 
7fe0b8021000-7fe0bc000000 ---p 00000000 00:00 0 
7fe0bc000000-7fe0bc021000 rw-p 00000000 00:00 0 
7fe0bc021000-7fe0c0000000 ---p 00000000 00:00 0 
7fe0c0000000-7fe0c0030000 rw-p 00000000 00:00 0 
7fe0c0030000-7fe0c4000000 ---p 00000000 00:00 0 
7fe0c4000000-7fe0c4044000 rw-p 00000000 00:00 0 
7fe0c4044000-7fe0c8000000 ---p 00000000 00:00 0 
7fe0c8000000-7fe0c9b3d000 rw-p 00000000 00:00 0 
7fe0c9b3d000-7fe0cc000000 ---p 00000000 00:00 0 
7fe0cc000000-7fe0cd5a3000 rw-p 00000000 00:00 0 
7fe0cd5a3000-7fe0d0000000 ---p 00000000 00:00 0 
7fe0d0000000-7fe0d0144000 rw-p 00000000 00:00 0 
7fe0d0144000-7fe0d4000000 ---p 00000000 00:00 0 
7fe0d4000000-7fe0d4021000 rw-p 00000000 00:00 0 
7fe0d4021000-7fe0d8000000 ---p 00000000 00:00 0 
7fe0d8000000-7fe0d8423000 rw-p 00000000 00:00 0 
7fe0d8423000-7fe0dc000000 ---p 00000000 00:00 0 
7fe0dc000000-7fe0dc021000 rw-p 00000000 00:00 0 
7fe0dc021000-7fe0e0000000 ---p 00000000 00:00 0 
7fe0e0000000-7fe0e0160000 rw-p 00000000 00:00 0 
7fe0e0160000-7fe0e4000000 ---p 00000000 00:00 0 
7fe0e403f000-7fe0e4043000 ---p 00000000 00:00 0 
7fe0e4043000-7fe0e4140000 rw-p 00000000 00:00 0 
7fe0e4140000-7fe0e4144000 ---p 00000000 00:00 0 
7fe0e4144000-7fe0e4241000 rw-p 00000000 00:00 0 
7fe0e4241000-7fe0e4245000 ---p 00000000 00:00 0 
7fe0e4245000-7fe0e4342000 rw-p 00000000 00:00 0 
7fe0e4342000-7fe0e4356000 r-xp 00000000 08:01 2776                       /usr/lib/jvm/java-11-openjdk-amd64/lib/libnet.so
7fe0e4356000-7fe0e4556000 ---p 00014000 08:01 2776                       /usr/lib/jvm/java-11-openjdk-amd64/lib/libnet.so
7fe0e4556000-7fe0e4557000 r--p 00014000 08:01 2776                       /usr/lib/jvm/java-11-openjdk-amd64/lib/libnet.so
7fe0e4557000-7fe0e4558000 rw-p 00015000 08:01 2776                       /usr/lib/jvm/java-11-openjdk-amd64/lib/libnet.so
7fe0e4558000-7fe0e4568000 r-xp 00000000 08:01 2763                       /usr/lib/jvm/java-11-openjdk-amd64/lib/libnio.so
7fe0e4568000-7fe0e4767000 ---p 00010000 08:01 2763                       /usr/lib/jvm/java-11-openjdk-amd64/lib/libnio.so
7fe0e4767000-7fe0e4768000 r--p 0000f000 08:01 2763                       /usr/lib/jvm/java-11-openjdk-amd64/lib/libnio.so
7fe0e4768000-7fe0e4769000 rw-p 00010000 08:01 2763                       /usr/lib/jvm/java-11-openjdk-amd64/lib/libnio.so
7fe0e4769000-7fe0e476a000 ---p 00000000 00:00 0 
7fe0e476a000-7fe0e486a000 rw-p 00000000 00:00 0 
7fe0e486a000-7fe0e486e000 ---p 00000000 00:00 0 
7fe0e486e000-7fe0e496b000 rw-p 00000000 00:00 0 
7fe0e496b000-7fe0e496f000 ---p 00000000 00:00 0 
7fe0e496f000-7fe0e4a6c000 rw-p 00000000 00:00 0 
7fe0e4a6c000-7fe0e4a70000 ---p 00000000 00:00 0 
7fe0e4a70000-7fe0e4b6d000 rw-p 00000000 00:00 0 
7fe0e4b6d000-7fe0e4b71000 ---p 00000000 00:00 0 
7fe0e4b71000-7fe0e4c6e000 rw-p 00000000 00:00 0 
7fe0e4c6e000-7fe0e4c72000 ---p 00000000 00:00 0 
7fe0e4c72000-7fe0e4d6f000 rw-p 00000000 00:00 0 
7fe0e4d6f000-7fe0e4d73000 ---p 00000000 00:00 0 
7fe0e4d73000-7fe0e4e70000 rw-p 00000000 00:00 0 
7fe0e4e70000-7fe0e52fb000 r--p 00000000 08:01 919232                     /usr/lib/locale/locale-archive
7fe0e52fb000-7fe0e52ff000 ---p 00000000 00:00 0 
7fe0e52ff000-7fe0e53fc000 rw-p 00000000 00:00 0 
7fe0e53fc000-7fe0e5400000 ---p 00000000 00:00 0 
7fe0e5400000-7fe0e54fd000 rw-p 00000000 00:00 0 
7fe0e54fd000-7fe0e54fe000 ---p 00000000 00:00 0 
7fe0e54fe000-7fe0e8000000 rw-p 00000000 00:00 0 
7fe0e8000000-7fe0e8021000 rw-p 00000000 00:00 0 
7fe0e8021000-7fe0ec000000 ---p 00000000 00:00 0 
7fe0ec037000-7fe0ec83d000 rw-p 00000000 00:00 0 
7fe0ec83d000-7fe0ecaad000 rwxp 00000000 00:00 0 
7fe0ecaad000-7fe0ecdcc000 ---p 00000000 00:00 0 
7fe0ecdcc000-7fe0edb3c000 rwxp 00000000 00:00 0 
7fe0edb3c000-7fe0f4304000 ---p 00000000 00:00 0 
7fe0f4304000-7fe0f4574000 rwxp 00000000 00:00 0 
7fe0f4574000-7fe0fb83d000 ---p 00000000 00:00 0 
7fe0fb83d000-7fe104000000 r--s 00000000 08:01 2757                       /usr/lib/jvm/java-11-openjdk-amd64/lib/modules
7fe104000000-7fe104468000 rw-p 00000000 00:00 0 
7fe104468000-7fe108000000 ---p 00000000 00:00 0 
7fe108025000-7fe1081a7000 rw-p 00000000 00:00 0 
7fe1081a7000-7fe1081a8000 ---p 00000000 00:00 0 
7fe1081a8000-7fe108308000 rw-p 00000000 00:00 0 
7fe108308000-7fe1083fe000 ---p 00000000 00:00 0 
7fe1083fe000-7fe10845e000 rw-p 00000000 00:00 0 
7fe10845e000-7fe108553000 ---p 00000000 00:00 0 
7fe108553000-7fe108591000 rw-p 00000000 00:00 0 
7fe108591000-7fe1085fe000 ---p 00000000 00:00 0 
7fe1085fe000-7fe108604000 rw-p 00000000 00:00 0 
7fe108604000-7fe1086ea000 ---p 00000000 00:00 0 
7fe1086ea000-7fe108705000 rw-p 00000000 00:00 0 
7fe108705000-7fe1087d5000 ---p 00000000 00:00 0 
7fe1087d5000-7fe1087dc000 r-xp 00000000 08:01 2785                       /usr/lib/jvm/java-11-openjdk-amd64/lib/libzip.so
7fe1087dc000-7fe1089dc000 ---p 00007000 08:01 2785                       /usr/lib/jvm/java-11-openjdk-amd64/lib/libzip.so
7fe1089dc000-7fe1089dd000 r--p 00007000 08:01 2785                       /usr/lib/jvm/java-11-openjdk-amd64/lib/libzip.so
7fe1089dd000-7fe1089de000 rw-p 00008000 08:01 2785                       /usr/lib/jvm/java-11-openjdk-amd64/lib/libzip.so
7fe1089de000-7fe1089e9000 r-xp 00000000 08:01 683070                     /lib/x86_64-linux-gnu/libnss_files-2.23.so
7fe1089e9000-7fe108be8000 ---p 0000b000 08:01 683070                     /lib/x86_64-linux-gnu/libnss_files-2.23.so
7fe108be8000-7fe108be9000 r--p 0000a000 08:01 683070                     /lib/x86_64-linux-gnu/libnss_files-2.23.so
7fe108be9000-7fe108bea000 rw-p 0000b000 08:01 683070                     /lib/x86_64-linux-gnu/libnss_files-2.23.so
7fe108bea000-7fe108bf0000 rw-p 00000000 00:00 0 
7fe108bf0000-7fe108bfb000 r-xp 00000000 08:01 683077                     /lib/x86_64-linux-gnu/libnss_nis-2.23.so
7fe108bfb000-7fe108dfa000 ---p 0000b000 08:01 683077                     /lib/x86_64-linux-gnu/libnss_nis-2.23.so
7fe108dfa000-7fe108dfb000 r--p 0000a000 08:01 683077                     /lib/x86_64-linux-gnu/libnss_nis-2.23.so
7fe108dfb000-7fe108dfc000 rw-p 0000b000 08:01 683077                     /lib/x86_64-linux-gnu/libnss_nis-2.23.so
7fe108dfc000-7fe108e12000 r-xp 00000000 08:01 683078                     /lib/x86_64-linux-gnu/libnsl-2.23.so
7fe108e12000-7fe109011000 ---p 00016000 08:01 683078                     /lib/x86_64-linux-gnu/libnsl-2.23.so
7fe109011000-7fe109012000 r--p 00015000 08:01 683078                     /lib/x86_64-linux-gnu/libnsl-2.23.so
7fe109012000-7fe109013000 rw-p 00016000 08:01 683078                     /lib/x86_64-linux-gnu/libnsl-2.23.so
7fe109013000-7fe109015000 rw-p 00000000 00:00 0 
7fe109015000-7fe10901d000 r-xp 00000000 08:01 683080                     /lib/x86_64-linux-gnu/libnss_compat-2.23.so
7fe10901d000-7fe10921c000 ---p 00008000 08:01 683080                     /lib/x86_64-linux-gnu/libnss_compat-2.23.so
7fe10921c000-7fe10921d000 r--p 00007000 08:01 683080                     /lib/x86_64-linux-gnu/libnss_compat-2.23.so
7fe10921d000-7fe10921e000 rw-p 00008000 08:01 683080                     /lib/x86_64-linux-gnu/libnss_compat-2.23.so
7fe10921e000-7fe109239000 r-xp 00000000 08:01 2760                       /usr/lib/jvm/java-11-openjdk-amd64/lib/libjimage.so
7fe109239000-7fe109439000 ---p 0001b000 08:01 2760                       /usr/lib/jvm/java-11-openjdk-amd64/lib/libjimage.so
7fe109439000-7fe10943b000 r--p 0001b000 08:01 2760                       /usr/lib/jvm/java-11-openjdk-amd64/lib/libjimage.so
7fe10943b000-7fe10943c000 rw-p 0001d000 08:01 2760                       /usr/lib/jvm/java-11-openjdk-amd64/lib/libjimage.so
7fe10943c000-7fe109464000 r-xp 00000000 08:01 2783                       /usr/lib/jvm/java-11-openjdk-amd64/lib/libjava.so
7fe109464000-7fe109664000 ---p 00028000 08:01 2783                       /usr/lib/jvm/java-11-openjdk-amd64/lib/libjava.so
7fe109664000-7fe109665000 r--p 00028000 08:01 2783                       /usr/lib/jvm/java-11-openjdk-amd64/lib/libjava.so
7fe109665000-7fe109666000 rw-p 00029000 08:01 2783                       /usr/lib/jvm/java-11-openjdk-amd64/lib/libjava.so
7fe109666000-7fe109667000 rw-p 00000000 00:00 0 
7fe109667000-7fe109674000 r-xp 00000000 08:01 2782                       /usr/lib/jvm/java-11-openjdk-amd64/lib/libverify.so
7fe109674000-7fe109873000 ---p 0000d000 08:01 2782                       /usr/lib/jvm/java-11-openjdk-amd64/lib/libverify.so
7fe109873000-7fe109875000 r--p 0000c000 08:01 2782                       /usr/lib/jvm/java-11-openjdk-amd64/lib/libverify.so
7fe109875000-7fe109876000 rw-p 0000e000 08:01 2782                       /usr/lib/jvm/java-11-openjdk-amd64/lib/libverify.so
7fe109876000-7fe10987d000 r-xp 00000000 08:01 683069                     /lib/x86_64-linux-gnu/librt-2.23.so
7fe10987d000-7fe109a7c000 ---p 00007000 08:01 683069                     /lib/x86_64-linux-gnu/librt-2.23.so
7fe109a7c000-7fe109a7d000 r--p 00006000 08:01 683069                     /lib/x86_64-linux-gnu/librt-2.23.so
7fe109a7d000-7fe109a7e000 rw-p 00007000 08:01 683069                     /lib/x86_64-linux-gnu/librt-2.23.so
7fe109a7e000-7fe109b86000 r-xp 00000000 08:01 683074                     /lib/x86_64-linux-gnu/libm-2.23.so
7fe109b86000-7fe109d85000 ---p 00108000 08:01 683074                     /lib/x86_64-linux-gnu/libm-2.23.so
7fe109d85000-7fe109d86000 r--p 00107000 08:01 683074                     /lib/x86_64-linux-gnu/libm-2.23.so
7fe109d86000-7fe109d87000 rw-p 00108000 08:01 683074                     /lib/x86_64-linux-gnu/libm-2.23.so
7fe109d87000-7fe10aeb1000 r-xp 00000000 08:01 2800                       /usr/lib/jvm/java-11-openjdk-amd64/lib/server/libjvm.so
7fe10aeb1000-7fe10b0b1000 ---p 0112a000 08:01 2800                       /usr/lib/jvm/java-11-openjdk-amd64/lib/server/libjvm.so
7fe10b0b1000-7fe10b176000 r--p 0112a000 08:01 2800                       /usr/lib/jvm/java-11-openjdk-amd64/lib/server/libjvm.so
7fe10b176000-7fe10b1b1000 rw-p 011ef000 08:01 2800                       /usr/lib/jvm/java-11-openjdk-amd64/lib/server/libjvm.so
7fe10b1b1000-7fe10b208000 rw-p 00000000 00:00 0 
7fe10b208000-7fe10b220000 r-xp 00000000 08:01 683061                     /lib/x86_64-linux-gnu/libpthread-2.23.so
7fe10b220000-7fe10b41f000 ---p 00018000 08:01 683061                     /lib/x86_64-linux-gnu/libpthread-2.23.so
7fe10b41f000-7fe10b420000 r--p 00017000 08:01 683061                     /lib/x86_64-linux-gnu/libpthread-2.23.so
7fe10b420000-7fe10b421000 rw-p 00018000 08:01 683061                     /lib/x86_64-linux-gnu/libpthread-2.23.so
7fe10b421000-7fe10b425000 rw-p 00000000 00:00 0 
7fe10b425000-7fe10b428000 r-xp 00000000 08:01 683066                     /lib/x86_64-linux-gnu/libdl-2.23.so
7fe10b428000-7fe10b627000 ---p 00003000 08:01 683066                     /lib/x86_64-linux-gnu/libdl-2.23.so
7fe10b627000-7fe10b628000 r--p 00002000 08:01 683066                     /lib/x86_64-linux-gnu/libdl-2.23.so
7fe10b628000-7fe10b629000 rw-p 00003000 08:01 683066                     /lib/x86_64-linux-gnu/libdl-2.23.so
7fe10b629000-7fe10b642000 r-xp 00000000 08:01 670155                     /lib/x86_64-linux-gnu/libz.so.1.2.8
7fe10b642000-7fe10b841000 ---p 00019000 08:01 670155                     /lib/x86_64-linux-gnu/libz.so.1.2.8
7fe10b841000-7fe10b842000 r--p 00018000 08:01 670155                     /lib/x86_64-linux-gnu/libz.so.1.2.8
7fe10b842000-7fe10b843000 rw-p 00019000 08:01 670155                     /lib/x86_64-linux-gnu/libz.so.1.2.8
7fe10b843000-7fe10ba03000 r-xp 00000000 08:01 683079                     /lib/x86_64-linux-gnu/libc-2.23.so
7fe10ba03000-7fe10bc03000 ---p 001c0000 08:01 683079                     /lib/x86_64-linux-gnu/libc-2.23.so
7fe10bc03000-7fe10bc07000 r--p 001c0000 08:01 683079                     /lib/x86_64-linux-gnu/libc-2.23.so
7fe10bc07000-7fe10bc09000 rw-p 001c4000 08:01 683079                     /lib/x86_64-linux-gnu/libc-2.23.so
7fe10bc09000-7fe10bc0d000 rw-p 00000000 00:00 0 
7fe10bc0d000-7fe10bc1c000 r-xp 00000000 08:01 2796                       /usr/lib/jvm/java-11-openjdk-amd64/lib/jli/libjli.so
7fe10bc1c000-7fe10be1b000 ---p 0000f000 08:01 2796                       /usr/lib/jvm/java-11-openjdk-amd64/lib/jli/libjli.so
7fe10be1b000-7fe10be1c000 r--p 0000e000 08:01 2796                       /usr/lib/jvm/java-11-openjdk-amd64/lib/jli/libjli.so
7fe10be1c000-7fe10be1d000 rw-p 0000f000 08:01 2796                       /usr/lib/jvm/java-11-openjdk-amd64/lib/jli/libjli.so
7fe10be1d000-7fe10be43000 r-xp 00000000 08:01 683071                     /lib/x86_64-linux-gnu/ld-2.23.so
7fe10be45000-7fe10be49000 ---p 00000000 00:00 0 
7fe10be49000-7fe10be67000 rw-p 00000000 00:00 0 
7fe10be67000-7fe10be6b000 ---p 00000000 00:00 0 
7fe10be6b000-7fe10be89000 rw-p 00000000 00:00 0 
7fe10be89000-7fe10be90000 r--s 00000000 08:01 6314                       /usr/lib/x86_64-linux-gnu/gconv/gconv-modules.cache
7fe10be90000-7fe10beb1000 r--p 00000000 08:01 149037                     /usr/share/locale-langpack/zh_CN/LC_MESSAGES/libc.mo
7fe10beb1000-7fe10bf20000 rw-p 00000000 00:00 0 
7fe10bf20000-7fe10bf24000 ---p 00000000 00:00 0 
7fe10bf24000-7fe10c025000 rw-p 00000000 00:00 0 
7fe10c029000-7fe10c02e000 rw-p 00000000 00:00 0 
7fe10c02e000-7fe10c035000 ---p 00000000 00:00 0 
7fe10c035000-7fe10c037000 r--s 00007000 08:01 212998                     /usr/share/java/java-atk-wrapper.jar
7fe10c037000-7fe10c03f000 rw-s 00000000 08:01 136630                     /tmp/hsperfdata_avril/6466
7fe10c03f000-7fe10c040000 ---p 00000000 00:00 0 
7fe10c040000-7fe10c041000 r--p 00000000 00:00 0 
7fe10c041000-7fe10c042000 rw-p 00000000 00:00 0 
7fe10c042000-7fe10c043000 r--p 00025000 08:01 683071                     /lib/x86_64-linux-gnu/ld-2.23.so
7fe10c043000-7fe10c044000 rw-p 00026000 08:01 683071                     /lib/x86_64-linux-gnu/ld-2.23.so
7fe10c044000-7fe10c045000 rw-p 00000000 00:00 0 
7ffc7ddd1000-7ffc7ddf3000 rw-p 00000000 00:00 0                          [stack]
7ffc7ddf7000-7ffc7ddfa000 r--p 00000000 00:00 0                          [vvar]
7ffc7ddfa000-7ffc7ddfc000 r-xp 00000000 00:00 0                          [vdso]
ffffffffff600000-ffffffffff601000 r-xp 00000000 00:00 0                  [vsyscall]


VM Arguments:
jvm_args: --add-modules=ALL-SYSTEM --add-opens=java.base/java.util=ALL-UNNAMED --add-opens=java.base/java.lang=ALL-UNNAMED -Declipse.application=org.eclipse.jdt.ls.core.id1 -Dosgi.bundles.defaultStartLevel=4 -Declipse.product=org.eclipse.jdt.ls.core.product -Djava.import.generatesMetadataFilesAtProjectRoot=false -Dfile.encoding=utf8 -XX:+UseParallelGC -XX:GCTimeRatio=4 -XX:AdaptiveSizePolicyWeight=90 -Dsun.zip.disableMemoryMapping=true -Xmx1G -Xms100m -XX:+HeapDumpOnOutOfMemoryError -XX:HeapDumpPath=/home/avril/.config/Code/User/workspaceStorage/619656ee03035ebf821f5dc3027b01c7/redhat.java -Xverify:none 
java_command: /home/avril/.vscode/extensions/redhat.java-1.1.0/server/plugins/org.eclipse.equinox.launcher_1.6.400.v20210924-0641.jar -configuration /home/avril/.config/Code/User/globalStorage/redhat.java/1.1.0/config_linux -data /home/avril/.config/Code/User/workspaceStorage/619656ee03035ebf821f5dc3027b01c7/redhat.java/jdt_ws
java_class_path (initial): /home/avril/.vscode/extensions/redhat.java-1.1.0/server/plugins/org.eclipse.equinox.launcher_1.6.400.v20210924-0641.jar
Launcher Type: SUN_STANDARD

[Global flags]
    uintx AdaptiveSizePolicyWeight                 = 90                                        {product} {command line}
     bool BytecodeVerificationLocal                = false                                     {product} {command line}
     bool BytecodeVerificationRemote               = false                                     {product} {command line}
     intx CICompilerCount                          = 2                                         {product} {ergonomic}
    uintx GCTimeRatio                              = 4                                         {product} {command line}
     bool HeapDumpOnOutOfMemoryError               = true                                   {manageable} {command line}
    ccstr HeapDumpPath                             = /home/avril/.config/Code/User/workspaceStorage/619656ee03035ebf821f5dc3027b01c7/redhat.java         {manageable} {command line}
   size_t InitialHeapSize                          = 104857600                                 {product} {command line}
   size_t MaxHeapSize                              = 1073741824                                {product} {command line}
   size_t MaxNewSize                               = 357564416                                 {product} {ergonomic}
   size_t MinHeapDeltaBytes                        = 524288                                    {product} {ergonomic}
   size_t NewSize                                  = 34603008                                  {product} {ergonomic}
    uintx NonNMethodCodeHeapSize                   = 5825164                                {pd product} {ergonomic}
    uintx NonProfiledCodeHeapSize                  = 122916538                              {pd product} {ergonomic}
   size_t OldSize                                  = 70254592                                  {product} {ergonomic}
    uintx ProfiledCodeHeapSize                     = 122916538                              {pd product} {ergonomic}
    uintx ReservedCodeCacheSize                    = 251658240                              {pd product} {ergonomic}
     bool SegmentedCodeCache                       = true                                      {product} {ergonomic}
     bool UseCompressedClassPointers               = true                                 {lp64_product} {ergonomic}
     bool UseCompressedOops                        = true                                 {lp64_product} {ergonomic}
     bool UseParallelGC                            = true                                      {product} {command line}

Logging:
Log output configuration:
 #0: stdout all=warning uptime,level,tags
 #1: stderr all=off uptime,level,tags

Environment Variables:
JAVA_HOME=/usr/lib/jvm/java-11-openjdk-amd64/
CLASSPATH=.:/usr/lib/jvm/java-11-openjdk-amd64//lib
PATH=/home/avril/bin:/home/avril/.local/bin:/usr/lib/jvm/java-11-openjdk-amd64//bin:/home/avril/bin:/home/avril/.local/bin:/usr/lib/jvm/java-11-openjdk-amd64//bin:/usr/local/sbin:/usr/local/bin:/usr/sbin:/usr/bin:/sbin:/bin:/usr/games:/usr/local/games:/snap/bin
SHELL=
DISPLAY=:0
LANG=zh_CN.UTF-8

Signal Handlers:
SIGSEGV: [libjvm.so+0xe2ba40], sa_mask[0]=11111111011111111101111111111110, sa_flags=SA_RESTART|SA_SIGINFO
SIGBUS: [libjvm.so+0xe2ba40], sa_mask[0]=11111111011111111101111111111110, sa_flags=SA_RESTART|SA_SIGINFO
SIGFPE: [libjvm.so+0xe2ba40], sa_mask[0]=11111111011111111101111111111110, sa_flags=SA_RESTART|SA_SIGINFO
SIGPIPE: [libjvm.so+0xb81e20], sa_mask[0]=11111111011111111101111111111110, sa_flags=SA_RESTART|SA_SIGINFO
SIGXFSZ: [libjvm.so+0xb81e20], sa_mask[0]=11111111011111111101111111111110, sa_flags=SA_RESTART|SA_SIGINFO
SIGILL: [libjvm.so+0xe2ba40], sa_mask[0]=11111111011111111101111111111110, sa_flags=SA_RESTART|SA_SIGINFO
SIGUSR2: [libjvm.so+0xb81cb0], sa_mask[0]=00000000000000000000000000000000, sa_flags=SA_RESTART|SA_SIGINFO
SIGHUP: [libjvm.so+0xb82170], sa_mask[0]=11111111011111111101111111111110, sa_flags=SA_RESTART|SA_SIGINFO
SIGINT: [libjvm.so+0xb82170], sa_mask[0]=11111111011111111101111111111110, sa_flags=SA_RESTART|SA_SIGINFO
SIGTERM: [libjvm.so+0xb82170], sa_mask[0]=11111111011111111101111111111110, sa_flags=SA_RESTART|SA_SIGINFO
SIGQUIT: [libjvm.so+0xb82170], sa_mask[0]=11111111011111111101111111111110, sa_flags=SA_RESTART|SA_SIGINFO


---------------  S Y S T E M  ---------------

OS:DISTRIB_ID=Ubuntu
DISTRIB_RELEASE=16.04
DISTRIB_CODENAME=xenial
DISTRIB_DESCRIPTION="Ubuntu 16.04.3 LTS"
uname:Linux 4.15.0-142-generic #146~16.04.1-Ubuntu SMP Tue Apr 13 09:27:15 UTC 2021 x86_64
OS uptime: 0 days 1:24 hours
libc:glibc 2.23 NPTL 2.23 
rlimit (soft/hard): STACK 8192k/infinity , CORE 0k/infinity , NPROC 7640/7640 , NOFILE 1048576/1048576 , AS infinity/infinity , CPU infinity/infinity , DATA infinity/infinity , FSIZE infinity/infinity , MEMLOCK 64k/64k
load average:19.45 16.75 18.93

/proc/meminfo:
MemTotal:        2017540 kB
MemFree:           53540 kB
MemAvailable:       2992 kB
Buffers:             260 kB
Cached:            17260 kB
SwapCached:          444 kB
Active:          1157096 kB
Inactive:         397452 kB
Active(anon):    1154928 kB
Inactive(anon):   393028 kB
Active(file):       2168 kB
Inactive(file):     4424 kB
Unevictable:          48 kB
Mlocked:              48 kB
SwapTotal:       1046524 kB
SwapFree:              0 kB
Dirty:                32 kB
Writeback:             8 kB
AnonPages:       1537220 kB
Mapped:             3708 kB
Shmem:             10624 kB
Slab:             135872 kB
SReclaimable:      42572 kB
SUnreclaim:        93300 kB
KernelStack:       13504 kB
PageTables:        42800 kB
NFS_Unstable:          0 kB
Bounce:                0 kB
WritebackTmp:          0 kB
CommitLimit:     2055292 kB
Committed_AS:    6928808 kB
VmallocTotal:   34359738367 kB
VmallocUsed:           0 kB
VmallocChunk:          0 kB
HardwareCorrupted:     0 kB
AnonHugePages:         0 kB
ShmemHugePages:        0 kB
ShmemPmdMapped:        0 kB
CmaTotal:              0 kB
CmaFree:               0 kB
HugePages_Total:       0
HugePages_Free:        0
HugePages_Rsvd:        0
HugePages_Surp:        0
Hugepagesize:       2048 kB
DirectMap4k:      161664 kB
DirectMap2M:     1935360 kB
DirectMap1G:           0 kB

/sys/kernel/mm/transparent_hugepage/enabled:
always [madvise] never
/sys/kernel/mm/transparent_hugepage/defrag (defrag/compaction efforts parameter):
always defer defer+madvise [madvise] never

Process Memory:
Virtual Size: 3784216K (peak: 12165676K)
Resident Set Size: 434084K (peak: 434652K) (anon: 434084K, file: 0K, shmem: 0K)
Swapped out: 2856K
C-Heap outstanding allocations: 22718K

/proc/sys/kernel/threads-max (system-wide limit on the number of threads):
15281
/proc/sys/vm/max_map_count (maximum number of memory map areas a process may have):
65530
/proc/sys/kernel/pid_max (system-wide limit on number of process identifiers):
131072

container (cgroup) information:
container_type: cgroupv1
cpu_cpuset_cpus: 0-1
cpu_memory_nodes: 0
active_processor_count: 2
cpu_quota: -1
cpu_period: 100000
cpu_shares: -1
memory_limit_in_bytes: -1
memory_and_swap_limit_in_bytes: -2
memory_soft_limit_in_bytes: -1
memory_usage_in_bytes: 1640013824
memory_max_usage_in_bytes: 1683709952

VMWare virtualization detected
Steal ticks since vm start: 0
Steal ticks percentage since vm start:  0.000

CPU:total 2 (initial active 2) (1 cores per cpu, 1 threads per core) family 6 model 78 stepping 3 microcode 0xba, cmov, cx8, fxsr, mmx, sse, sse2, sse3, ssse3, sse4.1, sse4.2, popcnt, avx, avx2, aes, clmul, erms, 3dnowpref, lzcnt, tsc, tscinvbit, bmi1, bmi2, adx, fma
CPU Model and flags from /proc/cpuinfo:
model name	: Intel(R) Core(TM) i5-6200U CPU @ 2.30GHz
flags		: fpu vme de pse tsc msr pae mce cx8 apic sep mtrr pge mca cmov pat pse36 clflush mmx fxsr sse sse2 ss syscall nx pdpe1gb rdtscp lm constant_tsc arch_perfmon nopl xtopology tsc_reliable nonstop_tsc cpuid pni pclmulqdq ssse3 fma cx16 pcid sse4_1 sse4_2 x2apic movbe popcnt tsc_deadline_timer aes xsave avx f16c rdrand hypervisor lahf_lm abm 3dnowprefetch cpuid_fault invpcid_single pti fsgsbase tsc_adjust bmi1 avx2 smep bmi2 invpcid rdseed adx smap xsaveopt arat
Online cpus:
0-1
Offline cpus:
2-127
BIOS frequency limitation:
<Not Available>
Frequency switch latency (ns):
<Not Available>
Available cpu frequencies:
<Not Available>
Current governor:
<Not Available>
Core performance/turbo boost:
<Not Available>

Memory: 4k page, physical 2017540k(54044k free), swap 1046524k(0k free)

vm_info: OpenJDK 64-Bit Server VM (11.0.14+9-Ubuntu-0ubuntu2.16.04) for linux-amd64 JRE (11.0.14+9-Ubuntu-0ubuntu2.16.04), built on Jan 25 2022 16:29:35 by "unknown" with gcc 8.4.0

END.
