#
# There is insufficient memory for the Java Runtime Environment to continue.
# Native memory allocation (mmap) failed to map 130023424 bytes for committing reserved memory.
# Possible reasons:
#   The system is out of physical RAM or swap space
#   The process is running with CompressedOops enabled, and the Java Heap may be blocking the growth of the native heap
# Possible solutions:
#   Reduce memory load on the system
#   Increase physical memory or swap space
#   Check if swap backing store is full
#   Decrease Java heap size (-Xmx/-Xms)
#   Decrease number of Java threads
#   Decrease Java thread stack sizes (-Xss)
#   Set larger code cache with -XX:ReservedCodeCacheSize=
#   JVM is running with Unscaled Compressed Oops mode in which the Java heap is
#     placed in the first 4GB address space. The Java Heap base address is the
#     maximum limit for the native heap growth. Please use -XX:HeapBaseMinAddress
#     to set the Java Heap base and to place the Java Heap above 4GB virtual address.
# This output file may be truncated or incomplete.
#
#  Out of Memory Error (os_linux.cpp:3007), pid=6334, tid=6337
#
# JRE version: OpenJDK Runtime Environment (11.0.14+9) (build 11.0.14+9-Ubuntu-0ubuntu2.16.04)
# Java VM: OpenJDK 64-Bit Server VM (11.0.14+9-Ubuntu-0ubuntu2.16.04, mixed mode, sharing, tiered, compressed oops, parallel gc, linux-amd64)
# Core dump will be written. Default location: Core dumps may be processed with "/usr/share/apport/apport %p %s %c %d %P %E" (or dumping to /home/avril/SA-2022/HW07/aw07-August0830/pos-order/core.6334)
#

---------------  S U M M A R Y ------------

Command Line: --add-modules=ALL-SYSTEM --add-opens=java.base/java.util=ALL-UNNAMED --add-opens=java.base/java.lang=ALL-UNNAMED -Declipse.application=org.eclipse.jdt.ls.core.id1 -Dosgi.bundles.defaultStartLevel=4 -Declipse.product=org.eclipse.jdt.ls.core.product -Djava.import.generatesMetadataFilesAtProjectRoot=false -Dfile.encoding=utf8 -XX:+UseParallelGC -XX:GCTimeRatio=4 -XX:AdaptiveSizePolicyWeight=90 -Dsun.zip.disableMemoryMapping=true -Xmx1G -Xms100m -XX:+HeapDumpOnOutOfMemoryError -XX:HeapDumpPath=/home/avril/.config/Code/User/workspaceStorage/619656ee03035ebf821f5dc3027b01c7/redhat.java -Xverify:none /home/avril/.vscode/extensions/redhat.java-1.1.0/server/plugins/org.eclipse.equinox.launcher_1.6.400.v20210924-0641.jar -configuration /home/avril/.config/Code/User/globalStorage/redhat.java/1.1.0/config_linux -data /home/avril/.config/Code/User/workspaceStorage/619656ee03035ebf821f5dc3027b01c7/redhat.java/jdt_ws

Host: Intel(R) Core(TM) i5-6200U CPU @ 2.30GHz, 2 cores, 1G, Ubuntu 16.04.3 LTS
Time: Mon May 16 11:46:21 2022 CST elapsed time: 42.921366 seconds (0d 0h 0m 42s)

---------------  T H R E A D  ---------------

Current thread (0x00007f451812b800):  VMThread "VM Thread" [stack: 0x00007f44f8df7000,0x00007f44f8ef7000] [id=6337]

Stack: [0x00007f44f8df7000,0x00007f44f8ef7000],  sp=0x00007f44f8ef4d60,  free space=1015k
Native frames: (J=compiled Java code, A=aot compiled Java code, j=interpreted, Vv=VM code, C=native code)
V  [libjvm.so+0xe2aa76]
V  [libjvm.so+0xe2b9eb]
V  [libjvm.so+0x6554c5]
V  [libjvm.so+0xb86eaa]
V  [libjvm.so+0xb7d2af]
V  [libjvm.so+0xc11d9e]
V  [libjvm.so+0xbfbf9c]
V  [libjvm.so+0xbfc1d0]
V  [libjvm.so+0xbfc89e]
V  [libjvm.so+0xc0858b]
V  [libjvm.so+0xc105d5]
V  [libjvm.so+0xbafe09]
V  [libjvm.so+0xe2ded5]
V  [libjvm.so+0xe2d408]
V  [libjvm.so+0xe33417]
V  [libjvm.so+0xe33aa8]
V  [libjvm.so+0xe33db3]
V  [libjvm.so+0xdc5ae9]
V  [libjvm.so+0xb8b8ce]

VM_Operation (0x00007f44d27bb610): ParallelGCFailedAllocation, mode: safepoint, requested by thread 0x00005564dff21000


---------------  P R O C E S S  ---------------

Threads class SMR info:
_java_thread_list=0x00007f44ec31f240, length=35, elements={
0x00007f4518028000, 0x00007f451812e800, 0x00007f4518130800, 0x00007f451813b000,
0x00007f451813d000, 0x00007f451813f000, 0x00007f4518141000, 0x00007f4518143000,
0x00007f4518164000, 0x00007f451826d000, 0x00007f451837b000, 0x00007f45183a8000,
0x00007f45183c0000, 0x00005564dfb38000, 0x00005564dfd21800, 0x00005564dfd84800,
0x00007f44d8009800, 0x00007f44d4001000, 0x00005564dff21000, 0x00007f45183d2800,
0x00007f451845e800, 0x00007f44d800b800, 0x00007f44f0009800, 0x00007f44f000c000,
0x00007f44ec243800, 0x00007f44ec4d9000, 0x00007f44ec4da800, 0x00007f44ec4dd000,
0x00007f44ec4df000, 0x00007f44ec4e0800, 0x00007f44c801b800, 0x00007f44c801d800,
0x00007f44c8022000, 0x00007f44cc002000, 0x00007f44cc003000
}

Java Threads: ( => current thread )
  0x00007f4518028000 JavaThread "main" [_thread_blocked, id=6335, stack(0x00007f451f90b000,0x00007f451fa0c000)]
  0x00007f451812e800 JavaThread "Reference Handler" daemon [_thread_blocked, id=6338, stack(0x00007f44f8cf5000,0x00007f44f8df6000)]
  0x00007f4518130800 JavaThread "Finalizer" daemon [_thread_blocked, id=6339, stack(0x00007f44f8bf4000,0x00007f44f8cf5000)]
  0x00007f451813b000 JavaThread "Signal Dispatcher" daemon [_thread_blocked, id=6340, stack(0x00007f44f8668000,0x00007f44f8769000)]
  0x00007f451813d000 JavaThread "Service Thread" daemon [_thread_blocked, id=6341, stack(0x00007f44f8567000,0x00007f44f8668000)]
  0x00007f451813f000 JavaThread "C2 CompilerThread0" daemon [_thread_blocked, id=6342, stack(0x00007f44f8466000,0x00007f44f8567000)]
  0x00007f4518141000 JavaThread "C1 CompilerThread0" daemon [_thread_blocked, id=6343, stack(0x00007f44f8365000,0x00007f44f8466000)]
  0x00007f4518143000 JavaThread "Sweeper thread" daemon [_thread_blocked, id=6344, stack(0x00007f44f8264000,0x00007f44f8365000)]
  0x00007f4518164000 JavaThread "Common-Cleaner" daemon [_thread_blocked, id=6345, stack(0x00007f44f8163000,0x00007f44f8264000)]
  0x00007f451826d000 JavaThread "process reaper" daemon [_thread_blocked, id=6348, stack(0x00007f451f852000,0x00007f451f874000)]
  0x00007f451837b000 JavaThread "Active Thread: Equinox Container: 81f24bd8-810d-4e37-95a9-9684a673e1d4" [_thread_blocked, id=6349, stack(0x00007f44d3ad8000,0x00007f44d3bd9000)]
  0x00007f45183a8000 JavaThread "Framework Event Dispatcher: Equinox Container: 81f24bd8-810d-4e37-95a9-9684a673e1d4" daemon [_thread_blocked, id=6350, stack(0x00007f44d39d7000,0x00007f44d3ad8000)]
  0x00007f45183c0000 JavaThread "Start Level: Equinox Container: 81f24bd8-810d-4e37-95a9-9684a673e1d4" daemon [_thread_blocked, id=6351, stack(0x00007f44d38d6000,0x00007f44d39d7000)]
  0x00005564dfb38000 JavaThread "SCR Component Actor" daemon [_thread_blocked, id=6353, stack(0x00007f44d34c3000,0x00007f44d35c4000)]
  0x00005564dfd21800 JavaThread "Worker-JM" [_thread_blocked, id=6355, stack(0x00007f44d2ec1000,0x00007f44d2fc2000)]
  0x00005564dfd84800 JavaThread "Worker-0" [_thread_blocked, id=6356, stack(0x00007f44d2bc0000,0x00007f44d2cc1000)]
  0x00007f44d8009800 JavaThread "Worker-1: Updating Maven Dependencies" [_thread_blocked, id=6357, stack(0x00007f44d2abf000,0x00007f44d2bc0000)]
  0x00007f44d4001000 JavaThread "Worker-2" [_thread_blocked, id=6358, stack(0x00007f44d29be000,0x00007f44d2abf000)]
  0x00005564dff21000 JavaThread "Java indexing" daemon [_thread_blocked, id=6359, stack(0x00007f44d26bd000,0x00007f44d27be000)]
  0x00007f45183d2800 JavaThread "pool-3-thread-1" [_thread_blocked, id=6360, stack(0x00007f44d31c2000,0x00007f44d32c3000)]
  0x00007f451845e800 JavaThread "pool-2-thread-1" [_thread_blocked, id=6363, stack(0x00007f44d1dbc000,0x00007f44d1ebd000)]
  0x00007f44d800b800 JavaThread "Worker-3: Java indexing... " [_thread_blocked, id=6364, stack(0x00007f44d1abb000,0x00007f44d1bbc000)]
  0x00007f44f0009800 JavaThread "Worker-4: Initialize Workspace" [_thread_blocked, id=6365, stack(0x00007f44d19ba000,0x00007f44d1abb000)]
  0x00007f44f000c000 JavaThread "Worker-5" [_thread_blocked, id=6366, stack(0x00007f44d12b9000,0x00007f44d13ba000)]
  0x00007f44ec243800 JavaThread "Bundle File Closer" daemon [_thread_blocked, id=6367, stack(0x00007f44d0db8000,0x00007f44d0eb9000)]
  0x00007f44ec4d9000 JavaThread "AetherRepositoryConnector-repo.maven.apache.org-0-0" daemon [_thread_blocked, id=6368, stack(0x00007f44d0140000,0x00007f44d0241000)]
  0x00007f44ec4da800 JavaThread "AetherRepositoryConnector-repo.maven.apache.org-0-1" daemon [_thread_blocked, id=6369, stack(0x00007f44d003f000,0x00007f44d0140000)]
  0x00007f44ec4dd000 JavaThread "AetherRepositoryConnector-repo.maven.apache.org-0-2" daemon [_thread_blocked, id=6370, stack(0x00007f44b773c000,0x00007f44b783d000)]
  0x00007f44ec4df000 JavaThread "AetherRepositoryConnector-repo.maven.apache.org-0-3" daemon [_thread_blocked, id=6371, stack(0x00007f44b763b000,0x00007f44b773c000)]
  0x00007f44ec4e0800 JavaThread "AetherRepositoryConnector-repo.maven.apache.org-0-4" daemon [_thread_blocked, id=6372, stack(0x00007f44b753a000,0x00007f44b763b000)]
  0x00007f44c801b800 JavaThread "OkHttp repo.maven.apache.org" daemon [_thread_blocked, id=6373, stack(0x00007f44b6714000,0x00007f44b6815000)]
  0x00007f44c801d800 JavaThread "OkHttp ConnectionPool" daemon [_thread_blocked, id=6374, stack(0x00007f44b6613000,0x00007f44b6714000)]
  0x00007f44c8022000 JavaThread "Okio Watchdog" daemon [_thread_blocked, id=6377, stack(0x00007f44b6411000,0x00007f44b6512000)]
  0x00007f44cc002000 JavaThread "OkHttp repo.maven.apache.org Writer" [_thread_blocked, id=6378, stack(0x00007f44b6512000,0x00007f44b6613000)]
  0x00007f44cc003000 JavaThread "OkHttp Http2Connection" daemon [_thread_blocked, id=6379, stack(0x00007f44d0670000,0x00007f44d0771000)]

Other Threads:
=>0x00007f451812b800 VMThread "VM Thread" [stack: 0x00007f44f8df7000,0x00007f44f8ef7000] [id=6337]
  0x00007f45181a6000 WatcherThread [stack: 0x00007f44f8063000,0x00007f44f8163000] [id=6346]
  0x00007f4518040000 GCTaskThread "ParGC Thread#0" [stack: 0x00007f45002fb000,0x00007f45003fb000] [id=6336]
  0x00007f44f4001000 GCTaskThread "ParGC Thread#1" [stack: 0x00007f44d35c5000,0x00007f44d36c5000] [id=6352]

Threads with active compile tasks:
C2 CompilerThread0  42926 7000 % !   4       org.eclipse.jdt.internal.core.search.indexing.BinaryIndexer::indexDocument @ 585 (1144 bytes)

VM state:at safepoint (normal execution)

VM Mutex/Monitor currently owned by a thread:  ([mutex/lock_event])
[0x00007f45180237c0] ExpandHeap_lock - owner thread: 0x00007f451812b800
[0x00007f4518023f10] Threads_lock - owner thread: 0x00007f451812b800
[0x00007f45180246f0] Heap_lock - owner thread: 0x00005564dff21000

Heap address: 0x00000000c0000000, size: 1024 MB, Compressed Oops mode: 32-bit
Narrow klass base: 0x0000000800000000, Narrow klass shift: 3
Compressed class space size: 1073741824 Address: 0x0000000840000000

Heap:
 PSYoungGen      total 90624K, used 17202K [0x00000000eab00000, 0x00000000f2380000, 0x0000000100000000)
  eden space 66560K, 0% used [0x00000000eab00000,0x00000000eab00000,0x00000000eec00000)
  from space 24064K, 71% used [0x00000000f0c00000,0x00000000f1ccc890,0x00000000f2380000)
  to   space 28160K, 0% used [0x00000000eec80000,0x00000000eec80000,0x00000000f0800000)
 ParOldGen       total 207360K, used 207039K [0x00000000c0000000, 0x00000000cca80000, 0x00000000eab00000)
  object space 207360K, 99% used [0x00000000c0000000,0x00000000cca2fde8,0x00000000cca80000)
 Metaspace       used 46043K, capacity 48824K, committed 49200K, reserved 1093632K
  class space    used 4747K, capacity 5707K, committed 5760K, reserved 1048576K

Card table byte_map: [0x00007f4500551000,0x00007f4500752000] _byte_map_base: 0x00007f44fff51000

Marking Bits: (ParMarkBitMap*) 0x00007f451ebcada0
 Begin Bits: [0x00007f44fa000000, 0x00007f44fb000000)
 End Bits:   [0x00007f44fb000000, 0x00007f44fc000000)

Polling page: 0x00007f451fa2a000

Metaspace:

Usage:
  Non-class:     42.11 MB capacity,    40.33 MB ( 96%) used,     1.68 MB (  4%) free+waste,   103.94 KB ( <1%) overhead. 
      Class:      5.57 MB capacity,     4.64 MB ( 83%) used,   909.09 KB ( 16%) free+waste,    50.56 KB ( <1%) overhead. 
       Both:     47.68 MB capacity,    44.96 MB ( 94%) used,     2.56 MB (  5%) free+waste,   154.50 KB ( <1%) overhead. 

Virtual space:
  Non-class space:       44.00 MB reserved,      42.42 MB ( 96%) committed 
      Class space:        1.00 GB reserved,       5.62 MB ( <1%) committed 
             Both:        1.04 GB reserved,      48.05 MB (  4%) committed 

Chunk freelists:
   Non-Class:  179.00 KB
       Class:  21.00 KB
        Both:  200.00 KB

MaxMetaspaceSize: unlimited
CompressedClassSpaceSize: 1.00 GB
Initial GC threshold: 20.80 MB
Current GC threshold: 70.70 MB
CDS: on

CodeHeap 'non-profiled nmethods': size=120036Kb used=2170Kb max_used=2170Kb free=117865Kb
 bounds [0x00007f4508304000, 0x00007f4508574000, 0x00007f450f83d000]
CodeHeap 'profiled nmethods': size=120032Kb used=14522Kb max_used=14522Kb free=105509Kb
 bounds [0x00007f4500dcc000, 0x00007f4501bfc000, 0x00007f4508304000]
CodeHeap 'non-nmethods': size=5692Kb used=1322Kb max_used=1390Kb free=4369Kb
 bounds [0x00007f450083d000, 0x00007f4500aad000, 0x00007f4500dcc000]
 total_blobs=7486 nmethods=6860 adapters=539
 compilation: enabled
              stopped_count=0, restarted_count=0
 full_count=0

Compilation events (20 events):
Event: 38.629 Thread 0x00007f4518141000 7024       2       com.sun.crypto.provider.CounterMode::crypt (32 bytes)
Event: 38.629 Thread 0x00007f4518141000 nmethod 7024 0x00007f4501bf4d10 code [0x00007f4501bf4ee0, 0x00007f4501bf5140]
Event: 38.629 Thread 0x00007f4518141000 7025       1       com.google.gson.stream.JsonWriter::setLenient (6 bytes)
Event: 38.629 Thread 0x00007f4518141000 nmethod 7025 0x00007f4508514a10 code [0x00007f4508514bc0, 0x00007f4508514c90]
Event: 38.630 Thread 0x00007f4518141000 7026       1       com.google.gson.stream.JsonWriter::setHtmlSafe (6 bytes)
Event: 38.630 Thread 0x00007f4518141000 nmethod 7026 0x00007f4508514d10 code [0x00007f4508514ec0, 0x00007f4508514f90]
Event: 38.950 Thread 0x00007f4518141000 7028       2       com.sun.crypto.provider.CounterMode::<init> (41 bytes)
Event: 38.950 Thread 0x00007f4518141000 nmethod 7028 0x00007f4501bf5310 code [0x00007f4501bf54c0, 0x00007f4501bf57e0]
Event: 38.951 Thread 0x00007f4518141000 7029   !   2       java.net.SocketInputStream::read (226 bytes)
Event: 38.953 Thread 0x00007f4518141000 nmethod 7029 0x00007f4501bf5910 code [0x00007f4501bf5c00, 0x00007f4501bf6970]
Event: 38.953 Thread 0x00007f4518141000 7030       2       java.net.SocketInputStream::socketRead (12 bytes)
Event: 38.953 Thread 0x00007f4518141000 nmethod 7030 0x00007f4501bf7090 code [0x00007f4501bf7240, 0x00007f4501bf7360]
Event: 38.953 Thread 0x00007f4518141000 7031       2       java.net.SocketInputStream::read (15 bytes)
Event: 38.953 Thread 0x00007f4518141000 nmethod 7031 0x00007f4501bf7410 code [0x00007f4501bf75c0, 0x00007f4501bf7700]
Event: 39.199 Thread 0x00007f451813f000 nmethod 6272 0x00007f4508515410 code [0x00007f4508515e40, 0x00007f450851df80]
Event: 39.199 Thread 0x00007f451813f000 7000 % !   4       org.eclipse.jdt.internal.core.search.indexing.BinaryIndexer::indexDocument @ 585 (1144 bytes)
Event: 39.318 Thread 0x00007f4518141000 7033       3       org.eclipse.jdt.internal.core.search.indexing.BinaryIndexer::extractReferenceFromConstantPool (341 bytes)
Event: 39.332 Thread 0x00007f4518141000 nmethod 7033 0x00007f4501bf7810 code [0x00007f4501bf7be0, 0x00007f4501bf9900]
Event: 39.353 Thread 0x00007f4518141000 7034       2       org.eclipse.jdt.internal.core.search.indexing.AbstractIndexer::addModuleReference (12 bytes)
Event: 39.354 Thread 0x00007f4518141000 nmethod 7034 0x00007f4501bfa390 code [0x00007f4501bfa560, 0x00007f4501bfa750]

GC Heap History (20 events):
Event: 30.532 GC heap after
{Heap after GC invocations=45 (full 4):
 PSYoungGen      total 46080K, used 7156K [0x00000000eab00000, 0x00000000ef000000, 0x0000000100000000)
  eden space 38912K, 0% used [0x00000000eab00000,0x00000000eab00000,0x00000000ed100000)
  from space 7168K, 99% used [0x00000000ed100000,0x00000000ed7fd1f0,0x00000000ed800000)
  to   space 14848K, 0% used [0x00000000ee180000,0x00000000ee180000,0x00000000ef000000)
 ParOldGen       total 204288K, used 123285K [0x00000000c0000000, 0x00000000cc780000, 0x00000000eab00000)
  object space 204288K, 60% used [0x00000000c0000000,0x00000000c7865748,0x00000000cc780000)
 Metaspace       used 40500K, capacity 43200K, committed 43440K, reserved 1087488K
  class space    used 4143K, capacity 5099K, committed 5120K, reserved 1048576K
}
Event: 31.150 GC heap before
{Heap before GC invocations=46 (full 4):
 PSYoungGen      total 46080K, used 46068K [0x00000000eab00000, 0x00000000ef000000, 0x0000000100000000)
  eden space 38912K, 100% used [0x00000000eab00000,0x00000000ed100000,0x00000000ed100000)
  from space 7168K, 99% used [0x00000000ed100000,0x00000000ed7fd1f0,0x00000000ed800000)
  to   space 14848K, 0% used [0x00000000ee180000,0x00000000ee180000,0x00000000ef000000)
 ParOldGen       total 204288K, used 123285K [0x00000000c0000000, 0x00000000cc780000, 0x00000000eab00000)
  object space 204288K, 60% used [0x00000000c0000000,0x00000000c7865748,0x00000000cc780000)
 Metaspace       used 40657K, capacity 43394K, committed 43696K, reserved 1087488K
  class space    used 4157K, capacity 5099K, committed 5120K, reserved 1048576K
}
Event: 31.199 GC heap after
{Heap after GC invocations=46 (full 4):
 PSYoungGen      total 53248K, used 10932K [0x00000000eab00000, 0x00000000eec80000, 0x0000000100000000)
  eden space 41984K, 0% used [0x00000000eab00000,0x00000000eab00000,0x00000000ed400000)
  from space 11264K, 97% used [0x00000000ee180000,0x00000000eec2d248,0x00000000eec80000)
  to   space 12288K, 0% used [0x00000000ed480000,0x00000000ed480000,0x00000000ee080000)
 ParOldGen       total 204288K, used 126372K [0x00000000c0000000, 0x00000000cc780000, 0x00000000eab00000)
  object space 204288K, 61% used [0x00000000c0000000,0x00000000c7b690d8,0x00000000cc780000)
 Metaspace       used 40657K, capacity 43394K, committed 43696K, reserved 1087488K
  class space    used 4157K, capacity 5099K, committed 5120K, reserved 1048576K
}
Event: 31.783 GC heap before
{Heap before GC invocations=47 (full 4):
 PSYoungGen      total 53248K, used 52916K [0x00000000eab00000, 0x00000000eec80000, 0x0000000100000000)
  eden space 41984K, 100% used [0x00000000eab00000,0x00000000ed400000,0x00000000ed400000)
  from space 11264K, 97% used [0x00000000ee180000,0x00000000eec2d248,0x00000000eec80000)
  to   space 12288K, 0% used [0x00000000ed480000,0x00000000ed480000,0x00000000ee080000)
 ParOldGen       total 204288K, used 126372K [0x00000000c0000000, 0x00000000cc780000, 0x00000000eab00000)
  object space 204288K, 61% used [0x00000000c0000000,0x00000000c7b690d8,0x00000000cc780000)
 Metaspace       used 40702K, capacity 43397K, committed 43696K, reserved 1087488K
  class space    used 4157K, capacity 5099K, committed 5120K, reserved 1048576K
}
Event: 31.842 GC heap after
{Heap after GC invocations=47 (full 4):
 PSYoungGen      total 54784K, used 12276K [0x00000000eab00000, 0x00000000efd80000, 0x0000000100000000)
  eden space 42496K, 0% used [0x00000000eab00000,0x00000000eab00000,0x00000000ed480000)
  from space 12288K, 99% used [0x00000000ed480000,0x00000000ee07d120,0x00000000ee080000)
  to   space 19456K, 0% used [0x00000000eea80000,0x00000000eea80000,0x00000000efd80000)
 ParOldGen       total 204288K, used 131848K [0x00000000c0000000, 0x00000000cc780000, 0x00000000eab00000)
  object space 204288K, 64% used [0x00000000c0000000,0x00000000c80c2108,0x00000000cc780000)
 Metaspace       used 40702K, capacity 43397K, committed 43696K, reserved 1087488K
  class space    used 4157K, capacity 5099K, committed 5120K, reserved 1048576K
}
Event: 32.744 GC heap before
{Heap before GC invocations=48 (full 4):
 PSYoungGen      total 54784K, used 54772K [0x00000000eab00000, 0x00000000efd80000, 0x0000000100000000)
  eden space 42496K, 100% used [0x00000000eab00000,0x00000000ed480000,0x00000000ed480000)
  from space 12288K, 99% used [0x00000000ed480000,0x00000000ee07d120,0x00000000ee080000)
  to   space 19456K, 0% used [0x00000000eea80000,0x00000000eea80000,0x00000000efd80000)
 ParOldGen       total 204288K, used 131848K [0x00000000c0000000, 0x00000000cc780000, 0x00000000eab00000)
  object space 204288K, 64% used [0x00000000c0000000,0x00000000c80c2108,0x00000000cc780000)
 Metaspace       used 41742K, capacity 44458K, committed 44848K, reserved 1089536K
  class space    used 4255K, capacity 5170K, committed 5248K, reserved 1048576K
}
Event: 32.851 GC heap after
{Heap after GC invocations=48 (full 4):
 PSYoungGen      total 59904K, used 13643K [0x00000000eab00000, 0x00000000ef800000, 0x0000000100000000)
  eden space 46080K, 0% used [0x00000000eab00000,0x00000000eab00000,0x00000000ed800000)
  from space 13824K, 98% used [0x00000000eea80000,0x00000000ef7d2e70,0x00000000ef800000)
  to   space 15360K, 0% used [0x00000000eda00000,0x00000000eda00000,0x00000000ee900000)
 ParOldGen       total 204288K, used 139802K [0x00000000c0000000, 0x00000000cc780000, 0x00000000eab00000)
  object space 204288K, 68% used [0x00000000c0000000,0x00000000c8886978,0x00000000cc780000)
 Metaspace       used 41742K, capacity 44458K, committed 44848K, reserved 1089536K
  class space    used 4255K, capacity 5170K, committed 5248K, reserved 1048576K
}
Event: 33.600 GC heap before
{Heap before GC invocations=49 (full 4):
 PSYoungGen      total 59904K, used 59723K [0x00000000eab00000, 0x00000000ef800000, 0x0000000100000000)
  eden space 46080K, 100% used [0x00000000eab00000,0x00000000ed800000,0x00000000ed800000)
  from space 13824K, 98% used [0x00000000eea80000,0x00000000ef7d2e70,0x00000000ef800000)
  to   space 15360K, 0% used [0x00000000eda00000,0x00000000eda00000,0x00000000ee900000)
 ParOldGen       total 204288K, used 139802K [0x00000000c0000000, 0x00000000cc780000, 0x00000000eab00000)
  object space 204288K, 68% used [0x00000000c0000000,0x00000000c8886978,0x00000000cc780000)
 Metaspace       used 43081K, capacity 45845K, committed 46000K, reserved 1089536K
  class space    used 4397K, capacity 5312K, committed 5376K, reserved 1048576K
}
Event: 33.647 GC heap after
{Heap after GC invocations=49 (full 4):
 PSYoungGen      total 63488K, used 15347K [0x00000000eab00000, 0x00000000f0d80000, 0x0000000100000000)
  eden space 48128K, 0% used [0x00000000eab00000,0x00000000eab00000,0x00000000eda00000)
  from space 15360K, 99% used [0x00000000eda00000,0x00000000ee8fcc48,0x00000000ee900000)
  to   space 25600K, 0% used [0x00000000ef480000,0x00000000ef480000,0x00000000f0d80000)
 ParOldGen       total 204288K, used 148243K [0x00000000c0000000, 0x00000000cc780000, 0x00000000eab00000)
  object space 204288K, 72% used [0x00000000c0000000,0x00000000c90c4f48,0x00000000cc780000)
 Metaspace       used 43081K, capacity 45845K, committed 46000K, reserved 1089536K
  class space    used 4397K, capacity 5312K, committed 5376K, reserved 1048576K
}
Event: 34.686 GC heap before
{Heap before GC invocations=50 (full 4):
 PSYoungGen      total 63488K, used 63475K [0x00000000eab00000, 0x00000000f0d80000, 0x0000000100000000)
  eden space 48128K, 100% used [0x00000000eab00000,0x00000000eda00000,0x00000000eda00000)
  from space 15360K, 99% used [0x00000000eda00000,0x00000000ee8fcc48,0x00000000ee900000)
  to   space 25600K, 0% used [0x00000000ef480000,0x00000000ef480000,0x00000000f0d80000)
 ParOldGen       total 204288K, used 148243K [0x00000000c0000000, 0x00000000cc780000, 0x00000000eab00000)
  object space 204288K, 72% used [0x00000000c0000000,0x00000000c90c4f48,0x00000000cc780000)
 Metaspace       used 45619K, capacity 48387K, committed 48688K, reserved 1091584K
  class space    used 4715K, capacity 5647K, committed 5760K, reserved 1048576K
}
Event: 34.822 GC heap after
{Heap after GC invocations=50 (full 4):
 PSYoungGen      total 72192K, used 19659K [0x00000000eab00000, 0x00000000f0800000, 0x0000000100000000)
  eden space 52224K, 0% used [0x00000000eab00000,0x00000000eab00000,0x00000000ede00000)
  from space 19968K, 98% used [0x00000000ef480000,0x00000000f07b2dd8,0x00000000f0800000)
  to   space 21504K, 0% used [0x00000000ede00000,0x00000000ede00000,0x00000000ef300000)
 ParOldGen       total 204288K, used 157630K [0x00000000c0000000, 0x00000000cc780000, 0x00000000eab00000)
  object space 204288K, 77% used [0x00000000c0000000,0x00000000c99ef818,0x00000000cc780000)
 Metaspace       used 45619K, capacity 48387K, committed 48688K, reserved 1091584K
  class space    used 4715K, capacity 5647K, committed 5760K, reserved 1048576K
}
Event: 35.651 GC heap before
{Heap before GC invocations=51 (full 4):
 PSYoungGen      total 72192K, used 71883K [0x00000000eab00000, 0x00000000f0800000, 0x0000000100000000)
  eden space 52224K, 100% used [0x00000000eab00000,0x00000000ede00000,0x00000000ede00000)
  from space 19968K, 98% used [0x00000000ef480000,0x00000000f07b2dd8,0x00000000f0800000)
  to   space 21504K, 0% used [0x00000000ede00000,0x00000000ede00000,0x00000000ef300000)
 ParOldGen       total 204288K, used 157630K [0x00000000c0000000, 0x00000000cc780000, 0x00000000eab00000)
  object space 204288K, 77% used [0x00000000c0000000,0x00000000c99ef818,0x00000000cc780000)
 Metaspace       used 45958K, capacity 48771K, committed 49200K, reserved 1093632K
  class space    used 4748K, capacity 5711K, committed 5760K, reserved 1048576K
}
Event: 35.733 GC heap after
{Heap after GC invocations=51 (full 4):
 PSYoungGen      total 73728K, used 21496K [0x00000000eab00000, 0x00000000f2500000, 0x0000000100000000)
  eden space 52224K, 0% used [0x00000000eab00000,0x00000000eab00000,0x00000000ede00000)
  from space 21504K, 99% used [0x00000000ede00000,0x00000000ef2fe258,0x00000000ef300000)
  to   space 34304K, 0% used [0x00000000f0380000,0x00000000f0380000,0x00000000f2500000)
 ParOldGen       total 204288K, used 168189K [0x00000000c0000000, 0x00000000cc780000, 0x00000000eab00000)
  object space 204288K, 82% used [0x00000000c0000000,0x00000000ca43f738,0x00000000cc780000)
 Metaspace       used 45958K, capacity 48771K, committed 49200K, reserved 1093632K
  class space    used 4748K, capacity 5711K, committed 5760K, reserved 1048576K
}
Event: 36.719 GC heap before
{Heap before GC invocations=52 (full 4):
 PSYoungGen      total 73728K, used 73720K [0x00000000eab00000, 0x00000000f2500000, 0x0000000100000000)
  eden space 52224K, 100% used [0x00000000eab00000,0x00000000ede00000,0x00000000ede00000)
  from space 21504K, 99% used [0x00000000ede00000,0x00000000ef2fe258,0x00000000ef300000)
  to   space 34304K, 0% used [0x00000000f0380000,0x00000000f0380000,0x00000000f2500000)
 ParOldGen       total 204288K, used 168189K [0x00000000c0000000, 0x00000000cc780000, 0x00000000eab00000)
  object space 204288K, 82% used [0x00000000c0000000,0x00000000ca43f738,0x00000000cc780000)
 Metaspace       used 45997K, capacity 48835K, committed 49200K, reserved 1093632K
  class space    used 4749K, capacity 5711K, committed 5760K, reserved 1048576K
}
Event: 36.895 GC heap after
{Heap after GC invocations=52 (full 4):
 PSYoungGen      total 76288K, used 19435K [0x00000000eab00000, 0x00000000f1680000, 0x0000000100000000)
  eden space 56832K, 0% used [0x00000000eab00000,0x00000000eab00000,0x00000000ee280000)
  from space 19456K, 99% used [0x00000000f0380000,0x00000000f167afb8,0x00000000f1680000)
  to   space 24064K, 0% used [0x00000000ee780000,0x00000000ee780000,0x00000000eff00000)
 ParOldGen       total 204288K, used 181532K [0x00000000c0000000, 0x00000000cc780000, 0x00000000eab00000)
  object space 204288K, 88% used [0x00000000c0000000,0x00000000cb147238,0x00000000cc780000)
 Metaspace       used 45997K, capacity 48835K, committed 49200K, reserved 1093632K
  class space    used 4749K, capacity 5711K, committed 5760K, reserved 1048576K
}
Event: 38.299 GC heap before
{Heap before GC invocations=53 (full 4):
 PSYoungGen      total 76288K, used 76267K [0x00000000eab00000, 0x00000000f1680000, 0x0000000100000000)
  eden space 56832K, 100% used [0x00000000eab00000,0x00000000ee280000,0x00000000ee280000)
  from space 19456K, 99% used [0x00000000f0380000,0x00000000f167afb8,0x00000000f1680000)
  to   space 24064K, 0% used [0x00000000ee780000,0x00000000ee780000,0x00000000eff00000)
 ParOldGen       total 204288K, used 181532K [0x00000000c0000000, 0x00000000cc780000, 0x00000000eab00000)
  object space 204288K, 88% used [0x00000000c0000000,0x00000000cb147238,0x00000000cc780000)
 Metaspace       used 46039K, capacity 48835K, committed 49200K, reserved 1093632K
  class space    used 4749K, capacity 5711K, committed 5760K, reserved 1048576K
}
Event: 38.395 GC heap after
{Heap after GC invocations=53 (full 4):
 PSYoungGen      total 85504K, used 24045K [0x00000000eab00000, 0x00000000f3100000, 0x0000000100000000)
  eden space 61440K, 0% used [0x00000000eab00000,0x00000000eab00000,0x00000000ee700000)
  from space 24064K, 99% used [0x00000000ee780000,0x00000000efefb518,0x00000000eff00000)
  to   space 37888K, 0% used [0x00000000f0c00000,0x00000000f0c00000,0x00000000f3100000)
 ParOldGen       total 204288K, used 192356K [0x00000000c0000000, 0x00000000cc780000, 0x00000000eab00000)
  object space 204288K, 94% used [0x00000000c0000000,0x00000000cbbd9208,0x00000000cc780000)
 Metaspace       used 46039K, capacity 48835K, committed 49200K, reserved 1093632K
  class space    used 4749K, capacity 5711K, committed 5760K, reserved 1048576K
}
Event: 39.818 GC heap before
{Heap before GC invocations=54 (full 4):
 PSYoungGen      total 85504K, used 85485K [0x00000000eab00000, 0x00000000f3100000, 0x0000000100000000)
  eden space 61440K, 100% used [0x00000000eab00000,0x00000000ee700000,0x00000000ee700000)
  from space 24064K, 99% used [0x00000000ee780000,0x00000000efefb518,0x00000000eff00000)
  to   space 37888K, 0% used [0x00000000f0c00000,0x00000000f0c00000,0x00000000f3100000)
 ParOldGen       total 204288K, used 192356K [0x00000000c0000000, 0x00000000cc780000, 0x00000000eab00000)
  object space 204288K, 94% used [0x00000000c0000000,0x00000000cbbd9208,0x00000000cc780000)
 Metaspace       used 46050K, capacity 48835K, committed 49200K, reserved 1093632K
  class space    used 4749K, capacity 5711K, committed 5760K, reserved 1048576K
}
Event: 39.928 GC heap after
{Heap after GC invocations=54 (full 4):
 PSYoungGen      total 90624K, used 23895K [0x00000000eab00000, 0x00000000f2380000, 0x0000000100000000)
  eden space 66560K, 0% used [0x00000000eab00000,0x00000000eab00000,0x00000000eec00000)
  from space 24064K, 99% used [0x00000000f0c00000,0x00000000f2355c40,0x00000000f2380000)
  to   space 28160K, 0% used [0x00000000eec80000,0x00000000eec80000,0x00000000f0800000)
 ParOldGen       total 207360K, used 207309K [0x00000000c0000000, 0x00000000cca80000, 0x00000000eab00000)
  object space 207360K, 99% used [0x00000000c0000000,0x00000000cca73740,0x00000000cca80000)
 Metaspace       used 46050K, capacity 48835K, committed 49200K, reserved 1093632K
  class space    used 4749K, capacity 5711K, committed 5760K, reserved 1048576K
}
Event: 39.928 GC heap before
{Heap before GC invocations=55 (full 5):
 PSYoungGen      total 90624K, used 23895K [0x00000000eab00000, 0x00000000f2380000, 0x0000000100000000)
  eden space 66560K, 0% used [0x00000000eab00000,0x00000000eab00000,0x00000000eec00000)
  from space 24064K, 99% used [0x00000000f0c00000,0x00000000f2355c40,0x00000000f2380000)
  to   space 28160K, 0% used [0x00000000eec80000,0x00000000eec80000,0x00000000f0800000)
 ParOldGen       total 207360K, used 207309K [0x00000000c0000000, 0x00000000cca80000, 0x00000000eab00000)
  object space 207360K, 99% used [0x00000000c0000000,0x00000000cca73740,0x00000000cca80000)
 Metaspace       used 46050K, capacity 48835K, committed 49200K, reserved 1093632K
  class space    used 4749K, capacity 5711K, committed 5760K, reserved 1048576K
}

Deoptimization events (20 events):
Event: 39.576 Thread 0x00005564dff21000 DEOPT PACKING pc=0x00007f4501bf9470 sp=0x00007f44d27bbef0
Event: 39.576 Thread 0x00005564dff21000 DEOPT UNPACKING pc=0x00007f450088764a sp=0x00007f44d27bb480 mode 0
Event: 39.597 Thread 0x00005564dff21000 DEOPT PACKING pc=0x00007f4501bf9470 sp=0x00007f44d27bbef0
Event: 39.597 Thread 0x00005564dff21000 DEOPT UNPACKING pc=0x00007f450088764a sp=0x00007f44d27bb480 mode 0
Event: 39.630 Thread 0x00005564dff21000 DEOPT PACKING pc=0x00007f4501bf9470 sp=0x00007f44d27bbef0
Event: 39.630 Thread 0x00005564dff21000 DEOPT UNPACKING pc=0x00007f450088764a sp=0x00007f44d27bb480 mode 0
Event: 39.631 Thread 0x00005564dff21000 DEOPT PACKING pc=0x00007f45014f547b sp=0x00007f44d27bc030
Event: 39.631 Thread 0x00005564dff21000 DEOPT UNPACKING pc=0x00007f450088764a sp=0x00007f44d27bb4c0 mode 0
Event: 39.651 Thread 0x00005564dff21000 DEOPT PACKING pc=0x00007f4501bf9470 sp=0x00007f44d27bbef0
Event: 39.651 Thread 0x00005564dff21000 DEOPT UNPACKING pc=0x00007f450088764a sp=0x00007f44d27bb480 mode 0
Event: 39.677 Thread 0x00005564dff21000 DEOPT PACKING pc=0x00007f4501bf9470 sp=0x00007f44d27bbef0
Event: 39.677 Thread 0x00005564dff21000 DEOPT UNPACKING pc=0x00007f450088764a sp=0x00007f44d27bb480 mode 0
Event: 39.717 Thread 0x00005564dff21000 DEOPT PACKING pc=0x00007f4501bf9470 sp=0x00007f44d27bbef0
Event: 39.717 Thread 0x00005564dff21000 DEOPT UNPACKING pc=0x00007f450088764a sp=0x00007f44d27bb480 mode 0
Event: 39.750 Thread 0x00005564dff21000 DEOPT PACKING pc=0x00007f4501bf9470 sp=0x00007f44d27bbef0
Event: 39.750 Thread 0x00005564dff21000 DEOPT UNPACKING pc=0x00007f450088764a sp=0x00007f44d27bb480 mode 0
Event: 39.789 Thread 0x00005564dff21000 DEOPT PACKING pc=0x00007f4501bf9470 sp=0x00007f44d27bbef0
Event: 39.789 Thread 0x00005564dff21000 DEOPT UNPACKING pc=0x00007f450088764a sp=0x00007f44d27bb480 mode 0
Event: 39.817 Thread 0x00005564dff21000 DEOPT PACKING pc=0x00007f4501bf9470 sp=0x00007f44d27bbef0
Event: 39.817 Thread 0x00005564dff21000 DEOPT UNPACKING pc=0x00007f450088764a sp=0x00007f44d27bb480 mode 0

Classes redefined (0 events):
No events

Internal exceptions (20 events):
Event: 16.865 Thread 0x00007f44f0009800 Exception <a 'sun/nio/fs/UnixException'{0x00000000ebe5cba8}> (0x00000000ebe5cba8) thrown at [src/hotspot/share/prims/jni.cpp, line 616]
Event: 16.865 Thread 0x00007f44f0009800 Exception <a 'sun/nio/fs/UnixException'{0x00000000ebe5e7b8}> (0x00000000ebe5e7b8) thrown at [src/hotspot/share/prims/jni.cpp, line 616]
Event: 16.867 Thread 0x00007f44f0009800 Exception <a 'sun/nio/fs/UnixException'{0x00000000ebe72d90}> (0x00000000ebe72d90) thrown at [src/hotspot/share/prims/jni.cpp, line 616]
Event: 16.886 Thread 0x00007f44f0009800 Exception <a 'sun/nio/fs/UnixException'{0x00000000ebe78e98}> (0x00000000ebe78e98) thrown at [src/hotspot/share/prims/jni.cpp, line 616]
Event: 17.129 Thread 0x00007f44f0009800 Exception <a 'sun/nio/fs/UnixException'{0x00000000eaeaaa00}> (0x00000000eaeaaa00) thrown at [src/hotspot/share/prims/jni.cpp, line 616]
Event: 17.137 Thread 0x00007f44f0009800 Exception <a 'sun/nio/fs/UnixException'{0x00000000eaeacd60}> (0x00000000eaeacd60) thrown at [src/hotspot/share/prims/jni.cpp, line 616]
Event: 17.138 Thread 0x00007f44f0009800 Exception <a 'sun/nio/fs/UnixException'{0x00000000eaeaeb20}> (0x00000000eaeaeb20) thrown at [src/hotspot/share/prims/jni.cpp, line 616]
Event: 17.138 Thread 0x00007f44f0009800 Exception <a 'sun/nio/fs/UnixException'{0x00000000eaeb0920}> (0x00000000eaeb0920) thrown at [src/hotspot/share/prims/jni.cpp, line 616]
Event: 17.139 Thread 0x00007f44f0009800 Exception <a 'sun/nio/fs/UnixException'{0x00000000eaeb4618}> (0x00000000eaeb4618) thrown at [src/hotspot/share/prims/jni.cpp, line 616]
Event: 17.185 Thread 0x00007f44f0009800 Exception <a 'sun/nio/fs/UnixException'{0x00000000eaedbf80}> (0x00000000eaedbf80) thrown at [src/hotspot/share/prims/jni.cpp, line 616]
Event: 20.148 Thread 0x00007f44f0009800 Exception <a 'java/lang/NoSuchMethodError'{0x00000000eb7689e0}: 'java.lang.Object java.lang.invoke.DirectMethodHandle$Holder.invokeSpecial(java.lang.Object, java.lang.Object, java.lang.Object, java.lang.Object, java.lang.Object, java.lang.Object, java.lang.Object, java.lang.Object, java.lang.Object, java.lang.Object)'> (0x00000000eb7689e0) thrown at [src/hotspot/share/interpreter/linkResolver.cpp, line 773]
Event: 20.155 Thread 0x00007f44f0009800 Exception <a 'java/lang/NoSuchMethodError'{0x00000000eb7e3948}: 'java.lang.Object java.lang.invoke.DirectMethodHandle$Holder.invokeSpecial(java.lang.Object, java.lang.Object, java.lang.Object, java.lang.Object, java.lang.Object, java.lang.Object, java.lang.Object, java.lang.Object, java.lang.Object)'> (0x00000000eb7e3948) thrown at [src/hotspot/share/interpreter/linkResolver.cpp, line 773]
Event: 20.155 Thread 0x00007f44f0009800 Exception <a 'java/lang/NoSuchMethodError'{0x00000000eb7e7898}: 'java.lang.Object java.lang.invoke.Invokers$Holder.linkToTargetMethod(java.lang.Object, java.lang.Object, java.lang.Object, java.lang.Object, java.lang.Object, java.lang.Object, java.lang.Object, java.lang.Object)'> (0x00000000eb7e7898) thrown at [src/hotspot/share/interpreter/linkResolver.cpp, line 773]
Event: 20.271 Thread 0x00007f44f0009800 Implicit null exception at 0x00007f45083b27a8 to 0x00007f45083b2dd0
Event: 23.816 Thread 0x00007f44f0009800 Exception <a 'java/io/FileNotFoundException'{0x00000000eb2265d0}> (0x00000000eb2265d0) thrown at [src/hotspot/share/prims/jni.cpp, line 616]
Event: 33.160 Thread 0x00007f44f0009800 Exception <a 'java/lang/NoSuchMethodError'{0x00000000ebd94f68}: 'java.lang.Object java.lang.invoke.DirectMethodHandle$Holder.invokeStaticInit(java.lang.Object, java.lang.Object, java.lang.Object)'> (0x00000000ebd94f68) thrown at [src/hotspot/share/interpreter/linkResolver.cpp, line 773]
Event: 33.170 Thread 0x00007f44f0009800 Exception <a 'java/lang/NoSuchMethodError'{0x00000000ebda57b0}: 'java.lang.Object java.lang.invoke.DirectMethodHandle$Holder.invokeStatic(java.lang.Object, java.lang.Object, int, java.lang.Object)'> (0x00000000ebda57b0) thrown at [src/hotspot/share/interpreter/linkResolver.cpp, line 773]
Event: 33.183 Thread 0x00007f44f0009800 Exception <a 'java/lang/NoSuchMethodError'{0x00000000ebdabc50}: 'java.lang.Object java.lang.invoke.Invokers$Holder.linkToTargetMethod(java.lang.Object, int, java.lang.Object)'> (0x00000000ebdabc50) thrown at [src/hotspot/share/interpreter/linkResolver.cpp, line 773]
Event: 33.184 Thread 0x00007f44f0009800 Exception <a 'java/lang/NoSuchMethodError'{0x00000000ebdaeb68}: 'void java.lang.invoke.DirectMethodHandle$Holder.invokeSpecial(java.lang.Object, java.lang.Object)'> (0x00000000ebdaeb68) thrown at [src/hotspot/share/interpreter/linkResolver.cpp, line 773]
Event: 36.445 Thread 0x00005564dff21000 Implicit null exception at 0x00007f45084f22f9 to 0x00007f45084fc90c

Events (20 events):
Event: 35.764 Executing VM operation: RevokeBias done
Event: 35.764 Executing VM operation: RevokeBias
Event: 35.765 Executing VM operation: RevokeBias done
Event: 35.765 Executing VM operation: RevokeBias
Event: 35.765 Executing VM operation: RevokeBias done
Event: 35.766 Thread 0x00005564e0218800 Thread exited: 0x00005564e0218800
Event: 36.718 Executing VM operation: ParallelGCFailedAllocation
Event: 36.895 Executing VM operation: ParallelGCFailedAllocation done
Event: 37.436 Thread 0x00007f44c4014000 Thread added: 0x00007f44c4014000
Event: 37.436 Protecting memory [0x00007f44d056f000,0x00007f44d0573000] with protection modes 0
Event: 37.437 Executing VM operation: RevokeBias
Event: 37.442 Executing VM operation: RevokeBias done
Event: 37.443 Executing VM operation: RevokeBias
Event: 37.446 Executing VM operation: RevokeBias done
Event: 37.449 Executing VM operation: RevokeBias
Event: 37.455 Executing VM operation: RevokeBias done
Event: 37.455 Thread 0x00007f44c4014000 Thread exited: 0x00007f44c4014000
Event: 38.299 Executing VM operation: ParallelGCFailedAllocation
Event: 38.395 Executing VM operation: ParallelGCFailedAllocation done
Event: 39.818 Executing VM operation: ParallelGCFailedAllocation


Dynamic libraries:
c0000000-cca80000 rw-p 00000000 00:00 0 
d4680000-eab00000 ---p 00000000 00:00 0 
eab00000-f2380000 rw-p 00000000 00:00 0 
f2380000-100000000 ---p 00000000 00:00 0 
800000000-800002000 rwxp 00001000 08:01 2995                             /usr/lib/jvm/java-11-openjdk-amd64/lib/server/classes.jsa
800002000-8003cb000 rw-p 00003000 08:01 2995                             /usr/lib/jvm/java-11-openjdk-amd64/lib/server/classes.jsa
8003cb000-800a99000 r--p 003cc000 08:01 2995                             /usr/lib/jvm/java-11-openjdk-amd64/lib/server/classes.jsa
800a99000-800a9a000 rw-p 00a9a000 08:01 2995                             /usr/lib/jvm/java-11-openjdk-amd64/lib/server/classes.jsa
800a9a000-8010ac000 r--p 00a9b000 08:01 2995                             /usr/lib/jvm/java-11-openjdk-amd64/lib/server/classes.jsa
840000000-8405a0000 rw-p 00000000 00:00 0 
8405a0000-880000000 ---p 00000000 00:00 0 
5564deca9000-5564decaa000 r-xp 00000000 08:01 2808                       /usr/lib/jvm/java-11-openjdk-amd64/bin/java
5564deeaa000-5564deeab000 r--p 00001000 08:01 2808                       /usr/lib/jvm/java-11-openjdk-amd64/bin/java
5564deeab000-5564deeac000 rw-p 00002000 08:01 2808                       /usr/lib/jvm/java-11-openjdk-amd64/bin/java
5564dfaf5000-5564e0290000 rw-p 00000000 00:00 0                          [heap]
7f44b6411000-7f44b6415000 ---p 00000000 00:00 0 
7f44b6415000-7f44b6512000 rw-p 00000000 00:00 0 
7f44b6512000-7f44b6516000 ---p 00000000 00:00 0 
7f44b6516000-7f44b6613000 rw-p 00000000 00:00 0 
7f44b6613000-7f44b6617000 ---p 00000000 00:00 0 
7f44b6617000-7f44b6714000 rw-p 00000000 00:00 0 
7f44b6714000-7f44b6718000 ---p 00000000 00:00 0 
7f44b6718000-7f44b6815000 rw-p 00000000 00:00 0 
7f44b6b12000-7f44b6d12000 rw-p 00000000 00:00 0 
7f44b6d12000-7f44b6d14000 r-xp 00000000 08:01 2771                       /usr/lib/jvm/java-11-openjdk-amd64/lib/libextnet.so
7f44b6d14000-7f44b6f13000 ---p 00002000 08:01 2771                       /usr/lib/jvm/java-11-openjdk-amd64/lib/libextnet.so
7f44b6f13000-7f44b6f14000 r--p 00001000 08:01 2771                       /usr/lib/jvm/java-11-openjdk-amd64/lib/libextnet.so
7f44b6f14000-7f44b6f15000 rw-p 00002000 08:01 2771                       /usr/lib/jvm/java-11-openjdk-amd64/lib/libextnet.so
7f44b6f15000-7f44b6f2c000 r-xp 00000000 08:01 683075                     /lib/x86_64-linux-gnu/libresolv-2.23.so
7f44b6f2c000-7f44b712c000 ---p 00017000 08:01 683075                     /lib/x86_64-linux-gnu/libresolv-2.23.so
7f44b712c000-7f44b712d000 r--p 00017000 08:01 683075                     /lib/x86_64-linux-gnu/libresolv-2.23.so
7f44b712d000-7f44b712e000 rw-p 00018000 08:01 683075                     /lib/x86_64-linux-gnu/libresolv-2.23.so
7f44b712e000-7f44b7130000 rw-p 00000000 00:00 0 
7f44b7130000-7f44b7135000 r-xp 00000000 08:01 683062                     /lib/x86_64-linux-gnu/libnss_dns-2.23.so
7f44b7135000-7f44b7335000 ---p 00005000 08:01 683062                     /lib/x86_64-linux-gnu/libnss_dns-2.23.so
7f44b7335000-7f44b7336000 r--p 00005000 08:01 683062                     /lib/x86_64-linux-gnu/libnss_dns-2.23.so
7f44b7336000-7f44b7337000 rw-p 00006000 08:01 683062                     /lib/x86_64-linux-gnu/libnss_dns-2.23.so
7f44b7337000-7f44b7339000 r-xp 00000000 08:01 661216                     /lib/x86_64-linux-gnu/libnss_mdns4_minimal.so.2
7f44b7339000-7f44b7538000 ---p 00002000 08:01 661216                     /lib/x86_64-linux-gnu/libnss_mdns4_minimal.so.2
7f44b7538000-7f44b7539000 r--p 00001000 08:01 661216                     /lib/x86_64-linux-gnu/libnss_mdns4_minimal.so.2
7f44b7539000-7f44b753a000 rw-p 00002000 08:01 661216                     /lib/x86_64-linux-gnu/libnss_mdns4_minimal.so.2
7f44b753a000-7f44b753e000 ---p 00000000 00:00 0 
7f44b753e000-7f44b763b000 rw-p 00000000 00:00 0 
7f44b763b000-7f44b763f000 ---p 00000000 00:00 0 
7f44b763f000-7f44b773c000 rw-p 00000000 00:00 0 
7f44b773c000-7f44b7740000 ---p 00000000 00:00 0 
7f44b7740000-7f44b783d000 rw-p 00000000 00:00 0 
7f44b783d000-7f44c0000000 r--s 00000000 08:01 2757                       /usr/lib/jvm/java-11-openjdk-amd64/lib/modules
7f44c0000000-7f44c0044000 rw-p 00000000 00:00 0 
7f44c0044000-7f44c4000000 ---p 00000000 00:00 0 
7f44c4000000-7f44c405b000 rw-p 00000000 00:00 0 
7f44c405b000-7f44c8000000 ---p 00000000 00:00 0 
7f44c8000000-7f44c8031000 rw-p 00000000 00:00 0 
7f44c8031000-7f44cc000000 ---p 00000000 00:00 0 
7f44cc000000-7f44cc021000 rw-p 00000000 00:00 0 
7f44cc021000-7f44d0000000 ---p 00000000 00:00 0 
7f44d003f000-7f44d0043000 ---p 00000000 00:00 0 
7f44d0043000-7f44d0140000 rw-p 00000000 00:00 0 
7f44d0140000-7f44d0144000 ---p 00000000 00:00 0 
7f44d0144000-7f44d0241000 rw-p 00000000 00:00 0 
7f44d0274000-7f44d02f4000 rw-p 00000000 00:00 0 
7f44d02f4000-7f44d0474000 ---p 00000000 00:00 0 
7f44d056f000-7f44d0573000 ---p 00000000 00:00 0 
7f44d0573000-7f44d0670000 rw-p 00000000 00:00 0 
7f44d0670000-7f44d0674000 ---p 00000000 00:00 0 
7f44d0674000-7f44d0971000 rw-p 00000000 00:00 0 
7f44d0971000-7f44d09b1000 r-xp 00000000 08:01 2787                       /usr/lib/jvm/java-11-openjdk-amd64/lib/libsunec.so
7f44d09b1000-7f44d0bb1000 ---p 00040000 08:01 2787                       /usr/lib/jvm/java-11-openjdk-amd64/lib/libsunec.so
7f44d0bb1000-7f44d0bb6000 r--p 00040000 08:01 2787                       /usr/lib/jvm/java-11-openjdk-amd64/lib/libsunec.so
7f44d0bb6000-7f44d0bb8000 rw-p 00045000 08:01 2787                       /usr/lib/jvm/java-11-openjdk-amd64/lib/libsunec.so
7f44d0bb8000-7f44d0db8000 rw-p 00000000 00:00 0 
7f44d0db8000-7f44d0dbc000 ---p 00000000 00:00 0 
7f44d0dbc000-7f44d10b9000 rw-p 00000000 00:00 0 
7f44d10b9000-7f44d12b9000 rw-p 00000000 00:00 0 
7f44d12b9000-7f44d12bd000 ---p 00000000 00:00 0 
7f44d12bd000-7f44d15ba000 rw-p 00000000 00:00 0 
7f44d15ba000-7f44d17ba000 rw-p 00000000 00:00 0 
7f44d17ba000-7f44d19ba000 rw-p 00000000 00:00 0 
7f44d19ba000-7f44d19be000 ---p 00000000 00:00 0 
7f44d19be000-7f44d1abb000 rw-p 00000000 00:00 0 
7f44d1abb000-7f44d1abf000 ---p 00000000 00:00 0 
7f44d1abf000-7f44d1dbc000 rw-p 00000000 00:00 0 
7f44d1dbc000-7f44d1dc0000 ---p 00000000 00:00 0 
7f44d1dc0000-7f44d20bd000 rw-p 00000000 00:00 0 
7f44d20bd000-7f44d22bd000 rw-p 00000000 00:00 0 
7f44d22bd000-7f44d24a9000 rw-p 00000000 00:00 0 
7f44d24a9000-7f44d24bd000 ---p 00000000 00:00 0 
7f44d24bd000-7f44d26bd000 rw-p 00000000 00:00 0 
7f44d26bd000-7f44d26c1000 ---p 00000000 00:00 0 
7f44d26c1000-7f44d29be000 rw-p 00000000 00:00 0 
7f44d29be000-7f44d29c2000 ---p 00000000 00:00 0 
7f44d29c2000-7f44d2abf000 rw-p 00000000 00:00 0 
7f44d2abf000-7f44d2ac3000 ---p 00000000 00:00 0 
7f44d2ac3000-7f44d2bc0000 rw-p 00000000 00:00 0 
7f44d2bc0000-7f44d2bc4000 ---p 00000000 00:00 0 
7f44d2bc4000-7f44d2ec1000 rw-p 00000000 00:00 0 
7f44d2ec1000-7f44d2ec5000 ---p 00000000 00:00 0 
7f44d2ec5000-7f44d31c2000 rw-p 00000000 00:00 0 
7f44d31c2000-7f44d31c6000 ---p 00000000 00:00 0 
7f44d31c6000-7f44d34c3000 rw-p 00000000 00:00 0 
7f44d34c3000-7f44d34c7000 ---p 00000000 00:00 0 
7f44d34c7000-7f44d35c4000 rw-p 00000000 00:00 0 
7f44d35c4000-7f44d35c5000 ---p 00000000 00:00 0 
7f44d35c5000-7f44d36c5000 rw-p 00000000 00:00 0 
7f44d36c5000-7f44d36d5000 r-xp 00000000 08:01 47189                      /home/avril/.config/Code/User/globalStorage/redhat.java/1.1.0/config_linux/org.eclipse.equinox.launcher/org.eclipse.equinox.launcher.gtk.linux.x86_64_1.2.400.v20211116-1129/eclipse_11600.so
7f44d36d5000-7f44d38d4000 ---p 00010000 08:01 47189                      /home/avril/.config/Code/User/globalStorage/redhat.java/1.1.0/config_linux/org.eclipse.equinox.launcher/org.eclipse.equinox.launcher.gtk.linux.x86_64_1.2.400.v20211116-1129/eclipse_11600.so
7f44d38d4000-7f44d38d5000 r--p 0000f000 08:01 47189                      /home/avril/.config/Code/User/globalStorage/redhat.java/1.1.0/config_linux/org.eclipse.equinox.launcher/org.eclipse.equinox.launcher.gtk.linux.x86_64_1.2.400.v20211116-1129/eclipse_11600.so
7f44d38d5000-7f44d38d6000 rw-p 00010000 08:01 47189                      /home/avril/.config/Code/User/globalStorage/redhat.java/1.1.0/config_linux/org.eclipse.equinox.launcher/org.eclipse.equinox.launcher.gtk.linux.x86_64_1.2.400.v20211116-1129/eclipse_11600.so
7f44d38d6000-7f44d38da000 ---p 00000000 00:00 0 
7f44d38da000-7f44d39d7000 rw-p 00000000 00:00 0 
7f44d39d7000-7f44d39db000 ---p 00000000 00:00 0 
7f44d39db000-7f44d3ad8000 rw-p 00000000 00:00 0 
7f44d3ad8000-7f44d3adc000 ---p 00000000 00:00 0 
7f44d3adc000-7f44d3bd9000 rw-p 00000000 00:00 0 
7f44d3bd9000-7f44d3bed000 r-xp 00000000 08:01 2776                       /usr/lib/jvm/java-11-openjdk-amd64/lib/libnet.so
7f44d3bed000-7f44d3ded000 ---p 00014000 08:01 2776                       /usr/lib/jvm/java-11-openjdk-amd64/lib/libnet.so
7f44d3ded000-7f44d3dee000 r--p 00014000 08:01 2776                       /usr/lib/jvm/java-11-openjdk-amd64/lib/libnet.so
7f44d3dee000-7f44d3def000 rw-p 00015000 08:01 2776                       /usr/lib/jvm/java-11-openjdk-amd64/lib/libnet.so
7f44d3def000-7f44d3dff000 r-xp 00000000 08:01 2763                       /usr/lib/jvm/java-11-openjdk-amd64/lib/libnio.so
7f44d3dff000-7f44d3ffe000 ---p 00010000 08:01 2763                       /usr/lib/jvm/java-11-openjdk-amd64/lib/libnio.so
7f44d3ffe000-7f44d3fff000 r--p 0000f000 08:01 2763                       /usr/lib/jvm/java-11-openjdk-amd64/lib/libnio.so
7f44d3fff000-7f44d4000000 rw-p 00010000 08:01 2763                       /usr/lib/jvm/java-11-openjdk-amd64/lib/libnio.so
7f44d4000000-7f44d4339000 rw-p 00000000 00:00 0 
7f44d4339000-7f44d8000000 ---p 00000000 00:00 0 
7f44d8000000-7f44d8046000 rw-p 00000000 00:00 0 
7f44d8046000-7f44dc000000 ---p 00000000 00:00 0 
7f44dc000000-7f44de6f1000 rw-p 00000000 00:00 0 
7f44de6f1000-7f44e0000000 ---p 00000000 00:00 0 
7f44e0000000-7f44e0b3c000 rw-p 00000000 00:00 0 
7f44e0b3c000-7f44e4000000 ---p 00000000 00:00 0 
7f44e4000000-7f44e40bb000 rw-p 00000000 00:00 0 
7f44e40bb000-7f44e8000000 ---p 00000000 00:00 0 
7f44e8000000-7f44e8021000 rw-p 00000000 00:00 0 
7f44e8021000-7f44ec000000 ---p 00000000 00:00 0 
7f44ec000000-7f44ec4e5000 rw-p 00000000 00:00 0 
7f44ec4e5000-7f44f0000000 ---p 00000000 00:00 0 
7f44f0000000-7f44f0021000 rw-p 00000000 00:00 0 
7f44f0021000-7f44f4000000 ---p 00000000 00:00 0 
7f44f4000000-7f44f4290000 rw-p 00000000 00:00 0 
7f44f4290000-7f44f8000000 ---p 00000000 00:00 0 
7f44f8062000-7f44f8063000 ---p 00000000 00:00 0 
7f44f8063000-7f44f8163000 rw-p 00000000 00:00 0 
7f44f8163000-7f44f8167000 ---p 00000000 00:00 0 
7f44f8167000-7f44f8264000 rw-p 00000000 00:00 0 
7f44f8264000-7f44f8268000 ---p 00000000 00:00 0 
7f44f8268000-7f44f8365000 rw-p 00000000 00:00 0 
7f44f8365000-7f44f8369000 ---p 00000000 00:00 0 
7f44f8369000-7f44f8466000 rw-p 00000000 00:00 0 
7f44f8466000-7f44f846a000 ---p 00000000 00:00 0 
7f44f846a000-7f44f8567000 rw-p 00000000 00:00 0 
7f44f8567000-7f44f856b000 ---p 00000000 00:00 0 
7f44f856b000-7f44f8668000 rw-p 00000000 00:00 0 
7f44f8668000-7f44f866c000 ---p 00000000 00:00 0 
7f44f866c000-7f44f8769000 rw-p 00000000 00:00 0 
7f44f8769000-7f44f8bf4000 r--p 00000000 08:01 919232                     /usr/lib/locale/locale-archive
7f44f8bf4000-7f44f8bf8000 ---p 00000000 00:00 0 
7f44f8bf8000-7f44f8cf5000 rw-p 00000000 00:00 0 
7f44f8cf5000-7f44f8cf9000 ---p 00000000 00:00 0 
7f44f8cf9000-7f44f8df6000 rw-p 00000000 00:00 0 
7f44f8df6000-7f44f8df7000 ---p 00000000 00:00 0 
7f44f8df7000-7f44fc000000 rw-p 00000000 00:00 0 
7f44fc000000-7f44fc023000 rw-p 00000000 00:00 0 
7f44fc023000-7f4500000000 ---p 00000000 00:00 0 
7f45000fa000-7f45002fa000 rw-p 00000000 00:00 0 
7f45002fa000-7f45002fb000 ---p 00000000 00:00 0 
7f45002fb000-7f4500461000 rw-p 00000000 00:00 0 
7f4500461000-7f4500551000 ---p 00000000 00:00 0 
7f4500551000-7f45005b7000 rw-p 00000000 00:00 0 
7f45005b7000-7f45006a6000 ---p 00000000 00:00 0 
7f45006a6000-7f45006e3000 rw-p 00000000 00:00 0 
7f45006e3000-7f4500751000 ---p 00000000 00:00 0 
7f4500751000-7f4500757000 rw-p 00000000 00:00 0 
7f4500757000-7f450083d000 ---p 00000000 00:00 0 
7f450083d000-7f4500aad000 rwxp 00000000 00:00 0 
7f4500aad000-7f4500dcc000 ---p 00000000 00:00 0 
7f4500dcc000-7f4501bfc000 rwxp 00000000 00:00 0 
7f4501bfc000-7f4508304000 ---p 00000000 00:00 0 
7f4508304000-7f4508574000 rwxp 00000000 00:00 0 
7f4508574000-7f450f83d000 ---p 00000000 00:00 0 
7f450f83d000-7f4518000000 r--s 00000000 08:01 2757                       /usr/lib/jvm/java-11-openjdk-amd64/lib/modules
7f4518000000-7f45184a1000 rw-p 00000000 00:00 0 
7f45184a1000-7f451c000000 ---p 00000000 00:00 0 
7f451c054000-7f451c0f2000 rw-p 00000000 00:00 0 
7f451c0f2000-7f451c1c0000 ---p 00000000 00:00 0 
7f451c1c0000-7f451c1c7000 r-xp 00000000 08:01 2785                       /usr/lib/jvm/java-11-openjdk-amd64/lib/libzip.so
7f451c1c7000-7f451c3c7000 ---p 00007000 08:01 2785                       /usr/lib/jvm/java-11-openjdk-amd64/lib/libzip.so
7f451c3c7000-7f451c3c8000 r--p 00007000 08:01 2785                       /usr/lib/jvm/java-11-openjdk-amd64/lib/libzip.so
7f451c3c8000-7f451c3c9000 rw-p 00008000 08:01 2785                       /usr/lib/jvm/java-11-openjdk-amd64/lib/libzip.so
7f451c3c9000-7f451c3d4000 r-xp 00000000 08:01 683070                     /lib/x86_64-linux-gnu/libnss_files-2.23.so
7f451c3d4000-7f451c5d3000 ---p 0000b000 08:01 683070                     /lib/x86_64-linux-gnu/libnss_files-2.23.so
7f451c5d3000-7f451c5d4000 r--p 0000a000 08:01 683070                     /lib/x86_64-linux-gnu/libnss_files-2.23.so
7f451c5d4000-7f451c5d5000 rw-p 0000b000 08:01 683070                     /lib/x86_64-linux-gnu/libnss_files-2.23.so
7f451c5d5000-7f451c5db000 rw-p 00000000 00:00 0 
7f451c5db000-7f451c5e6000 r-xp 00000000 08:01 683077                     /lib/x86_64-linux-gnu/libnss_nis-2.23.so
7f451c5e6000-7f451c7e5000 ---p 0000b000 08:01 683077                     /lib/x86_64-linux-gnu/libnss_nis-2.23.so
7f451c7e5000-7f451c7e6000 r--p 0000a000 08:01 683077                     /lib/x86_64-linux-gnu/libnss_nis-2.23.so
7f451c7e6000-7f451c7e7000 rw-p 0000b000 08:01 683077                     /lib/x86_64-linux-gnu/libnss_nis-2.23.so
7f451c7e7000-7f451c7fd000 r-xp 00000000 08:01 683078                     /lib/x86_64-linux-gnu/libnsl-2.23.so
7f451c7fd000-7f451c9fc000 ---p 00016000 08:01 683078                     /lib/x86_64-linux-gnu/libnsl-2.23.so
7f451c9fc000-7f451c9fd000 r--p 00015000 08:01 683078                     /lib/x86_64-linux-gnu/libnsl-2.23.so
7f451c9fd000-7f451c9fe000 rw-p 00016000 08:01 683078                     /lib/x86_64-linux-gnu/libnsl-2.23.so
7f451c9fe000-7f451ca00000 rw-p 00000000 00:00 0 
7f451ca00000-7f451ca08000 r-xp 00000000 08:01 683080                     /lib/x86_64-linux-gnu/libnss_compat-2.23.so
7f451ca08000-7f451cc07000 ---p 00008000 08:01 683080                     /lib/x86_64-linux-gnu/libnss_compat-2.23.so
7f451cc07000-7f451cc08000 r--p 00007000 08:01 683080                     /lib/x86_64-linux-gnu/libnss_compat-2.23.so
7f451cc08000-7f451cc09000 rw-p 00008000 08:01 683080                     /lib/x86_64-linux-gnu/libnss_compat-2.23.so
7f451cc09000-7f451cc24000 r-xp 00000000 08:01 2760                       /usr/lib/jvm/java-11-openjdk-amd64/lib/libjimage.so
7f451cc24000-7f451ce24000 ---p 0001b000 08:01 2760                       /usr/lib/jvm/java-11-openjdk-amd64/lib/libjimage.so
7f451ce24000-7f451ce26000 r--p 0001b000 08:01 2760                       /usr/lib/jvm/java-11-openjdk-amd64/lib/libjimage.so
7f451ce26000-7f451ce27000 rw-p 0001d000 08:01 2760                       /usr/lib/jvm/java-11-openjdk-amd64/lib/libjimage.so
7f451ce27000-7f451ce4f000 r-xp 00000000 08:01 2783                       /usr/lib/jvm/java-11-openjdk-amd64/lib/libjava.so
7f451ce4f000-7f451d04f000 ---p 00028000 08:01 2783                       /usr/lib/jvm/java-11-openjdk-amd64/lib/libjava.so
7f451d04f000-7f451d050000 r--p 00028000 08:01 2783                       /usr/lib/jvm/java-11-openjdk-amd64/lib/libjava.so
7f451d050000-7f451d051000 rw-p 00029000 08:01 2783                       /usr/lib/jvm/java-11-openjdk-amd64/lib/libjava.so
7f451d051000-7f451d052000 rw-p 00000000 00:00 0 
7f451d052000-7f451d05f000 r-xp 00000000 08:01 2782                       /usr/lib/jvm/java-11-openjdk-amd64/lib/libverify.so
7f451d05f000-7f451d25e000 ---p 0000d000 08:01 2782                       /usr/lib/jvm/java-11-openjdk-amd64/lib/libverify.so
7f451d25e000-7f451d260000 r--p 0000c000 08:01 2782                       /usr/lib/jvm/java-11-openjdk-amd64/lib/libverify.so
7f451d260000-7f451d261000 rw-p 0000e000 08:01 2782                       /usr/lib/jvm/java-11-openjdk-amd64/lib/libverify.so
7f451d261000-7f451d268000 r-xp 00000000 08:01 683069                     /lib/x86_64-linux-gnu/librt-2.23.so
7f451d268000-7f451d467000 ---p 00007000 08:01 683069                     /lib/x86_64-linux-gnu/librt-2.23.so
7f451d467000-7f451d468000 r--p 00006000 08:01 683069                     /lib/x86_64-linux-gnu/librt-2.23.so
7f451d468000-7f451d469000 rw-p 00007000 08:01 683069                     /lib/x86_64-linux-gnu/librt-2.23.so
7f451d469000-7f451d571000 r-xp 00000000 08:01 683074                     /lib/x86_64-linux-gnu/libm-2.23.so
7f451d571000-7f451d770000 ---p 00108000 08:01 683074                     /lib/x86_64-linux-gnu/libm-2.23.so
7f451d770000-7f451d771000 r--p 00107000 08:01 683074                     /lib/x86_64-linux-gnu/libm-2.23.so
7f451d771000-7f451d772000 rw-p 00108000 08:01 683074                     /lib/x86_64-linux-gnu/libm-2.23.so
7f451d772000-7f451e89c000 r-xp 00000000 08:01 2800                       /usr/lib/jvm/java-11-openjdk-amd64/lib/server/libjvm.so
7f451e89c000-7f451ea9c000 ---p 0112a000 08:01 2800                       /usr/lib/jvm/java-11-openjdk-amd64/lib/server/libjvm.so
7f451ea9c000-7f451eb61000 r--p 0112a000 08:01 2800                       /usr/lib/jvm/java-11-openjdk-amd64/lib/server/libjvm.so
7f451eb61000-7f451eb9c000 rw-p 011ef000 08:01 2800                       /usr/lib/jvm/java-11-openjdk-amd64/lib/server/libjvm.so
7f451eb9c000-7f451ebf3000 rw-p 00000000 00:00 0 
7f451ebf3000-7f451ec0b000 r-xp 00000000 08:01 683061                     /lib/x86_64-linux-gnu/libpthread-2.23.so
7f451ec0b000-7f451ee0a000 ---p 00018000 08:01 683061                     /lib/x86_64-linux-gnu/libpthread-2.23.so
7f451ee0a000-7f451ee0b000 r--p 00017000 08:01 683061                     /lib/x86_64-linux-gnu/libpthread-2.23.so
7f451ee0b000-7f451ee0c000 rw-p 00018000 08:01 683061                     /lib/x86_64-linux-gnu/libpthread-2.23.so
7f451ee0c000-7f451ee10000 rw-p 00000000 00:00 0 
7f451ee10000-7f451ee13000 r-xp 00000000 08:01 683066                     /lib/x86_64-linux-gnu/libdl-2.23.so
7f451ee13000-7f451f012000 ---p 00003000 08:01 683066                     /lib/x86_64-linux-gnu/libdl-2.23.so
7f451f012000-7f451f013000 r--p 00002000 08:01 683066                     /lib/x86_64-linux-gnu/libdl-2.23.so
7f451f013000-7f451f014000 rw-p 00003000 08:01 683066                     /lib/x86_64-linux-gnu/libdl-2.23.so
7f451f014000-7f451f02d000 r-xp 00000000 08:01 670155                     /lib/x86_64-linux-gnu/libz.so.1.2.8
7f451f02d000-7f451f22c000 ---p 00019000 08:01 670155                     /lib/x86_64-linux-gnu/libz.so.1.2.8
7f451f22c000-7f451f22d000 r--p 00018000 08:01 670155                     /lib/x86_64-linux-gnu/libz.so.1.2.8
7f451f22d000-7f451f22e000 rw-p 00019000 08:01 670155                     /lib/x86_64-linux-gnu/libz.so.1.2.8
7f451f22e000-7f451f3ee000 r-xp 00000000 08:01 683079                     /lib/x86_64-linux-gnu/libc-2.23.so
7f451f3ee000-7f451f5ee000 ---p 001c0000 08:01 683079                     /lib/x86_64-linux-gnu/libc-2.23.so
7f451f5ee000-7f451f5f2000 r--p 001c0000 08:01 683079                     /lib/x86_64-linux-gnu/libc-2.23.so
7f451f5f2000-7f451f5f4000 rw-p 001c4000 08:01 683079                     /lib/x86_64-linux-gnu/libc-2.23.so
7f451f5f4000-7f451f5f8000 rw-p 00000000 00:00 0 
7f451f5f8000-7f451f607000 r-xp 00000000 08:01 2796                       /usr/lib/jvm/java-11-openjdk-amd64/lib/jli/libjli.so
7f451f607000-7f451f806000 ---p 0000f000 08:01 2796                       /usr/lib/jvm/java-11-openjdk-amd64/lib/jli/libjli.so
7f451f806000-7f451f807000 r--p 0000e000 08:01 2796                       /usr/lib/jvm/java-11-openjdk-amd64/lib/jli/libjli.so
7f451f807000-7f451f808000 rw-p 0000f000 08:01 2796                       /usr/lib/jvm/java-11-openjdk-amd64/lib/jli/libjli.so
7f451f808000-7f451f82e000 r-xp 00000000 08:01 683071                     /lib/x86_64-linux-gnu/ld-2.23.so
7f451f852000-7f451f856000 ---p 00000000 00:00 0 
7f451f856000-7f451f874000 rw-p 00000000 00:00 0 
7f451f874000-7f451f87b000 r--s 00000000 08:01 6314                       /usr/lib/x86_64-linux-gnu/gconv/gconv-modules.cache
7f451f87b000-7f451f89c000 r--p 00000000 08:01 149037                     /usr/share/locale-langpack/zh_CN/LC_MESSAGES/libc.mo
7f451f89c000-7f451f90b000 rw-p 00000000 00:00 0 
7f451f90b000-7f451f90f000 ---p 00000000 00:00 0 
7f451f90f000-7f451fa10000 rw-p 00000000 00:00 0 
7f451fa14000-7f451fa19000 rw-p 00000000 00:00 0 
7f451fa19000-7f451fa20000 ---p 00000000 00:00 0 
7f451fa20000-7f451fa22000 r--s 00007000 08:01 212998                     /usr/share/java/java-atk-wrapper.jar
7f451fa22000-7f451fa2a000 rw-s 00000000 08:01 136630                     /tmp/hsperfdata_avril/6334
7f451fa2a000-7f451fa2b000 ---p 00000000 00:00 0 
7f451fa2b000-7f451fa2c000 r--p 00000000 00:00 0 
7f451fa2c000-7f451fa2d000 rw-p 00000000 00:00 0 
7f451fa2d000-7f451fa2e000 r--p 00025000 08:01 683071                     /lib/x86_64-linux-gnu/ld-2.23.so
7f451fa2e000-7f451fa2f000 rw-p 00026000 08:01 683071                     /lib/x86_64-linux-gnu/ld-2.23.so
7f451fa2f000-7f451fa30000 rw-p 00000000 00:00 0 
7ffe9a7fb000-7ffe9a81d000 rw-p 00000000 00:00 0                          [stack]
7ffe9a81f000-7ffe9a822000 r--p 00000000 00:00 0                          [vvar]
7ffe9a822000-7ffe9a824000 r-xp 00000000 00:00 0                          [vdso]
ffffffffff600000-ffffffffff601000 r-xp 00000000 00:00 0                  [vsyscall]


VM Arguments:
jvm_args: --add-modules=ALL-SYSTEM --add-opens=java.base/java.util=ALL-UNNAMED --add-opens=java.base/java.lang=ALL-UNNAMED -Declipse.application=org.eclipse.jdt.ls.core.id1 -Dosgi.bundles.defaultStartLevel=4 -Declipse.product=org.eclipse.jdt.ls.core.product -Djava.import.generatesMetadataFilesAtProjectRoot=false -Dfile.encoding=utf8 -XX:+UseParallelGC -XX:GCTimeRatio=4 -XX:AdaptiveSizePolicyWeight=90 -Dsun.zip.disableMemoryMapping=true -Xmx1G -Xms100m -XX:+HeapDumpOnOutOfMemoryError -XX:HeapDumpPath=/home/avril/.config/Code/User/workspaceStorage/619656ee03035ebf821f5dc3027b01c7/redhat.java -Xverify:none 
java_command: /home/avril/.vscode/extensions/redhat.java-1.1.0/server/plugins/org.eclipse.equinox.launcher_1.6.400.v20210924-0641.jar -configuration /home/avril/.config/Code/User/globalStorage/redhat.java/1.1.0/config_linux -data /home/avril/.config/Code/User/workspaceStorage/619656ee03035ebf821f5dc3027b01c7/redhat.java/jdt_ws
java_class_path (initial): /home/avril/.vscode/extensions/redhat.java-1.1.0/server/plugins/org.eclipse.equinox.launcher_1.6.400.v20210924-0641.jar
Launcher Type: SUN_STANDARD

[Global flags]
    uintx AdaptiveSizePolicyWeight                 = 90                                        {product} {command line}
     bool BytecodeVerificationLocal                = false                                     {product} {command line}
     bool BytecodeVerificationRemote               = false                                     {product} {command line}
     intx CICompilerCount                          = 2                                         {product} {ergonomic}
    uintx GCTimeRatio                              = 4                                         {product} {command line}
     bool HeapDumpOnOutOfMemoryError               = true                                   {manageable} {command line}
    ccstr HeapDumpPath                             = /home/avril/.config/Code/User/workspaceStorage/619656ee03035ebf821f5dc3027b01c7/redhat.java         {manageable} {command line}
   size_t InitialHeapSize                          = 104857600                                 {product} {command line}
   size_t MaxHeapSize                              = 1073741824                                {product} {command line}
   size_t MaxNewSize                               = 357564416                                 {product} {ergonomic}
   size_t MinHeapDeltaBytes                        = 524288                                    {product} {ergonomic}
   size_t NewSize                                  = 34603008                                  {product} {ergonomic}
    uintx NonNMethodCodeHeapSize                   = 5825164                                {pd product} {ergonomic}
    uintx NonProfiledCodeHeapSize                  = 122916538                              {pd product} {ergonomic}
   size_t OldSize                                  = 70254592                                  {product} {ergonomic}
    uintx ProfiledCodeHeapSize                     = 122916538                              {pd product} {ergonomic}
    uintx ReservedCodeCacheSize                    = 251658240                              {pd product} {ergonomic}
     bool SegmentedCodeCache                       = true                                      {product} {ergonomic}
     bool UseCompressedClassPointers               = true                                 {lp64_product} {ergonomic}
     bool UseCompressedOops                        = true                                 {lp64_product} {ergonomic}
     bool UseParallelGC                            = true                                      {product} {command line}

Logging:
Log output configuration:
 #0: stdout all=warning uptime,level,tags
 #1: stderr all=off uptime,level,tags

Environment Variables:
JAVA_HOME=/usr/lib/jvm/java-11-openjdk-amd64/
CLASSPATH=.:/usr/lib/jvm/java-11-openjdk-amd64//lib
PATH=/home/avril/bin:/home/avril/.local/bin:/usr/lib/jvm/java-11-openjdk-amd64//bin:/home/avril/bin:/home/avril/.local/bin:/usr/lib/jvm/java-11-openjdk-amd64//bin:/usr/local/sbin:/usr/local/bin:/usr/sbin:/usr/bin:/sbin:/bin:/usr/games:/usr/local/games:/snap/bin
SHELL=
DISPLAY=:0
LANG=zh_CN.UTF-8

Signal Handlers:
SIGSEGV: [libjvm.so+0xe2ba40], sa_mask[0]=11111111011111111101111111111110, sa_flags=SA_RESTART|SA_SIGINFO
SIGBUS: [libjvm.so+0xe2ba40], sa_mask[0]=11111111011111111101111111111110, sa_flags=SA_RESTART|SA_SIGINFO
SIGFPE: [libjvm.so+0xe2ba40], sa_mask[0]=11111111011111111101111111111110, sa_flags=SA_RESTART|SA_SIGINFO
SIGPIPE: [libjvm.so+0xb81e20], sa_mask[0]=11111111011111111101111111111110, sa_flags=SA_RESTART|SA_SIGINFO
SIGXFSZ: [libjvm.so+0xb81e20], sa_mask[0]=11111111011111111101111111111110, sa_flags=SA_RESTART|SA_SIGINFO
SIGILL: [libjvm.so+0xe2ba40], sa_mask[0]=11111111011111111101111111111110, sa_flags=SA_RESTART|SA_SIGINFO
SIGUSR2: [libjvm.so+0xb81cb0], sa_mask[0]=00000000000000000000000000000000, sa_flags=SA_RESTART|SA_SIGINFO
SIGHUP: [libjvm.so+0xb82170], sa_mask[0]=11111111011111111101111111111110, sa_flags=SA_RESTART|SA_SIGINFO
SIGINT: [libjvm.so+0xb82170], sa_mask[0]=11111111011111111101111111111110, sa_flags=SA_RESTART|SA_SIGINFO
SIGTERM: [libjvm.so+0xb82170], sa_mask[0]=11111111011111111101111111111110, sa_flags=SA_RESTART|SA_SIGINFO
SIGQUIT: [libjvm.so+0xb82170], sa_mask[0]=11111111011111111101111111111110, sa_flags=SA_RESTART|SA_SIGINFO


---------------  S Y S T E M  ---------------

OS:DISTRIB_ID=Ubuntu
DISTRIB_RELEASE=16.04
DISTRIB_CODENAME=xenial
DISTRIB_DESCRIPTION="Ubuntu 16.04.3 LTS"
uname:Linux 4.15.0-142-generic #146~16.04.1-Ubuntu SMP Tue Apr 13 09:27:15 UTC 2021 x86_64
OS uptime: 0 days 1:20 hours
libc:glibc 2.23 NPTL 2.23 
rlimit (soft/hard): STACK 8192k/infinity , CORE 0k/infinity , NPROC 7640/7640 , NOFILE 1048576/1048576 , AS infinity/infinity , CPU infinity/infinity , DATA infinity/infinity , FSIZE infinity/infinity , MEMLOCK 64k/64k
load average:7.08 17.43 19.89

/proc/meminfo:
MemTotal:        2017540 kB
MemFree:           69624 kB
MemAvailable:      34232 kB
Buffers:            1784 kB
Cached:            53780 kB
SwapCached:         3484 kB
Active:          1138044 kB
Inactive:         400628 kB
Active(anon):    1121348 kB
Inactive(anon):   380972 kB
Active(file):      16696 kB
Inactive(file):    19656 kB
Unevictable:          48 kB
Mlocked:              48 kB
SwapTotal:       1046524 kB
SwapFree:              0 kB
Dirty:               220 kB
Writeback:             4 kB
AnonPages:       1480120 kB
Mapped:            29448 kB
Shmem:             18956 kB
Slab:             136412 kB
SReclaimable:      43124 kB
SUnreclaim:        93288 kB
KernelStack:       13696 kB
PageTables:        42912 kB
NFS_Unstable:          0 kB
Bounce:                0 kB
WritebackTmp:          0 kB
CommitLimit:     2055292 kB
Committed_AS:    6926224 kB
VmallocTotal:   34359738367 kB
VmallocUsed:           0 kB
VmallocChunk:          0 kB
HardwareCorrupted:     0 kB
AnonHugePages:         0 kB
ShmemHugePages:        0 kB
ShmemPmdMapped:        0 kB
CmaTotal:              0 kB
CmaFree:               0 kB
HugePages_Total:       0
HugePages_Free:        0
HugePages_Rsvd:        0
HugePages_Surp:        0
Hugepagesize:       2048 kB
DirectMap4k:      161664 kB
DirectMap2M:     1935360 kB
DirectMap1G:           0 kB

/sys/kernel/mm/transparent_hugepage/enabled:
always [madvise] never
/sys/kernel/mm/transparent_hugepage/defrag (defrag/compaction efforts parameter):
always defer defer+madvise [madvise] never

Process Memory:
Virtual Size: 3715384K (peak: 12165676K)
Resident Set Size: 482848K (peak: 498288K) (anon: 479320K, file: 3528K, shmem: 0K)
Swapped out: 0K
C-Heap outstanding allocations: 34978K

/proc/sys/kernel/threads-max (system-wide limit on the number of threads):
15281
/proc/sys/vm/max_map_count (maximum number of memory map areas a process may have):
65530
/proc/sys/kernel/pid_max (system-wide limit on number of process identifiers):
131072

container (cgroup) information:
container_type: cgroupv1
cpu_cpuset_cpus: 0-1
cpu_memory_nodes: 0
active_processor_count: 2
cpu_quota: -1
cpu_period: 100000
cpu_shares: -1
memory_limit_in_bytes: -1
memory_and_swap_limit_in_bytes: -2
memory_soft_limit_in_bytes: -1
memory_usage_in_bytes: 1626255360
memory_max_usage_in_bytes: 1683709952

VMWare virtualization detected
Steal ticks since vm start: 0
Steal ticks percentage since vm start:  0.000

CPU:total 2 (initial active 2) (1 cores per cpu, 1 threads per core) family 6 model 78 stepping 3 microcode 0xba, cmov, cx8, fxsr, mmx, sse, sse2, sse3, ssse3, sse4.1, sse4.2, popcnt, avx, avx2, aes, clmul, erms, 3dnowpref, lzcnt, tsc, tscinvbit, bmi1, bmi2, adx, fma
CPU Model and flags from /proc/cpuinfo:
model name	: Intel(R) Core(TM) i5-6200U CPU @ 2.30GHz
flags		: fpu vme de pse tsc msr pae mce cx8 apic sep mtrr pge mca cmov pat pse36 clflush mmx fxsr sse sse2 ss syscall nx pdpe1gb rdtscp lm constant_tsc arch_perfmon nopl xtopology tsc_reliable nonstop_tsc cpuid pni pclmulqdq ssse3 fma cx16 pcid sse4_1 sse4_2 x2apic movbe popcnt tsc_deadline_timer aes xsave avx f16c rdrand hypervisor lahf_lm abm 3dnowprefetch cpuid_fault invpcid_single pti fsgsbase tsc_adjust bmi1 avx2 smep bmi2 invpcid rdseed adx smap xsaveopt arat
Online cpus:
0-1
Offline cpus:
2-127
BIOS frequency limitation:
<Not Available>
Frequency switch latency (ns):
<Not Available>
Available cpu frequencies:
<Not Available>
Current governor:
<Not Available>
Core performance/turbo boost:
<Not Available>

Memory: 4k page, physical 2017540k(69624k free), swap 1046524k(0k free)

vm_info: OpenJDK 64-Bit Server VM (11.0.14+9-Ubuntu-0ubuntu2.16.04) for linux-amd64 JRE (11.0.14+9-Ubuntu-0ubuntu2.16.04), built on Jan 25 2022 16:29:35 by "unknown" with gcc 8.4.0

END.
